time="14:00:01" level=info msg="Executing Filter  v5.1.2"
time="14:00:01" level=info msg="Fetching protein inference from /scratch/negishi/afarzam/deepseq_fragger_2pass/MSV000086944_results_v3/second_pass_completeseq/Trypsin_CAD_percweights/Trypsin_CAD_2pass_results_01fdr/GM12878"
time="14:00:02" level=info msg="Processing peptide identification files"
time="14:00:02" level=info msg="Parsing /scratch/negishi/afarzam/deepseq_fragger_2pass/MSV000086944_results_v3/second_pass_completeseq/Trypsin_CAD_percweights/Trypsin_CAD_2pass_results_01fdr/HUVEC/interact-20151220_alr_CompleteHumanProteome_HUVEC_HCD_trypsin_10_25sMaxInject_sub.pep.xml"
time="14:00:02" level=info msg="Parsing /scratch/negishi/afarzam/deepseq_fragger_2pass/MSV000086944_results_v3/second_pass_completeseq/Trypsin_CAD_percweights/Trypsin_CAD_2pass_results_01fdr/HUVEC/interact-20151220_alr_CompleteHumanProteome_HUVEC_HCD_trypsin_5_151222171954_sub.pep.xml"
time="14:00:02" level=info msg="Parsing /scratch/negishi/afarzam/deepseq_fragger_2pass/MSV000086944_results_v3/second_pass_completeseq/Trypsin_CAD_percweights/Trypsin_CAD_2pass_results_01fdr/HUVEC/interact-20151220_alr_CompleteHumanProteome_HUVEC_HCD_trypsin_19_sub.pep.xml"
time="14:00:02" level=info msg="Parsing /scratch/negishi/afarzam/deepseq_fragger_2pass/MSV000086944_results_v3/second_pass_completeseq/Trypsin_CAD_percweights/Trypsin_CAD_2pass_results_01fdr/HUVEC/interact-20151220_alr_CompleteHumanProteome_HUVEC_HCD_trypsin_10_sub.pep.xml"
time="14:00:02" level=info msg="Parsing /scratch/negishi/afarzam/deepseq_fragger_2pass/MSV000086944_results_v3/second_pass_completeseq/Trypsin_CAD_percweights/Trypsin_CAD_2pass_results_01fdr/HUVEC/interact-20151220_alr_CompleteHumanProteome_HUVEC_HCD_trypsin_6_sub.pep.xml"
time="14:00:02" level=info msg="Parsing /scratch/negishi/afarzam/deepseq_fragger_2pass/MSV000086944_results_v3/second_pass_completeseq/Trypsin_CAD_percweights/Trypsin_CAD_2pass_results_01fdr/HUVEC/interact-20151220_alr_CompleteHumanProteome_HUVEC_HCD_trypsin_9_sub.pep.xml"
time="14:00:02" level=info msg="Parsing /scratch/negishi/afarzam/deepseq_fragger_2pass/MSV000086944_results_v3/second_pass_completeseq/Trypsin_CAD_percweights/Trypsin_CAD_2pass_results_01fdr/HUVEC/interact-20151220_alr_CompleteHumanProteome_HUVEC_HCD_trypsin_18_sub.pep.xml"
time="14:00:02" level=info msg="Parsing /scratch/negishi/afarzam/deepseq_fragger_2pass/MSV000086944_results_v3/second_pass_completeseq/Trypsin_CAD_percweights/Trypsin_CAD_2pass_results_01fdr/HUVEC/interact-20151220_alr_CompleteHumanProteome_HUVEC_HCD_trypsin_34_sub.pep.xml"
time="14:00:02" level=info msg="Parsing /scratch/negishi/afarzam/deepseq_fragger_2pass/MSV000086944_results_v3/second_pass_completeseq/Trypsin_CAD_percweights/Trypsin_CAD_2pass_results_01fdr/HUVEC/interact-20151220_alr_CompleteHumanProteome_HUVEC_HCD_trypsin_1_sub.pep.xml"
time="14:00:02" level=info msg="Parsing /scratch/negishi/afarzam/deepseq_fragger_2pass/MSV000086944_results_v3/second_pass_completeseq/Trypsin_CAD_percweights/Trypsin_CAD_2pass_results_01fdr/HUVEC/interact-20151220_alr_CompleteHumanProteome_HUVEC_HCD_trypsin_25_sub.pep.xml"
time="14:00:02" level=info msg="Parsing /scratch/negishi/afarzam/deepseq_fragger_2pass/MSV000086944_results_v3/second_pass_completeseq/Trypsin_CAD_percweights/Trypsin_CAD_2pass_results_01fdr/HUVEC/interact-20151220_alr_CompleteHumanProteome_HUVEC_HCD_trypsin_27_sub.pep.xml"
time="14:00:02" level=info msg="Parsing /scratch/negishi/afarzam/deepseq_fragger_2pass/MSV000086944_results_v3/second_pass_completeseq/Trypsin_CAD_percweights/Trypsin_CAD_2pass_results_01fdr/HUVEC/interact-20151220_alr_CompleteHumanProteome_HUVEC_HCD_trypsin_17_151227180656_sub.pep.xml"
time="14:00:02" level=info msg="Parsing /scratch/negishi/afarzam/deepseq_fragger_2pass/MSV000086944_results_v3/second_pass_completeseq/Trypsin_CAD_percweights/Trypsin_CAD_2pass_results_01fdr/HUVEC/interact-20151220_alr_CompleteHumanProteome_HUVEC_HCD_trypsin_15_sub.pep.xml"
time="14:00:02" level=info msg="Parsing /scratch/negishi/afarzam/deepseq_fragger_2pass/MSV000086944_results_v3/second_pass_completeseq/Trypsin_CAD_percweights/Trypsin_CAD_2pass_results_01fdr/HUVEC/interact-20151220_alr_CompleteHumanProteome_HUVEC_HCD_trypsin_16_151227163406_sub.pep.xml"
time="14:00:02" level=info msg="Parsing /scratch/negishi/afarzam/deepseq_fragger_2pass/MSV000086944_results_v3/second_pass_completeseq/Trypsin_CAD_percweights/Trypsin_CAD_2pass_results_01fdr/HUVEC/interact-20151220_alr_CompleteHumanProteome_HUVEC_HCD_trypsin_24_sub.pep.xml"
time="14:00:02" level=info msg="Parsing /scratch/negishi/afarzam/deepseq_fragger_2pass/MSV000086944_results_v3/second_pass_completeseq/Trypsin_CAD_percweights/Trypsin_CAD_2pass_results_01fdr/HUVEC/interact-20151220_alr_CompleteHumanProteome_HUVEC_HCD_trypsin_16_sub.pep.xml"
time="14:00:02" level=info msg="Parsing /scratch/negishi/afarzam/deepseq_fragger_2pass/MSV000086944_results_v3/second_pass_completeseq/Trypsin_CAD_percweights/Trypsin_CAD_2pass_results_01fdr/HUVEC/interact-20151220_alr_CompleteHumanProteome_HUVEC_HCD_trypsin_11_sub.pep.xml"
time="14:00:02" level=info msg="Parsing /scratch/negishi/afarzam/deepseq_fragger_2pass/MSV000086944_results_v3/second_pass_completeseq/Trypsin_CAD_percweights/Trypsin_CAD_2pass_results_01fdr/HUVEC/interact-20151220_alr_CompleteHumanProteome_HUVEC_HCD_trypsin_4_sub.pep.xml"
time="14:00:02" level=info msg="Parsing /scratch/negishi/afarzam/deepseq_fragger_2pass/MSV000086944_results_v3/second_pass_completeseq/Trypsin_CAD_percweights/Trypsin_CAD_2pass_results_01fdr/HUVEC/interact-20151220_alr_CompleteHumanProteome_HUVEC_HCD_trypsin_17_sub.pep.xml"
time="14:00:02" level=info msg="Parsing /scratch/negishi/afarzam/deepseq_fragger_2pass/MSV000086944_results_v3/second_pass_completeseq/Trypsin_CAD_percweights/Trypsin_CAD_2pass_results_01fdr/HUVEC/interact-20151220_alr_CompleteHumanProteome_HUVEC_HCD_trypsin_18_151227193948_sub.pep.xml"
time="14:00:02" level=info msg="Parsing /scratch/negishi/afarzam/deepseq_fragger_2pass/MSV000086944_results_v3/second_pass_completeseq/Trypsin_CAD_percweights/Trypsin_CAD_2pass_results_01fdr/HUVEC/interact-20151220_alr_CompleteHumanProteome_HUVEC_HCD_trypsin_22_sub.pep.xml"
time="14:00:02" level=info msg="Parsing /scratch/negishi/afarzam/deepseq_fragger_2pass/MSV000086944_results_v3/second_pass_completeseq/Trypsin_CAD_percweights/Trypsin_CAD_2pass_results_01fdr/HUVEC/interact-20151220_alr_CompleteHumanProteome_HUVEC_HCD_trypsin_3_sub.pep.xml"
time="14:00:02" level=info msg="Parsing /scratch/negishi/afarzam/deepseq_fragger_2pass/MSV000086944_results_v3/second_pass_completeseq/Trypsin_CAD_percweights/Trypsin_CAD_2pass_results_01fdr/HUVEC/interact-20151220_alr_CompleteHumanProteome_HUVEC_HCD_trypsin_21_sub.pep.xml"
time="14:00:02" level=info msg="Parsing /scratch/negishi/afarzam/deepseq_fragger_2pass/MSV000086944_results_v3/second_pass_completeseq/Trypsin_CAD_percweights/Trypsin_CAD_2pass_results_01fdr/HUVEC/interact-20151220_alr_CompleteHumanProteome_HUVEC_HCD_trypsin_26_sub.pep.xml"
time="14:00:02" level=info msg="Parsing /scratch/negishi/afarzam/deepseq_fragger_2pass/MSV000086944_results_v3/second_pass_completeseq/Trypsin_CAD_percweights/Trypsin_CAD_2pass_results_01fdr/HUVEC/interact-20151220_alr_CompleteHumanProteome_HUVEC_HCD_trypsin_20_151227224533_sub.pep.xml"
time="14:00:02" level=info msg="Parsing /scratch/negishi/afarzam/deepseq_fragger_2pass/MSV000086944_results_v3/second_pass_completeseq/Trypsin_CAD_percweights/Trypsin_CAD_2pass_results_01fdr/HUVEC/interact-20151220_alr_CompleteHumanProteome_HUVEC_HCD_trypsin_14_sub.pep.xml"
time="14:00:02" level=info msg="Parsing /scratch/negishi/afarzam/deepseq_fragger_2pass/MSV000086944_results_v3/second_pass_completeseq/Trypsin_CAD_percweights/Trypsin_CAD_2pass_results_01fdr/HUVEC/interact-20151220_alr_CompleteHumanProteome_HUVEC_HCD_trypsin_19_151227211240_sub.pep.xml"
time="14:00:02" level=info msg="Parsing /scratch/negishi/afarzam/deepseq_fragger_2pass/MSV000086944_results_v3/second_pass_completeseq/Trypsin_CAD_percweights/Trypsin_CAD_2pass_results_01fdr/HUVEC/interact-20151220_alr_CompleteHumanProteome_HUVEC_HCD_trypsin_35_sub.pep.xml"
time="14:00:02" level=info msg="Parsing /scratch/negishi/afarzam/deepseq_fragger_2pass/MSV000086944_results_v3/second_pass_completeseq/Trypsin_CAD_percweights/Trypsin_CAD_2pass_results_01fdr/HUVEC/interact-20151220_alr_CompleteHumanProteome_HUVEC_HCD_trypsin_15_151227150112_sub.pep.xml"
time="14:00:02" level=info msg="Parsing /scratch/negishi/afarzam/deepseq_fragger_2pass/MSV000086944_results_v3/second_pass_completeseq/Trypsin_CAD_percweights/Trypsin_CAD_2pass_results_01fdr/HUVEC/interact-20151220_alr_CompleteHumanProteome_HUVEC_HCD_trypsin_30_sub.pep.xml"
time="14:00:02" level=info msg="Parsing /scratch/negishi/afarzam/deepseq_fragger_2pass/MSV000086944_results_v3/second_pass_completeseq/Trypsin_CAD_percweights/Trypsin_CAD_2pass_results_01fdr/HUVEC/interact-20151220_alr_CompleteHumanProteome_HUVEC_HCD_trypsin_23_sub.pep.xml"
time="14:00:02" level=info msg="Parsing /scratch/negishi/afarzam/deepseq_fragger_2pass/MSV000086944_results_v3/second_pass_completeseq/Trypsin_CAD_percweights/Trypsin_CAD_2pass_results_01fdr/HUVEC/interact-20151220_alr_CompleteHumanProteome_HUVEC_HCD_trypsin_13_sub.pep.xml"
time="14:00:02" level=info msg="Parsing /scratch/negishi/afarzam/deepseq_fragger_2pass/MSV000086944_results_v3/second_pass_completeseq/Trypsin_CAD_percweights/Trypsin_CAD_2pass_results_01fdr/HUVEC/interact-20151220_alr_CompleteHumanProteome_HUVEC_HCD_trypsin_20_sub.pep.xml"
time="14:00:02" level=info msg="Parsing /scratch/negishi/afarzam/deepseq_fragger_2pass/MSV000086944_results_v3/second_pass_completeseq/Trypsin_CAD_percweights/Trypsin_CAD_2pass_results_01fdr/HUVEC/interact-20151220_alr_CompleteHumanProteome_HUVEC_HCD_trypsin_28_sub.pep.xml"
time="14:00:02" level=info msg="Parsing /scratch/negishi/afarzam/deepseq_fragger_2pass/MSV000086944_results_v3/second_pass_completeseq/Trypsin_CAD_percweights/Trypsin_CAD_2pass_results_01fdr/HUVEC/interact-20151220_alr_CompleteHumanProteome_HUVEC_HCD_trypsin_5_sub.pep.xml"
time="14:00:02" level=info msg="Parsing /scratch/negishi/afarzam/deepseq_fragger_2pass/MSV000086944_results_v3/second_pass_completeseq/Trypsin_CAD_percweights/Trypsin_CAD_2pass_results_01fdr/HUVEC/interact-20151220_alr_CompleteHumanProteome_HUVEC_HCD_trypsin_29_sub.pep.xml"
time="14:00:02" level=info msg="Parsing /scratch/negishi/afarzam/deepseq_fragger_2pass/MSV000086944_results_v3/second_pass_completeseq/Trypsin_CAD_percweights/Trypsin_CAD_2pass_results_01fdr/HUVEC/interact-20151220_alr_CompleteHumanProteome_HUVEC_HCD_trypsin_2_sub.pep.xml"
time="14:00:02" level=info msg="Parsing /scratch/negishi/afarzam/deepseq_fragger_2pass/MSV000086944_results_v3/second_pass_completeseq/Trypsin_CAD_percweights/Trypsin_CAD_2pass_results_01fdr/HUVEC/interact-20151220_alr_CompleteHumanProteome_HUVEC_HCD_trypsin_32_sub.pep.xml"
time="14:00:02" level=info msg="Parsing /scratch/negishi/afarzam/deepseq_fragger_2pass/MSV000086944_results_v3/second_pass_completeseq/Trypsin_CAD_percweights/Trypsin_CAD_2pass_results_01fdr/HUVEC/interact-20151220_alr_CompleteHumanProteome_HUVEC_HCD_trypsin_31_sub.pep.xml"
time="14:00:02" level=info msg="Parsing /scratch/negishi/afarzam/deepseq_fragger_2pass/MSV000086944_results_v3/second_pass_completeseq/Trypsin_CAD_percweights/Trypsin_CAD_2pass_results_01fdr/HUVEC/interact-20151220_alr_CompleteHumanProteome_HUVEC_HCD_trypsin_33_sub.pep.xml"
time="14:00:02" level=info msg="Parsing /scratch/negishi/afarzam/deepseq_fragger_2pass/MSV000086944_results_v3/second_pass_completeseq/Trypsin_CAD_percweights/Trypsin_CAD_2pass_results_01fdr/HUVEC/interact-20151220_alr_CompleteHumanProteome_HUVEC_HCD_trypsin_7_sub.pep.xml"
time="14:00:02" level=info msg="Parsing /scratch/negishi/afarzam/deepseq_fragger_2pass/MSV000086944_results_v3/second_pass_completeseq/Trypsin_CAD_percweights/Trypsin_CAD_2pass_results_01fdr/HUVEC/interact-20151220_alr_CompleteHumanProteome_HUVEC_HCD_trypsin_8_sub.pep.xml"
time="14:00:02" level=info msg="Parsing /scratch/negishi/afarzam/deepseq_fragger_2pass/MSV000086944_results_v3/second_pass_completeseq/Trypsin_CAD_percweights/Trypsin_CAD_2pass_results_01fdr/HUVEC/interact-20151220_alr_CompleteHumanProteome_HUVEC_HCD_trypsin_12_sub.pep.xml"
time="14:00:04" level=info msg="1+ Charge profile" decoy=0 target=0
time="14:00:04" level=info msg="2+ Charge profile" decoy=397 target=1833
time="14:00:04" level=info msg="3+ Charge profile" decoy=147 target=673
time="14:00:04" level=info msg="4+ Charge profile" decoy=21 target=78
time="14:00:04" level=info msg="5+ Charge profile" decoy=3 target=6
time="14:00:04" level=info msg="6+ Charge profile" decoy=1 target=7
time="14:00:04" level=info msg="Database search results" ions=2224 peptides=2108 psms=3192
time="14:00:04" level=info msg="Converged to 0.68 % FDR with 148 PSMs" decoy=1 threshold=0.975309 total=149
time="14:00:04" level=info msg="Converged to 0.00 % FDR with 85 Peptides" decoy=0 threshold=0.976216 total=85
time="14:00:04" level=info msg="Converged to 0.99 % FDR with 101 Ions" decoy=1 threshold=0.975309 total=102
time="14:00:04" level=info msg="Protein inference results" decoy=2289 target=3300
time="14:00:04" level=info msg="Converged to 0.54 % FDR with 184 Proteins" decoy=2 threshold=0.9812 total=186
time="14:00:04" level=info msg="Applying sequential FDR estimation" ions=95 peptides=80 psms=142
time="14:00:04" level=info msg="Converged to 0.00 % FDR with 141 PSMs" decoy=0 threshold=0.97534 total=141
time="14:00:04" level=info msg="Converged to 0.00 % FDR with 79 Peptides" decoy=0 threshold=0.977502 total=79
time="14:00:04" level=info msg="Converged to 0.00 % FDR with 94 Ions" decoy=0 threshold=0.97552 total=94
time="14:00:04" level=info msg="Post processing identifications"
time="14:00:04" level=info msg="Assigning protein identifications to layers"
time="14:00:04" level=info msg="Processing protein inference"
time="14:00:04" level=info msg="Synchronizing PSMs and proteins"
time="14:00:04" level=info msg="Final report numbers after FDR filtering, and post-processing" ions=94 peptides=79 proteins=64 psms=141
time="14:00:04" level=info msg=Saving
time="14:00:04" level=info msg=Done
