time="14:00:15" level=info msg="Executing Filter  v5.1.2"
time="14:00:15" level=info msg="Fetching protein inference from /scratch/negishi/afarzam/deepseq_fragger_2pass/MSV000086944_results_v3/second_pass_completeseq/Trypsin_CAD_percweights/Trypsin_CAD_2pass_results_01fdr/GM12878"
time="14:00:17" level=info msg="Processing peptide identification files"
time="14:00:17" level=info msg="Parsing /scratch/negishi/afarzam/deepseq_fragger_2pass/MSV000086944_results_v3/second_pass_completeseq/Trypsin_CAD_percweights/Trypsin_CAD_2pass_results_01fdr/hESC/interact-09apr2014_HESC_SCX12to14_RP14_sub.pep.xml"
time="14:00:17" level=info msg="Parsing /scratch/negishi/afarzam/deepseq_fragger_2pass/MSV000086944_results_v3/second_pass_completeseq/Trypsin_CAD_percweights/Trypsin_CAD_2pass_results_01fdr/hESC/interact-09apr2014_HESC_SCX8to12_RP9_sub.pep.xml"
time="14:00:17" level=info msg="Parsing /scratch/negishi/afarzam/deepseq_fragger_2pass/MSV000086944_results_v3/second_pass_completeseq/Trypsin_CAD_percweights/Trypsin_CAD_2pass_results_01fdr/hESC/interact-09apr2014_HESC_SCX12to14_RP7_sub.pep.xml"
time="14:00:17" level=info msg="Parsing /scratch/negishi/afarzam/deepseq_fragger_2pass/MSV000086944_results_v3/second_pass_completeseq/Trypsin_CAD_percweights/Trypsin_CAD_2pass_results_01fdr/hESC/interact-09apr2014_HESC_SCX16to25_RP10_sub.pep.xml"
time="14:00:17" level=info msg="Parsing /scratch/negishi/afarzam/deepseq_fragger_2pass/MSV000086944_results_v3/second_pass_completeseq/Trypsin_CAD_percweights/Trypsin_CAD_2pass_results_01fdr/hESC/interact-09apr2014_HESC_SCX8to12_RP10_sub.pep.xml"
time="14:00:17" level=info msg="Parsing /scratch/negishi/afarzam/deepseq_fragger_2pass/MSV000086944_results_v3/second_pass_completeseq/Trypsin_CAD_percweights/Trypsin_CAD_2pass_results_01fdr/hESC/interact-09apr2014_HESC_SCX16to25_RP9_sub.pep.xml"
time="14:00:17" level=info msg="Parsing /scratch/negishi/afarzam/deepseq_fragger_2pass/MSV000086944_results_v3/second_pass_completeseq/Trypsin_CAD_percweights/Trypsin_CAD_2pass_results_01fdr/hESC/interact-09apr2014_HESC_SCX16to25_RP7_sub.pep.xml"
time="14:00:17" level=info msg="Parsing /scratch/negishi/afarzam/deepseq_fragger_2pass/MSV000086944_results_v3/second_pass_completeseq/Trypsin_CAD_percweights/Trypsin_CAD_2pass_results_01fdr/hESC/interact-09apr2014_HESC_SCX12to14_RP5_sub.pep.xml"
time="14:00:17" level=info msg="Parsing /scratch/negishi/afarzam/deepseq_fragger_2pass/MSV000086944_results_v3/second_pass_completeseq/Trypsin_CAD_percweights/Trypsin_CAD_2pass_results_01fdr/hESC/interact-09apr2014_HESC_SCX16to25_RP19_sub.pep.xml"
time="14:00:17" level=info msg="Parsing /scratch/negishi/afarzam/deepseq_fragger_2pass/MSV000086944_results_v3/second_pass_completeseq/Trypsin_CAD_percweights/Trypsin_CAD_2pass_results_01fdr/hESC/interact-09apr2014_HESC_SCX16to25_RP3_sub.pep.xml"
time="14:00:17" level=info msg="Parsing /scratch/negishi/afarzam/deepseq_fragger_2pass/MSV000086944_results_v3/second_pass_completeseq/Trypsin_CAD_percweights/Trypsin_CAD_2pass_results_01fdr/hESC/interact-09apr2014_HESC_SCX12to14_RP10_sub.pep.xml"
time="14:00:17" level=info msg="Parsing /scratch/negishi/afarzam/deepseq_fragger_2pass/MSV000086944_results_v3/second_pass_completeseq/Trypsin_CAD_percweights/Trypsin_CAD_2pass_results_01fdr/hESC/interact-09apr2014_HESC_SCX12to14_RP18_sub.pep.xml"
time="14:00:17" level=info msg="Parsing /scratch/negishi/afarzam/deepseq_fragger_2pass/MSV000086944_results_v3/second_pass_completeseq/Trypsin_CAD_percweights/Trypsin_CAD_2pass_results_01fdr/hESC/interact-09apr2014_HESC_SCX12to14_RP6_sub.pep.xml"
time="14:00:17" level=info msg="Parsing /scratch/negishi/afarzam/deepseq_fragger_2pass/MSV000086944_results_v3/second_pass_completeseq/Trypsin_CAD_percweights/Trypsin_CAD_2pass_results_01fdr/hESC/interact-09apr2014_HESC_SCX14to16_RP17_sub.pep.xml"
time="14:00:17" level=info msg="Parsing /scratch/negishi/afarzam/deepseq_fragger_2pass/MSV000086944_results_v3/second_pass_completeseq/Trypsin_CAD_percweights/Trypsin_CAD_2pass_results_01fdr/hESC/interact-09apr2014_HESC_SCX14to16_RP1_sub.pep.xml"
time="14:00:17" level=info msg="Parsing /scratch/negishi/afarzam/deepseq_fragger_2pass/MSV000086944_results_v3/second_pass_completeseq/Trypsin_CAD_percweights/Trypsin_CAD_2pass_results_01fdr/hESC/interact-09apr2014_HESC_SCX12to14_RP11_sub.pep.xml"
time="14:00:17" level=info msg="Parsing /scratch/negishi/afarzam/deepseq_fragger_2pass/MSV000086944_results_v3/second_pass_completeseq/Trypsin_CAD_percweights/Trypsin_CAD_2pass_results_01fdr/hESC/interact-09apr2014_HESC_SCX12to14_RP4_sub.pep.xml"
time="14:00:17" level=info msg="Parsing /scratch/negishi/afarzam/deepseq_fragger_2pass/MSV000086944_results_v3/second_pass_completeseq/Trypsin_CAD_percweights/Trypsin_CAD_2pass_results_01fdr/hESC/interact-09apr2014_HESC_SCX8to12_RP13_sub.pep.xml"
time="14:00:17" level=info msg="Parsing /scratch/negishi/afarzam/deepseq_fragger_2pass/MSV000086944_results_v3/second_pass_completeseq/Trypsin_CAD_percweights/Trypsin_CAD_2pass_results_01fdr/hESC/interact-09apr2014_HESC_SCX12to14_RP13_sub.pep.xml"
time="14:00:17" level=info msg="Parsing /scratch/negishi/afarzam/deepseq_fragger_2pass/MSV000086944_results_v3/second_pass_completeseq/Trypsin_CAD_percweights/Trypsin_CAD_2pass_results_01fdr/hESC/interact-09apr2014_HESC_SCX8to12_RP18_sub.pep.xml"
time="14:00:17" level=info msg="Parsing /scratch/negishi/afarzam/deepseq_fragger_2pass/MSV000086944_results_v3/second_pass_completeseq/Trypsin_CAD_percweights/Trypsin_CAD_2pass_results_01fdr/hESC/interact-09apr2014_HESC_SCX12to14_RP1_sub.pep.xml"
time="14:00:17" level=info msg="Parsing /scratch/negishi/afarzam/deepseq_fragger_2pass/MSV000086944_results_v3/second_pass_completeseq/Trypsin_CAD_percweights/Trypsin_CAD_2pass_results_01fdr/hESC/interact-09apr2014_HESC_SCX12to14_RP20_sub.pep.xml"
time="14:00:17" level=info msg="Parsing /scratch/negishi/afarzam/deepseq_fragger_2pass/MSV000086944_results_v3/second_pass_completeseq/Trypsin_CAD_percweights/Trypsin_CAD_2pass_results_01fdr/hESC/interact-09apr2014_HESC_SCX12to14_RP3_sub.pep.xml"
time="14:00:17" level=info msg="Parsing /scratch/negishi/afarzam/deepseq_fragger_2pass/MSV000086944_results_v3/second_pass_completeseq/Trypsin_CAD_percweights/Trypsin_CAD_2pass_results_01fdr/hESC/interact-09apr2014_HESC_SCX14to16_RP15_sub.pep.xml"
time="14:00:17" level=info msg="Parsing /scratch/negishi/afarzam/deepseq_fragger_2pass/MSV000086944_results_v3/second_pass_completeseq/Trypsin_CAD_percweights/Trypsin_CAD_2pass_results_01fdr/hESC/interact-09apr2014_HESC_SCX16to25_RP8_sub.pep.xml"
time="14:00:17" level=info msg="Parsing /scratch/negishi/afarzam/deepseq_fragger_2pass/MSV000086944_results_v3/second_pass_completeseq/Trypsin_CAD_percweights/Trypsin_CAD_2pass_results_01fdr/hESC/interact-09apr2014_HESC_SCX12to14_RP12_sub.pep.xml"
time="14:00:17" level=info msg="Parsing /scratch/negishi/afarzam/deepseq_fragger_2pass/MSV000086944_results_v3/second_pass_completeseq/Trypsin_CAD_percweights/Trypsin_CAD_2pass_results_01fdr/hESC/interact-09apr2014_HESC_SCX16to25_RP5_sub.pep.xml"
time="14:00:17" level=info msg="Parsing /scratch/negishi/afarzam/deepseq_fragger_2pass/MSV000086944_results_v3/second_pass_completeseq/Trypsin_CAD_percweights/Trypsin_CAD_2pass_results_01fdr/hESC/interact-09apr2014_HESC_SCX16to25_RP6_sub.pep.xml"
time="14:00:17" level=info msg="Parsing /scratch/negishi/afarzam/deepseq_fragger_2pass/MSV000086944_results_v3/second_pass_completeseq/Trypsin_CAD_percweights/Trypsin_CAD_2pass_results_01fdr/hESC/interact-09apr2014_HESC_SCX12to14_RP2_sub.pep.xml"
time="14:00:17" level=info msg="Parsing /scratch/negishi/afarzam/deepseq_fragger_2pass/MSV000086944_results_v3/second_pass_completeseq/Trypsin_CAD_percweights/Trypsin_CAD_2pass_results_01fdr/hESC/interact-09apr2014_HESC_SCX14to16_RP11_sub.pep.xml"
time="14:00:17" level=info msg="Parsing /scratch/negishi/afarzam/deepseq_fragger_2pass/MSV000086944_results_v3/second_pass_completeseq/Trypsin_CAD_percweights/Trypsin_CAD_2pass_results_01fdr/hESC/interact-09apr2014_HESC_SCX14to16_RP16_sub.pep.xml"
time="14:00:17" level=info msg="Parsing /scratch/negishi/afarzam/deepseq_fragger_2pass/MSV000086944_results_v3/second_pass_completeseq/Trypsin_CAD_percweights/Trypsin_CAD_2pass_results_01fdr/hESC/interact-09apr2014_HESC_SCX16to25_RP4_sub.pep.xml"
time="14:00:17" level=warning msg="No PSM was found in data set. /scratch/negishi/afarzam/deepseq_fragger_2pass/MSV000086944_results_v3/second_pass_completeseq/Trypsin_CAD_percweights/Trypsin_CAD_2pass_results_01fdr/hESC/interact-09apr2014_HESC_SCX16to25_RP6_sub.pep.xml"
time="14:00:17" level=info msg="Parsing /scratch/negishi/afarzam/deepseq_fragger_2pass/MSV000086944_results_v3/second_pass_completeseq/Trypsin_CAD_percweights/Trypsin_CAD_2pass_results_01fdr/hESC/interact-09apr2014_HESC_SCX14to16_RP18_sub.pep.xml"
time="14:00:17" level=info msg="Parsing /scratch/negishi/afarzam/deepseq_fragger_2pass/MSV000086944_results_v3/second_pass_completeseq/Trypsin_CAD_percweights/Trypsin_CAD_2pass_results_01fdr/hESC/interact-09apr2014_HESC_SCX14to16_RP19_sub.pep.xml"
time="14:00:17" level=info msg="Parsing /scratch/negishi/afarzam/deepseq_fragger_2pass/MSV000086944_results_v3/second_pass_completeseq/Trypsin_CAD_percweights/Trypsin_CAD_2pass_results_01fdr/hESC/interact-09apr2014_HESC_SCX8to12_RP12_sub.pep.xml"
time="14:00:17" level=info msg="Parsing /scratch/negishi/afarzam/deepseq_fragger_2pass/MSV000086944_results_v3/second_pass_completeseq/Trypsin_CAD_percweights/Trypsin_CAD_2pass_results_01fdr/hESC/interact-09apr2014_HESC_SCX16to25_RP20_sub.pep.xml"
time="14:00:17" level=info msg="Parsing /scratch/negishi/afarzam/deepseq_fragger_2pass/MSV000086944_results_v3/second_pass_completeseq/Trypsin_CAD_percweights/Trypsin_CAD_2pass_results_01fdr/hESC/interact-09apr2014_HESC_SCX16to25_RP1_sub.pep.xml"
time="14:00:17" level=info msg="Parsing /scratch/negishi/afarzam/deepseq_fragger_2pass/MSV000086944_results_v3/second_pass_completeseq/Trypsin_CAD_percweights/Trypsin_CAD_2pass_results_01fdr/hESC/interact-09apr2014_HESC_SCX14to16_RP5_sub.pep.xml"
time="14:00:17" level=info msg="Parsing /scratch/negishi/afarzam/deepseq_fragger_2pass/MSV000086944_results_v3/second_pass_completeseq/Trypsin_CAD_percweights/Trypsin_CAD_2pass_results_01fdr/hESC/interact-09apr2014_HESC_SCX14to16_RP20_sub.pep.xml"
time="14:00:17" level=info msg="Parsing /scratch/negishi/afarzam/deepseq_fragger_2pass/MSV000086944_results_v3/second_pass_completeseq/Trypsin_CAD_percweights/Trypsin_CAD_2pass_results_01fdr/hESC/interact-09apr2014_HESC_SCX14to16_RP2_sub.pep.xml"
time="14:00:17" level=info msg="Parsing /scratch/negishi/afarzam/deepseq_fragger_2pass/MSV000086944_results_v3/second_pass_completeseq/Trypsin_CAD_percweights/Trypsin_CAD_2pass_results_01fdr/hESC/interact-09apr2014_HESC_SCX14to16_RP3_sub.pep.xml"
time="14:00:17" level=info msg="Parsing /scratch/negishi/afarzam/deepseq_fragger_2pass/MSV000086944_results_v3/second_pass_completeseq/Trypsin_CAD_percweights/Trypsin_CAD_2pass_results_01fdr/hESC/interact-09apr2014_HESC_SCX14to16_RP4_sub.pep.xml"
time="14:00:17" level=info msg="Parsing /scratch/negishi/afarzam/deepseq_fragger_2pass/MSV000086944_results_v3/second_pass_completeseq/Trypsin_CAD_percweights/Trypsin_CAD_2pass_results_01fdr/hESC/interact-09apr2014_HESC_SCX8to12_RP15_sub.pep.xml"
time="14:00:17" level=info msg="Parsing /scratch/negishi/afarzam/deepseq_fragger_2pass/MSV000086944_results_v3/second_pass_completeseq/Trypsin_CAD_percweights/Trypsin_CAD_2pass_results_01fdr/hESC/interact-09apr2014_HESC_SCX8to12_RP14_sub.pep.xml"
time="14:00:17" level=info msg="Parsing /scratch/negishi/afarzam/deepseq_fragger_2pass/MSV000086944_results_v3/second_pass_completeseq/Trypsin_CAD_percweights/Trypsin_CAD_2pass_results_01fdr/hESC/interact-09apr2014_HESC_SCX8to12_RP16_sub.pep.xml"
time="14:00:17" level=info msg="Parsing /scratch/negishi/afarzam/deepseq_fragger_2pass/MSV000086944_results_v3/second_pass_completeseq/Trypsin_CAD_percweights/Trypsin_CAD_2pass_results_01fdr/hESC/interact-09apr2014_HESC_SCX16to25_RP14_sub.pep.xml"
time="14:00:17" level=info msg="Parsing /scratch/negishi/afarzam/deepseq_fragger_2pass/MSV000086944_results_v3/second_pass_completeseq/Trypsin_CAD_percweights/Trypsin_CAD_2pass_results_01fdr/hESC/interact-09apr2014_HESC_SCX16to25_RP11_sub.pep.xml"
time="14:00:17" level=info msg="Parsing /scratch/negishi/afarzam/deepseq_fragger_2pass/MSV000086944_results_v3/second_pass_completeseq/Trypsin_CAD_percweights/Trypsin_CAD_2pass_results_01fdr/hESC/interact-09apr2014_HESC_SCX16to25_RP12_sub.pep.xml"
time="14:00:17" level=info msg="Parsing /scratch/negishi/afarzam/deepseq_fragger_2pass/MSV000086944_results_v3/second_pass_completeseq/Trypsin_CAD_percweights/Trypsin_CAD_2pass_results_01fdr/hESC/interact-09apr2014_HESC_SCX16to25_RP13_sub.pep.xml"
time="14:00:17" level=info msg="Parsing /scratch/negishi/afarzam/deepseq_fragger_2pass/MSV000086944_results_v3/second_pass_completeseq/Trypsin_CAD_percweights/Trypsin_CAD_2pass_results_01fdr/hESC/interact-09apr2014_HESC_SCX14to16_RP7_sub.pep.xml"
time="14:00:17" level=info msg="Parsing /scratch/negishi/afarzam/deepseq_fragger_2pass/MSV000086944_results_v3/second_pass_completeseq/Trypsin_CAD_percweights/Trypsin_CAD_2pass_results_01fdr/hESC/interact-09apr2014_HESC_SCX14to16_RP6_sub.pep.xml"
time="14:00:17" level=info msg="Parsing /scratch/negishi/afarzam/deepseq_fragger_2pass/MSV000086944_results_v3/second_pass_completeseq/Trypsin_CAD_percweights/Trypsin_CAD_2pass_results_01fdr/hESC/interact-09apr2014_HESC_SCX16to25_RP2_sub.pep.xml"
time="14:00:17" level=info msg="Parsing /scratch/negishi/afarzam/deepseq_fragger_2pass/MSV000086944_results_v3/second_pass_completeseq/Trypsin_CAD_percweights/Trypsin_CAD_2pass_results_01fdr/hESC/interact-09apr2014_HESC_SCX12to14_RP19_sub.pep.xml"
time="14:00:17" level=info msg="Parsing /scratch/negishi/afarzam/deepseq_fragger_2pass/MSV000086944_results_v3/second_pass_completeseq/Trypsin_CAD_percweights/Trypsin_CAD_2pass_results_01fdr/hESC/interact-09apr2014_HESC_SCX8to12_RP17_sub.pep.xml"
time="14:00:17" level=info msg="Parsing /scratch/negishi/afarzam/deepseq_fragger_2pass/MSV000086944_results_v3/second_pass_completeseq/Trypsin_CAD_percweights/Trypsin_CAD_2pass_results_01fdr/hESC/interact-09apr2014_HESC_SCX12to14_RP9_sub.pep.xml"
time="14:00:17" level=info msg="Parsing /scratch/negishi/afarzam/deepseq_fragger_2pass/MSV000086944_results_v3/second_pass_completeseq/Trypsin_CAD_percweights/Trypsin_CAD_2pass_results_01fdr/hESC/interact-09apr2014_HESC_SCX12to14_RP8_sub.pep.xml"
time="14:00:17" level=info msg="Parsing /scratch/negishi/afarzam/deepseq_fragger_2pass/MSV000086944_results_v3/second_pass_completeseq/Trypsin_CAD_percweights/Trypsin_CAD_2pass_results_01fdr/hESC/interact-09apr2014_HESC_SCX14to16_RP10_sub.pep.xml"
time="14:00:17" level=info msg="Parsing /scratch/negishi/afarzam/deepseq_fragger_2pass/MSV000086944_results_v3/second_pass_completeseq/Trypsin_CAD_percweights/Trypsin_CAD_2pass_results_01fdr/hESC/interact-09apr2014_HESC_SCX12to14_RP16_sub.pep.xml"
time="14:00:17" level=info msg="Parsing /scratch/negishi/afarzam/deepseq_fragger_2pass/MSV000086944_results_v3/second_pass_completeseq/Trypsin_CAD_percweights/Trypsin_CAD_2pass_results_01fdr/hESC/interact-09apr2014_HESC_SCX12to14_RP15_sub.pep.xml"
time="14:00:17" level=info msg="Parsing /scratch/negishi/afarzam/deepseq_fragger_2pass/MSV000086944_results_v3/second_pass_completeseq/Trypsin_CAD_percweights/Trypsin_CAD_2pass_results_01fdr/hESC/interact-09apr2014_HESC_SCX16to25_RP15_sub.pep.xml"
time="14:00:17" level=info msg="Parsing /scratch/negishi/afarzam/deepseq_fragger_2pass/MSV000086944_results_v3/second_pass_completeseq/Trypsin_CAD_percweights/Trypsin_CAD_2pass_results_01fdr/hESC/interact-09apr2014_HESC_SCX16to25_RP17_sub.pep.xml"
time="14:00:17" level=info msg="Parsing /scratch/negishi/afarzam/deepseq_fragger_2pass/MSV000086944_results_v3/second_pass_completeseq/Trypsin_CAD_percweights/Trypsin_CAD_2pass_results_01fdr/hESC/interact-09apr2014_HESC_SCX16to25_RP16_sub.pep.xml"
time="14:00:17" level=info msg="Parsing /scratch/negishi/afarzam/deepseq_fragger_2pass/MSV000086944_results_v3/second_pass_completeseq/Trypsin_CAD_percweights/Trypsin_CAD_2pass_results_01fdr/hESC/interact-09apr2014_HESC_SCX8to12_RP3_sub.pep.xml"
time="14:00:17" level=info msg="Parsing /scratch/negishi/afarzam/deepseq_fragger_2pass/MSV000086944_results_v3/second_pass_completeseq/Trypsin_CAD_percweights/Trypsin_CAD_2pass_results_01fdr/hESC/interact-09apr2014_HESC_SCX8to12_RP19_sub.pep.xml"
time="14:00:17" level=info msg="Parsing /scratch/negishi/afarzam/deepseq_fragger_2pass/MSV000086944_results_v3/second_pass_completeseq/Trypsin_CAD_percweights/Trypsin_CAD_2pass_results_01fdr/hESC/interact-09apr2014_HESC_SCX8to12_RP1_sub.pep.xml"
time="14:00:17" level=info msg="Parsing /scratch/negishi/afarzam/deepseq_fragger_2pass/MSV000086944_results_v3/second_pass_completeseq/Trypsin_CAD_percweights/Trypsin_CAD_2pass_results_01fdr/hESC/interact-09apr2014_HESC_SCX8to12_RP20_sub.pep.xml"
time="14:00:17" level=info msg="Parsing /scratch/negishi/afarzam/deepseq_fragger_2pass/MSV000086944_results_v3/second_pass_completeseq/Trypsin_CAD_percweights/Trypsin_CAD_2pass_results_01fdr/hESC/interact-09apr2014_HESC_SCX8to12_RP2_sub.pep.xml"
time="14:00:17" level=info msg="Parsing /scratch/negishi/afarzam/deepseq_fragger_2pass/MSV000086944_results_v3/second_pass_completeseq/Trypsin_CAD_percweights/Trypsin_CAD_2pass_results_01fdr/hESC/interact-09apr2014_HESC_SCX8to12_RP6_sub.pep.xml"
time="14:00:17" level=info msg="Parsing /scratch/negishi/afarzam/deepseq_fragger_2pass/MSV000086944_results_v3/second_pass_completeseq/Trypsin_CAD_percweights/Trypsin_CAD_2pass_results_01fdr/hESC/interact-09apr2014_HESC_SCX8to12_RP4_sub.pep.xml"
time="14:00:17" level=info msg="Parsing /scratch/negishi/afarzam/deepseq_fragger_2pass/MSV000086944_results_v3/second_pass_completeseq/Trypsin_CAD_percweights/Trypsin_CAD_2pass_results_01fdr/hESC/interact-09apr2014_HESC_SCX8to12_RP5_sub.pep.xml"
time="14:00:17" level=info msg="Parsing /scratch/negishi/afarzam/deepseq_fragger_2pass/MSV000086944_results_v3/second_pass_completeseq/Trypsin_CAD_percweights/Trypsin_CAD_2pass_results_01fdr/hESC/interact-09apr2014_HESC_SCX16to25_RP18_sub.pep.xml"
time="14:00:17" level=info msg="Parsing /scratch/negishi/afarzam/deepseq_fragger_2pass/MSV000086944_results_v3/second_pass_completeseq/Trypsin_CAD_percweights/Trypsin_CAD_2pass_results_01fdr/hESC/interact-09apr2014_HESC_SCX8to12_RP7_sub.pep.xml"
time="14:00:17" level=info msg="Parsing /scratch/negishi/afarzam/deepseq_fragger_2pass/MSV000086944_results_v3/second_pass_completeseq/Trypsin_CAD_percweights/Trypsin_CAD_2pass_results_01fdr/hESC/interact-09apr2014_HESC_SCX14to16_RP8_sub.pep.xml"
time="14:00:17" level=info msg="Parsing /scratch/negishi/afarzam/deepseq_fragger_2pass/MSV000086944_results_v3/second_pass_completeseq/Trypsin_CAD_percweights/Trypsin_CAD_2pass_results_01fdr/hESC/interact-09apr2014_HESC_SCX14to16_RP9_sub.pep.xml"
time="14:00:17" level=info msg="Parsing /scratch/negishi/afarzam/deepseq_fragger_2pass/MSV000086944_results_v3/second_pass_completeseq/Trypsin_CAD_percweights/Trypsin_CAD_2pass_results_01fdr/hESC/interact-09apr2014_HESC_SCX14to16_RP12_sub.pep.xml"
time="14:00:17" level=info msg="Parsing /scratch/negishi/afarzam/deepseq_fragger_2pass/MSV000086944_results_v3/second_pass_completeseq/Trypsin_CAD_percweights/Trypsin_CAD_2pass_results_01fdr/hESC/interact-09apr2014_HESC_SCX14to16_RP13_sub.pep.xml"
time="14:00:17" level=info msg="Parsing /scratch/negishi/afarzam/deepseq_fragger_2pass/MSV000086944_results_v3/second_pass_completeseq/Trypsin_CAD_percweights/Trypsin_CAD_2pass_results_01fdr/hESC/interact-09apr2014_HESC_SCX12to14_RP17_sub.pep.xml"
time="14:00:17" level=info msg="Parsing /scratch/negishi/afarzam/deepseq_fragger_2pass/MSV000086944_results_v3/second_pass_completeseq/Trypsin_CAD_percweights/Trypsin_CAD_2pass_results_01fdr/hESC/interact-09apr2014_HESC_SCX8to12_RP8_sub.pep.xml"
time="14:00:17" level=info msg="Parsing /scratch/negishi/afarzam/deepseq_fragger_2pass/MSV000086944_results_v3/second_pass_completeseq/Trypsin_CAD_percweights/Trypsin_CAD_2pass_results_01fdr/hESC/interact-09apr2014_HESC_SCX14to16_RP14_sub.pep.xml"
time="14:00:17" level=info msg="Parsing /scratch/negishi/afarzam/deepseq_fragger_2pass/MSV000086944_results_v3/second_pass_completeseq/Trypsin_CAD_percweights/Trypsin_CAD_2pass_results_01fdr/hESC/interact-09apr2014_HESC_SCX8to12_RP11_sub.pep.xml"
time="14:00:17" level=info msg="Parsing /scratch/negishi/afarzam/deepseq_fragger_2pass/MSV000086944_results_v3/second_pass_completeseq/Trypsin_CAD_percweights/Trypsin_CAD_2pass_results_01fdr/hESC/interact-09apr2014_HESC_SCX14to16_RP13_IT_25ms_5sec_sub.pep.xml"
time="14:00:17" level=warning msg="No PSM was found in data set. /scratch/negishi/afarzam/deepseq_fragger_2pass/MSV000086944_results_v3/second_pass_completeseq/Trypsin_CAD_percweights/Trypsin_CAD_2pass_results_01fdr/hESC/interact-09apr2014_HESC_SCX14to16_RP13_IT_25ms_5sec_sub.pep.xml"
time="14:00:19" level=info msg="1+ Charge profile" decoy=0 target=0
time="14:00:19" level=info msg="2+ Charge profile" decoy=315 target=1267
time="14:00:19" level=info msg="3+ Charge profile" decoy=273 target=997
time="14:00:19" level=info msg="4+ Charge profile" decoy=51 target=242
time="14:00:19" level=info msg="5+ Charge profile" decoy=15 target=45
time="14:00:19" level=info msg="6+ Charge profile" decoy=13 target=13
time="14:00:19" level=info msg="Database search results" ions=2493 peptides=2389 psms=3231
time="14:00:19" level=info msg="Converged to 0.93 % FDR with 321 PSMs" decoy=3 threshold=0.919438 total=324
time="14:00:19" level=info msg="Converged to 0.93 % FDR with 215 Peptides" decoy=2 threshold=0.920178 total=217
time="14:00:19" level=info msg="Converged to 0.87 % FDR with 231 Ions" decoy=2 threshold=0.920178 total=233
time="14:00:19" level=info msg="Protein inference results" decoy=2289 target=3300
time="14:00:19" level=info msg="Converged to 0.54 % FDR with 184 Proteins" decoy=2 threshold=0.9812 total=186
time="14:00:19" level=info msg="Applying sequential FDR estimation" ions=161 peptides=145 psms=249
time="14:00:19" level=info msg="Converged to 0.00 % FDR with 248 PSMs" decoy=0 threshold=0.922248 total=248
time="14:00:19" level=info msg="Converged to 0.00 % FDR with 144 Peptides" decoy=0 threshold=0.922248 total=144
time="14:00:19" level=info msg="Converged to 0.00 % FDR with 160 Ions" decoy=0 threshold=0.922248 total=160
time="14:00:19" level=info msg="Post processing identifications"
time="14:00:19" level=info msg="Assigning protein identifications to layers"
time="14:00:19" level=info msg="Processing protein inference"
time="14:00:20" level=info msg="Synchronizing PSMs and proteins"
time="14:00:20" level=info msg="Final report numbers after FDR filtering, and post-processing" ions=160 peptides=144 proteins=88 psms=248
time="14:00:20" level=info msg=Saving
time="14:00:20" level=info msg=Done
