time="23:14:53" level=info msg="Executing Filter  v5.1.2"
time="23:14:53" level=info msg="Fetching protein inference from /scratch/negishi/afarzam/deepseq_fragger_2pass/MSV000086944_results_v3/second_pass_completeseq/AspN_ETD/AspN_ETD_2pass_results/GM12878_AspN_ETD"
time="23:14:53" level=info msg="Processing peptide identification files"
time="23:14:53" level=info msg="Parsing /scratch/negishi/afarzam/deepseq_fragger_2pass/MSV000086944_results_v3/second_pass_completeseq/AspN_ETD/AspN_ETD_2pass_results/HepG2_AspN_ETD/interact-20160106_alr_CompleteHumanProteome_HepG2_ETD_AspN_9_sub.pep.xml"
time="23:14:53" level=info msg="Parsing /scratch/negishi/afarzam/deepseq_fragger_2pass/MSV000086944_results_v3/second_pass_completeseq/AspN_ETD/AspN_ETD_2pass_results/HepG2_AspN_ETD/interact-20160106_alr_CompleteHumanProteome_HepG2_ETD_AspN_14_sub.pep.xml"
time="23:14:53" level=info msg="Parsing /scratch/negishi/afarzam/deepseq_fragger_2pass/MSV000086944_results_v3/second_pass_completeseq/AspN_ETD/AspN_ETD_2pass_results/HepG2_AspN_ETD/interact-20160106_alr_CompleteHumanProteome_HepG2_ETD_AspN_15_sub.pep.xml"
time="23:14:53" level=info msg="Parsing /scratch/negishi/afarzam/deepseq_fragger_2pass/MSV000086944_results_v3/second_pass_completeseq/AspN_ETD/AspN_ETD_2pass_results/HepG2_AspN_ETD/interact-20160106_alr_CompleteHumanProteome_HepG2_ETD_AspN_7_sub.pep.xml"
time="23:14:53" level=info msg="Parsing /scratch/negishi/afarzam/deepseq_fragger_2pass/MSV000086944_results_v3/second_pass_completeseq/AspN_ETD/AspN_ETD_2pass_results/HepG2_AspN_ETD/interact-20160106_alr_CompleteHumanProteome_HepG2_ETD_AspN_12_sub.pep.xml"
time="23:14:53" level=info msg="Parsing /scratch/negishi/afarzam/deepseq_fragger_2pass/MSV000086944_results_v3/second_pass_completeseq/AspN_ETD/AspN_ETD_2pass_results/HepG2_AspN_ETD/interact-20160106_alr_CompleteHumanProteome_HepG2_ETD_AspN_26_sub.pep.xml"
time="23:14:53" level=info msg="Parsing /scratch/negishi/afarzam/deepseq_fragger_2pass/MSV000086944_results_v3/second_pass_completeseq/AspN_ETD/AspN_ETD_2pass_results/HepG2_AspN_ETD/interact-20160106_alr_CompleteHumanProteome_HepG2_ETD_AspN_11_sub.pep.xml"
time="23:14:53" level=info msg="Parsing /scratch/negishi/afarzam/deepseq_fragger_2pass/MSV000086944_results_v3/second_pass_completeseq/AspN_ETD/AspN_ETD_2pass_results/HepG2_AspN_ETD/interact-20160106_alr_CompleteHumanProteome_HepG2_ETD_AspN_13_sub.pep.xml"
time="23:14:53" level=info msg="Parsing /scratch/negishi/afarzam/deepseq_fragger_2pass/MSV000086944_results_v3/second_pass_completeseq/AspN_ETD/AspN_ETD_2pass_results/HepG2_AspN_ETD/interact-20160106_alr_CompleteHumanProteome_HepG2_ETD_AspN_25_sub.pep.xml"
time="23:14:53" level=info msg="Parsing /scratch/negishi/afarzam/deepseq_fragger_2pass/MSV000086944_results_v3/second_pass_completeseq/AspN_ETD/AspN_ETD_2pass_results/HepG2_AspN_ETD/interact-20160106_alr_CompleteHumanProteome_HepG2_ETD_AspN_10_sub.pep.xml"
time="23:14:53" level=info msg="Parsing /scratch/negishi/afarzam/deepseq_fragger_2pass/MSV000086944_results_v3/second_pass_completeseq/AspN_ETD/AspN_ETD_2pass_results/HepG2_AspN_ETD/interact-20160106_alr_CompleteHumanProteome_HepG2_ETD_AspN_8_sub.pep.xml"
time="23:14:53" level=info msg="Parsing /scratch/negishi/afarzam/deepseq_fragger_2pass/MSV000086944_results_v3/second_pass_completeseq/AspN_ETD/AspN_ETD_2pass_results/HepG2_AspN_ETD/interact-20160106_alr_CompleteHumanProteome_HepG2_ETD_AspN_3_sub.pep.xml"
time="23:14:53" level=info msg="Parsing /scratch/negishi/afarzam/deepseq_fragger_2pass/MSV000086944_results_v3/second_pass_completeseq/AspN_ETD/AspN_ETD_2pass_results/HepG2_AspN_ETD/interact-20160106_alr_CompleteHumanProteome_HepG2_ETD_AspN_27_sub.pep.xml"
time="23:14:53" level=info msg="Parsing /scratch/negishi/afarzam/deepseq_fragger_2pass/MSV000086944_results_v3/second_pass_completeseq/AspN_ETD/AspN_ETD_2pass_results/HepG2_AspN_ETD/interact-20160106_alr_CompleteHumanProteome_HepG2_ETD_AspN_29_sub.pep.xml"
time="23:14:53" level=info msg="Parsing /scratch/negishi/afarzam/deepseq_fragger_2pass/MSV000086944_results_v3/second_pass_completeseq/AspN_ETD/AspN_ETD_2pass_results/HepG2_AspN_ETD/interact-20160106_alr_CompleteHumanProteome_HepG2_ETD_AspN_2_sub.pep.xml"
time="23:14:53" level=warning msg="No PSM was found in data set. /scratch/negishi/afarzam/deepseq_fragger_2pass/MSV000086944_results_v3/second_pass_completeseq/AspN_ETD/AspN_ETD_2pass_results/HepG2_AspN_ETD/interact-20160106_alr_CompleteHumanProteome_HepG2_ETD_AspN_12_sub.pep.xml"
time="23:14:53" level=info msg="Parsing /scratch/negishi/afarzam/deepseq_fragger_2pass/MSV000086944_results_v3/second_pass_completeseq/AspN_ETD/AspN_ETD_2pass_results/HepG2_AspN_ETD/interact-20160106_alr_CompleteHumanProteome_HepG2_ETD_AspN_1_sub.pep.xml"
time="23:14:53" level=warning msg="No PSM was found in data set. /scratch/negishi/afarzam/deepseq_fragger_2pass/MSV000086944_results_v3/second_pass_completeseq/AspN_ETD/AspN_ETD_2pass_results/HepG2_AspN_ETD/interact-20160106_alr_CompleteHumanProteome_HepG2_ETD_AspN_13_sub.pep.xml"
time="23:14:53" level=info msg="Parsing /scratch/negishi/afarzam/deepseq_fragger_2pass/MSV000086944_results_v3/second_pass_completeseq/AspN_ETD/AspN_ETD_2pass_results/HepG2_AspN_ETD/interact-20160106_alr_CompleteHumanProteome_HepG2_ETD_AspN_19_sub.pep.xml"
time="23:14:53" level=info msg="Parsing /scratch/negishi/afarzam/deepseq_fragger_2pass/MSV000086944_results_v3/second_pass_completeseq/AspN_ETD/AspN_ETD_2pass_results/HepG2_AspN_ETD/interact-20160106_alr_CompleteHumanProteome_HepG2_ETD_AspN_16_sub.pep.xml"
time="23:14:53" level=info msg="Parsing /scratch/negishi/afarzam/deepseq_fragger_2pass/MSV000086944_results_v3/second_pass_completeseq/AspN_ETD/AspN_ETD_2pass_results/HepG2_AspN_ETD/interact-20160106_alr_CompleteHumanProteome_HepG2_ETD_AspN_21_sub.pep.xml"
time="23:14:53" level=info msg="Parsing /scratch/negishi/afarzam/deepseq_fragger_2pass/MSV000086944_results_v3/second_pass_completeseq/AspN_ETD/AspN_ETD_2pass_results/HepG2_AspN_ETD/interact-20160106_alr_CompleteHumanProteome_HepG2_ETD_AspN_20_sub.pep.xml"
time="23:14:53" level=info msg="Parsing /scratch/negishi/afarzam/deepseq_fragger_2pass/MSV000086944_results_v3/second_pass_completeseq/AspN_ETD/AspN_ETD_2pass_results/HepG2_AspN_ETD/interact-20160106_alr_CompleteHumanProteome_HepG2_ETD_AspN_28_sub.pep.xml"
time="23:14:53" level=info msg="Parsing /scratch/negishi/afarzam/deepseq_fragger_2pass/MSV000086944_results_v3/second_pass_completeseq/AspN_ETD/AspN_ETD_2pass_results/HepG2_AspN_ETD/interact-20160106_alr_CompleteHumanProteome_HepG2_ETD_AspN_23_sub.pep.xml"
time="23:14:53" level=info msg="Parsing /scratch/negishi/afarzam/deepseq_fragger_2pass/MSV000086944_results_v3/second_pass_completeseq/AspN_ETD/AspN_ETD_2pass_results/HepG2_AspN_ETD/interact-20160106_alr_CompleteHumanProteome_HepG2_ETD_AspN_22_sub.pep.xml"
time="23:14:53" level=info msg="Parsing /scratch/negishi/afarzam/deepseq_fragger_2pass/MSV000086944_results_v3/second_pass_completeseq/AspN_ETD/AspN_ETD_2pass_results/HepG2_AspN_ETD/interact-20160106_alr_CompleteHumanProteome_HepG2_ETD_AspN_24_sub.pep.xml"
time="23:14:53" level=info msg="Parsing /scratch/negishi/afarzam/deepseq_fragger_2pass/MSV000086944_results_v3/second_pass_completeseq/AspN_ETD/AspN_ETD_2pass_results/HepG2_AspN_ETD/interact-20160106_alr_CompleteHumanProteome_HepG2_ETD_AspN_17_sub.pep.xml"
time="23:14:53" level=info msg="Parsing /scratch/negishi/afarzam/deepseq_fragger_2pass/MSV000086944_results_v3/second_pass_completeseq/AspN_ETD/AspN_ETD_2pass_results/HepG2_AspN_ETD/interact-20160106_alr_CompleteHumanProteome_HepG2_ETD_AspN_6_sub.pep.xml"
time="23:14:53" level=info msg="Parsing /scratch/negishi/afarzam/deepseq_fragger_2pass/MSV000086944_results_v3/second_pass_completeseq/AspN_ETD/AspN_ETD_2pass_results/HepG2_AspN_ETD/interact-20160106_alr_CompleteHumanProteome_HepG2_ETD_AspN_30_sub.pep.xml"
time="23:14:53" level=info msg="Parsing /scratch/negishi/afarzam/deepseq_fragger_2pass/MSV000086944_results_v3/second_pass_completeseq/AspN_ETD/AspN_ETD_2pass_results/HepG2_AspN_ETD/interact-20160106_alr_CompleteHumanProteome_HepG2_ETD_AspN_5_sub.pep.xml"
time="23:14:53" level=info msg="Parsing /scratch/negishi/afarzam/deepseq_fragger_2pass/MSV000086944_results_v3/second_pass_completeseq/AspN_ETD/AspN_ETD_2pass_results/HepG2_AspN_ETD/interact-20160106_alr_CompleteHumanProteome_HepG2_ETD_AspN_4_sub.pep.xml"
time="23:14:53" level=info msg="Parsing /scratch/negishi/afarzam/deepseq_fragger_2pass/MSV000086944_results_v3/second_pass_completeseq/AspN_ETD/AspN_ETD_2pass_results/HepG2_AspN_ETD/interact-20160106_alr_CompleteHumanProteome_HepG2_ETD_AspN_18_sub.pep.xml"
time="23:14:53" level=warning msg="No PSM was found in data set. /scratch/negishi/afarzam/deepseq_fragger_2pass/MSV000086944_results_v3/second_pass_completeseq/AspN_ETD/AspN_ETD_2pass_results/HepG2_AspN_ETD/interact-20160106_alr_CompleteHumanProteome_HepG2_ETD_AspN_19_sub.pep.xml"
time="23:14:53" level=warning msg="No PSM was found in data set. /scratch/negishi/afarzam/deepseq_fragger_2pass/MSV000086944_results_v3/second_pass_completeseq/AspN_ETD/AspN_ETD_2pass_results/HepG2_AspN_ETD/interact-20160106_alr_CompleteHumanProteome_HepG2_ETD_AspN_1_sub.pep.xml"
time="23:14:53" level=warning msg="No PSM was found in data set. /scratch/negishi/afarzam/deepseq_fragger_2pass/MSV000086944_results_v3/second_pass_completeseq/AspN_ETD/AspN_ETD_2pass_results/HepG2_AspN_ETD/interact-20160106_alr_CompleteHumanProteome_HepG2_ETD_AspN_24_sub.pep.xml"
time="23:14:53" level=warning msg="No PSM was found in data set. /scratch/negishi/afarzam/deepseq_fragger_2pass/MSV000086944_results_v3/second_pass_completeseq/AspN_ETD/AspN_ETD_2pass_results/HepG2_AspN_ETD/interact-20160106_alr_CompleteHumanProteome_HepG2_ETD_AspN_30_sub.pep.xml"
time="23:14:53" level=warning msg="No PSM was found in data set. /scratch/negishi/afarzam/deepseq_fragger_2pass/MSV000086944_results_v3/second_pass_completeseq/AspN_ETD/AspN_ETD_2pass_results/HepG2_AspN_ETD/interact-20160106_alr_CompleteHumanProteome_HepG2_ETD_AspN_17_sub.pep.xml"
time="23:14:54" level=info msg="1+ Charge profile" decoy=0 target=0
time="23:14:54" level=info msg="2+ Charge profile" decoy=42 target=278
time="23:14:54" level=info msg="3+ Charge profile" decoy=33 target=61
time="23:14:54" level=info msg="4+ Charge profile" decoy=17 target=42
time="23:14:54" level=info msg="5+ Charge profile" decoy=17 target=20
time="23:14:54" level=info msg="6+ Charge profile" decoy=4 target=8
time="23:14:54" level=info msg="Database search results" ions=339 peptides=332 psms=522
time="23:14:54" level=info msg="Converged to 0.00 % FDR with 17 PSMs" decoy=0 threshold=0.858137 total=17
time="23:14:54" level=info msg="Converged to 0.00 % FDR with 12 Peptides" decoy=0 threshold=0.873728 total=12
time="23:14:54" level=info msg="Converged to 0.00 % FDR with 12 Ions" decoy=0 threshold=0.873728 total=12
time="23:14:54" level=info msg="Protein inference results" decoy=353 target=637
time="23:14:54" level=info msg="Converged to 0.00 % FDR with 35 Proteins" decoy=0 threshold=0.8697 total=35
time="23:15:04" level=info msg="Applying sequential FDR estimation" ions=12 peptides=12 psms=17
time="23:15:04" level=info msg="Converged to 0.00 % FDR with 16 PSMs" decoy=0 threshold=0.858335 total=16
time="23:15:04" level=info msg="Converged to 0.00 % FDR with 11 Peptides" decoy=0 threshold=0.874465 total=11
time="23:15:04" level=info msg="Converged to 0.00 % FDR with 11 Ions" decoy=0 threshold=0.874465 total=11
time="23:15:04" level=info msg="Post processing identifications"
time="23:15:04" level=info msg="Assigning protein identifications to layers"
time="23:15:04" level=info msg="Processing protein inference"
time="23:15:05" level=info msg="Synchronizing PSMs and proteins"
time="23:15:05" level=info msg="Final report numbers after FDR filtering, and post-processing" ions=11 peptides=11 proteins=11 psms=16
time="23:15:05" level=info msg=Saving
time="23:15:07" level=info msg=Done
