time="15:12:02" level=info msg="Executing Filter  v5.1.2"
time="15:12:02" level=info msg="Fetching protein inference from /scratch/negishi/afarzam/deepseq_fragger_2pass/MSV000086944_results_v3/second_pass_completeseq/LysN_CAD/LysN_CAD_2pass_results/GM12878_LysN_HCD"
time="15:12:02" level=info msg="Processing peptide identification files"
time="15:12:02" level=info msg="Parsing /scratch/negishi/afarzam/deepseq_fragger_2pass/MSV000086944_results_v3/second_pass_completeseq/LysN_CAD/LysN_CAD_2pass_results/hESC_LysN_HCD/interact-LysN_hES_9_sub.pep.xml"
time="15:12:02" level=info msg="Parsing /scratch/negishi/afarzam/deepseq_fragger_2pass/MSV000086944_results_v3/second_pass_completeseq/LysN_CAD/LysN_CAD_2pass_results/hESC_LysN_HCD/interact-LysN_hES_7_sub.pep.xml"
time="15:12:02" level=info msg="Parsing /scratch/negishi/afarzam/deepseq_fragger_2pass/MSV000086944_results_v3/second_pass_completeseq/LysN_CAD/LysN_CAD_2pass_results/hESC_LysN_HCD/interact-LysN_hES_15_sub.pep.xml"
time="15:12:02" level=info msg="Parsing /scratch/negishi/afarzam/deepseq_fragger_2pass/MSV000086944_results_v3/second_pass_completeseq/LysN_CAD/LysN_CAD_2pass_results/hESC_LysN_HCD/interact-LysN_hES_5_sub.pep.xml"
time="15:12:02" level=info msg="Parsing /scratch/negishi/afarzam/deepseq_fragger_2pass/MSV000086944_results_v3/second_pass_completeseq/LysN_CAD/LysN_CAD_2pass_results/hESC_LysN_HCD/interact-LysN_hES_1_sub.pep.xml"
time="15:12:02" level=info msg="Parsing /scratch/negishi/afarzam/deepseq_fragger_2pass/MSV000086944_results_v3/second_pass_completeseq/LysN_CAD/LysN_CAD_2pass_results/hESC_LysN_HCD/interact-LysN_hES_28_sub.pep.xml"
time="15:12:02" level=info msg="Parsing /scratch/negishi/afarzam/deepseq_fragger_2pass/MSV000086944_results_v3/second_pass_completeseq/LysN_CAD/LysN_CAD_2pass_results/hESC_LysN_HCD/interact-LysN_hES_20_sub.pep.xml"
time="15:12:02" level=info msg="Parsing /scratch/negishi/afarzam/deepseq_fragger_2pass/MSV000086944_results_v3/second_pass_completeseq/LysN_CAD/LysN_CAD_2pass_results/hESC_LysN_HCD/interact-LysN_hES_25_sub.pep.xml"
time="15:12:02" level=info msg="Parsing /scratch/negishi/afarzam/deepseq_fragger_2pass/MSV000086944_results_v3/second_pass_completeseq/LysN_CAD/LysN_CAD_2pass_results/hESC_LysN_HCD/interact-LysN_hES_2_sub.pep.xml"
time="15:12:02" level=info msg="Parsing /scratch/negishi/afarzam/deepseq_fragger_2pass/MSV000086944_results_v3/second_pass_completeseq/LysN_CAD/LysN_CAD_2pass_results/hESC_LysN_HCD/interact-LysN_hES_27_sub.pep.xml"
time="15:12:02" level=info msg="Parsing /scratch/negishi/afarzam/deepseq_fragger_2pass/MSV000086944_results_v3/second_pass_completeseq/LysN_CAD/LysN_CAD_2pass_results/hESC_LysN_HCD/interact-LysN_hES_26_sub.pep.xml"
time="15:12:02" level=info msg="Parsing /scratch/negishi/afarzam/deepseq_fragger_2pass/MSV000086944_results_v3/second_pass_completeseq/LysN_CAD/LysN_CAD_2pass_results/hESC_LysN_HCD/interact-LysN_hES_30_sub.pep.xml"
time="15:12:02" level=info msg="Parsing /scratch/negishi/afarzam/deepseq_fragger_2pass/MSV000086944_results_v3/second_pass_completeseq/LysN_CAD/LysN_CAD_2pass_results/hESC_LysN_HCD/interact-LysN_hES_13_sub.pep.xml"
time="15:12:02" level=info msg="Parsing /scratch/negishi/afarzam/deepseq_fragger_2pass/MSV000086944_results_v3/second_pass_completeseq/LysN_CAD/LysN_CAD_2pass_results/hESC_LysN_HCD/interact-LysN_hES_11_sub.pep.xml"
time="15:12:02" level=info msg="Parsing /scratch/negishi/afarzam/deepseq_fragger_2pass/MSV000086944_results_v3/second_pass_completeseq/LysN_CAD/LysN_CAD_2pass_results/hESC_LysN_HCD/interact-LysN_hES_4_140705111901_sub.pep.xml"
time="15:12:02" level=info msg="Parsing /scratch/negishi/afarzam/deepseq_fragger_2pass/MSV000086944_results_v3/second_pass_completeseq/LysN_CAD/LysN_CAD_2pass_results/hESC_LysN_HCD/interact-LysN_hES_8_sub.pep.xml"
time="15:12:02" level=info msg="Parsing /scratch/negishi/afarzam/deepseq_fragger_2pass/MSV000086944_results_v3/second_pass_completeseq/LysN_CAD/LysN_CAD_2pass_results/hESC_LysN_HCD/interact-LysN_hES_17_sub.pep.xml"
time="15:12:02" level=info msg="Parsing /scratch/negishi/afarzam/deepseq_fragger_2pass/MSV000086944_results_v3/second_pass_completeseq/LysN_CAD/LysN_CAD_2pass_results/hESC_LysN_HCD/interact-LysN_hES_14_sub.pep.xml"
time="15:12:02" level=info msg="Parsing /scratch/negishi/afarzam/deepseq_fragger_2pass/MSV000086944_results_v3/second_pass_completeseq/LysN_CAD/LysN_CAD_2pass_results/hESC_LysN_HCD/interact-LysN_hES_6_sub.pep.xml"
time="15:12:02" level=warning msg="No PSM was found in data set. /scratch/negishi/afarzam/deepseq_fragger_2pass/MSV000086944_results_v3/second_pass_completeseq/LysN_CAD/LysN_CAD_2pass_results/hESC_LysN_HCD/interact-LysN_hES_28_sub.pep.xml"
time="15:12:02" level=info msg="Parsing /scratch/negishi/afarzam/deepseq_fragger_2pass/MSV000086944_results_v3/second_pass_completeseq/LysN_CAD/LysN_CAD_2pass_results/hESC_LysN_HCD/interact-LysN_hES_19_sub.pep.xml"
time="15:12:02" level=info msg="Parsing /scratch/negishi/afarzam/deepseq_fragger_2pass/MSV000086944_results_v3/second_pass_completeseq/LysN_CAD/LysN_CAD_2pass_results/hESC_LysN_HCD/interact-LysN_hES_16_sub.pep.xml"
time="15:12:02" level=info msg="Parsing /scratch/negishi/afarzam/deepseq_fragger_2pass/MSV000086944_results_v3/second_pass_completeseq/LysN_CAD/LysN_CAD_2pass_results/hESC_LysN_HCD/interact-LysN_hES_29_sub.pep.xml"
time="15:12:02" level=info msg="Parsing /scratch/negishi/afarzam/deepseq_fragger_2pass/MSV000086944_results_v3/second_pass_completeseq/LysN_CAD/LysN_CAD_2pass_results/hESC_LysN_HCD/interact-LysN_hES_24_sub.pep.xml"
time="15:12:02" level=info msg="Parsing /scratch/negishi/afarzam/deepseq_fragger_2pass/MSV000086944_results_v3/second_pass_completeseq/LysN_CAD/LysN_CAD_2pass_results/hESC_LysN_HCD/interact-LysN_hES_3_sub.pep.xml"
time="15:12:02" level=info msg="Parsing /scratch/negishi/afarzam/deepseq_fragger_2pass/MSV000086944_results_v3/second_pass_completeseq/LysN_CAD/LysN_CAD_2pass_results/hESC_LysN_HCD/interact-LysN_hES_18_sub.pep.xml"
time="15:12:02" level=info msg="Parsing /scratch/negishi/afarzam/deepseq_fragger_2pass/MSV000086944_results_v3/second_pass_completeseq/LysN_CAD/LysN_CAD_2pass_results/hESC_LysN_HCD/interact-LysN_hES_22_sub.pep.xml"
time="15:12:02" level=info msg="Parsing /scratch/negishi/afarzam/deepseq_fragger_2pass/MSV000086944_results_v3/second_pass_completeseq/LysN_CAD/LysN_CAD_2pass_results/hESC_LysN_HCD/interact-LysN_hES_23_sub.pep.xml"
time="15:12:02" level=info msg="Parsing /scratch/negishi/afarzam/deepseq_fragger_2pass/MSV000086944_results_v3/second_pass_completeseq/LysN_CAD/LysN_CAD_2pass_results/hESC_LysN_HCD/interact-LysN_hES_21_sub.pep.xml"
time="15:12:02" level=info msg="1+ Charge profile" decoy=0 target=0
time="15:12:02" level=info msg="2+ Charge profile" decoy=18 target=95
time="15:12:02" level=info msg="3+ Charge profile" decoy=30 target=64
time="15:12:02" level=info msg="4+ Charge profile" decoy=5 target=36
time="15:12:02" level=info msg="5+ Charge profile" decoy=5 target=19
time="15:12:02" level=info msg="6+ Charge profile" decoy=3 target=4
time="15:12:02" level=info msg="Database search results" ions=232 peptides=220 psms=279
time="15:12:02" level=info msg="Converged to 0.00 % FDR with 38 PSMs" decoy=0 threshold=0.83663 total=38
time="15:12:02" level=info msg="Converged to 0.00 % FDR with 24 Peptides" decoy=0 threshold=0.83663 total=24
time="15:12:02" level=info msg="Converged to 0.00 % FDR with 28 Ions" decoy=0 threshold=0.83663 total=28
time="15:12:02" level=info msg="Protein inference results" decoy=480 target=893
time="15:12:02" level=info msg="Converged to 0.00 % FDR with 28 Proteins" decoy=0 threshold=0.9698 total=28
time="15:12:02" level=info msg="Applying sequential FDR estimation" ions=12 peptides=8 psms=22
time="15:12:02" level=info msg="Converged to 0.00 % FDR with 21 PSMs" decoy=0 threshold=0.852908 total=21
time="15:12:02" level=info msg="Converged to 0.00 % FDR with 7 Peptides" decoy=0 threshold=0.942509 total=7
time="15:12:02" level=info msg="Converged to 0.00 % FDR with 11 Ions" decoy=0 threshold=0.883881 total=11
time="15:12:02" level=info msg="Post processing identifications"
time="15:12:02" level=info msg="Assigning protein identifications to layers"
time="15:12:03" level=info msg="Processing protein inference"
time="15:12:03" level=info msg="Synchronizing PSMs and proteins"
time="15:12:03" level=info msg="Final report numbers after FDR filtering, and post-processing" ions=11 peptides=7 proteins=7 psms=21
time="15:12:03" level=info msg=Saving
time="15:12:03" level=info msg=Done
