time="14:00:12" level=info msg="Executing Filter  v5.1.2"
time="14:00:12" level=info msg="Fetching protein inference from /scratch/negishi/afarzam/deepseq_fragger_2pass/MSV000086944_results_v3/second_pass_completeseq/Trypsin_CAD_percweights/Trypsin_CAD_2pass_results_01fdr/GM12878"
time="14:00:12" level=info msg="Processing peptide identification files"
time="14:00:12" level=info msg="Parsing /scratch/negishi/afarzam/deepseq_fragger_2pass/MSV000086944_results_v3/second_pass_completeseq/Trypsin_CAD_percweights/Trypsin_CAD_2pass_results_01fdr/K562/interact-20160124_alr_CompleteHumanProteome_K562_trypsin_HCD_fr9_sub.pep.xml"
time="14:00:12" level=info msg="Parsing /scratch/negishi/afarzam/deepseq_fragger_2pass/MSV000086944_results_v3/second_pass_completeseq/Trypsin_CAD_percweights/Trypsin_CAD_2pass_results_01fdr/K562/interact-20160124_alr_CompleteHumanProteome_K562_trypsin_HCD_fr16_sub.pep.xml"
time="14:00:12" level=info msg="Parsing /scratch/negishi/afarzam/deepseq_fragger_2pass/MSV000086944_results_v3/second_pass_completeseq/Trypsin_CAD_percweights/Trypsin_CAD_2pass_results_01fdr/K562/interact-20160124_alr_CompleteHumanProteome_K562_trypsin_HCD_fr28_sub.pep.xml"
time="14:00:12" level=info msg="Parsing /scratch/negishi/afarzam/deepseq_fragger_2pass/MSV000086944_results_v3/second_pass_completeseq/Trypsin_CAD_percweights/Trypsin_CAD_2pass_results_01fdr/K562/interact-20160124_alr_CompleteHumanProteome_K562_trypsin_HCD_fr12_sub.pep.xml"
time="14:00:12" level=info msg="Parsing /scratch/negishi/afarzam/deepseq_fragger_2pass/MSV000086944_results_v3/second_pass_completeseq/Trypsin_CAD_percweights/Trypsin_CAD_2pass_results_01fdr/K562/interact-20160124_alr_CompleteHumanProteome_K562_trypsin_HCD_fr14_sub.pep.xml"
time="14:00:12" level=info msg="Parsing /scratch/negishi/afarzam/deepseq_fragger_2pass/MSV000086944_results_v3/second_pass_completeseq/Trypsin_CAD_percweights/Trypsin_CAD_2pass_results_01fdr/K562/interact-20160124_alr_CompleteHumanProteome_K562_trypsin_HCD_fr13_sub.pep.xml"
time="14:00:12" level=info msg="Parsing /scratch/negishi/afarzam/deepseq_fragger_2pass/MSV000086944_results_v3/second_pass_completeseq/Trypsin_CAD_percweights/Trypsin_CAD_2pass_results_01fdr/K562/interact-20160124_alr_CompleteHumanProteome_K562_trypsin_HCD_fr34_sub.pep.xml"
time="14:00:12" level=info msg="Parsing /scratch/negishi/afarzam/deepseq_fragger_2pass/MSV000086944_results_v3/second_pass_completeseq/Trypsin_CAD_percweights/Trypsin_CAD_2pass_results_01fdr/K562/interact-20160124_alr_CompleteHumanProteome_K562_trypsin_HCD_fr15_sub.pep.xml"
time="14:00:12" level=info msg="Parsing /scratch/negishi/afarzam/deepseq_fragger_2pass/MSV000086944_results_v3/second_pass_completeseq/Trypsin_CAD_percweights/Trypsin_CAD_2pass_results_01fdr/K562/interact-20160124_alr_CompleteHumanProteome_K562_trypsin_HCD_fr30_sub.pep.xml"
time="14:00:12" level=info msg="Parsing /scratch/negishi/afarzam/deepseq_fragger_2pass/MSV000086944_results_v3/second_pass_completeseq/Trypsin_CAD_percweights/Trypsin_CAD_2pass_results_01fdr/K562/interact-20160124_alr_CompleteHumanProteome_K562_trypsin_HCD_fr10_sub.pep.xml"
time="14:00:12" level=info msg="Parsing /scratch/negishi/afarzam/deepseq_fragger_2pass/MSV000086944_results_v3/second_pass_completeseq/Trypsin_CAD_percweights/Trypsin_CAD_2pass_results_01fdr/K562/interact-20160124_alr_CompleteHumanProteome_K562_trypsin_HCD_fr29_sub.pep.xml"
time="14:00:12" level=info msg="Parsing /scratch/negishi/afarzam/deepseq_fragger_2pass/MSV000086944_results_v3/second_pass_completeseq/Trypsin_CAD_percweights/Trypsin_CAD_2pass_results_01fdr/K562/interact-20160124_alr_CompleteHumanProteome_K562_trypsin_HCD_fr17_sub.pep.xml"
time="14:00:12" level=info msg="Parsing /scratch/negishi/afarzam/deepseq_fragger_2pass/MSV000086944_results_v3/second_pass_completeseq/Trypsin_CAD_percweights/Trypsin_CAD_2pass_results_01fdr/K562/interact-20160124_alr_CompleteHumanProteome_K562_trypsin_HCD_fr11_sub.pep.xml"
time="14:00:12" level=info msg="Parsing /scratch/negishi/afarzam/deepseq_fragger_2pass/MSV000086944_results_v3/second_pass_completeseq/Trypsin_CAD_percweights/Trypsin_CAD_2pass_results_01fdr/K562/interact-20160124_alr_CompleteHumanProteome_K562_trypsin_HCD_fr7_sub.pep.xml"
time="14:00:12" level=info msg="Parsing /scratch/negishi/afarzam/deepseq_fragger_2pass/MSV000086944_results_v3/second_pass_completeseq/Trypsin_CAD_percweights/Trypsin_CAD_2pass_results_01fdr/K562/interact-20160124_alr_CompleteHumanProteome_K562_trypsin_HCD_fr26_sub.pep.xml"
time="14:00:12" level=info msg="Parsing /scratch/negishi/afarzam/deepseq_fragger_2pass/MSV000086944_results_v3/second_pass_completeseq/Trypsin_CAD_percweights/Trypsin_CAD_2pass_results_01fdr/K562/interact-20160124_alr_CompleteHumanProteome_K562_trypsin_HCD_fr33_sub.pep.xml"
time="14:00:12" level=info msg="Parsing /scratch/negishi/afarzam/deepseq_fragger_2pass/MSV000086944_results_v3/second_pass_completeseq/Trypsin_CAD_percweights/Trypsin_CAD_2pass_results_01fdr/K562/interact-20160124_alr_CompleteHumanProteome_K562_trypsin_HCD_fr22_sub.pep.xml"
time="14:00:12" level=info msg="Parsing /scratch/negishi/afarzam/deepseq_fragger_2pass/MSV000086944_results_v3/second_pass_completeseq/Trypsin_CAD_percweights/Trypsin_CAD_2pass_results_01fdr/K562/interact-20160124_alr_CompleteHumanProteome_K562_trypsin_HCD_fr20_sub.pep.xml"
time="14:00:12" level=info msg="Parsing /scratch/negishi/afarzam/deepseq_fragger_2pass/MSV000086944_results_v3/second_pass_completeseq/Trypsin_CAD_percweights/Trypsin_CAD_2pass_results_01fdr/K562/interact-20160124_alr_CompleteHumanProteome_K562_trypsin_HCD_fr18_sub.pep.xml"
time="14:00:12" level=info msg="Parsing /scratch/negishi/afarzam/deepseq_fragger_2pass/MSV000086944_results_v3/second_pass_completeseq/Trypsin_CAD_percweights/Trypsin_CAD_2pass_results_01fdr/K562/interact-20160124_alr_CompleteHumanProteome_K562_trypsin_HCD_fr1_sub.pep.xml"
time="14:00:12" level=info msg="Parsing /scratch/negishi/afarzam/deepseq_fragger_2pass/MSV000086944_results_v3/second_pass_completeseq/Trypsin_CAD_percweights/Trypsin_CAD_2pass_results_01fdr/K562/interact-20160124_alr_CompleteHumanProteome_K562_trypsin_HCD_fr21_sub.pep.xml"
time="14:00:12" level=info msg="Parsing /scratch/negishi/afarzam/deepseq_fragger_2pass/MSV000086944_results_v3/second_pass_completeseq/Trypsin_CAD_percweights/Trypsin_CAD_2pass_results_01fdr/K562/interact-20160124_alr_CompleteHumanProteome_K562_trypsin_HCD_fr5_sub.pep.xml"
time="14:00:12" level=info msg="Parsing /scratch/negishi/afarzam/deepseq_fragger_2pass/MSV000086944_results_v3/second_pass_completeseq/Trypsin_CAD_percweights/Trypsin_CAD_2pass_results_01fdr/K562/interact-20160124_alr_CompleteHumanProteome_K562_trypsin_HCD_fr24_sub.pep.xml"
time="14:00:12" level=info msg="Parsing /scratch/negishi/afarzam/deepseq_fragger_2pass/MSV000086944_results_v3/second_pass_completeseq/Trypsin_CAD_percweights/Trypsin_CAD_2pass_results_01fdr/K562/interact-20160124_alr_CompleteHumanProteome_K562_trypsin_HCD_fr19_sub.pep.xml"
time="14:00:12" level=info msg="Parsing /scratch/negishi/afarzam/deepseq_fragger_2pass/MSV000086944_results_v3/second_pass_completeseq/Trypsin_CAD_percweights/Trypsin_CAD_2pass_results_01fdr/K562/interact-20160124_alr_CompleteHumanProteome_K562_trypsin_HCD_fr8_sub.pep.xml"
time="14:00:12" level=info msg="Parsing /scratch/negishi/afarzam/deepseq_fragger_2pass/MSV000086944_results_v3/second_pass_completeseq/Trypsin_CAD_percweights/Trypsin_CAD_2pass_results_01fdr/K562/interact-20160124_alr_CompleteHumanProteome_K562_trypsin_HCD_fr31_sub.pep.xml"
time="14:00:12" level=info msg="Parsing /scratch/negishi/afarzam/deepseq_fragger_2pass/MSV000086944_results_v3/second_pass_completeseq/Trypsin_CAD_percweights/Trypsin_CAD_2pass_results_01fdr/K562/interact-20160124_alr_CompleteHumanProteome_K562_trypsin_HCD_fr4_sub.pep.xml"
time="14:00:12" level=info msg="Parsing /scratch/negishi/afarzam/deepseq_fragger_2pass/MSV000086944_results_v3/second_pass_completeseq/Trypsin_CAD_percweights/Trypsin_CAD_2pass_results_01fdr/K562/interact-20160124_alr_CompleteHumanProteome_K562_trypsin_HCD_fr35_sub.pep.xml"
time="14:00:12" level=info msg="Parsing /scratch/negishi/afarzam/deepseq_fragger_2pass/MSV000086944_results_v3/second_pass_completeseq/Trypsin_CAD_percweights/Trypsin_CAD_2pass_results_01fdr/K562/interact-20160124_alr_CompleteHumanProteome_K562_trypsin_HCD_fr32_sub.pep.xml"
time="14:00:12" level=info msg="Parsing /scratch/negishi/afarzam/deepseq_fragger_2pass/MSV000086944_results_v3/second_pass_completeseq/Trypsin_CAD_percweights/Trypsin_CAD_2pass_results_01fdr/K562/interact-20160124_alr_CompleteHumanProteome_K562_trypsin_HCD_fr25_sub.pep.xml"
time="14:00:12" level=info msg="Parsing /scratch/negishi/afarzam/deepseq_fragger_2pass/MSV000086944_results_v3/second_pass_completeseq/Trypsin_CAD_percweights/Trypsin_CAD_2pass_results_01fdr/K562/interact-20160124_alr_CompleteHumanProteome_K562_trypsin_HCD_fr23_sub.pep.xml"
time="14:00:12" level=info msg="Parsing /scratch/negishi/afarzam/deepseq_fragger_2pass/MSV000086944_results_v3/second_pass_completeseq/Trypsin_CAD_percweights/Trypsin_CAD_2pass_results_01fdr/K562/interact-20160124_alr_CompleteHumanProteome_K562_trypsin_HCD_fr3_sub.pep.xml"
time="14:00:12" level=info msg="Parsing /scratch/negishi/afarzam/deepseq_fragger_2pass/MSV000086944_results_v3/second_pass_completeseq/Trypsin_CAD_percweights/Trypsin_CAD_2pass_results_01fdr/K562/interact-20160124_alr_CompleteHumanProteome_K562_trypsin_HCD_fr27_sub.pep.xml"
time="14:00:12" level=info msg="Parsing /scratch/negishi/afarzam/deepseq_fragger_2pass/MSV000086944_results_v3/second_pass_completeseq/Trypsin_CAD_percweights/Trypsin_CAD_2pass_results_01fdr/K562/interact-20160124_alr_CompleteHumanProteome_K562_trypsin_HCD_fr2_sub.pep.xml"
time="14:00:14" level=info msg="1+ Charge profile" decoy=0 target=0
time="14:00:14" level=info msg="2+ Charge profile" decoy=214 target=829
time="14:00:14" level=info msg="3+ Charge profile" decoy=86 target=477
time="14:00:14" level=info msg="4+ Charge profile" decoy=10 target=63
time="14:00:14" level=info msg="5+ Charge profile" decoy=3 target=8
time="14:00:14" level=info msg="6+ Charge profile" decoy=2 target=1
time="14:00:14" level=info msg="Database search results" ions=1350 peptides=1286 psms=1704
time="14:00:14" level=info msg="Converged to 0.75 % FDR with 134 PSMs" decoy=1 threshold=0.961204 total=135
time="14:00:14" level=info msg="Converged to 0.00 % FDR with 69 Peptides" decoy=0 threshold=0.962791 total=69
time="14:00:14" level=info msg="Converged to 0.00 % FDR with 78 Ions" decoy=0 threshold=0.962791 total=78
time="14:00:14" level=info msg="Protein inference results" decoy=2289 target=3300
time="14:00:14" level=info msg="Converged to 0.54 % FDR with 184 Proteins" decoy=2 threshold=0.9812 total=186
time="14:00:14" level=info msg="Applying sequential FDR estimation" ions=73 peptides=63 psms=123
time="14:00:14" level=info msg="Converged to 0.00 % FDR with 122 PSMs" decoy=0 threshold=0.961635 total=122
time="14:00:14" level=info msg="Converged to 0.00 % FDR with 62 Peptides" decoy=0 threshold=0.961635 total=62
time="14:00:14" level=info msg="Converged to 0.00 % FDR with 72 Ions" decoy=0 threshold=0.961635 total=72
time="14:00:14" level=info msg="Post processing identifications"
time="14:00:14" level=info msg="Assigning protein identifications to layers"
time="14:00:15" level=info msg="Processing protein inference"
time="14:00:15" level=info msg="Synchronizing PSMs and proteins"
time="14:00:15" level=info msg="Final report numbers after FDR filtering, and post-processing" ions=72 peptides=62 proteins=50 psms=122
time="14:00:15" level=info msg=Saving
time="14:00:15" level=info msg=Done
