time="23:15:11" level=info msg="Executing Filter  v5.1.2"
time="23:15:11" level=info msg="Fetching protein inference from /scratch/negishi/afarzam/deepseq_fragger_2pass/MSV000086944_results_v3/second_pass_completeseq/AspN_ETD/AspN_ETD_2pass_results/GM12878_AspN_ETD"
time="23:15:12" level=info msg="Processing peptide identification files"
time="23:15:12" level=info msg="Parsing /scratch/negishi/afarzam/deepseq_fragger_2pass/MSV000086944_results_v3/second_pass_completeseq/AspN_ETD/AspN_ETD_2pass_results/hESC_AspN_ETD/interact-ETD_hES_AspN_9_140724160635_sub.pep.xml"
time="23:15:12" level=info msg="Parsing /scratch/negishi/afarzam/deepseq_fragger_2pass/MSV000086944_results_v3/second_pass_completeseq/AspN_ETD/AspN_ETD_2pass_results/hESC_AspN_ETD/interact-ETD_hES_AspN1_140723223806_sub.pep.xml"
time="23:15:12" level=info msg="Parsing /scratch/negishi/afarzam/deepseq_fragger_2pass/MSV000086944_results_v3/second_pass_completeseq/AspN_ETD/AspN_ETD_2pass_results/hESC_AspN_ETD/interact-ETD_hES_AspN_14_sub.pep.xml"
time="23:15:12" level=info msg="Parsing /scratch/negishi/afarzam/deepseq_fragger_2pass/MSV000086944_results_v3/second_pass_completeseq/AspN_ETD/AspN_ETD_2pass_results/hESC_AspN_ETD/interact-ETD_hES_AspN_13_sub.pep.xml"
time="23:15:12" level=info msg="Parsing /scratch/negishi/afarzam/deepseq_fragger_2pass/MSV000086944_results_v3/second_pass_completeseq/AspN_ETD/AspN_ETD_2pass_results/hESC_AspN_ETD/interact-ETD_hES_AspN_16_sub.pep.xml"
time="23:15:12" level=info msg="Parsing /scratch/negishi/afarzam/deepseq_fragger_2pass/MSV000086944_results_v3/second_pass_completeseq/AspN_ETD/AspN_ETD_2pass_results/hESC_AspN_ETD/interact-ETD_hES_AspN6_140724082028_sub.pep.xml"
time="23:15:12" level=info msg="Parsing /scratch/negishi/afarzam/deepseq_fragger_2pass/MSV000086944_results_v3/second_pass_completeseq/AspN_ETD/AspN_ETD_2pass_results/hESC_AspN_ETD/interact-ETD_hES_AspN_10_sub.pep.xml"
time="23:15:12" level=info msg="Parsing /scratch/negishi/afarzam/deepseq_fragger_2pass/MSV000086944_results_v3/second_pass_completeseq/AspN_ETD/AspN_ETD_2pass_results/hESC_AspN_ETD/interact-ETD_hES_AspN_11_sub.pep.xml"
time="23:15:12" level=info msg="Parsing /scratch/negishi/afarzam/deepseq_fragger_2pass/MSV000086944_results_v3/second_pass_completeseq/AspN_ETD/AspN_ETD_2pass_results/hESC_AspN_ETD/interact-ETD_hES_AspN2_140724003432_sub.pep.xml"
time="23:15:12" level=info msg="Parsing /scratch/negishi/afarzam/deepseq_fragger_2pass/MSV000086944_results_v3/second_pass_completeseq/AspN_ETD/AspN_ETD_2pass_results/hESC_AspN_ETD/interact-ETD_hES_AspN_12_sub.pep.xml"
time="23:15:12" level=info msg="Parsing /scratch/negishi/afarzam/deepseq_fragger_2pass/MSV000086944_results_v3/second_pass_completeseq/AspN_ETD/AspN_ETD_2pass_results/hESC_AspN_ETD/interact-ETD_hES_AspN_15_sub.pep.xml"
time="23:15:12" level=info msg="Parsing /scratch/negishi/afarzam/deepseq_fragger_2pass/MSV000086944_results_v3/second_pass_completeseq/AspN_ETD/AspN_ETD_2pass_results/hESC_AspN_ETD/interact-ETD_hES_AspN7_140724101659_sub.pep.xml"
time="23:15:12" level=info msg="Parsing /scratch/negishi/afarzam/deepseq_fragger_2pass/MSV000086944_results_v3/second_pass_completeseq/AspN_ETD/AspN_ETD_2pass_results/hESC_AspN_ETD/interact-ETD_hES_AspN8_140724121332_sub.pep.xml"
time="23:15:12" level=info msg="Parsing /scratch/negishi/afarzam/deepseq_fragger_2pass/MSV000086944_results_v3/second_pass_completeseq/AspN_ETD/AspN_ETD_2pass_results/hESC_AspN_ETD/interact-ETD_hES_AspN_20_sub.pep.xml"
time="23:15:12" level=info msg="Parsing /scratch/negishi/afarzam/deepseq_fragger_2pass/MSV000086944_results_v3/second_pass_completeseq/AspN_ETD/AspN_ETD_2pass_results/hESC_AspN_ETD/interact-ETD_hES_AspN4_140724042730_sub.pep.xml"
time="23:15:12" level=info msg="Parsing /scratch/negishi/afarzam/deepseq_fragger_2pass/MSV000086944_results_v3/second_pass_completeseq/AspN_ETD/AspN_ETD_2pass_results/hESC_AspN_ETD/interact-ETD_hES_AspN_18_sub.pep.xml"
time="23:15:12" level=info msg="Parsing /scratch/negishi/afarzam/deepseq_fragger_2pass/MSV000086944_results_v3/second_pass_completeseq/AspN_ETD/AspN_ETD_2pass_results/hESC_AspN_ETD/interact-ETD_hES_AspN5_140724062403_sub.pep.xml"
time="23:15:12" level=info msg="Parsing /scratch/negishi/afarzam/deepseq_fragger_2pass/MSV000086944_results_v3/second_pass_completeseq/AspN_ETD/AspN_ETD_2pass_results/hESC_AspN_ETD/interact-ETD_hES_AspN_17_sub.pep.xml"
time="23:15:12" level=info msg="Parsing /scratch/negishi/afarzam/deepseq_fragger_2pass/MSV000086944_results_v3/second_pass_completeseq/AspN_ETD/AspN_ETD_2pass_results/hESC_AspN_ETD/interact-ETD_hES_AspN3_140724023057_sub.pep.xml"
time="23:15:12" level=warning msg="No PSM was found in data set. /scratch/negishi/afarzam/deepseq_fragger_2pass/MSV000086944_results_v3/second_pass_completeseq/AspN_ETD/AspN_ETD_2pass_results/hESC_AspN_ETD/interact-ETD_hES_AspN_13_sub.pep.xml"
time="23:15:12" level=info msg="Parsing /scratch/negishi/afarzam/deepseq_fragger_2pass/MSV000086944_results_v3/second_pass_completeseq/AspN_ETD/AspN_ETD_2pass_results/hESC_AspN_ETD/interact-ETD_hES_AspN_22_sub.pep.xml"
time="23:15:12" level=info msg="Parsing /scratch/negishi/afarzam/deepseq_fragger_2pass/MSV000086944_results_v3/second_pass_completeseq/AspN_ETD/AspN_ETD_2pass_results/hESC_AspN_ETD/interact-ETD_hES_AspN_24_sub.pep.xml"
time="23:15:12" level=warning msg="No PSM was found in data set. /scratch/negishi/afarzam/deepseq_fragger_2pass/MSV000086944_results_v3/second_pass_completeseq/AspN_ETD/AspN_ETD_2pass_results/hESC_AspN_ETD/interact-ETD_hES_AspN6_140724082028_sub.pep.xml"
time="23:15:12" level=info msg="Parsing /scratch/negishi/afarzam/deepseq_fragger_2pass/MSV000086944_results_v3/second_pass_completeseq/AspN_ETD/AspN_ETD_2pass_results/hESC_AspN_ETD/interact-ETD_hES_AspN_23_sub.pep.xml"
time="23:15:12" level=info msg="Parsing /scratch/negishi/afarzam/deepseq_fragger_2pass/MSV000086944_results_v3/second_pass_completeseq/AspN_ETD/AspN_ETD_2pass_results/hESC_AspN_ETD/interact-ETD_hES_AspN_21_sub.pep.xml"
time="23:15:12" level=warning msg="No PSM was found in data set. /scratch/negishi/afarzam/deepseq_fragger_2pass/MSV000086944_results_v3/second_pass_completeseq/AspN_ETD/AspN_ETD_2pass_results/hESC_AspN_ETD/interact-ETD_hES_AspN_22_sub.pep.xml"
time="23:15:12" level=warning msg="No PSM was found in data set. /scratch/negishi/afarzam/deepseq_fragger_2pass/MSV000086944_results_v3/second_pass_completeseq/AspN_ETD/AspN_ETD_2pass_results/hESC_AspN_ETD/interact-ETD_hES_AspN_24_sub.pep.xml"
time="23:15:12" level=info msg="Parsing /scratch/negishi/afarzam/deepseq_fragger_2pass/MSV000086944_results_v3/second_pass_completeseq/AspN_ETD/AspN_ETD_2pass_results/hESC_AspN_ETD/interact-ETD_hES_AspN_19_sub.pep.xml"
time="23:15:12" level=warning msg="No PSM was found in data set. /scratch/negishi/afarzam/deepseq_fragger_2pass/MSV000086944_results_v3/second_pass_completeseq/AspN_ETD/AspN_ETD_2pass_results/hESC_AspN_ETD/interact-ETD_hES_AspN_23_sub.pep.xml"
time="23:15:12" level=info msg="1+ Charge profile" decoy=0 target=0
time="23:15:12" level=info msg="2+ Charge profile" decoy=23 target=99
time="23:15:12" level=info msg="3+ Charge profile" decoy=16 target=37
time="23:15:12" level=info msg="4+ Charge profile" decoy=9 target=28
time="23:15:12" level=info msg="5+ Charge profile" decoy=4 target=12
time="23:15:12" level=info msg="6+ Charge profile" decoy=4 target=12
time="23:15:12" level=info msg="Database search results" ions=230 peptides=229 psms=244
time="23:15:12" level=info msg="Converged to 0.00 % FDR with 14 PSMs" decoy=0 threshold=0.855084 total=14
time="23:15:12" level=info msg="Converged to 0.00 % FDR with 14 Peptides" decoy=0 threshold=0.855084 total=14
time="23:15:12" level=info msg="Converged to 0.00 % FDR with 14 Ions" decoy=0 threshold=0.855084 total=14
time="23:15:12" level=info msg="Protein inference results" decoy=353 target=637
time="23:15:12" level=info msg="Converged to 0.00 % FDR with 35 Proteins" decoy=0 threshold=0.8697 total=35
time="23:15:12" level=info msg="Applying sequential FDR estimation" ions=12 peptides=12 psms=12
time="23:15:12" level=info msg="Converged to 0.00 % FDR with 11 PSMs" decoy=0 threshold=0.870575 total=11
time="23:15:12" level=info msg="Converged to 0.00 % FDR with 11 Peptides" decoy=0 threshold=0.870575 total=11
time="23:15:12" level=info msg="Converged to 0.00 % FDR with 11 Ions" decoy=0 threshold=0.870575 total=11
time="23:15:12" level=info msg="Post processing identifications"
time="23:15:12" level=info msg="Assigning protein identifications to layers"
time="23:15:13" level=info msg="Processing protein inference"
time="23:15:13" level=info msg="Synchronizing PSMs and proteins"
time="23:15:13" level=info msg="Final report numbers after FDR filtering, and post-processing" ions=11 peptides=11 proteins=11 psms=11
time="23:15:13" level=info msg=Saving
time="23:15:16" level=info msg=Done
