time="23:14:31" level=info msg="Executing Filter  v5.1.2"
time="23:14:31" level=info msg="Fetching protein inference from /scratch/negishi/afarzam/deepseq_fragger_2pass/MSV000086944_results_v3/second_pass_completeseq/AspN_ETD/AspN_ETD_2pass_results/GM12878_AspN_ETD"
time="23:14:36" level=info msg="Processing peptide identification files"
time="23:14:36" level=info msg="Parsing /scratch/negishi/afarzam/deepseq_fragger_2pass/MSV000086944_results_v3/second_pass_completeseq/AspN_ETD/AspN_ETD_2pass_results/HUVEC_AspN_ETD/interact-20151228_alr_CompleteHumanProteome_HUVEC_ETD_AspN_9_sub.pep.xml"
time="23:14:36" level=info msg="Parsing /scratch/negishi/afarzam/deepseq_fragger_2pass/MSV000086944_results_v3/second_pass_completeseq/AspN_ETD/AspN_ETD_2pass_results/HUVEC_AspN_ETD/interact-20151228_alr_CompleteHumanProteome_HUVEC_ETD_AspN_20_sub.pep.xml"
time="23:14:36" level=info msg="Parsing /scratch/negishi/afarzam/deepseq_fragger_2pass/MSV000086944_results_v3/second_pass_completeseq/AspN_ETD/AspN_ETD_2pass_results/HUVEC_AspN_ETD/interact-20151228_alr_CompleteHumanProteome_HUVEC_ETD_AspN_10_sub.pep.xml"
time="23:14:36" level=info msg="Parsing /scratch/negishi/afarzam/deepseq_fragger_2pass/MSV000086944_results_v3/second_pass_completeseq/AspN_ETD/AspN_ETD_2pass_results/HUVEC_AspN_ETD/interact-20151228_alr_CompleteHumanProteome_HUVEC_ETD_AspN_11_sub.pep.xml"
time="23:14:36" level=info msg="Parsing /scratch/negishi/afarzam/deepseq_fragger_2pass/MSV000086944_results_v3/second_pass_completeseq/AspN_ETD/AspN_ETD_2pass_results/HUVEC_AspN_ETD/interact-20151228_alr_CompleteHumanProteome_HUVEC_ETD_AspN_32_sub.pep.xml"
time="23:14:36" level=info msg="Parsing /scratch/negishi/afarzam/deepseq_fragger_2pass/MSV000086944_results_v3/second_pass_completeseq/AspN_ETD/AspN_ETD_2pass_results/HUVEC_AspN_ETD/interact-20151228_alr_CompleteHumanProteome_HUVEC_ETD_AspN_21_sub.pep.xml"
time="23:14:36" level=info msg="Parsing /scratch/negishi/afarzam/deepseq_fragger_2pass/MSV000086944_results_v3/second_pass_completeseq/AspN_ETD/AspN_ETD_2pass_results/HUVEC_AspN_ETD/interact-20151228_alr_CompleteHumanProteome_HUVEC_ETD_AspN_26_sub.pep.xml"
time="23:14:36" level=info msg="Parsing /scratch/negishi/afarzam/deepseq_fragger_2pass/MSV000086944_results_v3/second_pass_completeseq/AspN_ETD/AspN_ETD_2pass_results/HUVEC_AspN_ETD/interact-20151228_alr_CompleteHumanProteome_HUVEC_ETD_AspN_34_sub.pep.xml"
time="23:14:36" level=info msg="Parsing /scratch/negishi/afarzam/deepseq_fragger_2pass/MSV000086944_results_v3/second_pass_completeseq/AspN_ETD/AspN_ETD_2pass_results/HUVEC_AspN_ETD/interact-20151228_alr_CompleteHumanProteome_HUVEC_ETD_AspN_14_sub.pep.xml"
time="23:14:36" level=warning msg="No PSM was found in data set. /scratch/negishi/afarzam/deepseq_fragger_2pass/MSV000086944_results_v3/second_pass_completeseq/AspN_ETD/AspN_ETD_2pass_results/HUVEC_AspN_ETD/interact-20151228_alr_CompleteHumanProteome_HUVEC_ETD_AspN_9_sub.pep.xml"
time="23:14:36" level=info msg="Parsing /scratch/negishi/afarzam/deepseq_fragger_2pass/MSV000086944_results_v3/second_pass_completeseq/AspN_ETD/AspN_ETD_2pass_results/HUVEC_AspN_ETD/interact-20151228_alr_CompleteHumanProteome_HUVEC_ETD_AspN_15_sub.pep.xml"
time="23:14:36" level=warning msg="No PSM was found in data set. /scratch/negishi/afarzam/deepseq_fragger_2pass/MSV000086944_results_v3/second_pass_completeseq/AspN_ETD/AspN_ETD_2pass_results/HUVEC_AspN_ETD/interact-20151228_alr_CompleteHumanProteome_HUVEC_ETD_AspN_10_sub.pep.xml"
time="23:14:36" level=info msg="Parsing /scratch/negishi/afarzam/deepseq_fragger_2pass/MSV000086944_results_v3/second_pass_completeseq/AspN_ETD/AspN_ETD_2pass_results/HUVEC_AspN_ETD/interact-20151228_alr_CompleteHumanProteome_HUVEC_ETD_AspN_8_sub.pep.xml"
time="23:14:36" level=info msg="Parsing /scratch/negishi/afarzam/deepseq_fragger_2pass/MSV000086944_results_v3/second_pass_completeseq/AspN_ETD/AspN_ETD_2pass_results/HUVEC_AspN_ETD/interact-20151228_alr_CompleteHumanProteome_HUVEC_ETD_AspN_7_sub.pep.xml"
time="23:14:36" level=info msg="Parsing /scratch/negishi/afarzam/deepseq_fragger_2pass/MSV000086944_results_v3/second_pass_completeseq/AspN_ETD/AspN_ETD_2pass_results/HUVEC_AspN_ETD/interact-20151228_alr_CompleteHumanProteome_HUVEC_ETD_AspN_16_sub.pep.xml"
time="23:14:36" level=info msg="Parsing /scratch/negishi/afarzam/deepseq_fragger_2pass/MSV000086944_results_v3/second_pass_completeseq/AspN_ETD/AspN_ETD_2pass_results/HUVEC_AspN_ETD/interact-20151228_alr_CompleteHumanProteome_HUVEC_ETD_AspN_18_sub.pep.xml"
time="23:14:36" level=warning msg="No PSM was found in data set. /scratch/negishi/afarzam/deepseq_fragger_2pass/MSV000086944_results_v3/second_pass_completeseq/AspN_ETD/AspN_ETD_2pass_results/HUVEC_AspN_ETD/interact-20151228_alr_CompleteHumanProteome_HUVEC_ETD_AspN_32_sub.pep.xml"
time="23:14:36" level=info msg="Parsing /scratch/negishi/afarzam/deepseq_fragger_2pass/MSV000086944_results_v3/second_pass_completeseq/AspN_ETD/AspN_ETD_2pass_results/HUVEC_AspN_ETD/interact-20151228_alr_CompleteHumanProteome_HUVEC_ETD_AspN_25_sub.pep.xml"
time="23:14:36" level=warning msg="No PSM was found in data set. /scratch/negishi/afarzam/deepseq_fragger_2pass/MSV000086944_results_v3/second_pass_completeseq/AspN_ETD/AspN_ETD_2pass_results/HUVEC_AspN_ETD/interact-20151228_alr_CompleteHumanProteome_HUVEC_ETD_AspN_11_sub.pep.xml"
time="23:14:36" level=info msg="Parsing /scratch/negishi/afarzam/deepseq_fragger_2pass/MSV000086944_results_v3/second_pass_completeseq/AspN_ETD/AspN_ETD_2pass_results/HUVEC_AspN_ETD/interact-20151228_alr_CompleteHumanProteome_HUVEC_ETD_AspN_17_sub.pep.xml"
time="23:14:36" level=warning msg="No PSM was found in data set. /scratch/negishi/afarzam/deepseq_fragger_2pass/MSV000086944_results_v3/second_pass_completeseq/AspN_ETD/AspN_ETD_2pass_results/HUVEC_AspN_ETD/interact-20151228_alr_CompleteHumanProteome_HUVEC_ETD_AspN_26_sub.pep.xml"
time="23:14:36" level=info msg="Parsing /scratch/negishi/afarzam/deepseq_fragger_2pass/MSV000086944_results_v3/second_pass_completeseq/AspN_ETD/AspN_ETD_2pass_results/HUVEC_AspN_ETD/interact-20151228_alr_CompleteHumanProteome_HUVEC_ETD_AspN_1_sub.pep.xml"
time="23:14:36" level=info msg="Parsing /scratch/negishi/afarzam/deepseq_fragger_2pass/MSV000086944_results_v3/second_pass_completeseq/AspN_ETD/AspN_ETD_2pass_results/HUVEC_AspN_ETD/interact-20151228_alr_CompleteHumanProteome_HUVEC_ETD_AspN_19_sub.pep.xml"
time="23:14:36" level=info msg="Parsing /scratch/negishi/afarzam/deepseq_fragger_2pass/MSV000086944_results_v3/second_pass_completeseq/AspN_ETD/AspN_ETD_2pass_results/HUVEC_AspN_ETD/interact-20151228_alr_CompleteHumanProteome_HUVEC_ETD_AspN_13_sub.pep.xml"
time="23:14:36" level=info msg="Parsing /scratch/negishi/afarzam/deepseq_fragger_2pass/MSV000086944_results_v3/second_pass_completeseq/AspN_ETD/AspN_ETD_2pass_results/HUVEC_AspN_ETD/interact-20151228_alr_CompleteHumanProteome_HUVEC_ETD_AspN_22_sub.pep.xml"
time="23:14:36" level=info msg="Parsing /scratch/negishi/afarzam/deepseq_fragger_2pass/MSV000086944_results_v3/second_pass_completeseq/AspN_ETD/AspN_ETD_2pass_results/HUVEC_AspN_ETD/interact-20151228_alr_CompleteHumanProteome_HUVEC_ETD_AspN_30_sub.pep.xml"
time="23:14:36" level=warning msg="No PSM was found in data set. /scratch/negishi/afarzam/deepseq_fragger_2pass/MSV000086944_results_v3/second_pass_completeseq/AspN_ETD/AspN_ETD_2pass_results/HUVEC_AspN_ETD/interact-20151228_alr_CompleteHumanProteome_HUVEC_ETD_AspN_34_sub.pep.xml"
time="23:14:36" level=info msg="Parsing /scratch/negishi/afarzam/deepseq_fragger_2pass/MSV000086944_results_v3/second_pass_completeseq/AspN_ETD/AspN_ETD_2pass_results/HUVEC_AspN_ETD/interact-20151228_alr_CompleteHumanProteome_HUVEC_ETD_AspN_4_sub.pep.xml"
time="23:14:36" level=info msg="Parsing /scratch/negishi/afarzam/deepseq_fragger_2pass/MSV000086944_results_v3/second_pass_completeseq/AspN_ETD/AspN_ETD_2pass_results/HUVEC_AspN_ETD/interact-20151228_alr_CompleteHumanProteome_HUVEC_ETD_AspN_35_sub.pep.xml"
time="23:14:36" level=info msg="Parsing /scratch/negishi/afarzam/deepseq_fragger_2pass/MSV000086944_results_v3/second_pass_completeseq/AspN_ETD/AspN_ETD_2pass_results/HUVEC_AspN_ETD/interact-20151228_alr_CompleteHumanProteome_HUVEC_ETD_AspN_27_sub.pep.xml"
time="23:14:36" level=info msg="Parsing /scratch/negishi/afarzam/deepseq_fragger_2pass/MSV000086944_results_v3/second_pass_completeseq/AspN_ETD/AspN_ETD_2pass_results/HUVEC_AspN_ETD/interact-20151228_alr_CompleteHumanProteome_HUVEC_ETD_AspN_29_sub.pep.xml"
time="23:14:36" level=info msg="Parsing /scratch/negishi/afarzam/deepseq_fragger_2pass/MSV000086944_results_v3/second_pass_completeseq/AspN_ETD/AspN_ETD_2pass_results/HUVEC_AspN_ETD/interact-20151228_alr_CompleteHumanProteome_HUVEC_ETD_AspN_31_sub.pep.xml"
time="23:14:36" level=info msg="Parsing /scratch/negishi/afarzam/deepseq_fragger_2pass/MSV000086944_results_v3/second_pass_completeseq/AspN_ETD/AspN_ETD_2pass_results/HUVEC_AspN_ETD/interact-20151228_alr_CompleteHumanProteome_HUVEC_ETD_AspN_24_sub.pep.xml"
time="23:14:36" level=info msg="Parsing /scratch/negishi/afarzam/deepseq_fragger_2pass/MSV000086944_results_v3/second_pass_completeseq/AspN_ETD/AspN_ETD_2pass_results/HUVEC_AspN_ETD/interact-20151228_alr_CompleteHumanProteome_HUVEC_ETD_AspN_33_sub.pep.xml"
time="23:14:36" level=info msg="Parsing /scratch/negishi/afarzam/deepseq_fragger_2pass/MSV000086944_results_v3/second_pass_completeseq/AspN_ETD/AspN_ETD_2pass_results/HUVEC_AspN_ETD/interact-20151228_alr_CompleteHumanProteome_HUVEC_ETD_AspN_2_sub.pep.xml"
time="23:14:36" level=info msg="Parsing /scratch/negishi/afarzam/deepseq_fragger_2pass/MSV000086944_results_v3/second_pass_completeseq/AspN_ETD/AspN_ETD_2pass_results/HUVEC_AspN_ETD/interact-20151228_alr_CompleteHumanProteome_HUVEC_ETD_AspN_5_sub.pep.xml"
time="23:14:36" level=info msg="Parsing /scratch/negishi/afarzam/deepseq_fragger_2pass/MSV000086944_results_v3/second_pass_completeseq/AspN_ETD/AspN_ETD_2pass_results/HUVEC_AspN_ETD/interact-20151228_alr_CompleteHumanProteome_HUVEC_ETD_AspN_28_sub.pep.xml"
time="23:14:36" level=info msg="Parsing /scratch/negishi/afarzam/deepseq_fragger_2pass/MSV000086944_results_v3/second_pass_completeseq/AspN_ETD/AspN_ETD_2pass_results/HUVEC_AspN_ETD/interact-20151228_alr_CompleteHumanProteome_HUVEC_ETD_AspN_6_sub.pep.xml"
time="23:14:36" level=info msg="Parsing /scratch/negishi/afarzam/deepseq_fragger_2pass/MSV000086944_results_v3/second_pass_completeseq/AspN_ETD/AspN_ETD_2pass_results/HUVEC_AspN_ETD/interact-20151228_alr_CompleteHumanProteome_HUVEC_ETD_AspN_3_sub.pep.xml"
time="23:14:36" level=info msg="Parsing /scratch/negishi/afarzam/deepseq_fragger_2pass/MSV000086944_results_v3/second_pass_completeseq/AspN_ETD/AspN_ETD_2pass_results/HUVEC_AspN_ETD/interact-20151228_alr_CompleteHumanProteome_HUVEC_ETD_AspN_12_sub.pep.xml"
time="23:14:36" level=info msg="Parsing /scratch/negishi/afarzam/deepseq_fragger_2pass/MSV000086944_results_v3/second_pass_completeseq/AspN_ETD/AspN_ETD_2pass_results/HUVEC_AspN_ETD/interact-20151228_alr_CompleteHumanProteome_HUVEC_ETD_AspN_23_sub.pep.xml"
time="23:14:36" level=warning msg="No PSM was found in data set. /scratch/negishi/afarzam/deepseq_fragger_2pass/MSV000086944_results_v3/second_pass_completeseq/AspN_ETD/AspN_ETD_2pass_results/HUVEC_AspN_ETD/interact-20151228_alr_CompleteHumanProteome_HUVEC_ETD_AspN_17_sub.pep.xml"
time="23:14:36" level=warning msg="No PSM was found in data set. /scratch/negishi/afarzam/deepseq_fragger_2pass/MSV000086944_results_v3/second_pass_completeseq/AspN_ETD/AspN_ETD_2pass_results/HUVEC_AspN_ETD/interact-20151228_alr_CompleteHumanProteome_HUVEC_ETD_AspN_25_sub.pep.xml"
time="23:14:36" level=warning msg="No PSM was found in data set. /scratch/negishi/afarzam/deepseq_fragger_2pass/MSV000086944_results_v3/second_pass_completeseq/AspN_ETD/AspN_ETD_2pass_results/HUVEC_AspN_ETD/interact-20151228_alr_CompleteHumanProteome_HUVEC_ETD_AspN_18_sub.pep.xml"
time="23:14:36" level=warning msg="No PSM was found in data set. /scratch/negishi/afarzam/deepseq_fragger_2pass/MSV000086944_results_v3/second_pass_completeseq/AspN_ETD/AspN_ETD_2pass_results/HUVEC_AspN_ETD/interact-20151228_alr_CompleteHumanProteome_HUVEC_ETD_AspN_19_sub.pep.xml"
time="23:14:36" level=warning msg="No PSM was found in data set. /scratch/negishi/afarzam/deepseq_fragger_2pass/MSV000086944_results_v3/second_pass_completeseq/AspN_ETD/AspN_ETD_2pass_results/HUVEC_AspN_ETD/interact-20151228_alr_CompleteHumanProteome_HUVEC_ETD_AspN_2_sub.pep.xml"
time="23:14:36" level=warning msg="No PSM was found in data set. /scratch/negishi/afarzam/deepseq_fragger_2pass/MSV000086944_results_v3/second_pass_completeseq/AspN_ETD/AspN_ETD_2pass_results/HUVEC_AspN_ETD/interact-20151228_alr_CompleteHumanProteome_HUVEC_ETD_AspN_31_sub.pep.xml"
time="23:14:36" level=warning msg="No PSM was found in data set. /scratch/negishi/afarzam/deepseq_fragger_2pass/MSV000086944_results_v3/second_pass_completeseq/AspN_ETD/AspN_ETD_2pass_results/HUVEC_AspN_ETD/interact-20151228_alr_CompleteHumanProteome_HUVEC_ETD_AspN_30_sub.pep.xml"
time="23:14:36" level=warning msg="No PSM was found in data set. /scratch/negishi/afarzam/deepseq_fragger_2pass/MSV000086944_results_v3/second_pass_completeseq/AspN_ETD/AspN_ETD_2pass_results/HUVEC_AspN_ETD/interact-20151228_alr_CompleteHumanProteome_HUVEC_ETD_AspN_3_sub.pep.xml"
time="23:14:36" level=warning msg="No PSM was found in data set. /scratch/negishi/afarzam/deepseq_fragger_2pass/MSV000086944_results_v3/second_pass_completeseq/AspN_ETD/AspN_ETD_2pass_results/HUVEC_AspN_ETD/interact-20151228_alr_CompleteHumanProteome_HUVEC_ETD_AspN_28_sub.pep.xml"
time="23:14:36" level=warning msg="No PSM was found in data set. /scratch/negishi/afarzam/deepseq_fragger_2pass/MSV000086944_results_v3/second_pass_completeseq/AspN_ETD/AspN_ETD_2pass_results/HUVEC_AspN_ETD/interact-20151228_alr_CompleteHumanProteome_HUVEC_ETD_AspN_35_sub.pep.xml"
time="23:14:37" level=info msg="1+ Charge profile" decoy=0 target=0
time="23:14:37" level=info msg="2+ Charge profile" decoy=8 target=47
time="23:14:37" level=info msg="3+ Charge profile" decoy=9 target=31
time="23:14:37" level=info msg="4+ Charge profile" decoy=12 target=26
time="23:14:37" level=info msg="5+ Charge profile" decoy=3 target=22
time="23:14:37" level=info msg="6+ Charge profile" decoy=1 target=5
time="23:14:37" level=info msg="Database search results" ions=131 peptides=126 psms=164
time="23:14:37" level=info msg="Converged to 0.00 % FDR with 2 PSMs" decoy=0 threshold=0.924775 total=2
time="23:14:37" level=info msg="Converged to 0.00 % FDR with 2 Peptides" decoy=0 threshold=0.924775 total=2
time="23:14:37" level=info msg="Converged to 0.00 % FDR with 2 Ions" decoy=0 threshold=0.924775 total=2
time="23:14:37" level=info msg="Protein inference results" decoy=353 target=637
time="23:14:37" level=info msg="Converged to 0.00 % FDR with 35 Proteins" decoy=0 threshold=0.8697 total=35
time="23:14:37" level=info msg="Applying sequential FDR estimation" ions=2 peptides=2 psms=2
time="23:14:37" level=info msg="Converged to 0.00 % FDR with 1 PSMs" decoy=0 threshold=0.925612 total=1
time="23:14:37" level=info msg="Converged to 0.00 % FDR with 1 Peptides" decoy=0 threshold=0.925612 total=1
time="23:14:37" level=info msg="Converged to 0.00 % FDR with 1 Ions" decoy=0 threshold=0.925612 total=1
time="23:14:37" level=info msg="Post processing identifications"
time="23:14:37" level=info msg="Assigning protein identifications to layers"
time="23:14:37" level=info msg="Processing protein inference"
time="23:14:38" level=info msg="Synchronizing PSMs and proteins"
time="23:14:38" level=info msg="Final report numbers after FDR filtering, and post-processing" ions=1 peptides=1 proteins=1 psms=1
time="23:14:38" level=info msg=Saving
time="23:14:38" level=info msg=Done
