time="16:06:44" level=info msg="Executing Filter  v5.1.2"
time="16:06:44" level=info msg="Fetching protein inference from /scratch/negishi/afarzam/deepseq_fragger_2pass/MSV000086944_results_v3/second_pass_completeseq/LysC_CAD/LysC_CAD_2pass_results/GM12878_LysC_HCD"
time="16:06:45" level=info msg="Processing peptide identification files"
time="16:06:45" level=info msg="Parsing /scratch/negishi/afarzam/deepseq_fragger_2pass/MSV000086944_results_v3/second_pass_completeseq/LysC_CAD/LysC_CAD_2pass_results/HepG2_LysC_HCD/interact-20151215_alr_CompleteHumaProteome_HepG2_HCD_LysC_fr9_sub.pep.xml"
time="16:06:45" level=info msg="Parsing /scratch/negishi/afarzam/deepseq_fragger_2pass/MSV000086944_results_v3/second_pass_completeseq/LysC_CAD/LysC_CAD_2pass_results/HepG2_LysC_HCD/interact-20151215_alr_CompleteHumaProteome_HepG2_HCD_LysC_fr13_sub.pep.xml"
time="16:06:45" level=info msg="Parsing /scratch/negishi/afarzam/deepseq_fragger_2pass/MSV000086944_results_v3/second_pass_completeseq/LysC_CAD/LysC_CAD_2pass_results/HepG2_LysC_HCD/interact-20151215_alr_CompleteHumaProteome_HepG2_HCD_LysC_fr10_sub.pep.xml"
time="16:06:45" level=info msg="Parsing /scratch/negishi/afarzam/deepseq_fragger_2pass/MSV000086944_results_v3/second_pass_completeseq/LysC_CAD/LysC_CAD_2pass_results/HepG2_LysC_HCD/interact-20151215_alr_CompleteHumaProteome_HepG2_HCD_LysC_fr11_sub.pep.xml"
time="16:06:45" level=info msg="Parsing /scratch/negishi/afarzam/deepseq_fragger_2pass/MSV000086944_results_v3/second_pass_completeseq/LysC_CAD/LysC_CAD_2pass_results/HepG2_LysC_HCD/interact-20151215_alr_CompleteHumaProteome_HepG2_HCD_LysC_fr12_sub.pep.xml"
time="16:06:45" level=info msg="Parsing /scratch/negishi/afarzam/deepseq_fragger_2pass/MSV000086944_results_v3/second_pass_completeseq/LysC_CAD/LysC_CAD_2pass_results/HepG2_LysC_HCD/interact-20151215_alr_CompleteHumaProteome_HepG2_HCD_LysC_fr33_sub.pep.xml"
time="16:06:45" level=info msg="Parsing /scratch/negishi/afarzam/deepseq_fragger_2pass/MSV000086944_results_v3/second_pass_completeseq/LysC_CAD/LysC_CAD_2pass_results/HepG2_LysC_HCD/interact-20151215_alr_CompleteHumaProteome_HepG2_HCD_LysC_fr26_sub.pep.xml"
time="16:06:45" level=info msg="Parsing /scratch/negishi/afarzam/deepseq_fragger_2pass/MSV000086944_results_v3/second_pass_completeseq/LysC_CAD/LysC_CAD_2pass_results/HepG2_LysC_HCD/interact-20151215_alr_CompleteHumaProteome_HepG2_HCD_LysC_fr27_sub.pep.xml"
time="16:06:45" level=info msg="Parsing /scratch/negishi/afarzam/deepseq_fragger_2pass/MSV000086944_results_v3/second_pass_completeseq/LysC_CAD/LysC_CAD_2pass_results/HepG2_LysC_HCD/interact-20151215_alr_CompleteHumaProteome_HepG2_HCD_LysC_fr28_sub.pep.xml"
time="16:06:45" level=info msg="Parsing /scratch/negishi/afarzam/deepseq_fragger_2pass/MSV000086944_results_v3/second_pass_completeseq/LysC_CAD/LysC_CAD_2pass_results/HepG2_LysC_HCD/interact-20151215_alr_CompleteHumaProteome_HepG2_HCD_LysC_fr29_sub.pep.xml"
time="16:06:45" level=info msg="Parsing /scratch/negishi/afarzam/deepseq_fragger_2pass/MSV000086944_results_v3/second_pass_completeseq/LysC_CAD/LysC_CAD_2pass_results/HepG2_LysC_HCD/interact-20151215_alr_CompleteHumaProteome_HepG2_HCD_LysC_fr30_sub.pep.xml"
time="16:06:45" level=info msg="Parsing /scratch/negishi/afarzam/deepseq_fragger_2pass/MSV000086944_results_v3/second_pass_completeseq/LysC_CAD/LysC_CAD_2pass_results/HepG2_LysC_HCD/interact-20151215_alr_CompleteHumaProteome_HepG2_HCD_LysC_fr2_sub.pep.xml"
time="16:06:45" level=info msg="Parsing /scratch/negishi/afarzam/deepseq_fragger_2pass/MSV000086944_results_v3/second_pass_completeseq/LysC_CAD/LysC_CAD_2pass_results/HepG2_LysC_HCD/interact-20151215_alr_CompleteHumaProteome_HepG2_HCD_LysC_fr21_sub.pep.xml"
time="16:06:45" level=info msg="Parsing /scratch/negishi/afarzam/deepseq_fragger_2pass/MSV000086944_results_v3/second_pass_completeseq/LysC_CAD/LysC_CAD_2pass_results/HepG2_LysC_HCD/interact-20151215_alr_CompleteHumaProteome_HepG2_HCD_LysC_fr22_sub.pep.xml"
time="16:06:45" level=info msg="Parsing /scratch/negishi/afarzam/deepseq_fragger_2pass/MSV000086944_results_v3/second_pass_completeseq/LysC_CAD/LysC_CAD_2pass_results/HepG2_LysC_HCD/interact-20151215_alr_CompleteHumaProteome_HepG2_HCD_LysC_fr14_sub.pep.xml"
time="16:06:45" level=info msg="Parsing /scratch/negishi/afarzam/deepseq_fragger_2pass/MSV000086944_results_v3/second_pass_completeseq/LysC_CAD/LysC_CAD_2pass_results/HepG2_LysC_HCD/interact-20151215_alr_CompleteHumaProteome_HepG2_HCD_LysC_fr31_sub.pep.xml"
time="16:06:45" level=info msg="Parsing /scratch/negishi/afarzam/deepseq_fragger_2pass/MSV000086944_results_v3/second_pass_completeseq/LysC_CAD/LysC_CAD_2pass_results/HepG2_LysC_HCD/interact-20151215_alr_CompleteHumaProteome_HepG2_HCD_LysC_fr32_sub.pep.xml"
time="16:06:45" level=info msg="Parsing /scratch/negishi/afarzam/deepseq_fragger_2pass/MSV000086944_results_v3/second_pass_completeseq/LysC_CAD/LysC_CAD_2pass_results/HepG2_LysC_HCD/interact-20151215_alr_CompleteHumaProteome_HepG2_HCD_LysC_fr23_sub.pep.xml"
time="16:06:45" level=warning msg="No PSM was found in data set. /scratch/negishi/afarzam/deepseq_fragger_2pass/MSV000086944_results_v3/second_pass_completeseq/LysC_CAD/LysC_CAD_2pass_results/HepG2_LysC_HCD/interact-20151215_alr_CompleteHumaProteome_HepG2_HCD_LysC_fr29_sub.pep.xml"
time="16:06:45" level=info msg="Parsing /scratch/negishi/afarzam/deepseq_fragger_2pass/MSV000086944_results_v3/second_pass_completeseq/LysC_CAD/LysC_CAD_2pass_results/HepG2_LysC_HCD/interact-20151215_alr_CompleteHumaProteome_HepG2_HCD_LysC_fr7_sub.pep.xml"
time="16:06:45" level=info msg="Parsing /scratch/negishi/afarzam/deepseq_fragger_2pass/MSV000086944_results_v3/second_pass_completeseq/LysC_CAD/LysC_CAD_2pass_results/HepG2_LysC_HCD/interact-20151215_alr_CompleteHumaProteome_HepG2_HCD_LysC_fr19_sub.pep.xml"
time="16:06:45" level=info msg="Parsing /scratch/negishi/afarzam/deepseq_fragger_2pass/MSV000086944_results_v3/second_pass_completeseq/LysC_CAD/LysC_CAD_2pass_results/HepG2_LysC_HCD/interact-20151215_alr_CompleteHumaProteome_HepG2_HCD_LysC_fr8_sub.pep.xml"
time="16:06:45" level=info msg="Parsing /scratch/negishi/afarzam/deepseq_fragger_2pass/MSV000086944_results_v3/second_pass_completeseq/LysC_CAD/LysC_CAD_2pass_results/HepG2_LysC_HCD/interact-20151215_alr_CompleteHumaProteome_HepG2_HCD_LysC_fr34_sub.pep.xml"
time="16:06:45" level=info msg="Parsing /scratch/negishi/afarzam/deepseq_fragger_2pass/MSV000086944_results_v3/second_pass_completeseq/LysC_CAD/LysC_CAD_2pass_results/HepG2_LysC_HCD/interact-20151215_alr_CompleteHumaProteome_HepG2_HCD_LysC_fr20_sub.pep.xml"
time="16:06:45" level=info msg="Parsing /scratch/negishi/afarzam/deepseq_fragger_2pass/MSV000086944_results_v3/second_pass_completeseq/LysC_CAD/LysC_CAD_2pass_results/HepG2_LysC_HCD/interact-20151215_alr_CompleteHumaProteome_HepG2_HCD_LysC_fr4_sub.pep.xml"
time="16:06:45" level=info msg="Parsing /scratch/negishi/afarzam/deepseq_fragger_2pass/MSV000086944_results_v3/second_pass_completeseq/LysC_CAD/LysC_CAD_2pass_results/HepG2_LysC_HCD/interact-20151215_alr_CompleteHumaProteome_HepG2_HCD_LysC_fr25_sub.pep.xml"
time="16:06:45" level=info msg="Parsing /scratch/negishi/afarzam/deepseq_fragger_2pass/MSV000086944_results_v3/second_pass_completeseq/LysC_CAD/LysC_CAD_2pass_results/HepG2_LysC_HCD/interact-20151215_alr_CompleteHumaProteome_HepG2_HCD_LysC_fr1_sub.pep.xml"
time="16:06:45" level=info msg="Parsing /scratch/negishi/afarzam/deepseq_fragger_2pass/MSV000086944_results_v3/second_pass_completeseq/LysC_CAD/LysC_CAD_2pass_results/HepG2_LysC_HCD/interact-20151215_alr_CompleteHumaProteome_HepG2_HCD_LysC_fr35_sub.pep.xml"
time="16:06:45" level=warning msg="No PSM was found in data set. /scratch/negishi/afarzam/deepseq_fragger_2pass/MSV000086944_results_v3/second_pass_completeseq/LysC_CAD/LysC_CAD_2pass_results/HepG2_LysC_HCD/interact-20151215_alr_CompleteHumaProteome_HepG2_HCD_LysC_fr19_sub.pep.xml"
time="16:06:45" level=info msg="Parsing /scratch/negishi/afarzam/deepseq_fragger_2pass/MSV000086944_results_v3/second_pass_completeseq/LysC_CAD/LysC_CAD_2pass_results/HepG2_LysC_HCD/interact-20151215_alr_CompleteHumaProteome_HepG2_HCD_LysC_fr15_sub.pep.xml"
time="16:06:45" level=info msg="Parsing /scratch/negishi/afarzam/deepseq_fragger_2pass/MSV000086944_results_v3/second_pass_completeseq/LysC_CAD/LysC_CAD_2pass_results/HepG2_LysC_HCD/interact-20151215_alr_CompleteHumaProteome_HepG2_HCD_LysC_fr6_sub.pep.xml"
time="16:06:45" level=info msg="Parsing /scratch/negishi/afarzam/deepseq_fragger_2pass/MSV000086944_results_v3/second_pass_completeseq/LysC_CAD/LysC_CAD_2pass_results/HepG2_LysC_HCD/interact-20151215_alr_CompleteHumaProteome_HepG2_HCD_LysC_fr18_sub.pep.xml"
time="16:06:45" level=info msg="Parsing /scratch/negishi/afarzam/deepseq_fragger_2pass/MSV000086944_results_v3/second_pass_completeseq/LysC_CAD/LysC_CAD_2pass_results/HepG2_LysC_HCD/interact-20151215_alr_CompleteHumaProteome_HepG2_HCD_LysC_fr3_sub.pep.xml"
time="16:06:45" level=info msg="Parsing /scratch/negishi/afarzam/deepseq_fragger_2pass/MSV000086944_results_v3/second_pass_completeseq/LysC_CAD/LysC_CAD_2pass_results/HepG2_LysC_HCD/interact-20151215_alr_CompleteHumaProteome_HepG2_HCD_LysC_fr5_sub.pep.xml"
time="16:06:45" level=info msg="Parsing /scratch/negishi/afarzam/deepseq_fragger_2pass/MSV000086944_results_v3/second_pass_completeseq/LysC_CAD/LysC_CAD_2pass_results/HepG2_LysC_HCD/interact-20151215_alr_CompleteHumaProteome_HepG2_HCD_LysC_fr24_sub.pep.xml"
time="16:06:45" level=info msg="Parsing /scratch/negishi/afarzam/deepseq_fragger_2pass/MSV000086944_results_v3/second_pass_completeseq/LysC_CAD/LysC_CAD_2pass_results/HepG2_LysC_HCD/interact-20151215_alr_CompleteHumaProteome_HepG2_HCD_LysC_fr16_sub.pep.xml"
time="16:06:45" level=info msg="Parsing /scratch/negishi/afarzam/deepseq_fragger_2pass/MSV000086944_results_v3/second_pass_completeseq/LysC_CAD/LysC_CAD_2pass_results/HepG2_LysC_HCD/interact-20151215_alr_CompleteHumaProteome_HepG2_HCD_LysC_fr17_sub.pep.xml"
time="16:06:45" level=info msg="1+ Charge profile" decoy=0 target=0
time="16:06:45" level=info msg="2+ Charge profile" decoy=44 target=193
time="16:06:45" level=info msg="3+ Charge profile" decoy=58 target=239
time="16:06:45" level=info msg="4+ Charge profile" decoy=37 target=140
time="16:06:45" level=info msg="5+ Charge profile" decoy=9 target=42
time="16:06:45" level=info msg="6+ Charge profile" decoy=2 target=18
time="16:06:45" level=info msg="Database search results" ions=620 peptides=561 psms=786
time="16:06:45" level=info msg="Converged to 0.00 % FDR with 44 PSMs" decoy=0 threshold=0.927033 total=44
time="16:06:45" level=info msg="Converged to 0.00 % FDR with 23 Peptides" decoy=0 threshold=0.928245 total=23
time="16:06:45" level=info msg="Converged to 0.00 % FDR with 30 Ions" decoy=0 threshold=0.928245 total=30
time="16:06:45" level=info msg="Protein inference results" decoy=613 target=1047
time="16:06:45" level=info msg="Converged to 0.00 % FDR with 37 Proteins" decoy=0 threshold=0.9864 total=37
time="16:06:45" level=info msg="Applying sequential FDR estimation" ions=16 peptides=10 psms=29
time="16:06:45" level=info msg="Converged to 0.00 % FDR with 28 PSMs" decoy=0 threshold=0.931626 total=28
time="16:06:45" level=info msg="Converged to 0.00 % FDR with 9 Peptides" decoy=0 threshold=0.942411 total=9
time="16:06:45" level=info msg="Converged to 0.00 % FDR with 15 Ions" decoy=0 threshold=0.942411 total=15
time="16:06:45" level=info msg="Post processing identifications"
time="16:06:45" level=info msg="Assigning protein identifications to layers"
time="16:06:45" level=info msg="Processing protein inference"
time="16:06:46" level=info msg="Synchronizing PSMs and proteins"
time="16:06:46" level=info msg="Final report numbers after FDR filtering, and post-processing" ions=15 peptides=9 proteins=9 psms=28
time="16:06:46" level=info msg=Saving
time="16:06:46" level=info msg=Done
