time="23:56:33" level=info msg="Executing Filter  v5.1.2"
time="23:56:33" level=info msg="Fetching protein inference from /scratch/negishi/afarzam/deepseq_fragger_2pass/MSV000086944_results_v3/second_pass_completeseq/Chymo_ETD/Chymo_ETD_2pass_results/GM12878_Chymo_ETD"
time="23:56:33" level=info msg="Processing peptide identification files"
time="23:56:33" level=info msg="Parsing /scratch/negishi/afarzam/deepseq_fragger_2pass/MSV000086944_results_v3/second_pass_completeseq/Chymo_ETD/Chymo_ETD_2pass_results/HepG2_Chymo_ETD/interact-20151118_alr_CompleteHumanProteome_HepG2_ETD_chymo_fr9_sub.pep.xml"
time="23:56:33" level=info msg="Parsing /scratch/negishi/afarzam/deepseq_fragger_2pass/MSV000086944_results_v3/second_pass_completeseq/Chymo_ETD/Chymo_ETD_2pass_results/HepG2_Chymo_ETD/interact-20151118_alr_CompleteHumanProteome_HepG2_ETD_chymo_fr17_sub.pep.xml"
time="23:56:33" level=info msg="Parsing /scratch/negishi/afarzam/deepseq_fragger_2pass/MSV000086944_results_v3/second_pass_completeseq/Chymo_ETD/Chymo_ETD_2pass_results/HepG2_Chymo_ETD/interact-20151118_alr_CompleteHumanProteome_HepG2_ETD_chymo_fr2_sub.pep.xml"
time="23:56:33" level=info msg="Parsing /scratch/negishi/afarzam/deepseq_fragger_2pass/MSV000086944_results_v3/second_pass_completeseq/Chymo_ETD/Chymo_ETD_2pass_results/HepG2_Chymo_ETD/interact-20151118_alr_CompleteHumanProteome_HepG2_ETD_chymo_fr29_151125001924_sub.pep.xml"
time="23:56:33" level=info msg="Parsing /scratch/negishi/afarzam/deepseq_fragger_2pass/MSV000086944_results_v3/second_pass_completeseq/Chymo_ETD/Chymo_ETD_2pass_results/HepG2_Chymo_ETD/interact-20151118_alr_CompleteHumanProteome_HepG2_ETD_chymo_fr13_sub.pep.xml"
time="23:56:33" level=info msg="Parsing /scratch/negishi/afarzam/deepseq_fragger_2pass/MSV000086944_results_v3/second_pass_completeseq/Chymo_ETD/Chymo_ETD_2pass_results/HepG2_Chymo_ETD/interact-20151118_alr_CompleteHumanProteome_HepG2_ETD_chymo_fr15_sub.pep.xml"
time="23:56:33" level=info msg="Parsing /scratch/negishi/afarzam/deepseq_fragger_2pass/MSV000086944_results_v3/second_pass_completeseq/Chymo_ETD/Chymo_ETD_2pass_results/HepG2_Chymo_ETD/interact-20151118_alr_CompleteHumanProteome_HepG2_ETD_chymo_fr18_sub.pep.xml"
time="23:56:33" level=info msg="Parsing /scratch/negishi/afarzam/deepseq_fragger_2pass/MSV000086944_results_v3/second_pass_completeseq/Chymo_ETD/Chymo_ETD_2pass_results/HepG2_Chymo_ETD/interact-20151118_alr_CompleteHumanProteome_HepG2_ETD_chymo_fr19_sub.pep.xml"
time="23:56:33" level=info msg="Parsing /scratch/negishi/afarzam/deepseq_fragger_2pass/MSV000086944_results_v3/second_pass_completeseq/Chymo_ETD/Chymo_ETD_2pass_results/HepG2_Chymo_ETD/interact-20151118_alr_CompleteHumanProteome_HepG2_ETD_chymo_fr11_sub.pep.xml"
time="23:56:33" level=info msg="Parsing /scratch/negishi/afarzam/deepseq_fragger_2pass/MSV000086944_results_v3/second_pass_completeseq/Chymo_ETD/Chymo_ETD_2pass_results/HepG2_Chymo_ETD/interact-20151118_alr_CompleteHumanProteome_HepG2_ETD_chymo_fr30_151125015205_sub.pep.xml"
time="23:56:33" level=info msg="Parsing /scratch/negishi/afarzam/deepseq_fragger_2pass/MSV000086944_results_v3/second_pass_completeseq/Chymo_ETD/Chymo_ETD_2pass_results/HepG2_Chymo_ETD/interact-20151118_alr_CompleteHumanProteome_HepG2_ETD_chymo_fr3_sub.pep.xml"
time="23:56:33" level=info msg="Parsing /scratch/negishi/afarzam/deepseq_fragger_2pass/MSV000086944_results_v3/second_pass_completeseq/Chymo_ETD/Chymo_ETD_2pass_results/HepG2_Chymo_ETD/interact-20151118_alr_CompleteHumanProteome_HepG2_ETD_chymo_fr4_sub.pep.xml"
time="23:56:33" level=info msg="Parsing /scratch/negishi/afarzam/deepseq_fragger_2pass/MSV000086944_results_v3/second_pass_completeseq/Chymo_ETD/Chymo_ETD_2pass_results/HepG2_Chymo_ETD/interact-20151118_alr_CompleteHumanProteome_HepG2_ETD_chymo_fr10_sub.pep.xml"
time="23:56:33" level=info msg="Parsing /scratch/negishi/afarzam/deepseq_fragger_2pass/MSV000086944_results_v3/second_pass_completeseq/Chymo_ETD/Chymo_ETD_2pass_results/HepG2_Chymo_ETD/interact-20151118_alr_CompleteHumanProteome_HepG2_ETD_chymo_fr31_151125032447_sub.pep.xml"
time="23:56:33" level=info msg="Parsing /scratch/negishi/afarzam/deepseq_fragger_2pass/MSV000086944_results_v3/second_pass_completeseq/Chymo_ETD/Chymo_ETD_2pass_results/HepG2_Chymo_ETD/interact-20151118_alr_CompleteHumanProteome_HepG2_ETD_chymo_fr23_151124150318_sub.pep.xml"
time="23:56:33" level=info msg="Parsing /scratch/negishi/afarzam/deepseq_fragger_2pass/MSV000086944_results_v3/second_pass_completeseq/Chymo_ETD/Chymo_ETD_2pass_results/HepG2_Chymo_ETD/interact-20151118_alr_CompleteHumanProteome_HepG2_ETD_chymo_fr34_151125080248_sub.pep.xml"
time="23:56:33" level=info msg="Parsing /scratch/negishi/afarzam/deepseq_fragger_2pass/MSV000086944_results_v3/second_pass_completeseq/Chymo_ETD/Chymo_ETD_2pass_results/HepG2_Chymo_ETD/interact-20151118_alr_CompleteHumanProteome_HepG2_ETD_chymo_fr1_sub.pep.xml"
time="23:56:33" level=info msg="Parsing /scratch/negishi/afarzam/deepseq_fragger_2pass/MSV000086944_results_v3/second_pass_completeseq/Chymo_ETD/Chymo_ETD_2pass_results/HepG2_Chymo_ETD/interact-20151118_alr_CompleteHumanProteome_HepG2_ETD_chymo_fr14_sub.pep.xml"
time="23:56:33" level=info msg="Parsing /scratch/negishi/afarzam/deepseq_fragger_2pass/MSV000086944_results_v3/second_pass_completeseq/Chymo_ETD/Chymo_ETD_2pass_results/HepG2_Chymo_ETD/interact-20151118_alr_CompleteHumanProteome_HepG2_ETD_chymo_fr20_sub.pep.xml"
time="23:56:33" level=info msg="Parsing /scratch/negishi/afarzam/deepseq_fragger_2pass/MSV000086944_results_v3/second_pass_completeseq/Chymo_ETD/Chymo_ETD_2pass_results/HepG2_Chymo_ETD/interact-20151118_alr_CompleteHumanProteome_HepG2_ETD_chymo_fr22_151124133038_sub.pep.xml"
time="23:56:33" level=info msg="Parsing /scratch/negishi/afarzam/deepseq_fragger_2pass/MSV000086944_results_v3/second_pass_completeseq/Chymo_ETD/Chymo_ETD_2pass_results/HepG2_Chymo_ETD/interact-20151118_alr_CompleteHumanProteome_HepG2_ETD_chymo_fr24_151124163558_sub.pep.xml"
time="23:56:33" level=info msg="Parsing /scratch/negishi/afarzam/deepseq_fragger_2pass/MSV000086944_results_v3/second_pass_completeseq/Chymo_ETD/Chymo_ETD_2pass_results/HepG2_Chymo_ETD/interact-20151118_alr_CompleteHumanProteome_HepG2_ETD_chymo_fr26_151124194122_sub.pep.xml"
time="23:56:33" level=info msg="Parsing /scratch/negishi/afarzam/deepseq_fragger_2pass/MSV000086944_results_v3/second_pass_completeseq/Chymo_ETD/Chymo_ETD_2pass_results/HepG2_Chymo_ETD/interact-20151118_alr_CompleteHumanProteome_HepG2_ETD_chymo_fr28_151124224643_sub.pep.xml"
time="23:56:33" level=info msg="Parsing /scratch/negishi/afarzam/deepseq_fragger_2pass/MSV000086944_results_v3/second_pass_completeseq/Chymo_ETD/Chymo_ETD_2pass_results/HepG2_Chymo_ETD/interact-20151118_alr_CompleteHumanProteome_HepG2_ETD_chymo_fr16_sub.pep.xml"
time="23:56:33" level=info msg="Parsing /scratch/negishi/afarzam/deepseq_fragger_2pass/MSV000086944_results_v3/second_pass_completeseq/Chymo_ETD/Chymo_ETD_2pass_results/HepG2_Chymo_ETD/interact-20151118_alr_CompleteHumanProteome_HepG2_ETD_chymo_fr6_sub.pep.xml"
time="23:56:33" level=info msg="Parsing /scratch/negishi/afarzam/deepseq_fragger_2pass/MSV000086944_results_v3/second_pass_completeseq/Chymo_ETD/Chymo_ETD_2pass_results/HepG2_Chymo_ETD/interact-20151118_alr_CompleteHumanProteome_HepG2_ETD_chymo_fr5_sub.pep.xml"
time="23:56:33" level=info msg="Parsing /scratch/negishi/afarzam/deepseq_fragger_2pass/MSV000086944_results_v3/second_pass_completeseq/Chymo_ETD/Chymo_ETD_2pass_results/HepG2_Chymo_ETD/interact-20151118_alr_CompleteHumanProteome_HepG2_ETD_chymo_fr21_151124115321_sub.pep.xml"
time="23:56:33" level=info msg="Parsing /scratch/negishi/afarzam/deepseq_fragger_2pass/MSV000086944_results_v3/second_pass_completeseq/Chymo_ETD/Chymo_ETD_2pass_results/HepG2_Chymo_ETD/interact-20151118_alr_CompleteHumanProteome_HepG2_ETD_chymo_fr27_151124211403_sub.pep.xml"
time="23:56:33" level=info msg="Parsing /scratch/negishi/afarzam/deepseq_fragger_2pass/MSV000086944_results_v3/second_pass_completeseq/Chymo_ETD/Chymo_ETD_2pass_results/HepG2_Chymo_ETD/interact-20151118_alr_CompleteHumanProteome_HepG2_ETD_chymo_fr7_sub.pep.xml"
time="23:56:33" level=info msg="Parsing /scratch/negishi/afarzam/deepseq_fragger_2pass/MSV000086944_results_v3/second_pass_completeseq/Chymo_ETD/Chymo_ETD_2pass_results/HepG2_Chymo_ETD/interact-20151118_alr_CompleteHumanProteome_HepG2_ETD_chymo_fr25_151124180838_sub.pep.xml"
time="23:56:33" level=info msg="Parsing /scratch/negishi/afarzam/deepseq_fragger_2pass/MSV000086944_results_v3/second_pass_completeseq/Chymo_ETD/Chymo_ETD_2pass_results/HepG2_Chymo_ETD/interact-20151118_alr_CompleteHumanProteome_HepG2_ETD_chymo_fr32_151125045726_sub.pep.xml"
time="23:56:33" level=info msg="Parsing /scratch/negishi/afarzam/deepseq_fragger_2pass/MSV000086944_results_v3/second_pass_completeseq/Chymo_ETD/Chymo_ETD_2pass_results/HepG2_Chymo_ETD/interact-20151118_alr_CompleteHumanProteome_HepG2_ETD_chymo_fr35_sub.pep.xml"
time="23:56:33" level=info msg="Parsing /scratch/negishi/afarzam/deepseq_fragger_2pass/MSV000086944_results_v3/second_pass_completeseq/Chymo_ETD/Chymo_ETD_2pass_results/HepG2_Chymo_ETD/interact-20151118_alr_CompleteHumanProteome_HepG2_ETD_chymo_fr8_sub.pep.xml"
time="23:56:33" level=info msg="Parsing /scratch/negishi/afarzam/deepseq_fragger_2pass/MSV000086944_results_v3/second_pass_completeseq/Chymo_ETD/Chymo_ETD_2pass_results/HepG2_Chymo_ETD/interact-20151118_alr_CompleteHumanProteome_HepG2_ETD_chymo_fr12_sub.pep.xml"
time="23:56:33" level=info msg="Parsing /scratch/negishi/afarzam/deepseq_fragger_2pass/MSV000086944_results_v3/second_pass_completeseq/Chymo_ETD/Chymo_ETD_2pass_results/HepG2_Chymo_ETD/interact-20151118_alr_CompleteHumanProteome_HepG2_ETD_chymo_fr33_151125063007_sub.pep.xml"
time="23:56:34" level=info msg="1+ Charge profile" decoy=0 target=0
time="23:56:34" level=info msg="2+ Charge profile" decoy=162 target=767
time="23:56:34" level=info msg="3+ Charge profile" decoy=101 target=249
time="23:56:34" level=info msg="4+ Charge profile" decoy=29 target=72
time="23:56:34" level=info msg="5+ Charge profile" decoy=17 target=43
time="23:56:34" level=info msg="6+ Charge profile" decoy=18 target=13
time="23:56:34" level=info msg="Database search results" ions=1293 peptides=1278 psms=1471
time="23:56:34" level=info msg="Converged to 0.00 % FDR with 10 PSMs" decoy=0 threshold=0.905786 total=10
time="23:56:34" level=info msg="Converged to 0.00 % FDR with 10 Peptides" decoy=0 threshold=0.905786 total=10
time="23:56:34" level=info msg="Converged to 0.00 % FDR with 10 Ions" decoy=0 threshold=0.905786 total=10
time="23:56:34" level=info msg="Protein inference results" decoy=844 target=1594
time="23:56:34" level=info msg="Converged to 0.00 % FDR with 10 Proteins" decoy=0 threshold=0.9463 total=10
time="23:56:34" level=info msg="Applying sequential FDR estimation" ions=3 peptides=3 psms=3
time="23:56:34" level=info msg="Converged to 0.00 % FDR with 2 PSMs" decoy=0 threshold=0.959663 total=2
time="23:56:34" level=info msg="Converged to 0.00 % FDR with 2 Peptides" decoy=0 threshold=0.959663 total=2
time="23:56:34" level=info msg="Converged to 0.00 % FDR with 2 Ions" decoy=0 threshold=0.959663 total=2
time="23:56:34" level=info msg="Post processing identifications"
time="23:56:34" level=info msg="Assigning protein identifications to layers"
time="23:56:34" level=info msg="Processing protein inference"
time="23:56:35" level=info msg="Synchronizing PSMs and proteins"
time="23:56:35" level=info msg="Final report numbers after FDR filtering, and post-processing" ions=2 peptides=2 proteins=2 psms=2
time="23:56:35" level=info msg=Saving
time="23:56:35" level=info msg=Done
