time="15:12:00" level=info msg="Executing Filter  v5.1.2"
time="15:12:00" level=info msg="Fetching protein inference from /scratch/negishi/afarzam/deepseq_fragger_2pass/MSV000086944_results_v3/second_pass_completeseq/LysN_CAD/LysN_CAD_2pass_results/GM12878_LysN_HCD"
time="15:12:00" level=info msg="Processing peptide identification files"
time="15:12:00" level=info msg="Parsing /scratch/negishi/afarzam/deepseq_fragger_2pass/MSV000086944_results_v3/second_pass_completeseq/LysN_CAD/LysN_CAD_2pass_results/K562_LysN_HCD/interact-20160126_alr_CompleteHumanProteome_K562_LysN_HCD_fr14_sub.pep.xml"
time="15:12:00" level=info msg="Parsing /scratch/negishi/afarzam/deepseq_fragger_2pass/MSV000086944_results_v3/second_pass_completeseq/LysN_CAD/LysN_CAD_2pass_results/K562_LysN_HCD/interact-20160126_alr_CompleteHumanProteome_K562_LysN_HCD_fr6_sub.pep.xml"
time="15:12:00" level=info msg="Parsing /scratch/negishi/afarzam/deepseq_fragger_2pass/MSV000086944_results_v3/second_pass_completeseq/LysN_CAD/LysN_CAD_2pass_results/K562_LysN_HCD/interact-20160126_alr_CompleteHumanProteome_K562_LysN_HCD_fr17_sub.pep.xml"
time="15:12:00" level=info msg="Parsing /scratch/negishi/afarzam/deepseq_fragger_2pass/MSV000086944_results_v3/second_pass_completeseq/LysN_CAD/LysN_CAD_2pass_results/K562_LysN_HCD/interact-20160126_alr_CompleteHumanProteome_K562_LysN_HCD_fr2_sub.pep.xml"
time="15:12:00" level=info msg="Parsing /scratch/negishi/afarzam/deepseq_fragger_2pass/MSV000086944_results_v3/second_pass_completeseq/LysN_CAD/LysN_CAD_2pass_results/K562_LysN_HCD/interact-20160126_alr_CompleteHumanProteome_K562_LysN_HCD_fr15_sub.pep.xml"
time="15:12:00" level=info msg="Parsing /scratch/negishi/afarzam/deepseq_fragger_2pass/MSV000086944_results_v3/second_pass_completeseq/LysN_CAD/LysN_CAD_2pass_results/K562_LysN_HCD/interact-20160126_alr_CompleteHumanProteome_K562_LysN_HCD_fr18_sub.pep.xml"
time="15:12:00" level=info msg="Parsing /scratch/negishi/afarzam/deepseq_fragger_2pass/MSV000086944_results_v3/second_pass_completeseq/LysN_CAD/LysN_CAD_2pass_results/K562_LysN_HCD/interact-20160126_alr_CompleteHumanProteome_K562_LysN_HCD_fr7_sub.pep.xml"
time="15:12:00" level=info msg="Parsing /scratch/negishi/afarzam/deepseq_fragger_2pass/MSV000086944_results_v3/second_pass_completeseq/LysN_CAD/LysN_CAD_2pass_results/K562_LysN_HCD/interact-20160126_alr_CompleteHumanProteome_K562_LysN_HCD_fr25_sub.pep.xml"
time="15:12:00" level=info msg="Parsing /scratch/negishi/afarzam/deepseq_fragger_2pass/MSV000086944_results_v3/second_pass_completeseq/LysN_CAD/LysN_CAD_2pass_results/K562_LysN_HCD/interact-20160126_alr_CompleteHumanProteome_K562_LysN_HCD_fr19_sub.pep.xml"
time="15:12:00" level=info msg="Parsing /scratch/negishi/afarzam/deepseq_fragger_2pass/MSV000086944_results_v3/second_pass_completeseq/LysN_CAD/LysN_CAD_2pass_results/K562_LysN_HCD/interact-20160126_alr_CompleteHumanProteome_K562_LysN_HCD_fr12_sub.pep.xml"
time="15:12:00" level=info msg="Parsing /scratch/negishi/afarzam/deepseq_fragger_2pass/MSV000086944_results_v3/second_pass_completeseq/LysN_CAD/LysN_CAD_2pass_results/K562_LysN_HCD/interact-20160126_alr_CompleteHumanProteome_K562_LysN_HCD_fr27_sub.pep.xml"
time="15:12:00" level=info msg="Parsing /scratch/negishi/afarzam/deepseq_fragger_2pass/MSV000086944_results_v3/second_pass_completeseq/LysN_CAD/LysN_CAD_2pass_results/K562_LysN_HCD/interact-20160126_alr_CompleteHumanProteome_K562_LysN_HCD_fr26_sub.pep.xml"
time="15:12:00" level=warning msg="No PSM was found in data set. /scratch/negishi/afarzam/deepseq_fragger_2pass/MSV000086944_results_v3/second_pass_completeseq/LysN_CAD/LysN_CAD_2pass_results/K562_LysN_HCD/interact-20160126_alr_CompleteHumanProteome_K562_LysN_HCD_fr7_sub.pep.xml"
time="15:12:00" level=info msg="Parsing /scratch/negishi/afarzam/deepseq_fragger_2pass/MSV000086944_results_v3/second_pass_completeseq/LysN_CAD/LysN_CAD_2pass_results/K562_LysN_HCD/interact-20160126_alr_CompleteHumanProteome_K562_LysN_HCD_fr23_sub.pep.xml"
time="15:12:00" level=info msg="Parsing /scratch/negishi/afarzam/deepseq_fragger_2pass/MSV000086944_results_v3/second_pass_completeseq/LysN_CAD/LysN_CAD_2pass_results/K562_LysN_HCD/interact-20160126_alr_CompleteHumanProteome_K562_LysN_HCD_fr8_sub.pep.xml"
time="15:12:00" level=info msg="Parsing /scratch/negishi/afarzam/deepseq_fragger_2pass/MSV000086944_results_v3/second_pass_completeseq/LysN_CAD/LysN_CAD_2pass_results/K562_LysN_HCD/interact-20160126_alr_CompleteHumanProteome_K562_LysN_HCD_fr9_sub.pep.xml"
time="15:12:00" level=info msg="Parsing /scratch/negishi/afarzam/deepseq_fragger_2pass/MSV000086944_results_v3/second_pass_completeseq/LysN_CAD/LysN_CAD_2pass_results/K562_LysN_HCD/interact-20160126_alr_CompleteHumanProteome_K562_LysN_HCD_fr28_sub.pep.xml"
time="15:12:00" level=info msg="Parsing /scratch/negishi/afarzam/deepseq_fragger_2pass/MSV000086944_results_v3/second_pass_completeseq/LysN_CAD/LysN_CAD_2pass_results/K562_LysN_HCD/interact-20160126_alr_CompleteHumanProteome_K562_LysN_HCD_fr11_sub.pep.xml"
time="15:12:00" level=info msg="Parsing /scratch/negishi/afarzam/deepseq_fragger_2pass/MSV000086944_results_v3/second_pass_completeseq/LysN_CAD/LysN_CAD_2pass_results/K562_LysN_HCD/interact-20160126_alr_CompleteHumanProteome_K562_LysN_HCD_fr31_sub.pep.xml"
time="15:12:00" level=info msg="Parsing /scratch/negishi/afarzam/deepseq_fragger_2pass/MSV000086944_results_v3/second_pass_completeseq/LysN_CAD/LysN_CAD_2pass_results/K562_LysN_HCD/interact-20160126_alr_CompleteHumanProteome_K562_LysN_HCD_fr24_sub.pep.xml"
time="15:12:00" level=info msg="Parsing /scratch/negishi/afarzam/deepseq_fragger_2pass/MSV000086944_results_v3/second_pass_completeseq/LysN_CAD/LysN_CAD_2pass_results/K562_LysN_HCD/interact-20160126_alr_CompleteHumanProteome_K562_LysN_HCD_fr32_sub.pep.xml"
time="15:12:00" level=info msg="Parsing /scratch/negishi/afarzam/deepseq_fragger_2pass/MSV000086944_results_v3/second_pass_completeseq/LysN_CAD/LysN_CAD_2pass_results/K562_LysN_HCD/interact-20160126_alr_CompleteHumanProteome_K562_LysN_HCD_fr3_160202174513_sub.pep.xml"
time="15:12:00" level=warning msg="No PSM was found in data set. /scratch/negishi/afarzam/deepseq_fragger_2pass/MSV000086944_results_v3/second_pass_completeseq/LysN_CAD/LysN_CAD_2pass_results/K562_LysN_HCD/interact-20160126_alr_CompleteHumanProteome_K562_LysN_HCD_fr8_sub.pep.xml"
time="15:12:00" level=info msg="Parsing /scratch/negishi/afarzam/deepseq_fragger_2pass/MSV000086944_results_v3/second_pass_completeseq/LysN_CAD/LysN_CAD_2pass_results/K562_LysN_HCD/interact-20160126_alr_CompleteHumanProteome_K562_LysN_HCD_fr4_sub.pep.xml"
time="15:12:00" level=warning msg="No PSM was found in data set. /scratch/negishi/afarzam/deepseq_fragger_2pass/MSV000086944_results_v3/second_pass_completeseq/LysN_CAD/LysN_CAD_2pass_results/K562_LysN_HCD/interact-20160126_alr_CompleteHumanProteome_K562_LysN_HCD_fr6_sub.pep.xml"
time="15:12:00" level=info msg="Parsing /scratch/negishi/afarzam/deepseq_fragger_2pass/MSV000086944_results_v3/second_pass_completeseq/LysN_CAD/LysN_CAD_2pass_results/K562_LysN_HCD/interact-20160126_alr_CompleteHumanProteome_K562_LysN_HCD_fr13_sub.pep.xml"
time="15:12:00" level=info msg="Parsing /scratch/negishi/afarzam/deepseq_fragger_2pass/MSV000086944_results_v3/second_pass_completeseq/LysN_CAD/LysN_CAD_2pass_results/K562_LysN_HCD/interact-20160126_alr_CompleteHumanProteome_K562_LysN_HCD_fr10_sub.pep.xml"
time="15:12:00" level=info msg="Parsing /scratch/negishi/afarzam/deepseq_fragger_2pass/MSV000086944_results_v3/second_pass_completeseq/LysN_CAD/LysN_CAD_2pass_results/K562_LysN_HCD/interact-20160126_alr_CompleteHumanProteome_K562_LysN_HCD_fr20_sub.pep.xml"
time="15:12:00" level=info msg="Parsing /scratch/negishi/afarzam/deepseq_fragger_2pass/MSV000086944_results_v3/second_pass_completeseq/LysN_CAD/LysN_CAD_2pass_results/K562_LysN_HCD/interact-20160126_alr_CompleteHumanProteome_K562_LysN_HCD_fr22_sub.pep.xml"
time="15:12:00" level=info msg="Parsing /scratch/negishi/afarzam/deepseq_fragger_2pass/MSV000086944_results_v3/second_pass_completeseq/LysN_CAD/LysN_CAD_2pass_results/K562_LysN_HCD/interact-20160126_alr_CompleteHumanProteome_K562_LysN_HCD_fr1_sub.pep.xml"
time="15:12:00" level=info msg="Parsing /scratch/negishi/afarzam/deepseq_fragger_2pass/MSV000086944_results_v3/second_pass_completeseq/LysN_CAD/LysN_CAD_2pass_results/K562_LysN_HCD/interact-20160126_alr_CompleteHumanProteome_K562_LysN_HCD_fr29_sub.pep.xml"
time="15:12:00" level=warning msg="No PSM was found in data set. /scratch/negishi/afarzam/deepseq_fragger_2pass/MSV000086944_results_v3/second_pass_completeseq/LysN_CAD/LysN_CAD_2pass_results/K562_LysN_HCD/interact-20160126_alr_CompleteHumanProteome_K562_LysN_HCD_fr3_160202174513_sub.pep.xml"
time="15:12:00" level=info msg="Parsing /scratch/negishi/afarzam/deepseq_fragger_2pass/MSV000086944_results_v3/second_pass_completeseq/LysN_CAD/LysN_CAD_2pass_results/K562_LysN_HCD/interact-20160126_alr_CompleteHumanProteome_K562_LysN_HCD_fr30_sub.pep.xml"
time="15:12:00" level=info msg="Parsing /scratch/negishi/afarzam/deepseq_fragger_2pass/MSV000086944_results_v3/second_pass_completeseq/LysN_CAD/LysN_CAD_2pass_results/K562_LysN_HCD/interact-20160126_alr_CompleteHumanProteome_K562_LysN_HCD_fr16_sub.pep.xml"
time="15:12:00" level=info msg="Parsing /scratch/negishi/afarzam/deepseq_fragger_2pass/MSV000086944_results_v3/second_pass_completeseq/LysN_CAD/LysN_CAD_2pass_results/K562_LysN_HCD/interact-20160126_alr_CompleteHumanProteome_K562_LysN_HCD_fr5_sub.pep.xml"
time="15:12:00" level=warning msg="No PSM was found in data set. /scratch/negishi/afarzam/deepseq_fragger_2pass/MSV000086944_results_v3/second_pass_completeseq/LysN_CAD/LysN_CAD_2pass_results/K562_LysN_HCD/interact-20160126_alr_CompleteHumanProteome_K562_LysN_HCD_fr32_sub.pep.xml"
time="15:12:00" level=info msg="Parsing /scratch/negishi/afarzam/deepseq_fragger_2pass/MSV000086944_results_v3/second_pass_completeseq/LysN_CAD/LysN_CAD_2pass_results/K562_LysN_HCD/interact-20160126_alr_CompleteHumanProteome_K562_LysN_HCD_fr21_sub.pep.xml"
time="15:12:00" level=warning msg="No PSM was found in data set. /scratch/negishi/afarzam/deepseq_fragger_2pass/MSV000086944_results_v3/second_pass_completeseq/LysN_CAD/LysN_CAD_2pass_results/K562_LysN_HCD/interact-20160126_alr_CompleteHumanProteome_K562_LysN_HCD_fr30_sub.pep.xml"
time="15:12:01" level=info msg="1+ Charge profile" decoy=0 target=0
time="15:12:01" level=info msg="2+ Charge profile" decoy=17 target=131
time="15:12:01" level=info msg="3+ Charge profile" decoy=23 target=125
time="15:12:01" level=info msg="4+ Charge profile" decoy=9 target=72
time="15:12:01" level=info msg="5+ Charge profile" decoy=6 target=17
time="15:12:01" level=info msg="6+ Charge profile" decoy=0 target=4
time="15:12:01" level=info msg="Database search results" ions=307 peptides=278 psms=415
time="15:12:01" level=info msg="Converged to 0.00 % FDR with 32 PSMs" decoy=0 threshold=0.843929 total=32
time="15:12:01" level=info msg="Converged to 0.00 % FDR with 17 Peptides" decoy=0 threshold=0.843929 total=17
time="15:12:01" level=info msg="Converged to 0.00 % FDR with 23 Ions" decoy=0 threshold=0.843929 total=23
time="15:12:01" level=info msg="Protein inference results" decoy=480 target=893
time="15:12:01" level=info msg="Converged to 0.00 % FDR with 28 Proteins" decoy=0 threshold=0.9698 total=28
time="15:12:01" level=info msg="Applying sequential FDR estimation" ions=14 peptides=8 psms=23
time="15:12:01" level=info msg="Converged to 0.00 % FDR with 22 PSMs" decoy=0 threshold=0.866165 total=22
time="15:12:01" level=info msg="Converged to 0.00 % FDR with 7 Peptides" decoy=0 threshold=0.872553 total=7
time="15:12:01" level=info msg="Converged to 0.00 % FDR with 13 Ions" decoy=0 threshold=0.872553 total=13
time="15:12:01" level=info msg="Post processing identifications"
time="15:12:01" level=info msg="Assigning protein identifications to layers"
time="15:12:01" level=info msg="Processing protein inference"
time="15:12:02" level=info msg="Synchronizing PSMs and proteins"
time="15:12:02" level=info msg="Final report numbers after FDR filtering, and post-processing" ions=13 peptides=7 proteins=7 psms=22
time="15:12:02" level=info msg=Saving
time="15:12:02" level=info msg=Done
