time="01:49:11" level=info msg="Executing Filter  v5.1.2"
time="01:49:11" level=info msg="Fetching protein inference from /scratch/negishi/afarzam/deepseq_fragger_2pass/MSV000086944_results_v3/second_pass_completeseq/AspN_CAD/AspN_CAD_2pass_results/GM12878_AspN_HCD"
time="01:49:11" level=info msg="Processing peptide identification files"
time="01:49:11" level=info msg="Parsing /scratch/negishi/afarzam/deepseq_fragger_2pass/MSV000086944_results_v3/second_pass_completeseq/AspN_CAD/AspN_CAD_2pass_results/HUVEC_AspN_HCD/interact-20151228_alr_CompleteHumanProteome_HUVEC_HCD_AspN_9_160102175027_sub.pep.xml"
time="01:49:11" level=info msg="Parsing /scratch/negishi/afarzam/deepseq_fragger_2pass/MSV000086944_results_v3/second_pass_completeseq/AspN_CAD/AspN_CAD_2pass_results/HUVEC_AspN_HCD/interact-20151228_alr_CompleteHumanProteome_HUVEC_HCD_AspN_33_160104071015_sub.pep.xml"
time="01:49:11" level=info msg="Parsing /scratch/negishi/afarzam/deepseq_fragger_2pass/MSV000086944_results_v3/second_pass_completeseq/AspN_CAD/AspN_CAD_2pass_results/HUVEC_AspN_HCD/interact-20151228_alr_CompleteHumanProteome_HUVEC_HCD_AspN_12_160102222914_sub.pep.xml"
time="01:49:11" level=info msg="Parsing /scratch/negishi/afarzam/deepseq_fragger_2pass/MSV000086944_results_v3/second_pass_completeseq/AspN_CAD/AspN_CAD_2pass_results/HUVEC_AspN_HCD/interact-20151228_alr_CompleteHumanProteome_HUVEC_HCD_AspN_5_160102113849_sub.pep.xml"
time="01:49:11" level=info msg="Parsing /scratch/negishi/afarzam/deepseq_fragger_2pass/MSV000086944_results_v3/second_pass_completeseq/AspN_CAD/AspN_CAD_2pass_results/HUVEC_AspN_HCD/interact-20151228_alr_CompleteHumanProteome_HUVEC_HCD_AspN_6_160102131148_sub.pep.xml"
time="01:49:11" level=info msg="Parsing /scratch/negishi/afarzam/deepseq_fragger_2pass/MSV000086944_results_v3/second_pass_completeseq/AspN_CAD/AspN_CAD_2pass_results/HUVEC_AspN_HCD/interact-20151228_alr_CompleteHumanProteome_HUVEC_HCD_AspN_15_160104114900_sub.pep.xml"
time="01:49:11" level=info msg="Parsing /scratch/negishi/afarzam/deepseq_fragger_2pass/MSV000086944_results_v3/second_pass_completeseq/AspN_CAD/AspN_CAD_2pass_results/HUVEC_AspN_HCD/interact-20151228_alr_CompleteHumanProteome_HUVEC_HCD_AspN_35_sub.pep.xml"
time="01:49:11" level=info msg="Parsing /scratch/negishi/afarzam/deepseq_fragger_2pass/MSV000086944_results_v3/second_pass_completeseq/AspN_CAD/AspN_CAD_2pass_results/HUVEC_AspN_HCD/interact-20151228_alr_CompleteHumanProteome_HUVEC_HCD_AspN_7_160102144441_sub.pep.xml"
time="01:49:11" level=info msg="Parsing /scratch/negishi/afarzam/deepseq_fragger_2pass/MSV000086944_results_v3/second_pass_completeseq/AspN_CAD/AspN_CAD_2pass_results/HUVEC_AspN_HCD/interact-20151228_alr_CompleteHumanProteome_HUVEC_HCD_AspN_4_160102100555_sub.pep.xml"
time="01:49:11" level=info msg="Parsing /scratch/negishi/afarzam/deepseq_fragger_2pass/MSV000086944_results_v3/second_pass_completeseq/AspN_CAD/AspN_CAD_2pass_results/HUVEC_AspN_HCD/interact-20151228_alr_CompleteHumanProteome_HUVEC_HCD_AspN_13_160103000212_sub.pep.xml"
time="01:49:11" level=info msg="Parsing /scratch/negishi/afarzam/deepseq_fragger_2pass/MSV000086944_results_v3/second_pass_completeseq/AspN_CAD/AspN_CAD_2pass_results/HUVEC_AspN_HCD/interact-20151228_alr_CompleteHumanProteome_HUVEC_HCD_AspN_14_160103013507_sub.pep.xml"
time="01:49:11" level=info msg="Parsing /scratch/negishi/afarzam/deepseq_fragger_2pass/MSV000086944_results_v3/second_pass_completeseq/AspN_CAD/AspN_CAD_2pass_results/HUVEC_AspN_HCD/interact-20151228_alr_CompleteHumanProteome_HUVEC_HCD_AspN_8_160102161735_sub.pep.xml"
time="01:49:11" level=info msg="Parsing /scratch/negishi/afarzam/deepseq_fragger_2pass/MSV000086944_results_v3/second_pass_completeseq/AspN_CAD/AspN_CAD_2pass_results/HUVEC_AspN_HCD/interact-20151228_alr_CompleteHumanProteome_HUVEC_HCD_AspN_3_160102083256_sub.pep.xml"
time="01:49:11" level=warning msg="No PSM was found in data set. /scratch/negishi/afarzam/deepseq_fragger_2pass/MSV000086944_results_v3/second_pass_completeseq/AspN_CAD/AspN_CAD_2pass_results/HUVEC_AspN_HCD/interact-20151228_alr_CompleteHumanProteome_HUVEC_HCD_AspN_12_160102222914_sub.pep.xml"
time="01:49:11" level=info msg="Parsing /scratch/negishi/afarzam/deepseq_fragger_2pass/MSV000086944_results_v3/second_pass_completeseq/AspN_CAD/AspN_CAD_2pass_results/HUVEC_AspN_HCD/interact-20151228_alr_CompleteHumanProteome_HUVEC_HCD_AspN_11_160102205617_sub.pep.xml"
time="01:49:11" level=warning msg="No PSM was found in data set. /scratch/negishi/afarzam/deepseq_fragger_2pass/MSV000086944_results_v3/second_pass_completeseq/AspN_CAD/AspN_CAD_2pass_results/HUVEC_AspN_HCD/interact-20151228_alr_CompleteHumanProteome_HUVEC_HCD_AspN_33_160104071015_sub.pep.xml"
time="01:49:11" level=info msg="Parsing /scratch/negishi/afarzam/deepseq_fragger_2pass/MSV000086944_results_v3/second_pass_completeseq/AspN_CAD/AspN_CAD_2pass_results/HUVEC_AspN_HCD/interact-20151228_alr_CompleteHumanProteome_HUVEC_HCD_AspN_10_160102192321_sub.pep.xml"
time="01:49:11" level=info msg="Parsing /scratch/negishi/afarzam/deepseq_fragger_2pass/MSV000086944_results_v3/second_pass_completeseq/AspN_CAD/AspN_CAD_2pass_results/HUVEC_AspN_HCD/interact-20151228_alr_CompleteHumanProteome_HUVEC_HCD_AspN_16_160103044058_sub.pep.xml"
time="01:49:11" level=info msg="Parsing /scratch/negishi/afarzam/deepseq_fragger_2pass/MSV000086944_results_v3/second_pass_completeseq/AspN_CAD/AspN_CAD_2pass_results/HUVEC_AspN_HCD/interact-20151228_alr_CompleteHumanProteome_HUVEC_HCD_AspN_34_160104084308_sub.pep.xml"
time="01:49:11" level=warning msg="No PSM was found in data set. /scratch/negishi/afarzam/deepseq_fragger_2pass/MSV000086944_results_v3/second_pass_completeseq/AspN_CAD/AspN_CAD_2pass_results/HUVEC_AspN_HCD/interact-20151228_alr_CompleteHumanProteome_HUVEC_HCD_AspN_15_160104114900_sub.pep.xml"
time="01:49:11" level=info msg="Parsing /scratch/negishi/afarzam/deepseq_fragger_2pass/MSV000086944_results_v3/second_pass_completeseq/AspN_CAD/AspN_CAD_2pass_results/HUVEC_AspN_HCD/interact-20151228_alr_CompleteHumanProteome_HUVEC_HCD_AspN_19_160104180236_sub.pep.xml"
time="01:49:11" level=warning msg="No PSM was found in data set. /scratch/negishi/afarzam/deepseq_fragger_2pass/MSV000086944_results_v3/second_pass_completeseq/AspN_CAD/AspN_CAD_2pass_results/HUVEC_AspN_HCD/interact-20151228_alr_CompleteHumanProteome_HUVEC_HCD_AspN_5_160102113849_sub.pep.xml"
time="01:49:11" level=info msg="Parsing /scratch/negishi/afarzam/deepseq_fragger_2pass/MSV000086944_results_v3/second_pass_completeseq/AspN_CAD/AspN_CAD_2pass_results/HUVEC_AspN_HCD/interact-20151228_alr_CompleteHumanProteome_HUVEC_HCD_AspN_17_160104145646_sub.pep.xml"
time="01:49:11" level=info msg="Parsing /scratch/negishi/afarzam/deepseq_fragger_2pass/MSV000086944_results_v3/second_pass_completeseq/AspN_CAD/AspN_CAD_2pass_results/HUVEC_AspN_HCD/interact-20151228_alr_CompleteHumanProteome_HUVEC_HCD_AspN_16_160104132352_sub.pep.xml"
time="01:49:11" level=warning msg="No PSM was found in data set. /scratch/negishi/afarzam/deepseq_fragger_2pass/MSV000086944_results_v3/second_pass_completeseq/AspN_CAD/AspN_CAD_2pass_results/HUVEC_AspN_HCD/interact-20151228_alr_CompleteHumanProteome_HUVEC_HCD_AspN_13_160103000212_sub.pep.xml"
time="01:49:11" level=info msg="Parsing /scratch/negishi/afarzam/deepseq_fragger_2pass/MSV000086944_results_v3/second_pass_completeseq/AspN_CAD/AspN_CAD_2pass_results/HUVEC_AspN_HCD/interact-20151228_alr_CompleteHumanProteome_HUVEC_HCD_AspN_18_160104162941_sub.pep.xml"
time="01:49:11" level=info msg="Parsing /scratch/negishi/afarzam/deepseq_fragger_2pass/MSV000086944_results_v3/second_pass_completeseq/AspN_CAD/AspN_CAD_2pass_results/HUVEC_AspN_HCD/interact-20151228_alr_CompleteHumanProteome_HUVEC_HCD_AspN_15_160103030803_sub.pep.xml"
time="01:49:11" level=warning msg="No PSM was found in data set. /scratch/negishi/afarzam/deepseq_fragger_2pass/MSV000086944_results_v3/second_pass_completeseq/AspN_CAD/AspN_CAD_2pass_results/HUVEC_AspN_HCD/interact-20151228_alr_CompleteHumanProteome_HUVEC_HCD_AspN_6_160102131148_sub.pep.xml"
time="01:49:11" level=info msg="Parsing /scratch/negishi/afarzam/deepseq_fragger_2pass/MSV000086944_results_v3/second_pass_completeseq/AspN_CAD/AspN_CAD_2pass_results/HUVEC_AspN_HCD/interact-20151228_alr_CompleteHumanProteome_HUVEC_HCD_AspN_32_160104053721_sub.pep.xml"
time="01:49:11" level=warning msg="No PSM was found in data set. /scratch/negishi/afarzam/deepseq_fragger_2pass/MSV000086944_results_v3/second_pass_completeseq/AspN_CAD/AspN_CAD_2pass_results/HUVEC_AspN_HCD/interact-20151228_alr_CompleteHumanProteome_HUVEC_HCD_AspN_7_160102144441_sub.pep.xml"
time="01:49:11" level=warning msg="No PSM was found in data set. /scratch/negishi/afarzam/deepseq_fragger_2pass/MSV000086944_results_v3/second_pass_completeseq/AspN_CAD/AspN_CAD_2pass_results/HUVEC_AspN_HCD/interact-20151228_alr_CompleteHumanProteome_HUVEC_HCD_AspN_19_160104180236_sub.pep.xml"
time="01:49:11" level=warning msg="No PSM was found in data set. /scratch/negishi/afarzam/deepseq_fragger_2pass/MSV000086944_results_v3/second_pass_completeseq/AspN_CAD/AspN_CAD_2pass_results/HUVEC_AspN_HCD/interact-20151228_alr_CompleteHumanProteome_HUVEC_HCD_AspN_11_160102205617_sub.pep.xml"
time="01:49:11" level=warning msg="No PSM was found in data set. /scratch/negishi/afarzam/deepseq_fragger_2pass/MSV000086944_results_v3/second_pass_completeseq/AspN_CAD/AspN_CAD_2pass_results/HUVEC_AspN_HCD/interact-20151228_alr_CompleteHumanProteome_HUVEC_HCD_AspN_16_160103044058_sub.pep.xml"
time="01:49:11" level=warning msg="No PSM was found in data set. /scratch/negishi/afarzam/deepseq_fragger_2pass/MSV000086944_results_v3/second_pass_completeseq/AspN_CAD/AspN_CAD_2pass_results/HUVEC_AspN_HCD/interact-20151228_alr_CompleteHumanProteome_HUVEC_HCD_AspN_34_160104084308_sub.pep.xml"
time="01:49:11" level=warning msg="No PSM was found in data set. /scratch/negishi/afarzam/deepseq_fragger_2pass/MSV000086944_results_v3/second_pass_completeseq/AspN_CAD/AspN_CAD_2pass_results/HUVEC_AspN_HCD/interact-20151228_alr_CompleteHumanProteome_HUVEC_HCD_AspN_15_160103030803_sub.pep.xml"
time="01:49:11" level=warning msg="No PSM was found in data set. /scratch/negishi/afarzam/deepseq_fragger_2pass/MSV000086944_results_v3/second_pass_completeseq/AspN_CAD/AspN_CAD_2pass_results/HUVEC_AspN_HCD/interact-20151228_alr_CompleteHumanProteome_HUVEC_HCD_AspN_3_160102083256_sub.pep.xml"
time="01:49:11" level=warning msg="No PSM was found in data set. /scratch/negishi/afarzam/deepseq_fragger_2pass/MSV000086944_results_v3/second_pass_completeseq/AspN_CAD/AspN_CAD_2pass_results/HUVEC_AspN_HCD/interact-20151228_alr_CompleteHumanProteome_HUVEC_HCD_AspN_17_160104145646_sub.pep.xml"
time="01:49:11" level=warning msg="No PSM was found in data set. /scratch/negishi/afarzam/deepseq_fragger_2pass/MSV000086944_results_v3/second_pass_completeseq/AspN_CAD/AspN_CAD_2pass_results/HUVEC_AspN_HCD/interact-20151228_alr_CompleteHumanProteome_HUVEC_HCD_AspN_16_160104132352_sub.pep.xml"
time="01:49:11" level=warning msg="No PSM was found in data set. /scratch/negishi/afarzam/deepseq_fragger_2pass/MSV000086944_results_v3/second_pass_completeseq/AspN_CAD/AspN_CAD_2pass_results/HUVEC_AspN_HCD/interact-20151228_alr_CompleteHumanProteome_HUVEC_HCD_AspN_18_160104162941_sub.pep.xml"
time="01:49:11" level=info msg="1+ Charge profile" decoy=0 target=0
time="01:49:11" level=info msg="2+ Charge profile" decoy=2 target=12
time="01:49:11" level=info msg="3+ Charge profile" decoy=2 target=7
time="01:49:11" level=info msg="4+ Charge profile" decoy=1 target=2
time="01:49:11" level=info msg="5+ Charge profile" decoy=0 target=1
time="01:49:11" level=info msg="6+ Charge profile" decoy=1 target=0
time="01:49:11" level=info msg="Database search results" ions=21 peptides=18 psms=28
time="01:49:11" level=info msg="Converged to 0.00 % FDR with 9 PSMs" decoy=0 threshold=0.763373 total=9
time="01:49:11" level=info msg="Converged to 0.00 % FDR with 3 Peptides" decoy=0 threshold=0.843939 total=3
time="01:49:11" level=info msg="Converged to 0.00 % FDR with 5 Ions" decoy=0 threshold=0.788389 total=5
time="01:49:11" level=info msg="Protein inference results" decoy=167 target=355
time="01:49:11" level=info msg="Converged to 0.00 % FDR with 19 Proteins" decoy=0 threshold=0.9584 total=19
time="01:49:11" level=info msg="Applying sequential FDR estimation" ions=2 peptides=1 psms=5
time="01:49:11" level=info msg="Converged to 0.00 % FDR with 4 PSMs" decoy=0 threshold=0.868782 total=4
time="01:49:11" level=info msg="Converged to 0.00 % FDR with 0 Peptides" decoy=0 threshold=10 total=0
time="01:49:11" level=info msg="Converged to 0.00 % FDR with 1 Ions" decoy=0 threshold=0.999273 total=1
time="01:49:11" level=info msg="Post processing identifications"
time="01:49:11" level=info msg="Assigning protein identifications to layers"
time="01:49:12" level=info msg="Processing protein inference"
time="01:49:12" level=info msg="Synchronizing PSMs and proteins"
time="01:49:12" level=info msg="Final report numbers after FDR filtering, and post-processing" ions=1 peptides=0 proteins=1 psms=4
time="01:49:12" level=info msg=Saving
time="01:49:12" level=info msg=Done
