time="03:23:13" level=info msg="Executing Filter  v5.1.2"
time="03:23:13" level=info msg="Fetching protein inference from /scratch/negishi/afarzam/deepseq_fragger_2pass/MSV000086944_results_v3/second_pass_completeseq/GluC_CAD/GluC_CAD_2pass_results/GM12878_GluC_CAD"
time="03:23:14" level=info msg="Processing peptide identification files"
time="03:23:14" level=info msg="Parsing /scratch/negishi/afarzam/deepseq_fragger_2pass/MSV000086944_results_v3/second_pass_completeseq/GluC_CAD/GluC_CAD_2pass_results/K562_GluC_HCD/interact-20160205_alr_CompleteHumanProteome_K562_GluC_HCD_fr9_sub.pep.xml"
time="03:23:14" level=info msg="Parsing /scratch/negishi/afarzam/deepseq_fragger_2pass/MSV000086944_results_v3/second_pass_completeseq/GluC_CAD/GluC_CAD_2pass_results/K562_GluC_HCD/interact-20160205_alr_CompleteHumanProteome_K562_GluC_HCD_fr17_sub.pep.xml"
time="03:23:14" level=info msg="Parsing /scratch/negishi/afarzam/deepseq_fragger_2pass/MSV000086944_results_v3/second_pass_completeseq/GluC_CAD/GluC_CAD_2pass_results/K562_GluC_HCD/interact-20160205_alr_CompleteHumanProteome_K562_GluC_HCD_fr24_sub.pep.xml"
time="03:23:14" level=info msg="Parsing /scratch/negishi/afarzam/deepseq_fragger_2pass/MSV000086944_results_v3/second_pass_completeseq/GluC_CAD/GluC_CAD_2pass_results/K562_GluC_HCD/interact-20160205_alr_CompleteHumanProteome_K562_GluC_HCD_fr3_sub.pep.xml"
time="03:23:14" level=info msg="Parsing /scratch/negishi/afarzam/deepseq_fragger_2pass/MSV000086944_results_v3/second_pass_completeseq/GluC_CAD/GluC_CAD_2pass_results/K562_GluC_HCD/interact-20160205_alr_CompleteHumanProteome_K562_GluC_HCD_fr25_sub.pep.xml"
time="03:23:14" level=info msg="Parsing /scratch/negishi/afarzam/deepseq_fragger_2pass/MSV000086944_results_v3/second_pass_completeseq/GluC_CAD/GluC_CAD_2pass_results/K562_GluC_HCD/interact-20160205_alr_CompleteHumanProteome_K562_GluC_HCD_fr6_sub.pep.xml"
time="03:23:14" level=info msg="Parsing /scratch/negishi/afarzam/deepseq_fragger_2pass/MSV000086944_results_v3/second_pass_completeseq/GluC_CAD/GluC_CAD_2pass_results/K562_GluC_HCD/interact-20160205_alr_CompleteHumanProteome_K562_GluC_HCD_fr16_sub.pep.xml"
time="03:23:14" level=info msg="Parsing /scratch/negishi/afarzam/deepseq_fragger_2pass/MSV000086944_results_v3/second_pass_completeseq/GluC_CAD/GluC_CAD_2pass_results/K562_GluC_HCD/interact-20160205_alr_CompleteHumanProteome_K562_GluC_HCD_fr12_sub.pep.xml"
time="03:23:14" level=info msg="Parsing /scratch/negishi/afarzam/deepseq_fragger_2pass/MSV000086944_results_v3/second_pass_completeseq/GluC_CAD/GluC_CAD_2pass_results/K562_GluC_HCD/interact-20160205_alr_CompleteHumanProteome_K562_GluC_HCD_fr29_sub.pep.xml"
time="03:23:14" level=info msg="Parsing /scratch/negishi/afarzam/deepseq_fragger_2pass/MSV000086944_results_v3/second_pass_completeseq/GluC_CAD/GluC_CAD_2pass_results/K562_GluC_HCD/interact-20160205_alr_CompleteHumanProteome_K562_GluC_HCD_fr8_sub.pep.xml"
time="03:23:14" level=info msg="Parsing /scratch/negishi/afarzam/deepseq_fragger_2pass/MSV000086944_results_v3/second_pass_completeseq/GluC_CAD/GluC_CAD_2pass_results/K562_GluC_HCD/interact-20160205_alr_CompleteHumanProteome_K562_GluC_HCD_fr2_sub.pep.xml"
time="03:23:14" level=info msg="Parsing /scratch/negishi/afarzam/deepseq_fragger_2pass/MSV000086944_results_v3/second_pass_completeseq/GluC_CAD/GluC_CAD_2pass_results/K562_GluC_HCD/interact-20160205_alr_CompleteHumanProteome_K562_GluC_HCD_fr14_sub.pep.xml"
time="03:23:14" level=info msg="Parsing /scratch/negishi/afarzam/deepseq_fragger_2pass/MSV000086944_results_v3/second_pass_completeseq/GluC_CAD/GluC_CAD_2pass_results/K562_GluC_HCD/interact-20160205_alr_CompleteHumanProteome_K562_GluC_HCD_fr13_sub.pep.xml"
time="03:23:14" level=info msg="Parsing /scratch/negishi/afarzam/deepseq_fragger_2pass/MSV000086944_results_v3/second_pass_completeseq/GluC_CAD/GluC_CAD_2pass_results/K562_GluC_HCD/interact-20160205_alr_CompleteHumanProteome_K562_GluC_HCD_fr30_sub.pep.xml"
time="03:23:14" level=info msg="Parsing /scratch/negishi/afarzam/deepseq_fragger_2pass/MSV000086944_results_v3/second_pass_completeseq/GluC_CAD/GluC_CAD_2pass_results/K562_GluC_HCD/interact-20160205_alr_CompleteHumanProteome_K562_GluC_HCD_fr28_sub.pep.xml"
time="03:23:14" level=info msg="Parsing /scratch/negishi/afarzam/deepseq_fragger_2pass/MSV000086944_results_v3/second_pass_completeseq/GluC_CAD/GluC_CAD_2pass_results/K562_GluC_HCD/interact-20160205_alr_CompleteHumanProteome_K562_GluC_HCD_fr5_sub.pep.xml"
time="03:23:14" level=info msg="Parsing /scratch/negishi/afarzam/deepseq_fragger_2pass/MSV000086944_results_v3/second_pass_completeseq/GluC_CAD/GluC_CAD_2pass_results/K562_GluC_HCD/interact-20160205_alr_CompleteHumanProteome_K562_GluC_HCD_fr27_sub.pep.xml"
time="03:23:14" level=info msg="Parsing /scratch/negishi/afarzam/deepseq_fragger_2pass/MSV000086944_results_v3/second_pass_completeseq/GluC_CAD/GluC_CAD_2pass_results/K562_GluC_HCD/interact-20160205_alr_CompleteHumanProteome_K562_GluC_HCD_fr15_sub.pep.xml"
time="03:23:14" level=info msg="Parsing /scratch/negishi/afarzam/deepseq_fragger_2pass/MSV000086944_results_v3/second_pass_completeseq/GluC_CAD/GluC_CAD_2pass_results/K562_GluC_HCD/interact-20160205_alr_CompleteHumanProteome_K562_GluC_HCD_fr4_sub.pep.xml"
time="03:23:14" level=info msg="Parsing /scratch/negishi/afarzam/deepseq_fragger_2pass/MSV000086944_results_v3/second_pass_completeseq/GluC_CAD/GluC_CAD_2pass_results/K562_GluC_HCD/interact-20160205_alr_CompleteHumanProteome_K562_GluC_HCD_fr19_sub.pep.xml"
time="03:23:14" level=info msg="Parsing /scratch/negishi/afarzam/deepseq_fragger_2pass/MSV000086944_results_v3/second_pass_completeseq/GluC_CAD/GluC_CAD_2pass_results/K562_GluC_HCD/interact-20160205_alr_CompleteHumanProteome_K562_GluC_HCD_fr18_sub.pep.xml"
time="03:23:14" level=info msg="Parsing /scratch/negishi/afarzam/deepseq_fragger_2pass/MSV000086944_results_v3/second_pass_completeseq/GluC_CAD/GluC_CAD_2pass_results/K562_GluC_HCD/interact-20160205_alr_CompleteHumanProteome_K562_GluC_HCD_fr10_sub.pep.xml"
time="03:23:14" level=info msg="Parsing /scratch/negishi/afarzam/deepseq_fragger_2pass/MSV000086944_results_v3/second_pass_completeseq/GluC_CAD/GluC_CAD_2pass_results/K562_GluC_HCD/interact-20160205_alr_CompleteHumanProteome_K562_GluC_HCD_fr20_sub.pep.xml"
time="03:23:14" level=info msg="Parsing /scratch/negishi/afarzam/deepseq_fragger_2pass/MSV000086944_results_v3/second_pass_completeseq/GluC_CAD/GluC_CAD_2pass_results/K562_GluC_HCD/interact-20160205_alr_CompleteHumanProteome_K562_GluC_HCD_fr23_sub.pep.xml"
time="03:23:14" level=info msg="Parsing /scratch/negishi/afarzam/deepseq_fragger_2pass/MSV000086944_results_v3/second_pass_completeseq/GluC_CAD/GluC_CAD_2pass_results/K562_GluC_HCD/interact-20160205_alr_CompleteHumanProteome_K562_GluC_HCD_fr22_sub.pep.xml"
time="03:23:14" level=info msg="Parsing /scratch/negishi/afarzam/deepseq_fragger_2pass/MSV000086944_results_v3/second_pass_completeseq/GluC_CAD/GluC_CAD_2pass_results/K562_GluC_HCD/interact-20160205_alr_CompleteHumanProteome_K562_GluC_HCD_fr26_sub.pep.xml"
time="03:23:14" level=info msg="Parsing /scratch/negishi/afarzam/deepseq_fragger_2pass/MSV000086944_results_v3/second_pass_completeseq/GluC_CAD/GluC_CAD_2pass_results/K562_GluC_HCD/interact-20160205_alr_CompleteHumanProteome_K562_GluC_HCD_fr21_sub.pep.xml"
time="03:23:14" level=info msg="Parsing /scratch/negishi/afarzam/deepseq_fragger_2pass/MSV000086944_results_v3/second_pass_completeseq/GluC_CAD/GluC_CAD_2pass_results/K562_GluC_HCD/interact-20160205_alr_CompleteHumanProteome_K562_GluC_HCD_fr1_sub.pep.xml"
time="03:23:14" level=info msg="Parsing /scratch/negishi/afarzam/deepseq_fragger_2pass/MSV000086944_results_v3/second_pass_completeseq/GluC_CAD/GluC_CAD_2pass_results/K562_GluC_HCD/interact-20160205_alr_CompleteHumanProteome_K562_GluC_HCD_fr7_sub.pep.xml"
time="03:23:14" level=info msg="Parsing /scratch/negishi/afarzam/deepseq_fragger_2pass/MSV000086944_results_v3/second_pass_completeseq/GluC_CAD/GluC_CAD_2pass_results/K562_GluC_HCD/interact-20160205_alr_CompleteHumanProteome_K562_GluC_HCD_fr11_sub.pep.xml"
time="03:23:14" level=warning msg="No PSM was found in data set. /scratch/negishi/afarzam/deepseq_fragger_2pass/MSV000086944_results_v3/second_pass_completeseq/GluC_CAD/GluC_CAD_2pass_results/K562_GluC_HCD/interact-20160205_alr_CompleteHumanProteome_K562_GluC_HCD_fr10_sub.pep.xml"
time="03:23:14" level=warning msg="No PSM was found in data set. /scratch/negishi/afarzam/deepseq_fragger_2pass/MSV000086944_results_v3/second_pass_completeseq/GluC_CAD/GluC_CAD_2pass_results/K562_GluC_HCD/interact-20160205_alr_CompleteHumanProteome_K562_GluC_HCD_fr5_sub.pep.xml"
time="03:23:14" level=warning msg="No PSM was found in data set. /scratch/negishi/afarzam/deepseq_fragger_2pass/MSV000086944_results_v3/second_pass_completeseq/GluC_CAD/GluC_CAD_2pass_results/K562_GluC_HCD/interact-20160205_alr_CompleteHumanProteome_K562_GluC_HCD_fr4_sub.pep.xml"
time="03:23:14" level=info msg="1+ Charge profile" decoy=0 target=0
time="03:23:14" level=info msg="2+ Charge profile" decoy=47 target=255
time="03:23:14" level=info msg="3+ Charge profile" decoy=27 target=204
time="03:23:14" level=info msg="4+ Charge profile" decoy=14 target=33
time="03:23:14" level=info msg="5+ Charge profile" decoy=1 target=31
time="03:23:14" level=info msg="6+ Charge profile" decoy=2 target=5
time="03:23:14" level=info msg="Database search results" ions=335 peptides=315 psms=631
time="03:23:14" level=info msg="Converged to 0.92 % FDR with 109 PSMs" decoy=1 threshold=0.843654 total=110
time="03:23:14" level=info msg="Converged to 0.00 % FDR with 14 Peptides" decoy=0 threshold=0.90345 total=14
time="03:23:14" level=info msg="Converged to 0.00 % FDR with 15 Ions" decoy=0 threshold=0.90345 total=15
time="03:23:14" level=info msg="Protein inference results" decoy=1100 target=1282
time="03:23:15" level=info msg="Converged to 0.00 % FDR with 28 Proteins" decoy=0 threshold=0.9684 total=28
time="03:23:15" level=info msg="Applying sequential FDR estimation" ions=20 peptides=18 psms=94
time="03:23:15" level=info msg="Converged to 0.00 % FDR with 93 PSMs" decoy=0 threshold=0.844189 total=93
time="03:23:15" level=info msg="Converged to 0.00 % FDR with 17 Peptides" decoy=0 threshold=0.868396 total=17
time="03:23:15" level=info msg="Converged to 0.00 % FDR with 19 Ions" decoy=0 threshold=0.857057 total=19
time="03:23:15" level=info msg="Post processing identifications"
time="03:23:15" level=info msg="Assigning protein identifications to layers"
time="03:23:15" level=info msg="Processing protein inference"
time="03:23:15" level=info msg="Synchronizing PSMs and proteins"
time="03:23:15" level=info msg="Final report numbers after FDR filtering, and post-processing" ions=19 peptides=17 proteins=10 psms=93
time="03:23:15" level=info msg=Saving
time="03:23:15" level=info msg=Done
