time="14:47:30" level=info msg="Executing Filter  v5.1.2"
time="14:47:30" level=info msg="Fetching protein inference from /scratch/negishi/afarzam/deepseq_fragger_2pass/MSV000086944_results_v3/second_pass_completeseq/LysN_ETD/LysN_ETD_2pass_results/GM12878_LysN_ETD"
time="14:47:30" level=info msg="Processing peptide identification files"
time="14:47:30" level=info msg="Parsing /scratch/negishi/afarzam/deepseq_fragger_2pass/MSV000086944_results_v3/second_pass_completeseq/LysN_ETD/LysN_ETD_2pass_results/K562_LysN_ETD/interact-20160202_alr_CompleteHumanProteome_K562_LysN_ETD_fr15_sub.pep.xml"
time="14:47:30" level=info msg="Parsing /scratch/negishi/afarzam/deepseq_fragger_2pass/MSV000086944_results_v3/second_pass_completeseq/LysN_ETD/LysN_ETD_2pass_results/K562_LysN_ETD/interact-20160202_alr_CompleteHumanProteome_K562_LysN_ETD_fr10_sub.pep.xml"
time="14:47:30" level=info msg="Parsing /scratch/negishi/afarzam/deepseq_fragger_2pass/MSV000086944_results_v3/second_pass_completeseq/LysN_ETD/LysN_ETD_2pass_results/K562_LysN_ETD/interact-20160202_alr_CompleteHumanProteome_K562_LysN_ETD_fr9_sub.pep.xml"
time="14:47:30" level=info msg="Parsing /scratch/negishi/afarzam/deepseq_fragger_2pass/MSV000086944_results_v3/second_pass_completeseq/LysN_ETD/LysN_ETD_2pass_results/K562_LysN_ETD/interact-20160202_alr_CompleteHumanProteome_K562_LysN_ETD_fr22_sub.pep.xml"
time="14:47:30" level=info msg="Parsing /scratch/negishi/afarzam/deepseq_fragger_2pass/MSV000086944_results_v3/second_pass_completeseq/LysN_ETD/LysN_ETD_2pass_results/K562_LysN_ETD/interact-20160202_alr_CompleteHumanProteome_K562_LysN_ETD_fr14_sub.pep.xml"
time="14:47:30" level=info msg="Parsing /scratch/negishi/afarzam/deepseq_fragger_2pass/MSV000086944_results_v3/second_pass_completeseq/LysN_ETD/LysN_ETD_2pass_results/K562_LysN_ETD/interact-20160202_alr_CompleteHumanProteome_K562_LysN_ETD_fr31_sub.pep.xml"
time="14:47:30" level=info msg="Parsing /scratch/negishi/afarzam/deepseq_fragger_2pass/MSV000086944_results_v3/second_pass_completeseq/LysN_ETD/LysN_ETD_2pass_results/K562_LysN_ETD/interact-20160202_alr_CompleteHumanProteome_K562_LysN_ETD_fr27_sub.pep.xml"
time="14:47:30" level=info msg="Parsing /scratch/negishi/afarzam/deepseq_fragger_2pass/MSV000086944_results_v3/second_pass_completeseq/LysN_ETD/LysN_ETD_2pass_results/K562_LysN_ETD/interact-20160202_alr_CompleteHumanProteome_K562_LysN_ETD_fr5_sub.pep.xml"
time="14:47:30" level=info msg="Parsing /scratch/negishi/afarzam/deepseq_fragger_2pass/MSV000086944_results_v3/second_pass_completeseq/LysN_ETD/LysN_ETD_2pass_results/K562_LysN_ETD/interact-20160202_alr_CompleteHumanProteome_K562_LysN_ETD_fr11_sub.pep.xml"
time="14:47:30" level=info msg="Parsing /scratch/negishi/afarzam/deepseq_fragger_2pass/MSV000086944_results_v3/second_pass_completeseq/LysN_ETD/LysN_ETD_2pass_results/K562_LysN_ETD/interact-20160202_alr_CompleteHumanProteome_K562_LysN_ETD_fr30_sub.pep.xml"
time="14:47:30" level=info msg="Parsing /scratch/negishi/afarzam/deepseq_fragger_2pass/MSV000086944_results_v3/second_pass_completeseq/LysN_ETD/LysN_ETD_2pass_results/K562_LysN_ETD/interact-20160202_alr_CompleteHumanProteome_K562_LysN_ETD_fr2_sub.pep.xml"
time="14:47:30" level=info msg="Parsing /scratch/negishi/afarzam/deepseq_fragger_2pass/MSV000086944_results_v3/second_pass_completeseq/LysN_ETD/LysN_ETD_2pass_results/K562_LysN_ETD/interact-20160202_alr_CompleteHumanProteome_K562_LysN_ETD_fr29_sub.pep.xml"
time="14:47:30" level=info msg="Parsing /scratch/negishi/afarzam/deepseq_fragger_2pass/MSV000086944_results_v3/second_pass_completeseq/LysN_ETD/LysN_ETD_2pass_results/K562_LysN_ETD/interact-20160202_alr_CompleteHumanProteome_K562_LysN_ETD_fr28_sub.pep.xml"
time="14:47:30" level=info msg="Parsing /scratch/negishi/afarzam/deepseq_fragger_2pass/MSV000086944_results_v3/second_pass_completeseq/LysN_ETD/LysN_ETD_2pass_results/K562_LysN_ETD/interact-20160202_alr_CompleteHumanProteome_K562_LysN_ETD_fr20_sub.pep.xml"
time="14:47:30" level=info msg="Parsing /scratch/negishi/afarzam/deepseq_fragger_2pass/MSV000086944_results_v3/second_pass_completeseq/LysN_ETD/LysN_ETD_2pass_results/K562_LysN_ETD/interact-20160202_alr_CompleteHumanProteome_K562_LysN_ETD_fr32_sub.pep.xml"
time="14:47:30" level=info msg="Parsing /scratch/negishi/afarzam/deepseq_fragger_2pass/MSV000086944_results_v3/second_pass_completeseq/LysN_ETD/LysN_ETD_2pass_results/K562_LysN_ETD/interact-20160202_alr_CompleteHumanProteome_K562_LysN_ETD_fr7_sub.pep.xml"
time="14:47:30" level=info msg="Parsing /scratch/negishi/afarzam/deepseq_fragger_2pass/MSV000086944_results_v3/second_pass_completeseq/LysN_ETD/LysN_ETD_2pass_results/K562_LysN_ETD/interact-20160202_alr_CompleteHumanProteome_K562_LysN_ETD_fr21_sub.pep.xml"
time="14:47:30" level=info msg="Parsing /scratch/negishi/afarzam/deepseq_fragger_2pass/MSV000086944_results_v3/second_pass_completeseq/LysN_ETD/LysN_ETD_2pass_results/K562_LysN_ETD/interact-20160202_alr_CompleteHumanProteome_K562_LysN_ETD_fr12_sub.pep.xml"
time="14:47:30" level=info msg="Parsing /scratch/negishi/afarzam/deepseq_fragger_2pass/MSV000086944_results_v3/second_pass_completeseq/LysN_ETD/LysN_ETD_2pass_results/K562_LysN_ETD/interact-20160202_alr_CompleteHumanProteome_K562_LysN_ETD_fr24_sub.pep.xml"
time="14:47:30" level=info msg="Parsing /scratch/negishi/afarzam/deepseq_fragger_2pass/MSV000086944_results_v3/second_pass_completeseq/LysN_ETD/LysN_ETD_2pass_results/K562_LysN_ETD/interact-20160202_alr_CompleteHumanProteome_K562_LysN_ETD_fr26_sub.pep.xml"
time="14:47:30" level=warning msg="No PSM was found in data set. /scratch/negishi/afarzam/deepseq_fragger_2pass/MSV000086944_results_v3/second_pass_completeseq/LysN_ETD/LysN_ETD_2pass_results/K562_LysN_ETD/interact-20160202_alr_CompleteHumanProteome_K562_LysN_ETD_fr5_sub.pep.xml"
time="14:47:30" level=info msg="Parsing /scratch/negishi/afarzam/deepseq_fragger_2pass/MSV000086944_results_v3/second_pass_completeseq/LysN_ETD/LysN_ETD_2pass_results/K562_LysN_ETD/interact-20160202_alr_CompleteHumanProteome_K562_LysN_ETD_fr16_sub.pep.xml"
time="14:47:30" level=info msg="Parsing /scratch/negishi/afarzam/deepseq_fragger_2pass/MSV000086944_results_v3/second_pass_completeseq/LysN_ETD/LysN_ETD_2pass_results/K562_LysN_ETD/interact-20160202_alr_CompleteHumanProteome_K562_LysN_ETD_fr17_sub.pep.xml"
time="14:47:30" level=info msg="Parsing /scratch/negishi/afarzam/deepseq_fragger_2pass/MSV000086944_results_v3/second_pass_completeseq/LysN_ETD/LysN_ETD_2pass_results/K562_LysN_ETD/interact-20160202_alr_CompleteHumanProteome_K562_LysN_ETD_fr18_sub.pep.xml"
time="14:47:30" level=info msg="Parsing /scratch/negishi/afarzam/deepseq_fragger_2pass/MSV000086944_results_v3/second_pass_completeseq/LysN_ETD/LysN_ETD_2pass_results/K562_LysN_ETD/interact-20160202_alr_CompleteHumanProteome_K562_LysN_ETD_fr19_sub.pep.xml"
time="14:47:30" level=warning msg="No PSM was found in data set. /scratch/negishi/afarzam/deepseq_fragger_2pass/MSV000086944_results_v3/second_pass_completeseq/LysN_ETD/LysN_ETD_2pass_results/K562_LysN_ETD/interact-20160202_alr_CompleteHumanProteome_K562_LysN_ETD_fr28_sub.pep.xml"
time="14:47:30" level=info msg="Parsing /scratch/negishi/afarzam/deepseq_fragger_2pass/MSV000086944_results_v3/second_pass_completeseq/LysN_ETD/LysN_ETD_2pass_results/K562_LysN_ETD/interact-20160202_alr_CompleteHumanProteome_K562_LysN_ETD_fr1_sub.pep.xml"
time="14:47:30" level=info msg="Parsing /scratch/negishi/afarzam/deepseq_fragger_2pass/MSV000086944_results_v3/second_pass_completeseq/LysN_ETD/LysN_ETD_2pass_results/K562_LysN_ETD/interact-20160202_alr_CompleteHumanProteome_K562_LysN_ETD_fr25_sub.pep.xml"
time="14:47:30" level=info msg="Parsing /scratch/negishi/afarzam/deepseq_fragger_2pass/MSV000086944_results_v3/second_pass_completeseq/LysN_ETD/LysN_ETD_2pass_results/K562_LysN_ETD/interact-20160202_alr_CompleteHumanProteome_K562_LysN_ETD_fr23_sub.pep.xml"
time="14:47:30" level=info msg="Parsing /scratch/negishi/afarzam/deepseq_fragger_2pass/MSV000086944_results_v3/second_pass_completeseq/LysN_ETD/LysN_ETD_2pass_results/K562_LysN_ETD/interact-20160202_alr_CompleteHumanProteome_K562_LysN_ETD_fr6_sub.pep.xml"
time="14:47:30" level=warning msg="No PSM was found in data set. /scratch/negishi/afarzam/deepseq_fragger_2pass/MSV000086944_results_v3/second_pass_completeseq/LysN_ETD/LysN_ETD_2pass_results/K562_LysN_ETD/interact-20160202_alr_CompleteHumanProteome_K562_LysN_ETD_fr2_sub.pep.xml"
time="14:47:30" level=warning msg="No PSM was found in data set. /scratch/negishi/afarzam/deepseq_fragger_2pass/MSV000086944_results_v3/second_pass_completeseq/LysN_ETD/LysN_ETD_2pass_results/K562_LysN_ETD/interact-20160202_alr_CompleteHumanProteome_K562_LysN_ETD_fr1_sub.pep.xml"
time="14:47:30" level=warning msg="No PSM was found in data set. /scratch/negishi/afarzam/deepseq_fragger_2pass/MSV000086944_results_v3/second_pass_completeseq/LysN_ETD/LysN_ETD_2pass_results/K562_LysN_ETD/interact-20160202_alr_CompleteHumanProteome_K562_LysN_ETD_fr30_sub.pep.xml"
time="14:47:30" level=info msg="Parsing /scratch/negishi/afarzam/deepseq_fragger_2pass/MSV000086944_results_v3/second_pass_completeseq/LysN_ETD/LysN_ETD_2pass_results/K562_LysN_ETD/interact-20160202_alr_CompleteHumanProteome_K562_LysN_ETD_fr8_sub.pep.xml"
time="14:47:30" level=info msg="Parsing /scratch/negishi/afarzam/deepseq_fragger_2pass/MSV000086944_results_v3/second_pass_completeseq/LysN_ETD/LysN_ETD_2pass_results/K562_LysN_ETD/interact-20160202_alr_CompleteHumanProteome_K562_LysN_ETD_fr4_sub.pep.xml"
time="14:47:30" level=info msg="Parsing /scratch/negishi/afarzam/deepseq_fragger_2pass/MSV000086944_results_v3/second_pass_completeseq/LysN_ETD/LysN_ETD_2pass_results/K562_LysN_ETD/interact-20160202_alr_CompleteHumanProteome_K562_LysN_ETD_fr13_sub.pep.xml"
time="14:47:30" level=info msg="Parsing /scratch/negishi/afarzam/deepseq_fragger_2pass/MSV000086944_results_v3/second_pass_completeseq/LysN_ETD/LysN_ETD_2pass_results/K562_LysN_ETD/interact-20160202_alr_CompleteHumanProteome_K562_LysN_ETD_fr3_sub.pep.xml"
time="14:47:30" level=warning msg="No PSM was found in data set. /scratch/negishi/afarzam/deepseq_fragger_2pass/MSV000086944_results_v3/second_pass_completeseq/LysN_ETD/LysN_ETD_2pass_results/K562_LysN_ETD/interact-20160202_alr_CompleteHumanProteome_K562_LysN_ETD_fr6_sub.pep.xml"
time="14:47:31" level=info msg="1+ Charge profile" decoy=0 target=0
time="14:47:31" level=info msg="2+ Charge profile" decoy=61 target=217
time="14:47:31" level=info msg="3+ Charge profile" decoy=41 target=121
time="14:47:31" level=info msg="4+ Charge profile" decoy=33 target=83
time="14:47:31" level=info msg="5+ Charge profile" decoy=18 target=24
time="14:47:31" level=info msg="6+ Charge profile" decoy=4 target=3
time="14:47:31" level=info msg="Database search results" ions=457 peptides=440 psms=605
time="14:47:31" level=info msg="Converged to 0.00 % FDR with 26 PSMs" decoy=0 threshold=0.817898 total=26
time="14:47:31" level=info msg="Converged to 0.00 % FDR with 17 Peptides" decoy=0 threshold=0.820605 total=17
time="14:47:31" level=info msg="Converged to 0.00 % FDR with 21 Ions" decoy=0 threshold=0.820605 total=21
time="14:47:31" level=info msg="Protein inference results" decoy=592 target=902
time="14:47:31" level=info msg="Converged to 0.00 % FDR with 9 Proteins" decoy=0 threshold=0.9823 total=9
time="14:47:31" level=info msg="Applying sequential FDR estimation" ions=8 peptides=4 psms=13
time="14:47:31" level=info msg="Converged to 0.00 % FDR with 12 PSMs" decoy=0 threshold=0.822165 total=12
time="14:47:31" level=info msg="Converged to 0.00 % FDR with 3 Peptides" decoy=0 threshold=0.969538 total=3
time="14:47:31" level=info msg="Converged to 0.00 % FDR with 7 Ions" decoy=0 threshold=0.930322 total=7
time="14:47:31" level=info msg="Post processing identifications"
time="14:47:31" level=info msg="Assigning protein identifications to layers"
time="14:47:31" level=info msg="Processing protein inference"
time="14:47:32" level=info msg="Synchronizing PSMs and proteins"
time="14:47:32" level=info msg="Final report numbers after FDR filtering, and post-processing" ions=7 peptides=3 proteins=4 psms=12
time="14:47:32" level=info msg=Saving
time="14:47:32" level=info msg=Done
