time="06:13:01" level=info msg="Executing Filter  v5.1.2"
time="06:13:01" level=info msg="Fetching protein inference from /scratch/negishi/afarzam/deepseq_fragger_2pass/MSV000086944_results_v3/second_pass_completeseq/Chymo_CAD/Chymo_CAD_2pass_results/GM12878_Chymo_CAD"
time="06:13:01" level=info msg="Processing peptide identification files"
time="06:13:02" level=info msg="Parsing /scratch/negishi/afarzam/deepseq_fragger_2pass/MSV000086944_results_v3/second_pass_completeseq/Chymo_CAD/Chymo_CAD_2pass_results/HUVEC_Chymo_CAD/interact-20160115_alr_CompleteHumanProteome_HUVEC_chymo_CAD_fr12_sub.pep.xml"
time="06:13:02" level=info msg="Parsing /scratch/negishi/afarzam/deepseq_fragger_2pass/MSV000086944_results_v3/second_pass_completeseq/Chymo_CAD/Chymo_CAD_2pass_results/HUVEC_Chymo_CAD/interact-20160115_alr_CompleteHumanProteome_HUVEC_chymo_CAD_fr10_sub.pep.xml"
time="06:13:02" level=info msg="Parsing /scratch/negishi/afarzam/deepseq_fragger_2pass/MSV000086944_results_v3/second_pass_completeseq/Chymo_CAD/Chymo_CAD_2pass_results/HUVEC_Chymo_CAD/interact-20160115_alr_CompleteHumanProteome_HUVEC_chymo_CAD_fr1_sub.pep.xml"
time="06:13:02" level=info msg="Parsing /scratch/negishi/afarzam/deepseq_fragger_2pass/MSV000086944_results_v3/second_pass_completeseq/Chymo_CAD/Chymo_CAD_2pass_results/HUVEC_Chymo_CAD/interact-20160115_alr_CompleteHumanProteome_HUVEC_chymo_CAD_fr14_sub.pep.xml"
time="06:13:02" level=info msg="Parsing /scratch/negishi/afarzam/deepseq_fragger_2pass/MSV000086944_results_v3/second_pass_completeseq/Chymo_CAD/Chymo_CAD_2pass_results/HUVEC_Chymo_CAD/interact-20160115_alr_CompleteHumanProteome_HUVEC_chymo_CAD_fr19_sub.pep.xml"
time="06:13:02" level=info msg="Parsing /scratch/negishi/afarzam/deepseq_fragger_2pass/MSV000086944_results_v3/second_pass_completeseq/Chymo_CAD/Chymo_CAD_2pass_results/HUVEC_Chymo_CAD/interact-20160115_alr_CompleteHumanProteome_HUVEC_chymo_CAD_fr13_sub.pep.xml"
time="06:13:02" level=info msg="Parsing /scratch/negishi/afarzam/deepseq_fragger_2pass/MSV000086944_results_v3/second_pass_completeseq/Chymo_CAD/Chymo_CAD_2pass_results/HUVEC_Chymo_CAD/interact-20160115_alr_CompleteHumanProteome_HUVEC_chymo_CAD_fr30_sub.pep.xml"
time="06:13:02" level=info msg="Parsing /scratch/negishi/afarzam/deepseq_fragger_2pass/MSV000086944_results_v3/second_pass_completeseq/Chymo_CAD/Chymo_CAD_2pass_results/HUVEC_Chymo_CAD/interact-20160115_alr_CompleteHumanProteome_HUVEC_chymo_CAD_fr3_160116101518_sub.pep.xml"
time="06:13:02" level=info msg="Parsing /scratch/negishi/afarzam/deepseq_fragger_2pass/MSV000086944_results_v3/second_pass_completeseq/Chymo_CAD/Chymo_CAD_2pass_results/HUVEC_Chymo_CAD/interact-20160115_alr_CompleteHumanProteome_HUVEC_chymo_CAD_fr33_sub.pep.xml"
time="06:13:02" level=info msg="Parsing /scratch/negishi/afarzam/deepseq_fragger_2pass/MSV000086944_results_v3/second_pass_completeseq/Chymo_CAD/Chymo_CAD_2pass_results/HUVEC_Chymo_CAD/interact-20160115_alr_CompleteHumanProteome_HUVEC_chymo_CAD_fr9_sub.pep.xml"
time="06:13:02" level=info msg="Parsing /scratch/negishi/afarzam/deepseq_fragger_2pass/MSV000086944_results_v3/second_pass_completeseq/Chymo_CAD/Chymo_CAD_2pass_results/HUVEC_Chymo_CAD/interact-20160115_alr_CompleteHumanProteome_HUVEC_chymo_CAD_fr34_sub.pep.xml"
time="06:13:02" level=info msg="Parsing /scratch/negishi/afarzam/deepseq_fragger_2pass/MSV000086944_results_v3/second_pass_completeseq/Chymo_CAD/Chymo_CAD_2pass_results/HUVEC_Chymo_CAD/interact-20160115_alr_CompleteHumanProteome_HUVEC_chymo_CAD_fr25_sub.pep.xml"
time="06:13:02" level=info msg="Parsing /scratch/negishi/afarzam/deepseq_fragger_2pass/MSV000086944_results_v3/second_pass_completeseq/Chymo_CAD/Chymo_CAD_2pass_results/HUVEC_Chymo_CAD/interact-20160115_alr_CompleteHumanProteome_HUVEC_chymo_CAD_fr4_160116114813_sub.pep.xml"
time="06:13:02" level=info msg="Parsing /scratch/negishi/afarzam/deepseq_fragger_2pass/MSV000086944_results_v3/second_pass_completeseq/Chymo_CAD/Chymo_CAD_2pass_results/HUVEC_Chymo_CAD/interact-20160115_alr_CompleteHumanProteome_HUVEC_chymo_CAD_fr7_160116162657_sub.pep.xml"
time="06:13:02" level=info msg="Parsing /scratch/negishi/afarzam/deepseq_fragger_2pass/MSV000086944_results_v3/second_pass_completeseq/Chymo_CAD/Chymo_CAD_2pass_results/HUVEC_Chymo_CAD/interact-20160115_alr_CompleteHumanProteome_HUVEC_chymo_CAD_fr5_160116132107_sub.pep.xml"
time="06:13:02" level=info msg="Parsing /scratch/negishi/afarzam/deepseq_fragger_2pass/MSV000086944_results_v3/second_pass_completeseq/Chymo_CAD/Chymo_CAD_2pass_results/HUVEC_Chymo_CAD/interact-20160115_alr_CompleteHumanProteome_HUVEC_chymo_CAD_fr26_sub.pep.xml"
time="06:13:02" level=info msg="Parsing /scratch/negishi/afarzam/deepseq_fragger_2pass/MSV000086944_results_v3/second_pass_completeseq/Chymo_CAD/Chymo_CAD_2pass_results/HUVEC_Chymo_CAD/interact-20160115_alr_CompleteHumanProteome_HUVEC_chymo_CAD_fr18_sub.pep.xml"
time="06:13:02" level=info msg="Parsing /scratch/negishi/afarzam/deepseq_fragger_2pass/MSV000086944_results_v3/second_pass_completeseq/Chymo_CAD/Chymo_CAD_2pass_results/HUVEC_Chymo_CAD/interact-20160115_alr_CompleteHumanProteome_HUVEC_chymo_CAD_fr27_sub.pep.xml"
time="06:13:02" level=info msg="Parsing /scratch/negishi/afarzam/deepseq_fragger_2pass/MSV000086944_results_v3/second_pass_completeseq/Chymo_CAD/Chymo_CAD_2pass_results/HUVEC_Chymo_CAD/interact-20160115_alr_CompleteHumanProteome_HUVEC_chymo_CAD_fr16_sub.pep.xml"
time="06:13:02" level=info msg="Parsing /scratch/negishi/afarzam/deepseq_fragger_2pass/MSV000086944_results_v3/second_pass_completeseq/Chymo_CAD/Chymo_CAD_2pass_results/HUVEC_Chymo_CAD/interact-20160115_alr_CompleteHumanProteome_HUVEC_chymo_CAD_fr28_sub.pep.xml"
time="06:13:02" level=info msg="Parsing /scratch/negishi/afarzam/deepseq_fragger_2pass/MSV000086944_results_v3/second_pass_completeseq/Chymo_CAD/Chymo_CAD_2pass_results/HUVEC_Chymo_CAD/interact-20160115_alr_CompleteHumanProteome_HUVEC_chymo_CAD_fr22_sub.pep.xml"
time="06:13:02" level=info msg="Parsing /scratch/negishi/afarzam/deepseq_fragger_2pass/MSV000086944_results_v3/second_pass_completeseq/Chymo_CAD/Chymo_CAD_2pass_results/HUVEC_Chymo_CAD/interact-20160115_alr_CompleteHumanProteome_HUVEC_chymo_CAD_fr21_sub.pep.xml"
time="06:13:02" level=warning msg="No PSM was found in data set. /scratch/negishi/afarzam/deepseq_fragger_2pass/MSV000086944_results_v3/second_pass_completeseq/Chymo_CAD/Chymo_CAD_2pass_results/HUVEC_Chymo_CAD/interact-20160115_alr_CompleteHumanProteome_HUVEC_chymo_CAD_fr1_sub.pep.xml"
time="06:13:02" level=info msg="Parsing /scratch/negishi/afarzam/deepseq_fragger_2pass/MSV000086944_results_v3/second_pass_completeseq/Chymo_CAD/Chymo_CAD_2pass_results/HUVEC_Chymo_CAD/interact-20160115_alr_CompleteHumanProteome_HUVEC_chymo_CAD_fr31_sub.pep.xml"
time="06:13:02" level=info msg="Parsing /scratch/negishi/afarzam/deepseq_fragger_2pass/MSV000086944_results_v3/second_pass_completeseq/Chymo_CAD/Chymo_CAD_2pass_results/HUVEC_Chymo_CAD/interact-20160115_alr_CompleteHumanProteome_HUVEC_chymo_CAD_fr6_160116145402_sub.pep.xml"
time="06:13:02" level=warning msg="No PSM was found in data set. /scratch/negishi/afarzam/deepseq_fragger_2pass/MSV000086944_results_v3/second_pass_completeseq/Chymo_CAD/Chymo_CAD_2pass_results/HUVEC_Chymo_CAD/interact-20160115_alr_CompleteHumanProteome_HUVEC_chymo_CAD_fr19_sub.pep.xml"
time="06:13:02" level=info msg="Parsing /scratch/negishi/afarzam/deepseq_fragger_2pass/MSV000086944_results_v3/second_pass_completeseq/Chymo_CAD/Chymo_CAD_2pass_results/HUVEC_Chymo_CAD/interact-20160115_alr_CompleteHumanProteome_HUVEC_chymo_CAD_fr32_sub.pep.xml"
time="06:13:02" level=info msg="Parsing /scratch/negishi/afarzam/deepseq_fragger_2pass/MSV000086944_results_v3/second_pass_completeseq/Chymo_CAD/Chymo_CAD_2pass_results/HUVEC_Chymo_CAD/interact-20160115_alr_CompleteHumanProteome_HUVEC_chymo_CAD_fr15_sub.pep.xml"
time="06:13:02" level=info msg="Parsing /scratch/negishi/afarzam/deepseq_fragger_2pass/MSV000086944_results_v3/second_pass_completeseq/Chymo_CAD/Chymo_CAD_2pass_results/HUVEC_Chymo_CAD/interact-20160115_alr_CompleteHumanProteome_HUVEC_chymo_CAD_fr29_sub.pep.xml"
time="06:13:02" level=info msg="Parsing /scratch/negishi/afarzam/deepseq_fragger_2pass/MSV000086944_results_v3/second_pass_completeseq/Chymo_CAD/Chymo_CAD_2pass_results/HUVEC_Chymo_CAD/interact-20160115_alr_CompleteHumanProteome_HUVEC_chymo_CAD_fr8_sub.pep.xml"
time="06:13:02" level=info msg="Parsing /scratch/negishi/afarzam/deepseq_fragger_2pass/MSV000086944_results_v3/second_pass_completeseq/Chymo_CAD/Chymo_CAD_2pass_results/HUVEC_Chymo_CAD/interact-20160115_alr_CompleteHumanProteome_HUVEC_chymo_CAD_fr2_160116084220_sub.pep.xml"
time="06:13:02" level=info msg="Parsing /scratch/negishi/afarzam/deepseq_fragger_2pass/MSV000086944_results_v3/second_pass_completeseq/Chymo_CAD/Chymo_CAD_2pass_results/HUVEC_Chymo_CAD/interact-20160115_alr_CompleteHumanProteome_HUVEC_chymo_CAD_fr23_sub.pep.xml"
time="06:13:02" level=info msg="Parsing /scratch/negishi/afarzam/deepseq_fragger_2pass/MSV000086944_results_v3/second_pass_completeseq/Chymo_CAD/Chymo_CAD_2pass_results/HUVEC_Chymo_CAD/interact-20160115_alr_CompleteHumanProteome_HUVEC_chymo_CAD_fr11_sub.pep.xml"
time="06:13:02" level=info msg="Parsing /scratch/negishi/afarzam/deepseq_fragger_2pass/MSV000086944_results_v3/second_pass_completeseq/Chymo_CAD/Chymo_CAD_2pass_results/HUVEC_Chymo_CAD/interact-20160115_alr_CompleteHumanProteome_HUVEC_chymo_CAD_fr20_sub.pep.xml"
time="06:13:02" level=info msg="Parsing /scratch/negishi/afarzam/deepseq_fragger_2pass/MSV000086944_results_v3/second_pass_completeseq/Chymo_CAD/Chymo_CAD_2pass_results/HUVEC_Chymo_CAD/interact-20160115_alr_CompleteHumanProteome_HUVEC_chymo_CAD_fr35_sub.pep.xml"
time="06:13:02" level=info msg="Parsing /scratch/negishi/afarzam/deepseq_fragger_2pass/MSV000086944_results_v3/second_pass_completeseq/Chymo_CAD/Chymo_CAD_2pass_results/HUVEC_Chymo_CAD/interact-20160115_alr_CompleteHumanProteome_HUVEC_chymo_CAD_fr17_sub.pep.xml"
time="06:13:02" level=info msg="Parsing /scratch/negishi/afarzam/deepseq_fragger_2pass/MSV000086944_results_v3/second_pass_completeseq/Chymo_CAD/Chymo_CAD_2pass_results/HUVEC_Chymo_CAD/interact-20160115_alr_CompleteHumanProteome_HUVEC_chymo_CAD_fr24_sub.pep.xml"
time="06:13:02" level=warning msg="No PSM was found in data set. /scratch/negishi/afarzam/deepseq_fragger_2pass/MSV000086944_results_v3/second_pass_completeseq/Chymo_CAD/Chymo_CAD_2pass_results/HUVEC_Chymo_CAD/interact-20160115_alr_CompleteHumanProteome_HUVEC_chymo_CAD_fr4_160116114813_sub.pep.xml"
time="06:13:02" level=warning msg="No PSM was found in data set. /scratch/negishi/afarzam/deepseq_fragger_2pass/MSV000086944_results_v3/second_pass_completeseq/Chymo_CAD/Chymo_CAD_2pass_results/HUVEC_Chymo_CAD/interact-20160115_alr_CompleteHumanProteome_HUVEC_chymo_CAD_fr34_sub.pep.xml"
time="06:13:02" level=warning msg="No PSM was found in data set. /scratch/negishi/afarzam/deepseq_fragger_2pass/MSV000086944_results_v3/second_pass_completeseq/Chymo_CAD/Chymo_CAD_2pass_results/HUVEC_Chymo_CAD/interact-20160115_alr_CompleteHumanProteome_HUVEC_chymo_CAD_fr6_160116145402_sub.pep.xml"
time="06:13:03" level=info msg="1+ Charge profile" decoy=0 target=0
time="06:13:03" level=info msg="2+ Charge profile" decoy=118 target=432
time="06:13:03" level=info msg="3+ Charge profile" decoy=54 target=97
time="06:13:03" level=info msg="4+ Charge profile" decoy=14 target=21
time="06:13:03" level=info msg="5+ Charge profile" decoy=4 target=4
time="06:13:03" level=info msg="6+ Charge profile" decoy=2 target=3
time="06:13:03" level=info msg="Database search results" ions=602 peptides=582 psms=751
time="06:13:03" level=info msg="Converged to 0.00 % FDR with 28 PSMs" decoy=0 threshold=0.942603 total=28
time="06:13:03" level=info msg="Converged to 0.00 % FDR with 21 Peptides" decoy=0 threshold=0.942603 total=21
time="06:13:03" level=info msg="Converged to 0.00 % FDR with 23 Ions" decoy=0 threshold=0.942603 total=23
time="06:13:03" level=info msg="Protein inference results" decoy=2149 target=3254
time="06:13:03" level=info msg="Converged to 0.00 % FDR with 50 Proteins" decoy=1 threshold=0.9943 total=51
time="06:13:03" level=info msg="Applying sequential FDR estimation" ions=13 peptides=12 psms=18
time="06:13:03" level=info msg="Converged to 0.00 % FDR with 17 PSMs" decoy=0 threshold=0.9463 total=17
time="06:13:03" level=info msg="Converged to 0.00 % FDR with 11 Peptides" decoy=0 threshold=0.956356 total=11
time="06:13:03" level=info msg="Converged to 0.00 % FDR with 12 Ions" decoy=0 threshold=0.956356 total=12
time="06:13:03" level=info msg="Post processing identifications"
time="06:13:03" level=info msg="Assigning protein identifications to layers"
time="06:13:04" level=info msg="Processing protein inference"
time="06:13:04" level=info msg="Synchronizing PSMs and proteins"
time="06:13:04" level=info msg="Final report numbers after FDR filtering, and post-processing" ions=12 peptides=11 proteins=11 psms=17
time="06:13:04" level=info msg=Saving
time="06:13:04" level=info msg=Done
