time="01:08:50" level=info msg="Executing Filter  v5.1.2"
time="01:08:50" level=info msg="Fetching protein inference from /scratch/negishi/afarzam/deepseq_fragger_2pass/MSV000086944_results_v3/second_pass_completeseq/LysC_ETD/LysC_ETD_2pass_results/GM12878_LysC_ETD"
time="01:08:50" level=info msg="Processing peptide identification files"
time="01:08:50" level=info msg="Parsing /scratch/negishi/afarzam/deepseq_fragger_2pass/MSV000086944_results_v3/second_pass_completeseq/LysC_ETD/LysC_ETD_2pass_results/hESC_LysC_ETD/interact-ETD_hES_LysC9_sub.pep.xml"
time="01:08:50" level=info msg="Parsing /scratch/negishi/afarzam/deepseq_fragger_2pass/MSV000086944_results_v3/second_pass_completeseq/LysC_ETD/LysC_ETD_2pass_results/hESC_LysC_ETD/interact-ETD_hES_LysC12_sub.pep.xml"
time="01:08:50" level=info msg="Parsing /scratch/negishi/afarzam/deepseq_fragger_2pass/MSV000086944_results_v3/second_pass_completeseq/LysC_ETD/LysC_ETD_2pass_results/hESC_LysC_ETD/interact-ETD_hES_LysC10_sub.pep.xml"
time="01:08:50" level=info msg="Parsing /scratch/negishi/afarzam/deepseq_fragger_2pass/MSV000086944_results_v3/second_pass_completeseq/LysC_ETD/LysC_ETD_2pass_results/hESC_LysC_ETD/interact-ETD_hES_LysC13_sub.pep.xml"
time="01:08:50" level=info msg="Parsing /scratch/negishi/afarzam/deepseq_fragger_2pass/MSV000086944_results_v3/second_pass_completeseq/LysC_ETD/LysC_ETD_2pass_results/hESC_LysC_ETD/interact-ETD_hES_LysC11_sub.pep.xml"
time="01:08:50" level=info msg="Parsing /scratch/negishi/afarzam/deepseq_fragger_2pass/MSV000086944_results_v3/second_pass_completeseq/LysC_ETD/LysC_ETD_2pass_results/hESC_LysC_ETD/interact-ETD_hES_LysC23_sub.pep.xml"
time="01:08:50" level=info msg="Parsing /scratch/negishi/afarzam/deepseq_fragger_2pass/MSV000086944_results_v3/second_pass_completeseq/LysC_ETD/LysC_ETD_2pass_results/hESC_LysC_ETD/interact-ETD_hES_LysC22_sub.pep.xml"
time="01:08:50" level=info msg="Parsing /scratch/negishi/afarzam/deepseq_fragger_2pass/MSV000086944_results_v3/second_pass_completeseq/LysC_ETD/LysC_ETD_2pass_results/hESC_LysC_ETD/interact-ETD_hES_LysC24_sub.pep.xml"
time="01:08:50" level=info msg="Parsing /scratch/negishi/afarzam/deepseq_fragger_2pass/MSV000086944_results_v3/second_pass_completeseq/LysC_ETD/LysC_ETD_2pass_results/hESC_LysC_ETD/interact-ETD_hES_LysC19_sub.pep.xml"
time="01:08:50" level=info msg="Parsing /scratch/negishi/afarzam/deepseq_fragger_2pass/MSV000086944_results_v3/second_pass_completeseq/LysC_ETD/LysC_ETD_2pass_results/hESC_LysC_ETD/interact-ETD_hES_LysC18_sub.pep.xml"
time="01:08:50" level=info msg="Parsing /scratch/negishi/afarzam/deepseq_fragger_2pass/MSV000086944_results_v3/second_pass_completeseq/LysC_ETD/LysC_ETD_2pass_results/hESC_LysC_ETD/interact-ETD_hES_LysC4_sub.pep.xml"
time="01:08:50" level=info msg="Parsing /scratch/negishi/afarzam/deepseq_fragger_2pass/MSV000086944_results_v3/second_pass_completeseq/LysC_ETD/LysC_ETD_2pass_results/hESC_LysC_ETD/interact-ETD_hES_LysC7_sub.pep.xml"
time="01:08:50" level=info msg="Parsing /scratch/negishi/afarzam/deepseq_fragger_2pass/MSV000086944_results_v3/second_pass_completeseq/LysC_ETD/LysC_ETD_2pass_results/hESC_LysC_ETD/interact-ETD_hES_LysC6_sub.pep.xml"
time="01:08:50" level=info msg="Parsing /scratch/negishi/afarzam/deepseq_fragger_2pass/MSV000086944_results_v3/second_pass_completeseq/LysC_ETD/LysC_ETD_2pass_results/hESC_LysC_ETD/interact-ETD_hES_LysC1_sub.pep.xml"
time="01:08:50" level=info msg="Parsing /scratch/negishi/afarzam/deepseq_fragger_2pass/MSV000086944_results_v3/second_pass_completeseq/LysC_ETD/LysC_ETD_2pass_results/hESC_LysC_ETD/interact-ETD_hES_LysC5_sub.pep.xml"
time="01:08:50" level=info msg="Parsing /scratch/negishi/afarzam/deepseq_fragger_2pass/MSV000086944_results_v3/second_pass_completeseq/LysC_ETD/LysC_ETD_2pass_results/hESC_LysC_ETD/interact-ETD_hES_LysC14_sub.pep.xml"
time="01:08:50" level=info msg="Parsing /scratch/negishi/afarzam/deepseq_fragger_2pass/MSV000086944_results_v3/second_pass_completeseq/LysC_ETD/LysC_ETD_2pass_results/hESC_LysC_ETD/interact-ETD_hES_LysC25_sub.pep.xml"
time="01:08:50" level=info msg="Parsing /scratch/negishi/afarzam/deepseq_fragger_2pass/MSV000086944_results_v3/second_pass_completeseq/LysC_ETD/LysC_ETD_2pass_results/hESC_LysC_ETD/interact-ETD_hES_LysC15_sub.pep.xml"
time="01:08:50" level=info msg="Parsing /scratch/negishi/afarzam/deepseq_fragger_2pass/MSV000086944_results_v3/second_pass_completeseq/LysC_ETD/LysC_ETD_2pass_results/hESC_LysC_ETD/interact-ETD_hES_LysC8_sub.pep.xml"
time="01:08:50" level=warning msg="No PSM was found in data set. /scratch/negishi/afarzam/deepseq_fragger_2pass/MSV000086944_results_v3/second_pass_completeseq/LysC_ETD/LysC_ETD_2pass_results/hESC_LysC_ETD/interact-ETD_hES_LysC24_sub.pep.xml"
time="01:08:50" level=info msg="Parsing /scratch/negishi/afarzam/deepseq_fragger_2pass/MSV000086944_results_v3/second_pass_completeseq/LysC_ETD/LysC_ETD_2pass_results/hESC_LysC_ETD/interact-ETD_hES_LysC21_sub.pep.xml"
time="01:08:50" level=info msg="Parsing /scratch/negishi/afarzam/deepseq_fragger_2pass/MSV000086944_results_v3/second_pass_completeseq/LysC_ETD/LysC_ETD_2pass_results/hESC_LysC_ETD/interact-ETD_hES_LysC2_sub.pep.xml"
time="01:08:50" level=info msg="Parsing /scratch/negishi/afarzam/deepseq_fragger_2pass/MSV000086944_results_v3/second_pass_completeseq/LysC_ETD/LysC_ETD_2pass_results/hESC_LysC_ETD/interact-ETD_hES_LysC20_sub.pep.xml"
time="01:08:50" level=info msg="Parsing /scratch/negishi/afarzam/deepseq_fragger_2pass/MSV000086944_results_v3/second_pass_completeseq/LysC_ETD/LysC_ETD_2pass_results/hESC_LysC_ETD/interact-ETD_hES_LysC17_sub.pep.xml"
time="01:08:50" level=info msg="Parsing /scratch/negishi/afarzam/deepseq_fragger_2pass/MSV000086944_results_v3/second_pass_completeseq/LysC_ETD/LysC_ETD_2pass_results/hESC_LysC_ETD/interact-ETD_hES_LysC3_sub.pep.xml"
time="01:08:50" level=warning msg="No PSM was found in data set. /scratch/negishi/afarzam/deepseq_fragger_2pass/MSV000086944_results_v3/second_pass_completeseq/LysC_ETD/LysC_ETD_2pass_results/hESC_LysC_ETD/interact-ETD_hES_LysC2_sub.pep.xml"
time="01:08:50" level=warning msg="No PSM was found in data set. /scratch/negishi/afarzam/deepseq_fragger_2pass/MSV000086944_results_v3/second_pass_completeseq/LysC_ETD/LysC_ETD_2pass_results/hESC_LysC_ETD/interact-ETD_hES_LysC13_sub.pep.xml"
time="01:08:50" level=warning msg="No PSM was found in data set. /scratch/negishi/afarzam/deepseq_fragger_2pass/MSV000086944_results_v3/second_pass_completeseq/LysC_ETD/LysC_ETD_2pass_results/hESC_LysC_ETD/interact-ETD_hES_LysC3_sub.pep.xml"
time="01:08:50" level=info msg="Parsing /scratch/negishi/afarzam/deepseq_fragger_2pass/MSV000086944_results_v3/second_pass_completeseq/LysC_ETD/LysC_ETD_2pass_results/hESC_LysC_ETD/interact-ETD_hES_LysC16_sub.pep.xml"
time="01:08:50" level=warning msg="No PSM was found in data set. /scratch/negishi/afarzam/deepseq_fragger_2pass/MSV000086944_results_v3/second_pass_completeseq/LysC_ETD/LysC_ETD_2pass_results/hESC_LysC_ETD/interact-ETD_hES_LysC21_sub.pep.xml"
time="01:08:51" level=info msg="1+ Charge profile" decoy=0 target=0
time="01:08:51" level=info msg="2+ Charge profile" decoy=7 target=37
time="01:08:51" level=info msg="3+ Charge profile" decoy=9 target=40
time="01:08:51" level=info msg="4+ Charge profile" decoy=4 target=17
time="01:08:51" level=info msg="5+ Charge profile" decoy=8 target=9
time="01:08:51" level=info msg="6+ Charge profile" decoy=0 target=2
time="01:08:51" level=info msg="Database search results" ions=117 peptides=116 psms=133
time="01:08:51" level=info msg="Converged to 0.00 % FDR with 9 PSMs" decoy=0 threshold=0.878517 total=9
time="01:08:51" level=info msg="Converged to 0.00 % FDR with 8 Peptides" decoy=0 threshold=0.878517 total=8
time="01:08:51" level=info msg="Converged to 0.00 % FDR with 8 Ions" decoy=0 threshold=0.878517 total=8
time="01:08:51" level=info msg="Protein inference results" decoy=523 target=775
time="01:08:51" level=info msg="Converged to 0.00 % FDR with 22 Proteins" decoy=0 threshold=0.9613 total=22
time="01:08:51" level=info msg="Applying sequential FDR estimation" ions=3 peptides=3 psms=4
time="01:08:51" level=info msg="Converged to 0.00 % FDR with 3 PSMs" decoy=0 threshold=0.970553 total=3
time="01:08:51" level=info msg="Converged to 0.00 % FDR with 2 Peptides" decoy=0 threshold=0.989001 total=2
time="01:08:51" level=info msg="Converged to 0.00 % FDR with 2 Ions" decoy=0 threshold=0.989001 total=2
time="01:08:51" level=info msg="Post processing identifications"
time="01:08:51" level=info msg="Assigning protein identifications to layers"
time="01:08:51" level=info msg="Processing protein inference"
time="01:08:52" level=info msg="Synchronizing PSMs and proteins"
time="01:08:52" level=info msg="Final report numbers after FDR filtering, and post-processing" ions=2 peptides=2 proteins=3 psms=3
time="01:08:52" level=info msg=Saving
time="01:08:52" level=info msg=Done
