time="01:49:09" level=info msg="Executing Filter  v5.1.2"
time="01:49:09" level=info msg="Processing peptide identification files"
time="01:49:09" level=info msg="Parsing /scratch/negishi/afarzam/deepseq_fragger_2pass/MSV000086944_results_v3/second_pass_completeseq/AspN_CAD/AspN_CAD_2pass_results/GM12878_AspN_HCD/interact-20151008_alr_CompleteHumanProteome_Gm12878_AspN_HCD_fr9_sub.pep.xml"
time="01:49:09" level=info msg="Parsing /scratch/negishi/afarzam/deepseq_fragger_2pass/MSV000086944_results_v3/second_pass_completeseq/AspN_CAD/AspN_CAD_2pass_results/GM12878_AspN_HCD/interact-091515_alr_CompleteHumanProteome_GM12878_AspN_HCD_fr11_sub.pep.xml"
time="01:49:09" level=info msg="Parsing /scratch/negishi/afarzam/deepseq_fragger_2pass/MSV000086944_results_v3/second_pass_completeseq/AspN_CAD/AspN_CAD_2pass_results/GM12878_AspN_HCD/interact-091515_alr_CompleteHumanProteome_GM12878_AspN_HCD_fr10_sub.pep.xml"
time="01:49:09" level=info msg="Parsing /scratch/negishi/afarzam/deepseq_fragger_2pass/MSV000086944_results_v3/second_pass_completeseq/AspN_CAD/AspN_CAD_2pass_results/GM12878_AspN_HCD/interact-20151008_alr_CompleteHumanProteome_Gm12878_AspN_HCD_fr25_sub.pep.xml"
time="01:49:09" level=info msg="Parsing /scratch/negishi/afarzam/deepseq_fragger_2pass/MSV000086944_results_v3/second_pass_completeseq/AspN_CAD/AspN_CAD_2pass_results/GM12878_AspN_HCD/interact-20151008_alr_CompleteHumanProteome_Gm12878_AspN_HCD_fr33_sub.pep.xml"
time="01:49:09" level=info msg="Parsing /scratch/negishi/afarzam/deepseq_fragger_2pass/MSV000086944_results_v3/second_pass_completeseq/AspN_CAD/AspN_CAD_2pass_results/GM12878_AspN_HCD/interact-20151008_alr_CompleteHumanProteome_Gm12878_AspN_HCD_fr29_sub.pep.xml"
time="01:49:09" level=info msg="Parsing /scratch/negishi/afarzam/deepseq_fragger_2pass/MSV000086944_results_v3/second_pass_completeseq/AspN_CAD/AspN_CAD_2pass_results/GM12878_AspN_HCD/interact-20151008_alr_CompleteHumanProteome_Gm12878_AspN_HCD_fr4_151010013820_sub.pep.xml"
time="01:49:09" level=info msg="Parsing /scratch/negishi/afarzam/deepseq_fragger_2pass/MSV000086944_results_v3/second_pass_completeseq/AspN_CAD/AspN_CAD_2pass_results/GM12878_AspN_HCD/interact-20151008_alr_CompleteHumanProteome_Gm12878_AspN_HCD_fr6_151010052512_sub.pep.xml"
time="01:49:09" level=info msg="Parsing /scratch/negishi/afarzam/deepseq_fragger_2pass/MSV000086944_results_v3/second_pass_completeseq/AspN_CAD/AspN_CAD_2pass_results/GM12878_AspN_HCD/interact-20151008_alr_CompleteHumanProteome_Gm12878_AspN_HCD_fr8_151010091206_sub.pep.xml"
time="01:49:09" level=info msg="Parsing /scratch/negishi/afarzam/deepseq_fragger_2pass/MSV000086944_results_v3/second_pass_completeseq/AspN_CAD/AspN_CAD_2pass_results/GM12878_AspN_HCD/interact-20151008_alr_CompleteHumanProteome_Gm12878_AspN_HCD_fr34_sub.pep.xml"
time="01:49:09" level=info msg="Parsing /scratch/negishi/afarzam/deepseq_fragger_2pass/MSV000086944_results_v3/second_pass_completeseq/AspN_CAD/AspN_CAD_2pass_results/GM12878_AspN_HCD/interact-20151008_alr_CompleteHumanProteome_Gm12878_AspN_HCD_fr7_151010071840_sub.pep.xml"
time="01:49:09" level=info msg="Parsing /scratch/negishi/afarzam/deepseq_fragger_2pass/MSV000086944_results_v3/second_pass_completeseq/AspN_CAD/AspN_CAD_2pass_results/GM12878_AspN_HCD/interact-20151008_alr_CompleteHumanProteome_Gm12878_AspN_HCD_fr27_sub.pep.xml"
time="01:49:09" level=info msg="Parsing /scratch/negishi/afarzam/deepseq_fragger_2pass/MSV000086944_results_v3/second_pass_completeseq/AspN_CAD/AspN_CAD_2pass_results/GM12878_AspN_HCD/interact-20151008_alr_CompleteHumanProteome_Gm12878_AspN_HCD_fr17_sub.pep.xml"
time="01:49:09" level=warning msg="No PSM was found in data set. /scratch/negishi/afarzam/deepseq_fragger_2pass/MSV000086944_results_v3/second_pass_completeseq/AspN_CAD/AspN_CAD_2pass_results/GM12878_AspN_HCD/interact-20151008_alr_CompleteHumanProteome_Gm12878_AspN_HCD_fr33_sub.pep.xml"
time="01:49:09" level=info msg="Parsing /scratch/negishi/afarzam/deepseq_fragger_2pass/MSV000086944_results_v3/second_pass_completeseq/AspN_CAD/AspN_CAD_2pass_results/GM12878_AspN_HCD/interact-20151008_alr_CompleteHumanProteome_Gm12878_AspN_HCD_fr2_151009215126_sub.pep.xml"
time="01:49:09" level=info msg="Parsing /scratch/negishi/afarzam/deepseq_fragger_2pass/MSV000086944_results_v3/second_pass_completeseq/AspN_CAD/AspN_CAD_2pass_results/GM12878_AspN_HCD/interact-20151008_alr_CompleteHumanProteome_Gm12878_AspN_HCD_fr5_151010033146_sub.pep.xml"
time="01:49:09" level=warning msg="No PSM was found in data set. /scratch/negishi/afarzam/deepseq_fragger_2pass/MSV000086944_results_v3/second_pass_completeseq/AspN_CAD/AspN_CAD_2pass_results/GM12878_AspN_HCD/interact-20151008_alr_CompleteHumanProteome_Gm12878_AspN_HCD_fr9_sub.pep.xml"
time="01:49:09" level=info msg="Parsing /scratch/negishi/afarzam/deepseq_fragger_2pass/MSV000086944_results_v3/second_pass_completeseq/AspN_CAD/AspN_CAD_2pass_results/GM12878_AspN_HCD/interact-20151008_alr_CompleteHumanProteome_Gm12878_AspN_HCD_fr14_sub.pep.xml"
time="01:49:09" level=info msg="Parsing /scratch/negishi/afarzam/deepseq_fragger_2pass/MSV000086944_results_v3/second_pass_completeseq/AspN_CAD/AspN_CAD_2pass_results/GM12878_AspN_HCD/interact-20151008_alr_CompleteHumanProteome_Gm12878_AspN_HCD_fr16_sub.pep.xml"
time="01:49:09" level=info msg="Parsing /scratch/negishi/afarzam/deepseq_fragger_2pass/MSV000086944_results_v3/second_pass_completeseq/AspN_CAD/AspN_CAD_2pass_results/GM12878_AspN_HCD/interact-20151008_alr_CompleteHumanProteome_Gm12878_AspN_HCD_fr26_sub.pep.xml"
time="01:49:09" level=info msg="Parsing /scratch/negishi/afarzam/deepseq_fragger_2pass/MSV000086944_results_v3/second_pass_completeseq/AspN_CAD/AspN_CAD_2pass_results/GM12878_AspN_HCD/interact-20151008_alr_CompleteHumanProteome_Gm12878_AspN_HCD_fr11_sub.pep.xml"
time="01:49:09" level=info msg="Parsing /scratch/negishi/afarzam/deepseq_fragger_2pass/MSV000086944_results_v3/second_pass_completeseq/AspN_CAD/AspN_CAD_2pass_results/GM12878_AspN_HCD/interact-20151008_alr_CompleteHumanProteome_Gm12878_AspN_HCD_fr35_sub.pep.xml"
time="01:49:09" level=warning msg="No PSM was found in data set. /scratch/negishi/afarzam/deepseq_fragger_2pass/MSV000086944_results_v3/second_pass_completeseq/AspN_CAD/AspN_CAD_2pass_results/GM12878_AspN_HCD/interact-20151008_alr_CompleteHumanProteome_Gm12878_AspN_HCD_fr6_151010052512_sub.pep.xml"
time="01:49:09" level=info msg="Parsing /scratch/negishi/afarzam/deepseq_fragger_2pass/MSV000086944_results_v3/second_pass_completeseq/AspN_CAD/AspN_CAD_2pass_results/GM12878_AspN_HCD/interact-091515_alr_CompleteHumanProteome_GM12878_AspN_HCD_fr9_sub.pep.xml"
time="01:49:09" level=info msg="Parsing /scratch/negishi/afarzam/deepseq_fragger_2pass/MSV000086944_results_v3/second_pass_completeseq/AspN_CAD/AspN_CAD_2pass_results/GM12878_AspN_HCD/interact-20151008_alr_CompleteHumanProteome_Gm12878_AspN_HCD_fr10_sub.pep.xml"
time="01:49:09" level=info msg="Parsing /scratch/negishi/afarzam/deepseq_fragger_2pass/MSV000086944_results_v3/second_pass_completeseq/AspN_CAD/AspN_CAD_2pass_results/GM12878_AspN_HCD/interact-20151008_alr_CompleteHumanProteome_Gm12878_AspN_HCD_fr21_sub.pep.xml"
time="01:49:09" level=warning msg="No PSM was found in data set. /scratch/negishi/afarzam/deepseq_fragger_2pass/MSV000086944_results_v3/second_pass_completeseq/AspN_CAD/AspN_CAD_2pass_results/GM12878_AspN_HCD/interact-20151008_alr_CompleteHumanProteome_Gm12878_AspN_HCD_fr4_151010013820_sub.pep.xml"
time="01:49:09" level=info msg="Parsing /scratch/negishi/afarzam/deepseq_fragger_2pass/MSV000086944_results_v3/second_pass_completeseq/AspN_CAD/AspN_CAD_2pass_results/GM12878_AspN_HCD/interact-20151008_alr_CompleteHumanProteome_Gm12878_AspN_HCD_fr23_sub.pep.xml"
time="01:49:09" level=info msg="Parsing /scratch/negishi/afarzam/deepseq_fragger_2pass/MSV000086944_results_v3/second_pass_completeseq/AspN_CAD/AspN_CAD_2pass_results/GM12878_AspN_HCD/interact-20151008_alr_CompleteHumanProteome_Gm12878_AspN_HCD_fr32_sub.pep.xml"
time="01:49:09" level=info msg="Parsing /scratch/negishi/afarzam/deepseq_fragger_2pass/MSV000086944_results_v3/second_pass_completeseq/AspN_CAD/AspN_CAD_2pass_results/GM12878_AspN_HCD/interact-20151008_alr_CompleteHumanProteome_Gm12878_AspN_HCD_fr3_151009234452_sub.pep.xml"
time="01:49:09" level=info msg="Parsing /scratch/negishi/afarzam/deepseq_fragger_2pass/MSV000086944_results_v3/second_pass_completeseq/AspN_CAD/AspN_CAD_2pass_results/GM12878_AspN_HCD/interact-20151008_alr_CompleteHumanProteome_Gm12878_AspN_HCD_fr22_sub.pep.xml"
time="01:49:09" level=info msg="Parsing /scratch/negishi/afarzam/deepseq_fragger_2pass/MSV000086944_results_v3/second_pass_completeseq/AspN_CAD/AspN_CAD_2pass_results/GM12878_AspN_HCD/interact-20151008_alr_CompleteHumanProteome_Gm12878_AspN_HCD_fr1_151009195800_sub.pep.xml"
time="01:49:09" level=info msg="Parsing /scratch/negishi/afarzam/deepseq_fragger_2pass/MSV000086944_results_v3/second_pass_completeseq/AspN_CAD/AspN_CAD_2pass_results/GM12878_AspN_HCD/interact-091515_alr_CompleteHumanProteome_GM12878_AspN_HCD_fr12_sub.pep.xml"
time="01:49:09" level=info msg="Parsing /scratch/negishi/afarzam/deepseq_fragger_2pass/MSV000086944_results_v3/second_pass_completeseq/AspN_CAD/AspN_CAD_2pass_results/GM12878_AspN_HCD/interact-20151008_alr_CompleteHumanProteome_Gm12878_AspN_HCD_fr15_sub.pep.xml"
time="01:49:09" level=info msg="Parsing /scratch/negishi/afarzam/deepseq_fragger_2pass/MSV000086944_results_v3/second_pass_completeseq/AspN_CAD/AspN_CAD_2pass_results/GM12878_AspN_HCD/interact-20151008_alr_CompleteHumanProteome_Gm12878_AspN_HCD_fr24_sub.pep.xml"
time="01:49:09" level=info msg="Parsing /scratch/negishi/afarzam/deepseq_fragger_2pass/MSV000086944_results_v3/second_pass_completeseq/AspN_CAD/AspN_CAD_2pass_results/GM12878_AspN_HCD/interact-20151008_alr_CompleteHumanProteome_Gm12878_AspN_HCD_fr20_sub.pep.xml"
time="01:49:09" level=info msg="Parsing /scratch/negishi/afarzam/deepseq_fragger_2pass/MSV000086944_results_v3/second_pass_completeseq/AspN_CAD/AspN_CAD_2pass_results/GM12878_AspN_HCD/interact-20151008_alr_CompleteHumanProteome_Gm12878_AspN_HCD_fr28_sub.pep.xml"
time="01:49:09" level=warning msg="No PSM was found in data set. /scratch/negishi/afarzam/deepseq_fragger_2pass/MSV000086944_results_v3/second_pass_completeseq/AspN_CAD/AspN_CAD_2pass_results/GM12878_AspN_HCD/interact-20151008_alr_CompleteHumanProteome_Gm12878_AspN_HCD_fr23_sub.pep.xml"
time="01:49:09" level=info msg="Parsing /scratch/negishi/afarzam/deepseq_fragger_2pass/MSV000086944_results_v3/second_pass_completeseq/AspN_CAD/AspN_CAD_2pass_results/GM12878_AspN_HCD/interact-20151008_alr_CompleteHumanProteome_Gm12878_AspN_HCD_fr18_sub.pep.xml"
time="01:49:09" level=info msg="Parsing /scratch/negishi/afarzam/deepseq_fragger_2pass/MSV000086944_results_v3/second_pass_completeseq/AspN_CAD/AspN_CAD_2pass_results/GM12878_AspN_HCD/interact-20151008_alr_CompleteHumanProteome_Gm12878_AspN_HCD_fr31_sub.pep.xml"
time="01:49:09" level=warning msg="No PSM was found in data set. /scratch/negishi/afarzam/deepseq_fragger_2pass/MSV000086944_results_v3/second_pass_completeseq/AspN_CAD/AspN_CAD_2pass_results/GM12878_AspN_HCD/interact-20151008_alr_CompleteHumanProteome_Gm12878_AspN_HCD_fr27_sub.pep.xml"
time="01:49:09" level=warning msg="No PSM was found in data set. /scratch/negishi/afarzam/deepseq_fragger_2pass/MSV000086944_results_v3/second_pass_completeseq/AspN_CAD/AspN_CAD_2pass_results/GM12878_AspN_HCD/interact-20151008_alr_CompleteHumanProteome_Gm12878_AspN_HCD_fr20_sub.pep.xml"
time="01:49:09" level=info msg="Parsing /scratch/negishi/afarzam/deepseq_fragger_2pass/MSV000086944_results_v3/second_pass_completeseq/AspN_CAD/AspN_CAD_2pass_results/GM12878_AspN_HCD/interact-20151008_alr_CompleteHumanProteome_Gm12878_AspN_HCD_fr19_sub.pep.xml"
time="01:49:09" level=info msg="Parsing /scratch/negishi/afarzam/deepseq_fragger_2pass/MSV000086944_results_v3/second_pass_completeseq/AspN_CAD/AspN_CAD_2pass_results/GM12878_AspN_HCD/interact-20151008_alr_CompleteHumanProteome_Gm12878_AspN_HCD_fr30_sub.pep.xml"
time="01:49:09" level=warning msg="No PSM was found in data set. /scratch/negishi/afarzam/deepseq_fragger_2pass/MSV000086944_results_v3/second_pass_completeseq/AspN_CAD/AspN_CAD_2pass_results/GM12878_AspN_HCD/interact-20151008_alr_CompleteHumanProteome_Gm12878_AspN_HCD_fr8_151010091206_sub.pep.xml"
time="01:49:09" level=warning msg="No PSM was found in data set. /scratch/negishi/afarzam/deepseq_fragger_2pass/MSV000086944_results_v3/second_pass_completeseq/AspN_CAD/AspN_CAD_2pass_results/GM12878_AspN_HCD/interact-20151008_alr_CompleteHumanProteome_Gm12878_AspN_HCD_fr14_sub.pep.xml"
time="01:49:09" level=info msg="1+ Charge profile" decoy=0 target=0
time="01:49:09" level=info msg="2+ Charge profile" decoy=29 target=84
time="01:49:09" level=info msg="3+ Charge profile" decoy=17 target=84
time="01:49:09" level=info msg="4+ Charge profile" decoy=6 target=52
time="01:49:09" level=info msg="5+ Charge profile" decoy=1 target=12
time="01:49:09" level=info msg="6+ Charge profile" decoy=1 target=3
time="01:49:09" level=info msg="Database search results" ions=202 peptides=187 psms=291
time="01:49:09" level=info msg="Converged to 0.00 % FDR with 12 PSMs" decoy=0 threshold=0.947361 total=12
time="01:49:09" level=info msg="Converged to 0.00 % FDR with 2 Peptides" decoy=0 threshold=0.985354 total=2
time="01:49:09" level=info msg="Converged to 0.00 % FDR with 6 Ions" decoy=0 threshold=0.947361 total=6
time="01:49:09" level=info msg="Protein inference results" decoy=167 target=355
time="01:49:09" level=info msg="Converged to 0.00 % FDR with 19 Proteins" decoy=0 threshold=0.9584 total=19
time="01:49:09" level=info msg="Applying sequential FDR estimation" ions=6 peptides=2 psms=12
time="01:49:09" level=info msg="Converged to 0.00 % FDR with 11 PSMs" decoy=0 threshold=0.9483 total=11
time="01:49:09" level=info msg="Converged to 0.00 % FDR with 1 Peptides" decoy=0 threshold=0.995822 total=1
time="01:49:09" level=info msg="Converged to 0.00 % FDR with 5 Ions" decoy=0 threshold=0.972757 total=5
time="01:49:09" level=info msg="Post processing identifications"
time="01:49:09" level=info msg="Assigning protein identifications to layers"
time="01:49:09" level=info msg="Processing protein inference"
time="01:49:10" level=info msg="Synchronizing PSMs and proteins"
time="01:49:10" level=info msg="Final report numbers after FDR filtering, and post-processing" ions=5 peptides=1 proteins=2 psms=11
time="01:49:10" level=info msg=Saving
time="01:49:10" level=info msg=Done
