time="06:12:58" level=info msg="Executing Filter  v5.1.2"
time="06:12:58" level=info msg="Fetching protein inference from /scratch/negishi/afarzam/deepseq_fragger_2pass/MSV000086944_results_v3/second_pass_completeseq/Chymo_CAD/Chymo_CAD_2pass_results/GM12878_Chymo_CAD"
time="06:12:58" level=info msg="Processing peptide identification files"
time="06:12:58" level=info msg="Parsing /scratch/negishi/afarzam/deepseq_fragger_2pass/MSV000086944_results_v3/second_pass_completeseq/Chymo_CAD/Chymo_CAD_2pass_results/GM12878_Chymo_HCD/interact-GM12878_chymo_12_sub.pep.xml"
time="06:12:58" level=info msg="Parsing /scratch/negishi/afarzam/deepseq_fragger_2pass/MSV000086944_results_v3/second_pass_completeseq/Chymo_CAD/Chymo_CAD_2pass_results/GM12878_Chymo_HCD/interact-GM12878_chymo_1_sub.pep.xml"
time="06:12:58" level=info msg="Parsing /scratch/negishi/afarzam/deepseq_fragger_2pass/MSV000086944_results_v3/second_pass_completeseq/Chymo_CAD/Chymo_CAD_2pass_results/GM12878_Chymo_HCD/interact-GM12878_chymo_11_140924142641_sub.pep.xml"
time="06:12:58" level=info msg="Parsing /scratch/negishi/afarzam/deepseq_fragger_2pass/MSV000086944_results_v3/second_pass_completeseq/Chymo_CAD/Chymo_CAD_2pass_results/GM12878_Chymo_HCD/interact-GM12878_chymo_27_sub.pep.xml"
time="06:12:58" level=info msg="Parsing /scratch/negishi/afarzam/deepseq_fragger_2pass/MSV000086944_results_v3/second_pass_completeseq/Chymo_CAD/Chymo_CAD_2pass_results/GM12878_Chymo_HCD/interact-GM12878_chymo_9_sub.pep.xml"
time="06:12:58" level=info msg="Parsing /scratch/negishi/afarzam/deepseq_fragger_2pass/MSV000086944_results_v3/second_pass_completeseq/Chymo_CAD/Chymo_CAD_2pass_results/GM12878_Chymo_HCD/interact-GM12878_chymo_27_140926165058_sub.pep.xml"
time="06:12:58" level=info msg="Parsing /scratch/negishi/afarzam/deepseq_fragger_2pass/MSV000086944_results_v3/second_pass_completeseq/Chymo_CAD/Chymo_CAD_2pass_results/GM12878_Chymo_HCD/interact-GM12878_chymo_10_sub.pep.xml"
time="06:12:58" level=info msg="Parsing /scratch/negishi/afarzam/deepseq_fragger_2pass/MSV000086944_results_v3/second_pass_completeseq/Chymo_CAD/Chymo_CAD_2pass_results/GM12878_Chymo_HCD/interact-GM12878_chymo_28_sub.pep.xml"
time="06:12:58" level=info msg="Parsing /scratch/negishi/afarzam/deepseq_fragger_2pass/MSV000086944_results_v3/second_pass_completeseq/Chymo_CAD/Chymo_CAD_2pass_results/GM12878_Chymo_HCD/interact-GM12878_chymo_18_sub.pep.xml"
time="06:12:58" level=info msg="Parsing /scratch/negishi/afarzam/deepseq_fragger_2pass/MSV000086944_results_v3/second_pass_completeseq/Chymo_CAD/Chymo_CAD_2pass_results/GM12878_Chymo_HCD/interact-GM12878_chymo_25_sub.pep.xml"
time="06:12:58" level=info msg="Parsing /scratch/negishi/afarzam/deepseq_fragger_2pass/MSV000086944_results_v3/second_pass_completeseq/Chymo_CAD/Chymo_CAD_2pass_results/GM12878_Chymo_HCD/interact-GM12878_chymo_24_sub.pep.xml"
time="06:12:58" level=info msg="Parsing /scratch/negishi/afarzam/deepseq_fragger_2pass/MSV000086944_results_v3/second_pass_completeseq/Chymo_CAD/Chymo_CAD_2pass_results/GM12878_Chymo_HCD/interact-GM12878_chymo_29_sub.pep.xml"
time="06:12:58" level=info msg="Parsing /scratch/negishi/afarzam/deepseq_fragger_2pass/MSV000086944_results_v3/second_pass_completeseq/Chymo_CAD/Chymo_CAD_2pass_results/GM12878_Chymo_HCD/interact-GM12878_chymo_21_sub.pep.xml"
time="06:12:58" level=info msg="Parsing /scratch/negishi/afarzam/deepseq_fragger_2pass/MSV000086944_results_v3/second_pass_completeseq/Chymo_CAD/Chymo_CAD_2pass_results/GM12878_Chymo_HCD/interact-GM12878_chymo_25_140926130659_sub.pep.xml"
time="06:12:58" level=info msg="Parsing /scratch/negishi/afarzam/deepseq_fragger_2pass/MSV000086944_results_v3/second_pass_completeseq/Chymo_CAD/Chymo_CAD_2pass_results/GM12878_Chymo_HCD/interact-GM12878_chymo_13_sub.pep.xml"
time="06:12:58" level=info msg="Parsing /scratch/negishi/afarzam/deepseq_fragger_2pass/MSV000086944_results_v3/second_pass_completeseq/Chymo_CAD/Chymo_CAD_2pass_results/GM12878_Chymo_HCD/interact-GM12878_chymo_4_sub.pep.xml"
time="06:12:58" level=info msg="Parsing /scratch/negishi/afarzam/deepseq_fragger_2pass/MSV000086944_results_v3/second_pass_completeseq/Chymo_CAD/Chymo_CAD_2pass_results/GM12878_Chymo_HCD/interact-GM12878_chymo_8_sub.pep.xml"
time="06:12:58" level=warning msg="No PSM was found in data set. /scratch/negishi/afarzam/deepseq_fragger_2pass/MSV000086944_results_v3/second_pass_completeseq/Chymo_CAD/Chymo_CAD_2pass_results/GM12878_Chymo_HCD/interact-GM12878_chymo_1_sub.pep.xml"
time="06:12:58" level=info msg="Parsing /scratch/negishi/afarzam/deepseq_fragger_2pass/MSV000086944_results_v3/second_pass_completeseq/Chymo_CAD/Chymo_CAD_2pass_results/GM12878_Chymo_HCD/interact-GM12878_chymo_14_sub.pep.xml"
time="06:12:58" level=info msg="Parsing /scratch/negishi/afarzam/deepseq_fragger_2pass/MSV000086944_results_v3/second_pass_completeseq/Chymo_CAD/Chymo_CAD_2pass_results/GM12878_Chymo_HCD/interact-GM12878_chymo_17_sub.pep.xml"
time="06:12:58" level=info msg="Parsing /scratch/negishi/afarzam/deepseq_fragger_2pass/MSV000086944_results_v3/second_pass_completeseq/Chymo_CAD/Chymo_CAD_2pass_results/GM12878_Chymo_HCD/interact-GM12878_chymo_2_sub.pep.xml"
time="06:12:58" level=info msg="Parsing /scratch/negishi/afarzam/deepseq_fragger_2pass/MSV000086944_results_v3/second_pass_completeseq/Chymo_CAD/Chymo_CAD_2pass_results/GM12878_Chymo_HCD/interact-GM12878_chymo_35_2_sub.pep.xml"
time="06:12:58" level=info msg="Parsing /scratch/negishi/afarzam/deepseq_fragger_2pass/MSV000086944_results_v3/second_pass_completeseq/Chymo_CAD/Chymo_CAD_2pass_results/GM12878_Chymo_HCD/interact-GM12878_chymo_26_140926145859_sub.pep.xml"
time="06:12:58" level=info msg="Parsing /scratch/negishi/afarzam/deepseq_fragger_2pass/MSV000086944_results_v3/second_pass_completeseq/Chymo_CAD/Chymo_CAD_2pass_results/GM12878_Chymo_HCD/interact-GM12878_chymo_15_sub.pep.xml"
time="06:12:58" level=warning msg="No PSM was found in data set. /scratch/negishi/afarzam/deepseq_fragger_2pass/MSV000086944_results_v3/second_pass_completeseq/Chymo_CAD/Chymo_CAD_2pass_results/GM12878_Chymo_HCD/interact-GM12878_chymo_14_sub.pep.xml"
time="06:12:58" level=info msg="Parsing /scratch/negishi/afarzam/deepseq_fragger_2pass/MSV000086944_results_v3/second_pass_completeseq/Chymo_CAD/Chymo_CAD_2pass_results/GM12878_Chymo_HCD/interact-GM12878_chymo_33_sub.pep.xml"
time="06:12:58" level=info msg="Parsing /scratch/negishi/afarzam/deepseq_fragger_2pass/MSV000086944_results_v3/second_pass_completeseq/Chymo_CAD/Chymo_CAD_2pass_results/GM12878_Chymo_HCD/interact-GM12878_chymo_20_sub.pep.xml"
time="06:12:58" level=warning msg="No PSM was found in data set. /scratch/negishi/afarzam/deepseq_fragger_2pass/MSV000086944_results_v3/second_pass_completeseq/Chymo_CAD/Chymo_CAD_2pass_results/GM12878_Chymo_HCD/interact-GM12878_chymo_4_sub.pep.xml"
time="06:12:58" level=info msg="Parsing /scratch/negishi/afarzam/deepseq_fragger_2pass/MSV000086944_results_v3/second_pass_completeseq/Chymo_CAD/Chymo_CAD_2pass_results/GM12878_Chymo_HCD/interact-GM12878_chymo_26_sub.pep.xml"
time="06:12:58" level=info msg="Parsing /scratch/negishi/afarzam/deepseq_fragger_2pass/MSV000086944_results_v3/second_pass_completeseq/Chymo_CAD/Chymo_CAD_2pass_results/GM12878_Chymo_HCD/interact-GM12878_chymo_16_sub.pep.xml"
time="06:12:58" level=warning msg="No PSM was found in data set. /scratch/negishi/afarzam/deepseq_fragger_2pass/MSV000086944_results_v3/second_pass_completeseq/Chymo_CAD/Chymo_CAD_2pass_results/GM12878_Chymo_HCD/interact-GM12878_chymo_24_sub.pep.xml"
time="06:12:58" level=info msg="Parsing /scratch/negishi/afarzam/deepseq_fragger_2pass/MSV000086944_results_v3/second_pass_completeseq/Chymo_CAD/Chymo_CAD_2pass_results/GM12878_Chymo_HCD/interact-GM12878_chymo_30_sub.pep.xml"
time="06:12:58" level=warning msg="No PSM was found in data set. /scratch/negishi/afarzam/deepseq_fragger_2pass/MSV000086944_results_v3/second_pass_completeseq/Chymo_CAD/Chymo_CAD_2pass_results/GM12878_Chymo_HCD/interact-GM12878_chymo_2_sub.pep.xml"
time="06:12:58" level=info msg="Parsing /scratch/negishi/afarzam/deepseq_fragger_2pass/MSV000086944_results_v3/second_pass_completeseq/Chymo_CAD/Chymo_CAD_2pass_results/GM12878_Chymo_HCD/interact-GM12878_chymo_19_sub.pep.xml"
time="06:12:58" level=info msg="Parsing /scratch/negishi/afarzam/deepseq_fragger_2pass/MSV000086944_results_v3/second_pass_completeseq/Chymo_CAD/Chymo_CAD_2pass_results/GM12878_Chymo_HCD/interact-GM12878_chymo_32_sub.pep.xml"
time="06:12:58" level=info msg="Parsing /scratch/negishi/afarzam/deepseq_fragger_2pass/MSV000086944_results_v3/second_pass_completeseq/Chymo_CAD/Chymo_CAD_2pass_results/GM12878_Chymo_HCD/interact-GM12878_chymo_7_sub.pep.xml"
time="06:12:58" level=warning msg="No PSM was found in data set. /scratch/negishi/afarzam/deepseq_fragger_2pass/MSV000086944_results_v3/second_pass_completeseq/Chymo_CAD/Chymo_CAD_2pass_results/GM12878_Chymo_HCD/interact-GM12878_chymo_30_sub.pep.xml"
time="06:12:58" level=info msg="Parsing /scratch/negishi/afarzam/deepseq_fragger_2pass/MSV000086944_results_v3/second_pass_completeseq/Chymo_CAD/Chymo_CAD_2pass_results/GM12878_Chymo_HCD/interact-GM12878_chymo_34_sub.pep.xml"
time="06:12:58" level=info msg="Parsing /scratch/negishi/afarzam/deepseq_fragger_2pass/MSV000086944_results_v3/second_pass_completeseq/Chymo_CAD/Chymo_CAD_2pass_results/GM12878_Chymo_HCD/interact-GM12878_chymo_5_sub.pep.xml"
time="06:12:58" level=info msg="Parsing /scratch/negishi/afarzam/deepseq_fragger_2pass/MSV000086944_results_v3/second_pass_completeseq/Chymo_CAD/Chymo_CAD_2pass_results/GM12878_Chymo_HCD/interact-GM12878_chymo_6_sub.pep.xml"
time="06:12:58" level=info msg="Parsing /scratch/negishi/afarzam/deepseq_fragger_2pass/MSV000086944_results_v3/second_pass_completeseq/Chymo_CAD/Chymo_CAD_2pass_results/GM12878_Chymo_HCD/interact-GM12878_chymo_3_sub.pep.xml"
time="06:12:58" level=info msg="Parsing /scratch/negishi/afarzam/deepseq_fragger_2pass/MSV000086944_results_v3/second_pass_completeseq/Chymo_CAD/Chymo_CAD_2pass_results/GM12878_Chymo_HCD/interact-GM12878_chymo_31_sub.pep.xml"
time="06:12:58" level=info msg="Parsing /scratch/negishi/afarzam/deepseq_fragger_2pass/MSV000086944_results_v3/second_pass_completeseq/Chymo_CAD/Chymo_CAD_2pass_results/GM12878_Chymo_HCD/interact-GM12878_chymo_11_sub.pep.xml"
time="06:12:58" level=info msg="Parsing /scratch/negishi/afarzam/deepseq_fragger_2pass/MSV000086944_results_v3/second_pass_completeseq/Chymo_CAD/Chymo_CAD_2pass_results/GM12878_Chymo_HCD/interact-GM12878_chymo_35_sub.pep.xml"
time="06:12:58" level=info msg="Parsing /scratch/negishi/afarzam/deepseq_fragger_2pass/MSV000086944_results_v3/second_pass_completeseq/Chymo_CAD/Chymo_CAD_2pass_results/GM12878_Chymo_HCD/interact-GM12878_chymo_23_sub.pep.xml"
time="06:12:58" level=warning msg="No PSM was found in data set. /scratch/negishi/afarzam/deepseq_fragger_2pass/MSV000086944_results_v3/second_pass_completeseq/Chymo_CAD/Chymo_CAD_2pass_results/GM12878_Chymo_HCD/interact-GM12878_chymo_5_sub.pep.xml"
time="06:12:58" level=warning msg="No PSM was found in data set. /scratch/negishi/afarzam/deepseq_fragger_2pass/MSV000086944_results_v3/second_pass_completeseq/Chymo_CAD/Chymo_CAD_2pass_results/GM12878_Chymo_HCD/interact-GM12878_chymo_6_sub.pep.xml"
time="06:12:58" level=warning msg="No PSM was found in data set. /scratch/negishi/afarzam/deepseq_fragger_2pass/MSV000086944_results_v3/second_pass_completeseq/Chymo_CAD/Chymo_CAD_2pass_results/GM12878_Chymo_HCD/interact-GM12878_chymo_31_sub.pep.xml"
time="06:13:00" level=info msg="1+ Charge profile" decoy=0 target=0
time="06:13:00" level=info msg="2+ Charge profile" decoy=43 target=179
time="06:13:00" level=info msg="3+ Charge profile" decoy=45 target=135
time="06:13:00" level=info msg="4+ Charge profile" decoy=4 target=42
time="06:13:00" level=info msg="5+ Charge profile" decoy=2 target=11
time="06:13:00" level=info msg="6+ Charge profile" decoy=0 target=2
time="06:13:00" level=info msg="Database search results" ions=373 peptides=351 psms=466
time="06:13:00" level=info msg="Converged to 0.00 % FDR with 43 PSMs" decoy=0 threshold=0.945165 total=43
time="06:13:00" level=info msg="Converged to 0.00 % FDR with 14 Peptides" decoy=0 threshold=0.946466 total=14
time="06:13:00" level=info msg="Converged to 0.00 % FDR with 18 Ions" decoy=0 threshold=0.946466 total=18
time="06:13:00" level=info msg="Protein inference results" decoy=2149 target=3254
time="06:13:00" level=info msg="Converged to 0.00 % FDR with 50 Proteins" decoy=1 threshold=0.9943 total=51
time="06:13:00" level=info msg="Applying sequential FDR estimation" ions=11 peptides=7 psms=36
time="06:13:00" level=info msg="Converged to 0.00 % FDR with 35 PSMs" decoy=0 threshold=0.950724 total=35
time="06:13:00" level=info msg="Converged to 0.00 % FDR with 6 Peptides" decoy=0 threshold=0.98811 total=6
time="06:13:00" level=info msg="Converged to 0.00 % FDR with 10 Ions" decoy=0 threshold=0.962907 total=10
time="06:13:00" level=info msg="Post processing identifications"
time="06:13:00" level=info msg="Assigning protein identifications to layers"
time="06:13:01" level=info msg="Processing protein inference"
time="06:13:01" level=info msg="Synchronizing PSMs and proteins"
time="06:13:01" level=info msg="Final report numbers after FDR filtering, and post-processing" ions=10 peptides=6 proteins=5 psms=35
time="06:13:01" level=info msg=Saving
time="06:13:01" level=info msg=Done
