time="06:13:08" level=info msg="Executing Filter  v5.1.2"
time="06:13:08" level=info msg="Fetching protein inference from /scratch/negishi/afarzam/deepseq_fragger_2pass/MSV000086944_results_v3/second_pass_completeseq/Chymo_CAD/Chymo_CAD_2pass_results/GM12878_Chymo_CAD"
time="06:13:08" level=info msg="Processing peptide identification files"
time="06:13:08" level=info msg="Parsing /scratch/negishi/afarzam/deepseq_fragger_2pass/MSV000086944_results_v3/second_pass_completeseq/Chymo_CAD/Chymo_CAD_2pass_results/HeLa_Chymo_CAD/interact-20151017_alr_CompleteHumanProteome_HeLaS3_chymotrypsin_CAD_fr13_sub.pep.xml"
time="06:13:08" level=info msg="Parsing /scratch/negishi/afarzam/deepseq_fragger_2pass/MSV000086944_results_v3/second_pass_completeseq/Chymo_CAD/Chymo_CAD_2pass_results/HeLa_Chymo_CAD/interact-20151017_alr_CompleteHumanProteome_HeLaS3_chymotrypsin_CAD_fr16_sub.pep.xml"
time="06:13:08" level=info msg="Parsing /scratch/negishi/afarzam/deepseq_fragger_2pass/MSV000086944_results_v3/second_pass_completeseq/Chymo_CAD/Chymo_CAD_2pass_results/HeLa_Chymo_CAD/interact-20151017_alr_CompleteHumanProteome_HeLaS3_chymotrypsin_CAD_fr28_sub.pep.xml"
time="06:13:08" level=info msg="Parsing /scratch/negishi/afarzam/deepseq_fragger_2pass/MSV000086944_results_v3/second_pass_completeseq/Chymo_CAD/Chymo_CAD_2pass_results/HeLa_Chymo_CAD/interact-20151017_alr_CompleteHumanProteome_HeLaS3_chymotrypsin_CAD_fr21_sub.pep.xml"
time="06:13:08" level=info msg="Parsing /scratch/negishi/afarzam/deepseq_fragger_2pass/MSV000086944_results_v3/second_pass_completeseq/Chymo_CAD/Chymo_CAD_2pass_results/HeLa_Chymo_CAD/interact-20151017_alr_CompleteHumanProteome_HeLaS3_chymotrypsin_CAD_fr7_sub.pep.xml"
time="06:13:08" level=info msg="Parsing /scratch/negishi/afarzam/deepseq_fragger_2pass/MSV000086944_results_v3/second_pass_completeseq/Chymo_CAD/Chymo_CAD_2pass_results/HeLa_Chymo_CAD/interact-20151017_alr_CompleteHumanProteome_HeLaS3_chymotrypsin_CAD_fr30_sub.pep.xml"
time="06:13:08" level=info msg="Parsing /scratch/negishi/afarzam/deepseq_fragger_2pass/MSV000086944_results_v3/second_pass_completeseq/Chymo_CAD/Chymo_CAD_2pass_results/HeLa_Chymo_CAD/interact-20151017_alr_CompleteHumanProteome_HeLaS3_chymotrypsin_CAD_fr10_sub.pep.xml"
time="06:13:08" level=info msg="Parsing /scratch/negishi/afarzam/deepseq_fragger_2pass/MSV000086944_results_v3/second_pass_completeseq/Chymo_CAD/Chymo_CAD_2pass_results/HeLa_Chymo_CAD/interact-20151017_alr_CompleteHumanProteome_HeLaS3_chymotrypsin_CAD_fr29_sub.pep.xml"
time="06:13:08" level=info msg="Parsing /scratch/negishi/afarzam/deepseq_fragger_2pass/MSV000086944_results_v3/second_pass_completeseq/Chymo_CAD/Chymo_CAD_2pass_results/HeLa_Chymo_CAD/interact-20151017_alr_CompleteHumanProteome_HeLaS3_chymotrypsin_CAD_fr23_sub.pep.xml"
time="06:13:08" level=info msg="Parsing /scratch/negishi/afarzam/deepseq_fragger_2pass/MSV000086944_results_v3/second_pass_completeseq/Chymo_CAD/Chymo_CAD_2pass_results/HeLa_Chymo_CAD/interact-20151017_alr_CompleteHumanProteome_HeLaS3_chymotrypsin_CAD_fr32_sub.pep.xml"
time="06:13:08" level=info msg="Parsing /scratch/negishi/afarzam/deepseq_fragger_2pass/MSV000086944_results_v3/second_pass_completeseq/Chymo_CAD/Chymo_CAD_2pass_results/HeLa_Chymo_CAD/interact-20151017_alr_CompleteHumanProteome_HeLaS3_chymotrypsin_CAD_f11_sub.pep.xml"
time="06:13:08" level=info msg="Parsing /scratch/negishi/afarzam/deepseq_fragger_2pass/MSV000086944_results_v3/second_pass_completeseq/Chymo_CAD/Chymo_CAD_2pass_results/HeLa_Chymo_CAD/interact-20151017_alr_CompleteHumanProteome_HeLaS3_chymotrypsin_CAD_fr19_sub.pep.xml"
time="06:13:08" level=info msg="Parsing /scratch/negishi/afarzam/deepseq_fragger_2pass/MSV000086944_results_v3/second_pass_completeseq/Chymo_CAD/Chymo_CAD_2pass_results/HeLa_Chymo_CAD/interact-20151017_alr_CompleteHumanProteome_HeLaS3_chymotrypsin_CAD_fr12_sub.pep.xml"
time="06:13:08" level=info msg="Parsing /scratch/negishi/afarzam/deepseq_fragger_2pass/MSV000086944_results_v3/second_pass_completeseq/Chymo_CAD/Chymo_CAD_2pass_results/HeLa_Chymo_CAD/interact-20151017_alr_CompleteHumanProteome_HeLaS3_chymotrypsin_CAD_fr9_sub.pep.xml"
time="06:13:08" level=info msg="Parsing /scratch/negishi/afarzam/deepseq_fragger_2pass/MSV000086944_results_v3/second_pass_completeseq/Chymo_CAD/Chymo_CAD_2pass_results/HeLa_Chymo_CAD/interact-20151017_alr_CompleteHumanProteome_HeLaS3_chymotrypsin_CAD_fr33_sub.pep.xml"
time="06:13:08" level=info msg="Parsing /scratch/negishi/afarzam/deepseq_fragger_2pass/MSV000086944_results_v3/second_pass_completeseq/Chymo_CAD/Chymo_CAD_2pass_results/HeLa_Chymo_CAD/interact-20151017_alr_CompleteHumanProteome_HeLaS3_chymotrypsin_CAD_fr18_sub.pep.xml"
time="06:13:08" level=warning msg="No PSM was found in data set. /scratch/negishi/afarzam/deepseq_fragger_2pass/MSV000086944_results_v3/second_pass_completeseq/Chymo_CAD/Chymo_CAD_2pass_results/HeLa_Chymo_CAD/interact-20151017_alr_CompleteHumanProteome_HeLaS3_chymotrypsin_CAD_fr16_sub.pep.xml"
time="06:13:08" level=info msg="Parsing /scratch/negishi/afarzam/deepseq_fragger_2pass/MSV000086944_results_v3/second_pass_completeseq/Chymo_CAD/Chymo_CAD_2pass_results/HeLa_Chymo_CAD/interact-20151017_alr_CompleteHumanProteome_HeLaS3_chymotrypsin_CAD_fr25_sub.pep.xml"
time="06:13:08" level=info msg="Parsing /scratch/negishi/afarzam/deepseq_fragger_2pass/MSV000086944_results_v3/second_pass_completeseq/Chymo_CAD/Chymo_CAD_2pass_results/HeLa_Chymo_CAD/interact-20151017_alr_CompleteHumanProteome_HeLaS3_chymotrypsin_CAD_fr20_sub.pep.xml"
time="06:13:08" level=info msg="Parsing /scratch/negishi/afarzam/deepseq_fragger_2pass/MSV000086944_results_v3/second_pass_completeseq/Chymo_CAD/Chymo_CAD_2pass_results/HeLa_Chymo_CAD/interact-20151017_alr_CompleteHumanProteome_HeLaS3_chymotrypsin_CAD_fr5_sub.pep.xml"
time="06:13:08" level=warning msg="No PSM was found in data set. /scratch/negishi/afarzam/deepseq_fragger_2pass/MSV000086944_results_v3/second_pass_completeseq/Chymo_CAD/Chymo_CAD_2pass_results/HeLa_Chymo_CAD/interact-20151017_alr_CompleteHumanProteome_HeLaS3_chymotrypsin_CAD_fr28_sub.pep.xml"
time="06:13:08" level=warning msg="No PSM was found in data set. /scratch/negishi/afarzam/deepseq_fragger_2pass/MSV000086944_results_v3/second_pass_completeseq/Chymo_CAD/Chymo_CAD_2pass_results/HeLa_Chymo_CAD/interact-20151017_alr_CompleteHumanProteome_HeLaS3_chymotrypsin_CAD_fr12_sub.pep.xml"
time="06:13:08" level=warning msg="No PSM was found in data set. /scratch/negishi/afarzam/deepseq_fragger_2pass/MSV000086944_results_v3/second_pass_completeseq/Chymo_CAD/Chymo_CAD_2pass_results/HeLa_Chymo_CAD/interact-20151017_alr_CompleteHumanProteome_HeLaS3_chymotrypsin_CAD_fr30_sub.pep.xml"
time="06:13:08" level=info msg="Parsing /scratch/negishi/afarzam/deepseq_fragger_2pass/MSV000086944_results_v3/second_pass_completeseq/Chymo_CAD/Chymo_CAD_2pass_results/HeLa_Chymo_CAD/interact-20151017_alr_CompleteHumanProteome_HeLaS3_chymotrypsin_CAD_fr35_sub.pep.xml"
time="06:13:08" level=warning msg="No PSM was found in data set. /scratch/negishi/afarzam/deepseq_fragger_2pass/MSV000086944_results_v3/second_pass_completeseq/Chymo_CAD/Chymo_CAD_2pass_results/HeLa_Chymo_CAD/interact-20151017_alr_CompleteHumanProteome_HeLaS3_chymotrypsin_CAD_fr21_sub.pep.xml"
time="06:13:08" level=warning msg="No PSM was found in data set. /scratch/negishi/afarzam/deepseq_fragger_2pass/MSV000086944_results_v3/second_pass_completeseq/Chymo_CAD/Chymo_CAD_2pass_results/HeLa_Chymo_CAD/interact-20151017_alr_CompleteHumanProteome_HeLaS3_chymotrypsin_CAD_fr7_sub.pep.xml"
time="06:13:08" level=info msg="Parsing /scratch/negishi/afarzam/deepseq_fragger_2pass/MSV000086944_results_v3/second_pass_completeseq/Chymo_CAD/Chymo_CAD_2pass_results/HeLa_Chymo_CAD/interact-20151017_alr_CompleteHumanProteome_HeLaS3_chymotrypsin_CAD_fr24_sub.pep.xml"
time="06:13:08" level=info msg="Parsing /scratch/negishi/afarzam/deepseq_fragger_2pass/MSV000086944_results_v3/second_pass_completeseq/Chymo_CAD/Chymo_CAD_2pass_results/HeLa_Chymo_CAD/interact-20151017_alr_CompleteHumanProteome_HeLaS3_chymotrypsin_CAD_fr3_sub.pep.xml"
time="06:13:08" level=info msg="Parsing /scratch/negishi/afarzam/deepseq_fragger_2pass/MSV000086944_results_v3/second_pass_completeseq/Chymo_CAD/Chymo_CAD_2pass_results/HeLa_Chymo_CAD/interact-20151017_alr_CompleteHumanProteome_HeLaS3_chymotrypsin_CAD_fr6_sub.pep.xml"
time="06:13:08" level=info msg="Parsing /scratch/negishi/afarzam/deepseq_fragger_2pass/MSV000086944_results_v3/second_pass_completeseq/Chymo_CAD/Chymo_CAD_2pass_results/HeLa_Chymo_CAD/interact-20151017_alr_CompleteHumanProteome_HeLaS3_chymotrypsin_CAD_fr15_sub.pep.xml"
time="06:13:08" level=info msg="Parsing /scratch/negishi/afarzam/deepseq_fragger_2pass/MSV000086944_results_v3/second_pass_completeseq/Chymo_CAD/Chymo_CAD_2pass_results/HeLa_Chymo_CAD/interact-20151017_alr_CompleteHumanProteome_HeLaS3_chymotrypsin_CAD_fr22_sub.pep.xml"
time="06:13:08" level=info msg="Parsing /scratch/negishi/afarzam/deepseq_fragger_2pass/MSV000086944_results_v3/second_pass_completeseq/Chymo_CAD/Chymo_CAD_2pass_results/HeLa_Chymo_CAD/interact-20151017_alr_CompleteHumanProteome_HeLaS3_chymotrypsin_CAD_fr31_sub.pep.xml"
time="06:13:08" level=warning msg="No PSM was found in data set. /scratch/negishi/afarzam/deepseq_fragger_2pass/MSV000086944_results_v3/second_pass_completeseq/Chymo_CAD/Chymo_CAD_2pass_results/HeLa_Chymo_CAD/interact-20151017_alr_CompleteHumanProteome_HeLaS3_chymotrypsin_CAD_f11_sub.pep.xml"
time="06:13:08" level=info msg="Parsing /scratch/negishi/afarzam/deepseq_fragger_2pass/MSV000086944_results_v3/second_pass_completeseq/Chymo_CAD/Chymo_CAD_2pass_results/HeLa_Chymo_CAD/interact-20151017_alr_CompleteHumanProteome_HeLaS3_chymotrypsin_CAD_fr14_sub.pep.xml"
time="06:13:08" level=info msg="Parsing /scratch/negishi/afarzam/deepseq_fragger_2pass/MSV000086944_results_v3/second_pass_completeseq/Chymo_CAD/Chymo_CAD_2pass_results/HeLa_Chymo_CAD/interact-20151017_alr_CompleteHumanProteome_HeLaS3_chymotrypsin_CAD_fr2_sub.pep.xml"
time="06:13:08" level=info msg="Parsing /scratch/negishi/afarzam/deepseq_fragger_2pass/MSV000086944_results_v3/second_pass_completeseq/Chymo_CAD/Chymo_CAD_2pass_results/HeLa_Chymo_CAD/interact-20151017_alr_CompleteHumanProteome_HeLaS3_chymotrypsin_CAD_fr27_sub.pep.xml"
time="06:13:08" level=warning msg="No PSM was found in data set. /scratch/negishi/afarzam/deepseq_fragger_2pass/MSV000086944_results_v3/second_pass_completeseq/Chymo_CAD/Chymo_CAD_2pass_results/HeLa_Chymo_CAD/interact-20151017_alr_CompleteHumanProteome_HeLaS3_chymotrypsin_CAD_fr10_sub.pep.xml"
time="06:13:08" level=info msg="Parsing /scratch/negishi/afarzam/deepseq_fragger_2pass/MSV000086944_results_v3/second_pass_completeseq/Chymo_CAD/Chymo_CAD_2pass_results/HeLa_Chymo_CAD/interact-20151017_alr_CompleteHumanProteome_HeLaS3_chymotrypsin_CAD_fr8_sub.pep.xml"
time="06:13:08" level=warning msg="No PSM was found in data set. /scratch/negishi/afarzam/deepseq_fragger_2pass/MSV000086944_results_v3/second_pass_completeseq/Chymo_CAD/Chymo_CAD_2pass_results/HeLa_Chymo_CAD/interact-20151017_alr_CompleteHumanProteome_HeLaS3_chymotrypsin_CAD_fr9_sub.pep.xml"
time="06:13:08" level=warning msg="No PSM was found in data set. /scratch/negishi/afarzam/deepseq_fragger_2pass/MSV000086944_results_v3/second_pass_completeseq/Chymo_CAD/Chymo_CAD_2pass_results/HeLa_Chymo_CAD/interact-20151017_alr_CompleteHumanProteome_HeLaS3_chymotrypsin_CAD_fr20_sub.pep.xml"
time="06:13:08" level=info msg="Parsing /scratch/negishi/afarzam/deepseq_fragger_2pass/MSV000086944_results_v3/second_pass_completeseq/Chymo_CAD/Chymo_CAD_2pass_results/HeLa_Chymo_CAD/interact-20151017_alr_CompleteHumanProteome_HeLaS3_chymotrypsin_CAD_fr34_sub.pep.xml"
time="06:13:08" level=info msg="Parsing /scratch/negishi/afarzam/deepseq_fragger_2pass/MSV000086944_results_v3/second_pass_completeseq/Chymo_CAD/Chymo_CAD_2pass_results/HeLa_Chymo_CAD/interact-20151017_alr_CompleteHumanProteome_HeLaS3_chymotrypsin_CAD_fr4_sub.pep.xml"
time="06:13:08" level=info msg="Parsing /scratch/negishi/afarzam/deepseq_fragger_2pass/MSV000086944_results_v3/second_pass_completeseq/Chymo_CAD/Chymo_CAD_2pass_results/HeLa_Chymo_CAD/interact-20151017_alr_CompleteHumanProteome_HeLaS3_chymotrypsin_CAD_fr17_sub.pep.xml"
time="06:13:08" level=warning msg="No PSM was found in data set. /scratch/negishi/afarzam/deepseq_fragger_2pass/MSV000086944_results_v3/second_pass_completeseq/Chymo_CAD/Chymo_CAD_2pass_results/HeLa_Chymo_CAD/interact-20151017_alr_CompleteHumanProteome_HeLaS3_chymotrypsin_CAD_fr15_sub.pep.xml"
time="06:13:08" level=info msg="Parsing /scratch/negishi/afarzam/deepseq_fragger_2pass/MSV000086944_results_v3/second_pass_completeseq/Chymo_CAD/Chymo_CAD_2pass_results/HeLa_Chymo_CAD/interact-20151017_alr_CompleteHumanProteome_HeLaS3_chymotrypsin_CAD_fr1_sub.pep.xml"
time="06:13:08" level=info msg="Parsing /scratch/negishi/afarzam/deepseq_fragger_2pass/MSV000086944_results_v3/second_pass_completeseq/Chymo_CAD/Chymo_CAD_2pass_results/HeLa_Chymo_CAD/interact-20151017_alr_CompleteHumanProteome_HeLaS3_chymotrypsin_CAD_fr26_sub.pep.xml"
time="06:13:08" level=warning msg="No PSM was found in data set. /scratch/negishi/afarzam/deepseq_fragger_2pass/MSV000086944_results_v3/second_pass_completeseq/Chymo_CAD/Chymo_CAD_2pass_results/HeLa_Chymo_CAD/interact-20151017_alr_CompleteHumanProteome_HeLaS3_chymotrypsin_CAD_fr6_sub.pep.xml"
time="06:13:08" level=warning msg="No PSM was found in data set. /scratch/negishi/afarzam/deepseq_fragger_2pass/MSV000086944_results_v3/second_pass_completeseq/Chymo_CAD/Chymo_CAD_2pass_results/HeLa_Chymo_CAD/interact-20151017_alr_CompleteHumanProteome_HeLaS3_chymotrypsin_CAD_fr5_sub.pep.xml"
time="06:13:08" level=warning msg="No PSM was found in data set. /scratch/negishi/afarzam/deepseq_fragger_2pass/MSV000086944_results_v3/second_pass_completeseq/Chymo_CAD/Chymo_CAD_2pass_results/HeLa_Chymo_CAD/interact-20151017_alr_CompleteHumanProteome_HeLaS3_chymotrypsin_CAD_fr8_sub.pep.xml"
time="06:13:08" level=warning msg="No PSM was found in data set. /scratch/negishi/afarzam/deepseq_fragger_2pass/MSV000086944_results_v3/second_pass_completeseq/Chymo_CAD/Chymo_CAD_2pass_results/HeLa_Chymo_CAD/interact-20151017_alr_CompleteHumanProteome_HeLaS3_chymotrypsin_CAD_fr35_sub.pep.xml"
time="06:13:08" level=warning msg="No PSM was found in data set. /scratch/negishi/afarzam/deepseq_fragger_2pass/MSV000086944_results_v3/second_pass_completeseq/Chymo_CAD/Chymo_CAD_2pass_results/HeLa_Chymo_CAD/interact-20151017_alr_CompleteHumanProteome_HeLaS3_chymotrypsin_CAD_fr31_sub.pep.xml"
time="06:13:08" level=warning msg="No PSM was found in data set. /scratch/negishi/afarzam/deepseq_fragger_2pass/MSV000086944_results_v3/second_pass_completeseq/Chymo_CAD/Chymo_CAD_2pass_results/HeLa_Chymo_CAD/interact-20151017_alr_CompleteHumanProteome_HeLaS3_chymotrypsin_CAD_fr4_sub.pep.xml"
time="06:13:08" level=warning msg="No PSM was found in data set. /scratch/negishi/afarzam/deepseq_fragger_2pass/MSV000086944_results_v3/second_pass_completeseq/Chymo_CAD/Chymo_CAD_2pass_results/HeLa_Chymo_CAD/interact-20151017_alr_CompleteHumanProteome_HeLaS3_chymotrypsin_CAD_fr26_sub.pep.xml"
time="06:13:08" level=warning msg="No PSM was found in data set. /scratch/negishi/afarzam/deepseq_fragger_2pass/MSV000086944_results_v3/second_pass_completeseq/Chymo_CAD/Chymo_CAD_2pass_results/HeLa_Chymo_CAD/interact-20151017_alr_CompleteHumanProteome_HeLaS3_chymotrypsin_CAD_fr17_sub.pep.xml"
time="06:13:08" level=warning msg="No PSM was found in data set. /scratch/negishi/afarzam/deepseq_fragger_2pass/MSV000086944_results_v3/second_pass_completeseq/Chymo_CAD/Chymo_CAD_2pass_results/HeLa_Chymo_CAD/interact-20151017_alr_CompleteHumanProteome_HeLaS3_chymotrypsin_CAD_fr27_sub.pep.xml"
time="06:13:10" level=info msg="1+ Charge profile" decoy=0 target=0
time="06:13:10" level=info msg="2+ Charge profile" decoy=24 target=78
time="06:13:10" level=info msg="3+ Charge profile" decoy=7 target=22
time="06:13:10" level=info msg="4+ Charge profile" decoy=6 target=5
time="06:13:10" level=info msg="5+ Charge profile" decoy=1 target=2
time="06:13:10" level=info msg="6+ Charge profile" decoy=1 target=1
time="06:13:10" level=info msg="Database search results" ions=118 peptides=114 psms=147
time="06:13:10" level=info msg="Converged to 0.00 % FDR with 18 PSMs" decoy=0 threshold=0.874909 total=18
time="06:13:10" level=info msg="Converged to 0.00 % FDR with 8 Peptides" decoy=0 threshold=0.87994 total=8
time="06:13:10" level=info msg="Converged to 0.00 % FDR with 9 Ions" decoy=0 threshold=0.87994 total=9
time="06:13:10" level=info msg="Protein inference results" decoy=2149 target=3254
time="06:13:10" level=info msg="Converged to 0.00 % FDR with 50 Proteins" decoy=1 threshold=0.9943 total=51
time="06:13:10" level=info msg="Applying sequential FDR estimation" ions=5 peptides=4 psms=14
time="06:13:10" level=info msg="Converged to 0.00 % FDR with 13 PSMs" decoy=0 threshold=0.883111 total=13
time="06:13:10" level=info msg="Converged to 0.00 % FDR with 3 Peptides" decoy=0 threshold=0.9763 total=3
time="06:13:10" level=info msg="Converged to 0.00 % FDR with 4 Ions" decoy=0 threshold=0.92282 total=4
time="06:13:10" level=info msg="Post processing identifications"
time="06:13:10" level=info msg="Assigning protein identifications to layers"
time="06:13:10" level=info msg="Processing protein inference"
time="06:13:11" level=info msg="Synchronizing PSMs and proteins"
time="06:13:11" level=info msg="Final report numbers after FDR filtering, and post-processing" ions=4 peptides=3 proteins=4 psms=13
time="06:13:11" level=info msg=Saving
time="06:13:11" level=info msg=Done
