time="01:08:45" level=info msg="Executing Filter  v5.1.2"
time="01:08:45" level=info msg="Fetching protein inference from /scratch/negishi/afarzam/deepseq_fragger_2pass/MSV000086944_results_v3/second_pass_completeseq/LysC_ETD/LysC_ETD_2pass_results/GM12878_LysC_ETD"
time="01:08:45" level=info msg="Processing peptide identification files"
time="01:08:45" level=info msg="Parsing /scratch/negishi/afarzam/deepseq_fragger_2pass/MSV000086944_results_v3/second_pass_completeseq/LysC_ETD/LysC_ETD_2pass_results/HUVEC_LysC_ETD/interact-HUVEC_LysC_ETD_35_sub.pep.xml"
time="01:08:45" level=info msg="Parsing /scratch/negishi/afarzam/deepseq_fragger_2pass/MSV000086944_results_v3/second_pass_completeseq/LysC_ETD/LysC_ETD_2pass_results/HUVEC_LysC_ETD/interact-20151220_alr_CompleteHumanProteome_HUVEC_LysC_ETD_fr11_sub.pep.xml"
time="01:08:45" level=info msg="Parsing /scratch/negishi/afarzam/deepseq_fragger_2pass/MSV000086944_results_v3/second_pass_completeseq/LysC_ETD/LysC_ETD_2pass_results/HUVEC_LysC_ETD/interact-20151220_alr_CompleteHumanProteome_HUVEC_LysC_ETD_fr18_sub.pep.xml"
time="01:08:45" level=info msg="Parsing /scratch/negishi/afarzam/deepseq_fragger_2pass/MSV000086944_results_v3/second_pass_completeseq/LysC_ETD/LysC_ETD_2pass_results/HUVEC_LysC_ETD/interact-20151128_alr_CompleteHumanProteome_HUVEC_ETD_LysC_fr1_sub.pep.xml"
time="01:08:45" level=info msg="Parsing /scratch/negishi/afarzam/deepseq_fragger_2pass/MSV000086944_results_v3/second_pass_completeseq/LysC_ETD/LysC_ETD_2pass_results/HUVEC_LysC_ETD/interact-20151128_alr_CompleteHumanProteome_HUVEC_ETD_LysC_fr2_sub.pep.xml"
time="01:08:45" level=info msg="Parsing /scratch/negishi/afarzam/deepseq_fragger_2pass/MSV000086944_results_v3/second_pass_completeseq/LysC_ETD/LysC_ETD_2pass_results/HUVEC_LysC_ETD/interact-20151220_alr_CompleteHumanProteome_HUVEC_LysC_ETD_fr12_sub.pep.xml"
time="01:08:45" level=info msg="Parsing /scratch/negishi/afarzam/deepseq_fragger_2pass/MSV000086944_results_v3/second_pass_completeseq/LysC_ETD/LysC_ETD_2pass_results/HUVEC_LysC_ETD/interact-HUVEC_LysC_ETD_23_sub.pep.xml"
time="01:08:45" level=info msg="Parsing /scratch/negishi/afarzam/deepseq_fragger_2pass/MSV000086944_results_v3/second_pass_completeseq/LysC_ETD/LysC_ETD_2pass_results/HUVEC_LysC_ETD/interact-20151220_alr_CompleteHumanProteome_HUVEC_LysC_ETD_fr6_sub.pep.xml"
time="01:08:45" level=info msg="Parsing /scratch/negishi/afarzam/deepseq_fragger_2pass/MSV000086944_results_v3/second_pass_completeseq/LysC_ETD/LysC_ETD_2pass_results/HUVEC_LysC_ETD/interact-20151220_alr_CompleteHumanProteome_HUVEC_LysC_ETD_fr9_151220213104_sub.pep.xml"
time="01:08:45" level=info msg="Parsing /scratch/negishi/afarzam/deepseq_fragger_2pass/MSV000086944_results_v3/second_pass_completeseq/LysC_ETD/LysC_ETD_2pass_results/HUVEC_LysC_ETD/interact-20151220_alr_CompleteHumanProteome_HUVEC_LysC_ETD_fr10_sub.pep.xml"
time="01:08:45" level=info msg="Parsing /scratch/negishi/afarzam/deepseq_fragger_2pass/MSV000086944_results_v3/second_pass_completeseq/LysC_ETD/LysC_ETD_2pass_results/HUVEC_LysC_ETD/interact-20151220_alr_CompleteHumanProteome_HUVEC_LysC_ETD_fr13_sub.pep.xml"
time="01:08:45" level=info msg="Parsing /scratch/negishi/afarzam/deepseq_fragger_2pass/MSV000086944_results_v3/second_pass_completeseq/LysC_ETD/LysC_ETD_2pass_results/HUVEC_LysC_ETD/interact-20151220_alr_CompleteHumanProteome_HUVEC_LysC_ETD_fr9_sub.pep.xml"
time="01:08:45" level=info msg="Parsing /scratch/negishi/afarzam/deepseq_fragger_2pass/MSV000086944_results_v3/second_pass_completeseq/LysC_ETD/LysC_ETD_2pass_results/HUVEC_LysC_ETD/interact-HUVEC_LysC_ETD_25_sub.pep.xml"
time="01:08:45" level=info msg="Parsing /scratch/negishi/afarzam/deepseq_fragger_2pass/MSV000086944_results_v3/second_pass_completeseq/LysC_ETD/LysC_ETD_2pass_results/HUVEC_LysC_ETD/interact-20151128_alr_CompleteHumanProteome_HUVEC_ETD_LysC_fr5_sub.pep.xml"
time="01:08:45" level=info msg="Parsing /scratch/negishi/afarzam/deepseq_fragger_2pass/MSV000086944_results_v3/second_pass_completeseq/LysC_ETD/LysC_ETD_2pass_results/HUVEC_LysC_ETD/interact-HUVEC_LysC_ETD_32_sub.pep.xml"
time="01:08:45" level=info msg="Parsing /scratch/negishi/afarzam/deepseq_fragger_2pass/MSV000086944_results_v3/second_pass_completeseq/LysC_ETD/LysC_ETD_2pass_results/HUVEC_LysC_ETD/interact-20151220_alr_CompleteHumanProteome_HUVEC_LysC_ETD_fr14_sub.pep.xml"
time="01:08:45" level=info msg="Parsing /scratch/negishi/afarzam/deepseq_fragger_2pass/MSV000086944_results_v3/second_pass_completeseq/LysC_ETD/LysC_ETD_2pass_results/HUVEC_LysC_ETD/interact-HUVEC_LysC_ETD_27_sub.pep.xml"
time="01:08:45" level=info msg="Parsing /scratch/negishi/afarzam/deepseq_fragger_2pass/MSV000086944_results_v3/second_pass_completeseq/LysC_ETD/LysC_ETD_2pass_results/HUVEC_LysC_ETD/interact-HUVEC_LysC_ETD_28_sub.pep.xml"
time="01:08:45" level=info msg="Parsing /scratch/negishi/afarzam/deepseq_fragger_2pass/MSV000086944_results_v3/second_pass_completeseq/LysC_ETD/LysC_ETD_2pass_results/HUVEC_LysC_ETD/interact-20151220_alr_CompleteHumanProteome_HUVEC_LysC_ETD_fr20_sub.pep.xml"
time="01:08:45" level=info msg="Parsing /scratch/negishi/afarzam/deepseq_fragger_2pass/MSV000086944_results_v3/second_pass_completeseq/LysC_ETD/LysC_ETD_2pass_results/HUVEC_LysC_ETD/interact-HUVEC_LysC_ETD_29_sub.pep.xml"
time="01:08:45" level=info msg="Parsing /scratch/negishi/afarzam/deepseq_fragger_2pass/MSV000086944_results_v3/second_pass_completeseq/LysC_ETD/LysC_ETD_2pass_results/HUVEC_LysC_ETD/interact-HUVEC_LysC_ETD_30_sub.pep.xml"
time="01:08:45" level=info msg="Parsing /scratch/negishi/afarzam/deepseq_fragger_2pass/MSV000086944_results_v3/second_pass_completeseq/LysC_ETD/LysC_ETD_2pass_results/HUVEC_LysC_ETD/interact-HUVEC_LysC_ETD_26_sub.pep.xml"
time="01:08:45" level=info msg="Parsing /scratch/negishi/afarzam/deepseq_fragger_2pass/MSV000086944_results_v3/second_pass_completeseq/LysC_ETD/LysC_ETD_2pass_results/HUVEC_LysC_ETD/interact-20151220_alr_CompleteHumanProteome_HUVEC_LysC_ETD_fr15_sub.pep.xml"
time="01:08:45" level=info msg="Parsing /scratch/negishi/afarzam/deepseq_fragger_2pass/MSV000086944_results_v3/second_pass_completeseq/LysC_ETD/LysC_ETD_2pass_results/HUVEC_LysC_ETD/interact-20151220_alr_CompleteHumanProteome_HUVEC_LysC_ETD_fr8_sub.pep.xml"
time="01:08:45" level=warning msg="No PSM was found in data set. /scratch/negishi/afarzam/deepseq_fragger_2pass/MSV000086944_results_v3/second_pass_completeseq/LysC_ETD/LysC_ETD_2pass_results/HUVEC_LysC_ETD/interact-20151220_alr_CompleteHumanProteome_HUVEC_LysC_ETD_fr13_sub.pep.xml"
time="01:08:45" level=warning msg="No PSM was found in data set. /scratch/negishi/afarzam/deepseq_fragger_2pass/MSV000086944_results_v3/second_pass_completeseq/LysC_ETD/LysC_ETD_2pass_results/HUVEC_LysC_ETD/interact-20151220_alr_CompleteHumanProteome_HUVEC_LysC_ETD_fr12_sub.pep.xml"
time="01:08:45" level=info msg="Parsing /scratch/negishi/afarzam/deepseq_fragger_2pass/MSV000086944_results_v3/second_pass_completeseq/LysC_ETD/LysC_ETD_2pass_results/HUVEC_LysC_ETD/interact-20151220_alr_CompleteHumanProteome_HUVEC_LysC_ETD_fr17_sub.pep.xml"
time="01:08:45" level=info msg="Parsing /scratch/negishi/afarzam/deepseq_fragger_2pass/MSV000086944_results_v3/second_pass_completeseq/LysC_ETD/LysC_ETD_2pass_results/HUVEC_LysC_ETD/interact-20151220_alr_CompleteHumanProteome_HUVEC_LysC_ETD_fr21_sub.pep.xml"
time="01:08:45" level=info msg="Parsing /scratch/negishi/afarzam/deepseq_fragger_2pass/MSV000086944_results_v3/second_pass_completeseq/LysC_ETD/LysC_ETD_2pass_results/HUVEC_LysC_ETD/interact-HUVEC_LysC_ETD_33_sub.pep.xml"
time="01:08:45" level=info msg="Parsing /scratch/negishi/afarzam/deepseq_fragger_2pass/MSV000086944_results_v3/second_pass_completeseq/LysC_ETD/LysC_ETD_2pass_results/HUVEC_LysC_ETD/interact-20151220_alr_CompleteHumanProteome_HUVEC_LysC_ETD_fr16_sub.pep.xml"
time="01:08:45" level=info msg="Parsing /scratch/negishi/afarzam/deepseq_fragger_2pass/MSV000086944_results_v3/second_pass_completeseq/LysC_ETD/LysC_ETD_2pass_results/HUVEC_LysC_ETD/interact-HUVEC_LysC_ETD_34_sub.pep.xml"
time="01:08:45" level=info msg="Parsing /scratch/negishi/afarzam/deepseq_fragger_2pass/MSV000086944_results_v3/second_pass_completeseq/LysC_ETD/LysC_ETD_2pass_results/HUVEC_LysC_ETD/interact-20151220_alr_CompleteHumanProteome_HUVEC_LysC_ETD_fr8_151220194738_sub.pep.xml"
time="01:08:45" level=info msg="Parsing /scratch/negishi/afarzam/deepseq_fragger_2pass/MSV000086944_results_v3/second_pass_completeseq/LysC_ETD/LysC_ETD_2pass_results/HUVEC_LysC_ETD/interact-20151128_alr_CompleteHumanProteome_HUVEC_ETD_LysC_fr3_sub.pep.xml"
time="01:08:45" level=info msg="Parsing /scratch/negishi/afarzam/deepseq_fragger_2pass/MSV000086944_results_v3/second_pass_completeseq/LysC_ETD/LysC_ETD_2pass_results/HUVEC_LysC_ETD/interact-20151220_alr_CompleteHumanProteome_HUVEC_LysC_ETD_fr22_sub.pep.xml"
time="01:08:45" level=warning msg="No PSM was found in data set. /scratch/negishi/afarzam/deepseq_fragger_2pass/MSV000086944_results_v3/second_pass_completeseq/LysC_ETD/LysC_ETD_2pass_results/HUVEC_LysC_ETD/interact-20151128_alr_CompleteHumanProteome_HUVEC_ETD_LysC_fr5_sub.pep.xml"
time="01:08:45" level=info msg="Parsing /scratch/negishi/afarzam/deepseq_fragger_2pass/MSV000086944_results_v3/second_pass_completeseq/LysC_ETD/LysC_ETD_2pass_results/HUVEC_LysC_ETD/interact-HUVEC_LysC_ETD_31_sub.pep.xml"
time="01:08:45" level=info msg="Parsing /scratch/negishi/afarzam/deepseq_fragger_2pass/MSV000086944_results_v3/second_pass_completeseq/LysC_ETD/LysC_ETD_2pass_results/HUVEC_LysC_ETD/interact-20151128_alr_CompleteHumanProteome_HUVEC_ETD_LysC_fr4_sub.pep.xml"
time="01:08:45" level=warning msg="No PSM was found in data set. /scratch/negishi/afarzam/deepseq_fragger_2pass/MSV000086944_results_v3/second_pass_completeseq/LysC_ETD/LysC_ETD_2pass_results/HUVEC_LysC_ETD/interact-20151220_alr_CompleteHumanProteome_HUVEC_LysC_ETD_fr6_sub.pep.xml"
time="01:08:45" level=info msg="Parsing /scratch/negishi/afarzam/deepseq_fragger_2pass/MSV000086944_results_v3/second_pass_completeseq/LysC_ETD/LysC_ETD_2pass_results/HUVEC_LysC_ETD/interact-20151220_alr_CompleteHumanProteome_HUVEC_LysC_ETD_fr19_sub.pep.xml"
time="01:08:45" level=warning msg="No PSM was found in data set. /scratch/negishi/afarzam/deepseq_fragger_2pass/MSV000086944_results_v3/second_pass_completeseq/LysC_ETD/LysC_ETD_2pass_results/HUVEC_LysC_ETD/interact-20151220_alr_CompleteHumanProteome_HUVEC_LysC_ETD_fr14_sub.pep.xml"
time="01:08:45" level=info msg="Parsing /scratch/negishi/afarzam/deepseq_fragger_2pass/MSV000086944_results_v3/second_pass_completeseq/LysC_ETD/LysC_ETD_2pass_results/HUVEC_LysC_ETD/interact-20151220_alr_CompleteHumanProteome_HUVEC_LysC_ETD_fr7_sub.pep.xml"
time="01:08:45" level=warning msg="No PSM was found in data set. /scratch/negishi/afarzam/deepseq_fragger_2pass/MSV000086944_results_v3/second_pass_completeseq/LysC_ETD/LysC_ETD_2pass_results/HUVEC_LysC_ETD/interact-20151220_alr_CompleteHumanProteome_HUVEC_LysC_ETD_fr15_sub.pep.xml"
time="01:08:45" level=warning msg="No PSM was found in data set. /scratch/negishi/afarzam/deepseq_fragger_2pass/MSV000086944_results_v3/second_pass_completeseq/LysC_ETD/LysC_ETD_2pass_results/HUVEC_LysC_ETD/interact-20151220_alr_CompleteHumanProteome_HUVEC_LysC_ETD_fr17_sub.pep.xml"
time="01:08:45" level=warning msg="No PSM was found in data set. /scratch/negishi/afarzam/deepseq_fragger_2pass/MSV000086944_results_v3/second_pass_completeseq/LysC_ETD/LysC_ETD_2pass_results/HUVEC_LysC_ETD/interact-20151220_alr_CompleteHumanProteome_HUVEC_LysC_ETD_fr8_sub.pep.xml"
time="01:08:45" level=warning msg="No PSM was found in data set. /scratch/negishi/afarzam/deepseq_fragger_2pass/MSV000086944_results_v3/second_pass_completeseq/LysC_ETD/LysC_ETD_2pass_results/HUVEC_LysC_ETD/interact-HUVEC_LysC_ETD_26_sub.pep.xml"
time="01:08:45" level=warning msg="No PSM was found in data set. /scratch/negishi/afarzam/deepseq_fragger_2pass/MSV000086944_results_v3/second_pass_completeseq/LysC_ETD/LysC_ETD_2pass_results/HUVEC_LysC_ETD/interact-20151220_alr_CompleteHumanProteome_HUVEC_LysC_ETD_fr16_sub.pep.xml"
time="01:08:45" level=warning msg="No PSM was found in data set. /scratch/negishi/afarzam/deepseq_fragger_2pass/MSV000086944_results_v3/second_pass_completeseq/LysC_ETD/LysC_ETD_2pass_results/HUVEC_LysC_ETD/interact-HUVEC_LysC_ETD_28_sub.pep.xml"
time="01:08:45" level=warning msg="No PSM was found in data set. /scratch/negishi/afarzam/deepseq_fragger_2pass/MSV000086944_results_v3/second_pass_completeseq/LysC_ETD/LysC_ETD_2pass_results/HUVEC_LysC_ETD/interact-HUVEC_LysC_ETD_30_sub.pep.xml"
time="01:08:45" level=warning msg="No PSM was found in data set. /scratch/negishi/afarzam/deepseq_fragger_2pass/MSV000086944_results_v3/second_pass_completeseq/LysC_ETD/LysC_ETD_2pass_results/HUVEC_LysC_ETD/interact-HUVEC_LysC_ETD_34_sub.pep.xml"
time="01:08:45" level=warning msg="No PSM was found in data set. /scratch/negishi/afarzam/deepseq_fragger_2pass/MSV000086944_results_v3/second_pass_completeseq/LysC_ETD/LysC_ETD_2pass_results/HUVEC_LysC_ETD/interact-20151220_alr_CompleteHumanProteome_HUVEC_LysC_ETD_fr7_sub.pep.xml"
time="01:08:45" level=info msg="1+ Charge profile" decoy=0 target=0
time="01:08:45" level=info msg="2+ Charge profile" decoy=14 target=53
time="01:08:45" level=info msg="3+ Charge profile" decoy=10 target=72
time="01:08:45" level=info msg="4+ Charge profile" decoy=16 target=46
time="01:08:45" level=info msg="5+ Charge profile" decoy=9 target=12
time="01:08:45" level=info msg="6+ Charge profile" decoy=3 target=7
time="01:08:45" level=info msg="Database search results" ions=159 peptides=155 psms=242
time="01:08:45" level=info msg="Converged to 0.00 % FDR with 13 PSMs" decoy=0 threshold=0.852043 total=13
time="01:08:45" level=info msg="Converged to 0.00 % FDR with 7 Peptides" decoy=0 threshold=0.911977 total=7
time="01:08:45" level=info msg="Converged to 0.00 % FDR with 8 Ions" decoy=0 threshold=0.911977 total=8
time="01:08:45" level=info msg="Protein inference results" decoy=523 target=775
time="01:08:45" level=info msg="Converged to 0.00 % FDR with 22 Proteins" decoy=0 threshold=0.9613 total=22
time="01:08:45" level=info msg="Applying sequential FDR estimation" ions=7 peptides=6 psms=9
time="01:08:45" level=info msg="Converged to 0.00 % FDR with 8 PSMs" decoy=0 threshold=0.904972 total=8
time="01:08:45" level=info msg="Converged to 0.00 % FDR with 5 Peptides" decoy=0 threshold=0.917614 total=5
time="01:08:45" level=info msg="Converged to 0.00 % FDR with 6 Ions" decoy=0 threshold=0.917614 total=6
time="01:08:45" level=info msg="Post processing identifications"
time="01:08:45" level=info msg="Assigning protein identifications to layers"
time="01:08:46" level=info msg="Processing protein inference"
time="01:08:46" level=info msg="Synchronizing PSMs and proteins"
time="01:08:46" level=info msg="Final report numbers after FDR filtering, and post-processing" ions=6 peptides=5 proteins=6 psms=8
time="01:08:46" level=info msg=Saving
time="01:08:46" level=info msg=Done
