time="06:13:27" level=info msg="Executing Filter  v5.1.2"
time="06:13:27" level=info msg="Fetching protein inference from /scratch/negishi/afarzam/deepseq_fragger_2pass/MSV000086944_results_v3/second_pass_completeseq/Chymo_CAD/Chymo_CAD_2pass_results/GM12878_Chymo_CAD"
time="06:13:27" level=info msg="Processing peptide identification files"
time="06:13:27" level=info msg="Parsing /scratch/negishi/afarzam/deepseq_fragger_2pass/MSV000086944_results_v3/second_pass_completeseq/Chymo_CAD/Chymo_CAD_2pass_results/hESC_Chymo_CAD/interact-chymotrypsin_hES_CAD_15_sub.pep.xml"
time="06:13:27" level=info msg="Parsing /scratch/negishi/afarzam/deepseq_fragger_2pass/MSV000086944_results_v3/second_pass_completeseq/Chymo_CAD/Chymo_CAD_2pass_results/hESC_Chymo_CAD/interact-chymotrypsin_hES_CAD_23_sub.pep.xml"
time="06:13:27" level=info msg="Parsing /scratch/negishi/afarzam/deepseq_fragger_2pass/MSV000086944_results_v3/second_pass_completeseq/Chymo_CAD/Chymo_CAD_2pass_results/hESC_Chymo_CAD/interact-chymotrypsin_hES_CAD_10_sub.pep.xml"
time="06:13:27" level=info msg="Parsing /scratch/negishi/afarzam/deepseq_fragger_2pass/MSV000086944_results_v3/second_pass_completeseq/Chymo_CAD/Chymo_CAD_2pass_results/hESC_Chymo_CAD/interact-chymotrypsin_hES_CAD_24_sub.pep.xml"
time="06:13:27" level=info msg="Parsing /scratch/negishi/afarzam/deepseq_fragger_2pass/MSV000086944_results_v3/second_pass_completeseq/Chymo_CAD/Chymo_CAD_2pass_results/hESC_Chymo_CAD/interact-chymotrypsin_hES_CAD_9_sub.pep.xml"
time="06:13:27" level=info msg="Parsing /scratch/negishi/afarzam/deepseq_fragger_2pass/MSV000086944_results_v3/second_pass_completeseq/Chymo_CAD/Chymo_CAD_2pass_results/hESC_Chymo_CAD/interact-chymotrypsin_hES_CAD_18_sub.pep.xml"
time="06:13:27" level=info msg="Parsing /scratch/negishi/afarzam/deepseq_fragger_2pass/MSV000086944_results_v3/second_pass_completeseq/Chymo_CAD/Chymo_CAD_2pass_results/hESC_Chymo_CAD/interact-chymotrypsin_hES_CAD_7_sub.pep.xml"
time="06:13:27" level=info msg="Parsing /scratch/negishi/afarzam/deepseq_fragger_2pass/MSV000086944_results_v3/second_pass_completeseq/Chymo_CAD/Chymo_CAD_2pass_results/hESC_Chymo_CAD/interact-chymotrypsin_hES_CAD_1_sub.pep.xml"
time="06:13:27" level=info msg="Parsing /scratch/negishi/afarzam/deepseq_fragger_2pass/MSV000086944_results_v3/second_pass_completeseq/Chymo_CAD/Chymo_CAD_2pass_results/hESC_Chymo_CAD/interact-chymotrypsin_hES_CAD_22_sub.pep.xml"
time="06:13:27" level=info msg="Parsing /scratch/negishi/afarzam/deepseq_fragger_2pass/MSV000086944_results_v3/second_pass_completeseq/Chymo_CAD/Chymo_CAD_2pass_results/hESC_Chymo_CAD/interact-chymotrypsin_hES_CAD_3_sub.pep.xml"
time="06:13:27" level=info msg="Parsing /scratch/negishi/afarzam/deepseq_fragger_2pass/MSV000086944_results_v3/second_pass_completeseq/Chymo_CAD/Chymo_CAD_2pass_results/hESC_Chymo_CAD/interact-chymotrypsin_hES_CAD_11_sub.pep.xml"
time="06:13:27" level=info msg="Parsing /scratch/negishi/afarzam/deepseq_fragger_2pass/MSV000086944_results_v3/second_pass_completeseq/Chymo_CAD/Chymo_CAD_2pass_results/hESC_Chymo_CAD/interact-chymotrypsin_hES_CAD_21_sub.pep.xml"
time="06:13:27" level=info msg="Parsing /scratch/negishi/afarzam/deepseq_fragger_2pass/MSV000086944_results_v3/second_pass_completeseq/Chymo_CAD/Chymo_CAD_2pass_results/hESC_Chymo_CAD/interact-chymotrypsin_hES_CAD_7_140728155534_sub.pep.xml"
time="06:13:27" level=info msg="Parsing /scratch/negishi/afarzam/deepseq_fragger_2pass/MSV000086944_results_v3/second_pass_completeseq/Chymo_CAD/Chymo_CAD_2pass_results/hESC_Chymo_CAD/interact-chymotrypsin_hES_CAD_25_sub.pep.xml"
time="06:13:27" level=info msg="Parsing /scratch/negishi/afarzam/deepseq_fragger_2pass/MSV000086944_results_v3/second_pass_completeseq/Chymo_CAD/Chymo_CAD_2pass_results/hESC_Chymo_CAD/interact-chymotrypsin_hES_CAD_6_sub.pep.xml"
time="06:13:27" level=info msg="Parsing /scratch/negishi/afarzam/deepseq_fragger_2pass/MSV000086944_results_v3/second_pass_completeseq/Chymo_CAD/Chymo_CAD_2pass_results/hESC_Chymo_CAD/interact-chymotrypsin_hES_CAD_17_sub.pep.xml"
time="06:13:27" level=info msg="Parsing /scratch/negishi/afarzam/deepseq_fragger_2pass/MSV000086944_results_v3/second_pass_completeseq/Chymo_CAD/Chymo_CAD_2pass_results/hESC_Chymo_CAD/interact-chymotrypsin_hES_CAD_5_140728121319_sub.pep.xml"
time="06:13:27" level=info msg="Parsing /scratch/negishi/afarzam/deepseq_fragger_2pass/MSV000086944_results_v3/second_pass_completeseq/Chymo_CAD/Chymo_CAD_2pass_results/hESC_Chymo_CAD/interact-chymotrypsin_hES_CAD_6_140728140425_sub.pep.xml"
time="06:13:27" level=info msg="Parsing /scratch/negishi/afarzam/deepseq_fragger_2pass/MSV000086944_results_v3/second_pass_completeseq/Chymo_CAD/Chymo_CAD_2pass_results/hESC_Chymo_CAD/interact-chymotrypsin_hES_CAD_8_sub.pep.xml"
time="06:13:27" level=info msg="Parsing /scratch/negishi/afarzam/deepseq_fragger_2pass/MSV000086944_results_v3/second_pass_completeseq/Chymo_CAD/Chymo_CAD_2pass_results/hESC_Chymo_CAD/interact-chymotrypsin_hES_CAD_12_sub.pep.xml"
time="06:13:27" level=info msg="Parsing /scratch/negishi/afarzam/deepseq_fragger_2pass/MSV000086944_results_v3/second_pass_completeseq/Chymo_CAD/Chymo_CAD_2pass_results/hESC_Chymo_CAD/interact-chymotrypsin_hES_CAD_19_sub.pep.xml"
time="06:13:27" level=info msg="Parsing /scratch/negishi/afarzam/deepseq_fragger_2pass/MSV000086944_results_v3/second_pass_completeseq/Chymo_CAD/Chymo_CAD_2pass_results/hESC_Chymo_CAD/interact-chymotrypsin_hES_CAD_4_sub.pep.xml"
time="06:13:27" level=info msg="Parsing /scratch/negishi/afarzam/deepseq_fragger_2pass/MSV000086944_results_v3/second_pass_completeseq/Chymo_CAD/Chymo_CAD_2pass_results/hESC_Chymo_CAD/interact-chymotrypsin_hES_CAD_5_sub.pep.xml"
time="06:13:27" level=info msg="Parsing /scratch/negishi/afarzam/deepseq_fragger_2pass/MSV000086944_results_v3/second_pass_completeseq/Chymo_CAD/Chymo_CAD_2pass_results/hESC_Chymo_CAD/interact-chymotrypsin_hES_CAD_20_sub.pep.xml"
time="06:13:27" level=info msg="Parsing /scratch/negishi/afarzam/deepseq_fragger_2pass/MSV000086944_results_v3/second_pass_completeseq/Chymo_CAD/Chymo_CAD_2pass_results/hESC_Chymo_CAD/interact-chymotrypsin_hES_CAD_14_sub.pep.xml"
time="06:13:27" level=info msg="Parsing /scratch/negishi/afarzam/deepseq_fragger_2pass/MSV000086944_results_v3/second_pass_completeseq/Chymo_CAD/Chymo_CAD_2pass_results/hESC_Chymo_CAD/interact-chymotrypsin_hES_CAD_11_140728174641_sub.pep.xml"
time="06:13:27" level=info msg="Parsing /scratch/negishi/afarzam/deepseq_fragger_2pass/MSV000086944_results_v3/second_pass_completeseq/Chymo_CAD/Chymo_CAD_2pass_results/hESC_Chymo_CAD/interact-chymotrypsin_hES_CAD_13_sub.pep.xml"
time="06:13:27" level=info msg="Parsing /scratch/negishi/afarzam/deepseq_fragger_2pass/MSV000086944_results_v3/second_pass_completeseq/Chymo_CAD/Chymo_CAD_2pass_results/hESC_Chymo_CAD/interact-chymotrypsin_hES_CAD_2_sub.pep.xml"
time="06:13:27" level=info msg="Parsing /scratch/negishi/afarzam/deepseq_fragger_2pass/MSV000086944_results_v3/second_pass_completeseq/Chymo_CAD/Chymo_CAD_2pass_results/hESC_Chymo_CAD/interact-chymotrypsin_hES_CAD_16_sub.pep.xml"
time="06:13:29" level=info msg="1+ Charge profile" decoy=0 target=0
time="06:13:29" level=info msg="2+ Charge profile" decoy=209 target=783
time="06:13:29" level=info msg="3+ Charge profile" decoy=94 target=401
time="06:13:29" level=info msg="4+ Charge profile" decoy=18 target=142
time="06:13:29" level=info msg="5+ Charge profile" decoy=11 target=44
time="06:13:29" level=info msg="6+ Charge profile" decoy=2 target=3
time="06:13:29" level=info msg="Database search results" ions=1563 peptides=1525 psms=1723
time="06:13:29" level=info msg="Converged to 0.00 % FDR with 19 PSMs" decoy=0 threshold=0.965457 total=19
time="06:13:29" level=info msg="Converged to 0.00 % FDR with 14 Peptides" decoy=0 threshold=0.965457 total=14
time="06:13:29" level=info msg="Converged to 0.00 % FDR with 15 Ions" decoy=0 threshold=0.965457 total=15
time="06:13:29" level=info msg="Protein inference results" decoy=2149 target=3254
time="06:13:29" level=info msg="Converged to 0.00 % FDR with 50 Proteins" decoy=1 threshold=0.9943 total=51
time="06:13:29" level=info msg="Applying sequential FDR estimation" ions=7 peptides=6 psms=11
time="06:13:29" level=info msg="Converged to 0.00 % FDR with 10 PSMs" decoy=0 threshold=0.967461 total=10
time="06:13:29" level=info msg="Converged to 0.00 % FDR with 5 Peptides" decoy=0 threshold=0.984766 total=5
time="06:13:29" level=info msg="Converged to 0.00 % FDR with 6 Ions" decoy=0 threshold=0.984766 total=6
time="06:13:29" level=info msg="Post processing identifications"
time="06:13:29" level=info msg="Assigning protein identifications to layers"
time="06:13:30" level=info msg="Processing protein inference"
time="06:13:30" level=info msg="Synchronizing PSMs and proteins"
time="06:13:30" level=info msg="Final report numbers after FDR filtering, and post-processing" ions=6 peptides=5 proteins=5 psms=10
time="06:13:30" level=info msg=Saving
time="06:13:30" level=info msg=Done
