time="01:49:13" level=info msg="Executing Filter  v5.1.2"
time="01:49:13" level=info msg="Fetching protein inference from /scratch/negishi/afarzam/deepseq_fragger_2pass/MSV000086944_results_v3/second_pass_completeseq/AspN_CAD/AspN_CAD_2pass_results/GM12878_AspN_HCD"
time="01:49:13" level=info msg="Processing peptide identification files"
time="01:49:13" level=info msg="Parsing /scratch/negishi/afarzam/deepseq_fragger_2pass/MSV000086944_results_v3/second_pass_completeseq/AspN_CAD/AspN_CAD_2pass_results/HepG2_AspN_HCD/interact-20160106_alr_CompleteHumanProteome_HepG2_HCD_AspN_14_sub.pep.xml"
time="01:49:13" level=info msg="Parsing /scratch/negishi/afarzam/deepseq_fragger_2pass/MSV000086944_results_v3/second_pass_completeseq/AspN_CAD/AspN_CAD_2pass_results/HepG2_AspN_HCD/interact-20160106_alr_CompleteHumanProteome_HepG2_HCD_AspN_3_sub.pep.xml"
time="01:49:13" level=info msg="Parsing /scratch/negishi/afarzam/deepseq_fragger_2pass/MSV000086944_results_v3/second_pass_completeseq/AspN_CAD/AspN_CAD_2pass_results/HepG2_AspN_HCD/interact-20160106_alr_CompleteHumanProteome_HepG2_HCD_AspN_22_sub.pep.xml"
time="01:49:13" level=info msg="Parsing /scratch/negishi/afarzam/deepseq_fragger_2pass/MSV000086944_results_v3/second_pass_completeseq/AspN_CAD/AspN_CAD_2pass_results/HepG2_AspN_HCD/interact-20160106_alr_CompleteHumanProteome_HepG2_HCD_AspN_6_sub.pep.xml"
time="01:49:13" level=info msg="Parsing /scratch/negishi/afarzam/deepseq_fragger_2pass/MSV000086944_results_v3/second_pass_completeseq/AspN_CAD/AspN_CAD_2pass_results/HepG2_AspN_HCD/interact-20160106_alr_CompleteHumanProteome_HepG2_HCD_AspN_18_sub.pep.xml"
time="01:49:13" level=info msg="Parsing /scratch/negishi/afarzam/deepseq_fragger_2pass/MSV000086944_results_v3/second_pass_completeseq/AspN_CAD/AspN_CAD_2pass_results/HepG2_AspN_HCD/interact-20160106_alr_CompleteHumanProteome_HepG2_HCD_AspN_9_sub.pep.xml"
time="01:49:13" level=info msg="Parsing /scratch/negishi/afarzam/deepseq_fragger_2pass/MSV000086944_results_v3/second_pass_completeseq/AspN_CAD/AspN_CAD_2pass_results/HepG2_AspN_HCD/interact-20160106_alr_CompleteHumanProteome_HepG2_HCD_AspN_7_sub.pep.xml"
time="01:49:13" level=info msg="Parsing /scratch/negishi/afarzam/deepseq_fragger_2pass/MSV000086944_results_v3/second_pass_completeseq/AspN_CAD/AspN_CAD_2pass_results/HepG2_AspN_HCD/interact-20160106_alr_CompleteHumanProteome_HepG2_HCD_AspN_15_sub.pep.xml"
time="01:49:13" level=info msg="Parsing /scratch/negishi/afarzam/deepseq_fragger_2pass/MSV000086944_results_v3/second_pass_completeseq/AspN_CAD/AspN_CAD_2pass_results/HepG2_AspN_HCD/interact-20160106_alr_CompleteHumanProteome_HepG2_HCD_AspN_4_sub.pep.xml"
time="01:49:13" level=info msg="Parsing /scratch/negishi/afarzam/deepseq_fragger_2pass/MSV000086944_results_v3/second_pass_completeseq/AspN_CAD/AspN_CAD_2pass_results/HepG2_AspN_HCD/interact-20160106_alr_CompleteHumanProteome_HepG2_HCD_AspN_1_sub.pep.xml"
time="01:49:13" level=info msg="Parsing /scratch/negishi/afarzam/deepseq_fragger_2pass/MSV000086944_results_v3/second_pass_completeseq/AspN_CAD/AspN_CAD_2pass_results/HepG2_AspN_HCD/interact-20160106_alr_CompleteHumanProteome_HepG2_HCD_AspN_20_sub.pep.xml"
time="01:49:13" level=info msg="Parsing /scratch/negishi/afarzam/deepseq_fragger_2pass/MSV000086944_results_v3/second_pass_completeseq/AspN_CAD/AspN_CAD_2pass_results/HepG2_AspN_HCD/interact-20160106_alr_CompleteHumanProteome_HepG2_HCD_AspN_16_sub.pep.xml"
time="01:49:13" level=info msg="Parsing /scratch/negishi/afarzam/deepseq_fragger_2pass/MSV000086944_results_v3/second_pass_completeseq/AspN_CAD/AspN_CAD_2pass_results/HepG2_AspN_HCD/interact-20160106_alr_CompleteHumanProteome_HepG2_HCD_AspN_8_sub.pep.xml"
time="01:49:13" level=info msg="Parsing /scratch/negishi/afarzam/deepseq_fragger_2pass/MSV000086944_results_v3/second_pass_completeseq/AspN_CAD/AspN_CAD_2pass_results/HepG2_AspN_HCD/interact-20160106_alr_CompleteHumanProteome_HepG2_HCD_AspN_12_sub.pep.xml"
time="01:49:13" level=info msg="Parsing /scratch/negishi/afarzam/deepseq_fragger_2pass/MSV000086944_results_v3/second_pass_completeseq/AspN_CAD/AspN_CAD_2pass_results/HepG2_AspN_HCD/interact-20160106_alr_CompleteHumanProteome_HepG2_HCD_AspN_10_sub.pep.xml"
time="01:49:13" level=info msg="Parsing /scratch/negishi/afarzam/deepseq_fragger_2pass/MSV000086944_results_v3/second_pass_completeseq/AspN_CAD/AspN_CAD_2pass_results/HepG2_AspN_HCD/interact-20160106_alr_CompleteHumanProteome_HepG2_HCD_AspN_11_sub.pep.xml"
time="01:49:13" level=info msg="Parsing /scratch/negishi/afarzam/deepseq_fragger_2pass/MSV000086944_results_v3/second_pass_completeseq/AspN_CAD/AspN_CAD_2pass_results/HepG2_AspN_HCD/interact-20160106_alr_CompleteHumanProteome_HepG2_HCD_AspN_27_sub.pep.xml"
time="01:49:13" level=info msg="Parsing /scratch/negishi/afarzam/deepseq_fragger_2pass/MSV000086944_results_v3/second_pass_completeseq/AspN_CAD/AspN_CAD_2pass_results/HepG2_AspN_HCD/interact-20160106_alr_CompleteHumanProteome_HepG2_HCD_AspN_28_sub.pep.xml"
time="01:49:13" level=info msg="Parsing /scratch/negishi/afarzam/deepseq_fragger_2pass/MSV000086944_results_v3/second_pass_completeseq/AspN_CAD/AspN_CAD_2pass_results/HepG2_AspN_HCD/interact-20160106_alr_CompleteHumanProteome_HepG2_HCD_AspN_5_sub.pep.xml"
time="01:49:13" level=info msg="Parsing /scratch/negishi/afarzam/deepseq_fragger_2pass/MSV000086944_results_v3/second_pass_completeseq/AspN_CAD/AspN_CAD_2pass_results/HepG2_AspN_HCD/interact-20160106_alr_CompleteHumanProteome_HepG2_HCD_AspN_23_sub.pep.xml"
time="01:49:13" level=info msg="Parsing /scratch/negishi/afarzam/deepseq_fragger_2pass/MSV000086944_results_v3/second_pass_completeseq/AspN_CAD/AspN_CAD_2pass_results/HepG2_AspN_HCD/interact-20160106_alr_CompleteHumanProteome_HepG2_HCD_AspN_2_sub.pep.xml"
time="01:49:13" level=info msg="Parsing /scratch/negishi/afarzam/deepseq_fragger_2pass/MSV000086944_results_v3/second_pass_completeseq/AspN_CAD/AspN_CAD_2pass_results/HepG2_AspN_HCD/interact-20160106_alr_CompleteHumanProteome_HepG2_HCD_AspN_30_sub.pep.xml"
time="01:49:13" level=info msg="Parsing /scratch/negishi/afarzam/deepseq_fragger_2pass/MSV000086944_results_v3/second_pass_completeseq/AspN_CAD/AspN_CAD_2pass_results/HepG2_AspN_HCD/interact-20160106_alr_CompleteHumanProteome_HepG2_HCD_AspN_17_sub.pep.xml"
time="01:49:13" level=info msg="Parsing /scratch/negishi/afarzam/deepseq_fragger_2pass/MSV000086944_results_v3/second_pass_completeseq/AspN_CAD/AspN_CAD_2pass_results/HepG2_AspN_HCD/interact-20160106_alr_CompleteHumanProteome_HepG2_HCD_AspN_29_sub.pep.xml"
time="01:49:13" level=info msg="Parsing /scratch/negishi/afarzam/deepseq_fragger_2pass/MSV000086944_results_v3/second_pass_completeseq/AspN_CAD/AspN_CAD_2pass_results/HepG2_AspN_HCD/interact-20160106_alr_CompleteHumanProteome_HepG2_HCD_AspN_19_sub.pep.xml"
time="01:49:13" level=info msg="Parsing /scratch/negishi/afarzam/deepseq_fragger_2pass/MSV000086944_results_v3/second_pass_completeseq/AspN_CAD/AspN_CAD_2pass_results/HepG2_AspN_HCD/interact-20160106_alr_CompleteHumanProteome_HepG2_HCD_AspN_25_sub.pep.xml"
time="01:49:13" level=info msg="Parsing /scratch/negishi/afarzam/deepseq_fragger_2pass/MSV000086944_results_v3/second_pass_completeseq/AspN_CAD/AspN_CAD_2pass_results/HepG2_AspN_HCD/interact-20160106_alr_CompleteHumanProteome_HepG2_HCD_AspN_21_sub.pep.xml"
time="01:49:13" level=info msg="Parsing /scratch/negishi/afarzam/deepseq_fragger_2pass/MSV000086944_results_v3/second_pass_completeseq/AspN_CAD/AspN_CAD_2pass_results/HepG2_AspN_HCD/interact-20160106_alr_CompleteHumanProteome_HepG2_HCD_AspN_13_sub.pep.xml"
time="01:49:13" level=info msg="Parsing /scratch/negishi/afarzam/deepseq_fragger_2pass/MSV000086944_results_v3/second_pass_completeseq/AspN_CAD/AspN_CAD_2pass_results/HepG2_AspN_HCD/interact-20160106_alr_CompleteHumanProteome_HepG2_HCD_AspN_24_sub.pep.xml"
time="01:49:13" level=info msg="Parsing /scratch/negishi/afarzam/deepseq_fragger_2pass/MSV000086944_results_v3/second_pass_completeseq/AspN_CAD/AspN_CAD_2pass_results/HepG2_AspN_HCD/interact-20160106_alr_CompleteHumanProteome_HepG2_HCD_AspN_26_sub.pep.xml"
time="01:49:13" level=warning msg="No PSM was found in data set. /scratch/negishi/afarzam/deepseq_fragger_2pass/MSV000086944_results_v3/second_pass_completeseq/AspN_CAD/AspN_CAD_2pass_results/HepG2_AspN_HCD/interact-20160106_alr_CompleteHumanProteome_HepG2_HCD_AspN_25_sub.pep.xml"
time="01:49:13" level=warning msg="No PSM was found in data set. /scratch/negishi/afarzam/deepseq_fragger_2pass/MSV000086944_results_v3/second_pass_completeseq/AspN_CAD/AspN_CAD_2pass_results/HepG2_AspN_HCD/interact-20160106_alr_CompleteHumanProteome_HepG2_HCD_AspN_21_sub.pep.xml"
time="01:49:13" level=warning msg="No PSM was found in data set. /scratch/negishi/afarzam/deepseq_fragger_2pass/MSV000086944_results_v3/second_pass_completeseq/AspN_CAD/AspN_CAD_2pass_results/HepG2_AspN_HCD/interact-20160106_alr_CompleteHumanProteome_HepG2_HCD_AspN_26_sub.pep.xml"
time="01:49:13" level=info msg="1+ Charge profile" decoy=0 target=0
time="01:49:13" level=info msg="2+ Charge profile" decoy=24 target=145
time="01:49:13" level=info msg="3+ Charge profile" decoy=15 target=48
time="01:49:13" level=info msg="4+ Charge profile" decoy=10 target=28
time="01:49:13" level=info msg="5+ Charge profile" decoy=1 target=7
time="01:49:13" level=info msg="6+ Charge profile" decoy=0 target=3
time="01:49:13" level=info msg="Database search results" ions=216 peptides=204 psms=283
time="01:49:13" level=info msg="Converged to 0.00 % FDR with 22 PSMs" decoy=0 threshold=0.893397 total=22
time="01:49:13" level=info msg="Converged to 0.00 % FDR with 15 Peptides" decoy=0 threshold=0.893397 total=15
time="01:49:13" level=info msg="Converged to 0.00 % FDR with 18 Ions" decoy=0 threshold=0.893397 total=18
time="01:49:13" level=info msg="Protein inference results" decoy=167 target=355
time="01:49:13" level=info msg="Converged to 0.00 % FDR with 19 Proteins" decoy=0 threshold=0.9584 total=19
time="01:49:13" level=info msg="Applying sequential FDR estimation" ions=11 peptides=8 psms=15
time="01:49:13" level=info msg="Converged to 0.00 % FDR with 14 PSMs" decoy=0 threshold=0.912861 total=14
time="01:49:13" level=info msg="Converged to 0.00 % FDR with 7 Peptides" decoy=0 threshold=0.916416 total=7
time="01:49:13" level=info msg="Converged to 0.00 % FDR with 10 Ions" decoy=0 threshold=0.915261 total=10
time="01:49:13" level=info msg="Post processing identifications"
time="01:49:13" level=info msg="Assigning protein identifications to layers"
time="01:49:14" level=info msg="Processing protein inference"
time="01:49:14" level=info msg="Synchronizing PSMs and proteins"
time="01:49:14" level=info msg="Final report numbers after FDR filtering, and post-processing" ions=10 peptides=7 proteins=8 psms=14
time="01:49:14" level=info msg=Saving
time="01:49:14" level=info msg=Done
