time="03:23:17" level=info msg="Executing Filter  v5.1.2"
time="03:23:17" level=info msg="Fetching protein inference from /scratch/negishi/afarzam/deepseq_fragger_2pass/MSV000086944_results_v3/second_pass_completeseq/GluC_CAD/GluC_CAD_2pass_results/GM12878_GluC_CAD"
time="03:23:17" level=info msg="Processing peptide identification files"
time="03:23:17" level=info msg="Parsing /scratch/negishi/afarzam/deepseq_fragger_2pass/MSV000086944_results_v3/second_pass_completeseq/GluC_CAD/GluC_CAD_2pass_results/hESC_GluC_HCD/interact-GluC_hES_9_sub.pep.xml"
time="03:23:17" level=info msg="Parsing /scratch/negishi/afarzam/deepseq_fragger_2pass/MSV000086944_results_v3/second_pass_completeseq/GluC_CAD/GluC_CAD_2pass_results/hESC_GluC_HCD/interact-GluC_hES_16_sub.pep.xml"
time="03:23:17" level=info msg="Parsing /scratch/negishi/afarzam/deepseq_fragger_2pass/MSV000086944_results_v3/second_pass_completeseq/GluC_CAD/GluC_CAD_2pass_results/hESC_GluC_HCD/interact-GluC_hES_1_sub.pep.xml"
time="03:23:17" level=info msg="Parsing /scratch/negishi/afarzam/deepseq_fragger_2pass/MSV000086944_results_v3/second_pass_completeseq/GluC_CAD/GluC_CAD_2pass_results/hESC_GluC_HCD/interact-GluC_hES_19_sub.pep.xml"
time="03:23:17" level=info msg="Parsing /scratch/negishi/afarzam/deepseq_fragger_2pass/MSV000086944_results_v3/second_pass_completeseq/GluC_CAD/GluC_CAD_2pass_results/hESC_GluC_HCD/interact-GluC_hES_20_sub.pep.xml"
time="03:23:17" level=info msg="Parsing /scratch/negishi/afarzam/deepseq_fragger_2pass/MSV000086944_results_v3/second_pass_completeseq/GluC_CAD/GluC_CAD_2pass_results/hESC_GluC_HCD/interact-GluC_hES_18_sub.pep.xml"
time="03:23:17" level=info msg="Parsing /scratch/negishi/afarzam/deepseq_fragger_2pass/MSV000086944_results_v3/second_pass_completeseq/GluC_CAD/GluC_CAD_2pass_results/hESC_GluC_HCD/interact-GluC_hES_10_sub.pep.xml"
time="03:23:17" level=info msg="Parsing /scratch/negishi/afarzam/deepseq_fragger_2pass/MSV000086944_results_v3/second_pass_completeseq/GluC_CAD/GluC_CAD_2pass_results/hESC_GluC_HCD/interact-GluC_hES_29_sub.pep.xml"
time="03:23:17" level=info msg="Parsing /scratch/negishi/afarzam/deepseq_fragger_2pass/MSV000086944_results_v3/second_pass_completeseq/GluC_CAD/GluC_CAD_2pass_results/hESC_GluC_HCD/interact-GluC_hES_4_sub.pep.xml"
time="03:23:17" level=info msg="Parsing /scratch/negishi/afarzam/deepseq_fragger_2pass/MSV000086944_results_v3/second_pass_completeseq/GluC_CAD/GluC_CAD_2pass_results/hESC_GluC_HCD/interact-GluC_hES_5_sub.pep.xml"
time="03:23:17" level=info msg="Parsing /scratch/negishi/afarzam/deepseq_fragger_2pass/MSV000086944_results_v3/second_pass_completeseq/GluC_CAD/GluC_CAD_2pass_results/hESC_GluC_HCD/interact-GluC_hES_17_sub.pep.xml"
time="03:23:17" level=info msg="Parsing /scratch/negishi/afarzam/deepseq_fragger_2pass/MSV000086944_results_v3/second_pass_completeseq/GluC_CAD/GluC_CAD_2pass_results/hESC_GluC_HCD/interact-GluC_hES_12_140702223236_sub.pep.xml"
time="03:23:17" level=info msg="Parsing /scratch/negishi/afarzam/deepseq_fragger_2pass/MSV000086944_results_v3/second_pass_completeseq/GluC_CAD/GluC_CAD_2pass_results/hESC_GluC_HCD/interact-GluC_hES_14_sub.pep.xml"
time="03:23:17" level=info msg="Parsing /scratch/negishi/afarzam/deepseq_fragger_2pass/MSV000086944_results_v3/second_pass_completeseq/GluC_CAD/GluC_CAD_2pass_results/hESC_GluC_HCD/interact-GluC_hES_6_sub.pep.xml"
time="03:23:17" level=info msg="Parsing /scratch/negishi/afarzam/deepseq_fragger_2pass/MSV000086944_results_v3/second_pass_completeseq/GluC_CAD/GluC_CAD_2pass_results/hESC_GluC_HCD/interact-GluC_hES_21_sub.pep.xml"
time="03:23:17" level=info msg="Parsing /scratch/negishi/afarzam/deepseq_fragger_2pass/MSV000086944_results_v3/second_pass_completeseq/GluC_CAD/GluC_CAD_2pass_results/hESC_GluC_HCD/interact-GluC_hES_2_140701145527_sub.pep.xml"
time="03:23:17" level=info msg="Parsing /scratch/negishi/afarzam/deepseq_fragger_2pass/MSV000086944_results_v3/second_pass_completeseq/GluC_CAD/GluC_CAD_2pass_results/hESC_GluC_HCD/interact-GluC_hES_15_sub.pep.xml"
time="03:23:17" level=info msg="Parsing /scratch/negishi/afarzam/deepseq_fragger_2pass/MSV000086944_results_v3/second_pass_completeseq/GluC_CAD/GluC_CAD_2pass_results/hESC_GluC_HCD/interact-GluC_hES_7_sub.pep.xml"
time="03:23:17" level=info msg="Parsing /scratch/negishi/afarzam/deepseq_fragger_2pass/MSV000086944_results_v3/second_pass_completeseq/GluC_CAD/GluC_CAD_2pass_results/hESC_GluC_HCD/interact-GluC_hES_30_sub.pep.xml"
time="03:23:17" level=info msg="Parsing /scratch/negishi/afarzam/deepseq_fragger_2pass/MSV000086944_results_v3/second_pass_completeseq/GluC_CAD/GluC_CAD_2pass_results/hESC_GluC_HCD/interact-GluC_hES_27_sub.pep.xml"
time="03:23:17" level=info msg="Parsing /scratch/negishi/afarzam/deepseq_fragger_2pass/MSV000086944_results_v3/second_pass_completeseq/GluC_CAD/GluC_CAD_2pass_results/hESC_GluC_HCD/interact-GluC_hES_3_sub.pep.xml"
time="03:23:17" level=info msg="Parsing /scratch/negishi/afarzam/deepseq_fragger_2pass/MSV000086944_results_v3/second_pass_completeseq/GluC_CAD/GluC_CAD_2pass_results/hESC_GluC_HCD/interact-GluC_hES_23_sub.pep.xml"
time="03:23:17" level=info msg="Parsing /scratch/negishi/afarzam/deepseq_fragger_2pass/MSV000086944_results_v3/second_pass_completeseq/GluC_CAD/GluC_CAD_2pass_results/hESC_GluC_HCD/interact-GluC_hES_28_sub.pep.xml"
time="03:23:17" level=info msg="Parsing /scratch/negishi/afarzam/deepseq_fragger_2pass/MSV000086944_results_v3/second_pass_completeseq/GluC_CAD/GluC_CAD_2pass_results/hESC_GluC_HCD/interact-GluC_hES_26_sub.pep.xml"
time="03:23:17" level=info msg="Parsing /scratch/negishi/afarzam/deepseq_fragger_2pass/MSV000086944_results_v3/second_pass_completeseq/GluC_CAD/GluC_CAD_2pass_results/hESC_GluC_HCD/interact-GluC_hES_8_sub.pep.xml"
time="03:23:17" level=info msg="Parsing /scratch/negishi/afarzam/deepseq_fragger_2pass/MSV000086944_results_v3/second_pass_completeseq/GluC_CAD/GluC_CAD_2pass_results/hESC_GluC_HCD/interact-GluC_hES_25_sub.pep.xml"
time="03:23:17" level=info msg="Parsing /scratch/negishi/afarzam/deepseq_fragger_2pass/MSV000086944_results_v3/second_pass_completeseq/GluC_CAD/GluC_CAD_2pass_results/hESC_GluC_HCD/interact-GluC_hES_13_sub.pep.xml"
time="03:23:17" level=info msg="Parsing /scratch/negishi/afarzam/deepseq_fragger_2pass/MSV000086944_results_v3/second_pass_completeseq/GluC_CAD/GluC_CAD_2pass_results/hESC_GluC_HCD/interact-GluC_hES_24_sub.pep.xml"
time="03:23:17" level=info msg="Parsing /scratch/negishi/afarzam/deepseq_fragger_2pass/MSV000086944_results_v3/second_pass_completeseq/GluC_CAD/GluC_CAD_2pass_results/hESC_GluC_HCD/interact-GluC_hES_11_sub.pep.xml"
time="03:23:17" level=warning msg="No PSM was found in data set. /scratch/negishi/afarzam/deepseq_fragger_2pass/MSV000086944_results_v3/second_pass_completeseq/GluC_CAD/GluC_CAD_2pass_results/hESC_GluC_HCD/interact-GluC_hES_19_sub.pep.xml"
time="03:23:17" level=warning msg="No PSM was found in data set. /scratch/negishi/afarzam/deepseq_fragger_2pass/MSV000086944_results_v3/second_pass_completeseq/GluC_CAD/GluC_CAD_2pass_results/hESC_GluC_HCD/interact-GluC_hES_27_sub.pep.xml"
time="03:23:17" level=info msg="Parsing /scratch/negishi/afarzam/deepseq_fragger_2pass/MSV000086944_results_v3/second_pass_completeseq/GluC_CAD/GluC_CAD_2pass_results/hESC_GluC_HCD/interact-GluC_hES_22_sub.pep.xml"
time="03:23:17" level=warning msg="No PSM was found in data set. /scratch/negishi/afarzam/deepseq_fragger_2pass/MSV000086944_results_v3/second_pass_completeseq/GluC_CAD/GluC_CAD_2pass_results/hESC_GluC_HCD/interact-GluC_hES_26_sub.pep.xml"
time="03:23:17" level=warning msg="No PSM was found in data set. /scratch/negishi/afarzam/deepseq_fragger_2pass/MSV000086944_results_v3/second_pass_completeseq/GluC_CAD/GluC_CAD_2pass_results/hESC_GluC_HCD/interact-GluC_hES_6_sub.pep.xml"
time="03:23:17" level=warning msg="No PSM was found in data set. /scratch/negishi/afarzam/deepseq_fragger_2pass/MSV000086944_results_v3/second_pass_completeseq/GluC_CAD/GluC_CAD_2pass_results/hESC_GluC_HCD/interact-GluC_hES_28_sub.pep.xml"
time="03:23:18" level=info msg="1+ Charge profile" decoy=0 target=0
time="03:23:18" level=info msg="2+ Charge profile" decoy=45 target=137
time="03:23:18" level=info msg="3+ Charge profile" decoy=23 target=101
time="03:23:18" level=info msg="4+ Charge profile" decoy=7 target=22
time="03:23:18" level=info msg="5+ Charge profile" decoy=2 target=10
time="03:23:18" level=info msg="6+ Charge profile" decoy=1 target=3
time="03:23:18" level=info msg="Database search results" ions=285 peptides=273 psms=351
time="03:23:18" level=info msg="Converged to 0.00 % FDR with 8 PSMs" decoy=0 threshold=0.969448 total=8
time="03:23:18" level=info msg="Converged to 0.00 % FDR with 5 Peptides" decoy=0 threshold=0.969448 total=5
time="03:23:18" level=info msg="Converged to 0.00 % FDR with 6 Ions" decoy=0 threshold=0.969448 total=6
time="03:23:18" level=info msg="Protein inference results" decoy=1100 target=1282
time="03:23:18" level=info msg="Converged to 0.00 % FDR with 28 Proteins" decoy=0 threshold=0.9684 total=28
time="03:23:18" level=info msg="Applying sequential FDR estimation" ions=6 peptides=5 psms=8
time="03:23:18" level=info msg="Converged to 0.00 % FDR with 7 PSMs" decoy=0 threshold=0.97553 total=7
time="03:23:18" level=info msg="Converged to 0.00 % FDR with 4 Peptides" decoy=0 threshold=0.980027 total=4
time="03:23:18" level=info msg="Converged to 0.00 % FDR with 5 Ions" decoy=0 threshold=0.978307 total=5
time="03:23:18" level=info msg="Post processing identifications"
time="03:23:18" level=info msg="Assigning protein identifications to layers"
time="03:23:19" level=info msg="Processing protein inference"
time="03:23:19" level=info msg="Synchronizing PSMs and proteins"
time="03:23:19" level=info msg="Final report numbers after FDR filtering, and post-processing" ions=5 peptides=4 proteins=3 psms=7
time="03:23:19" level=info msg=Saving
time="03:23:19" level=info msg=Done
