time="01:49:15" level=info msg="Executing Filter  v5.1.2"
time="01:49:15" level=info msg="Fetching protein inference from /scratch/negishi/afarzam/deepseq_fragger_2pass/MSV000086944_results_v3/second_pass_completeseq/AspN_CAD/AspN_CAD_2pass_results/GM12878_AspN_HCD"
time="01:49:15" level=info msg="Processing peptide identification files"
time="01:49:15" level=info msg="Parsing /scratch/negishi/afarzam/deepseq_fragger_2pass/MSV000086944_results_v3/second_pass_completeseq/AspN_CAD/AspN_CAD_2pass_results/hESC_AspN_HCD/interact-AspN_hES_9_sub.pep.xml"
time="01:49:15" level=info msg="Parsing /scratch/negishi/afarzam/deepseq_fragger_2pass/MSV000086944_results_v3/second_pass_completeseq/AspN_CAD/AspN_CAD_2pass_results/hESC_AspN_HCD/interact-AspN_hES_12_sub.pep.xml"
time="01:49:15" level=info msg="Parsing /scratch/negishi/afarzam/deepseq_fragger_2pass/MSV000086944_results_v3/second_pass_completeseq/AspN_CAD/AspN_CAD_2pass_results/hESC_AspN_HCD/interact-AspN_hES_16_sub.pep.xml"
time="01:49:15" level=info msg="Parsing /scratch/negishi/afarzam/deepseq_fragger_2pass/MSV000086944_results_v3/second_pass_completeseq/AspN_CAD/AspN_CAD_2pass_results/hESC_AspN_HCD/interact-AspN_hES_17_sub.pep.xml"
time="01:49:15" level=info msg="Parsing /scratch/negishi/afarzam/deepseq_fragger_2pass/MSV000086944_results_v3/second_pass_completeseq/AspN_CAD/AspN_CAD_2pass_results/hESC_AspN_HCD/interact-AspN_hES_10_sub.pep.xml"
time="01:49:15" level=info msg="Parsing /scratch/negishi/afarzam/deepseq_fragger_2pass/MSV000086944_results_v3/second_pass_completeseq/AspN_CAD/AspN_CAD_2pass_results/hESC_AspN_HCD/interact-AspN_hES_14_sub.pep.xml"
time="01:49:15" level=info msg="Parsing /scratch/negishi/afarzam/deepseq_fragger_2pass/MSV000086944_results_v3/second_pass_completeseq/AspN_CAD/AspN_CAD_2pass_results/hESC_AspN_HCD/interact-AspN_hES_15_sub.pep.xml"
time="01:49:15" level=info msg="Parsing /scratch/negishi/afarzam/deepseq_fragger_2pass/MSV000086944_results_v3/second_pass_completeseq/AspN_CAD/AspN_CAD_2pass_results/hESC_AspN_HCD/interact-AspN_hES_20_sub.pep.xml"
time="01:49:15" level=info msg="Parsing /scratch/negishi/afarzam/deepseq_fragger_2pass/MSV000086944_results_v3/second_pass_completeseq/AspN_CAD/AspN_CAD_2pass_results/hESC_AspN_HCD/interact-AspN_hES_2_140617095613_sub.pep.xml"
time="01:49:15" level=warning msg="No PSM was found in data set. /scratch/negishi/afarzam/deepseq_fragger_2pass/MSV000086944_results_v3/second_pass_completeseq/AspN_CAD/AspN_CAD_2pass_results/hESC_AspN_HCD/interact-AspN_hES_9_sub.pep.xml"
time="01:49:15" level=info msg="Parsing /scratch/negishi/afarzam/deepseq_fragger_2pass/MSV000086944_results_v3/second_pass_completeseq/AspN_CAD/AspN_CAD_2pass_results/hESC_AspN_HCD/interact-AspN_hES_19_sub.pep.xml"
time="01:49:15" level=info msg="Parsing /scratch/negishi/afarzam/deepseq_fragger_2pass/MSV000086944_results_v3/second_pass_completeseq/AspN_CAD/AspN_CAD_2pass_results/hESC_AspN_HCD/interact-AspN_hES_1_sub.pep.xml"
time="01:49:15" level=info msg="Parsing /scratch/negishi/afarzam/deepseq_fragger_2pass/MSV000086944_results_v3/second_pass_completeseq/AspN_CAD/AspN_CAD_2pass_results/hESC_AspN_HCD/interact-AspN_hES_23_sub.pep.xml"
time="01:49:15" level=info msg="Parsing /scratch/negishi/afarzam/deepseq_fragger_2pass/MSV000086944_results_v3/second_pass_completeseq/AspN_CAD/AspN_CAD_2pass_results/hESC_AspN_HCD/interact-AspN_hES_13_sub.pep.xml"
time="01:49:15" level=info msg="Parsing /scratch/negishi/afarzam/deepseq_fragger_2pass/MSV000086944_results_v3/second_pass_completeseq/AspN_CAD/AspN_CAD_2pass_results/hESC_AspN_HCD/interact-AspN_hES_18_sub.pep.xml"
time="01:49:15" level=warning msg="No PSM was found in data set. /scratch/negishi/afarzam/deepseq_fragger_2pass/MSV000086944_results_v3/second_pass_completeseq/AspN_CAD/AspN_CAD_2pass_results/hESC_AspN_HCD/interact-AspN_hES_10_sub.pep.xml"
time="01:49:15" level=info msg="Parsing /scratch/negishi/afarzam/deepseq_fragger_2pass/MSV000086944_results_v3/second_pass_completeseq/AspN_CAD/AspN_CAD_2pass_results/hESC_AspN_HCD/interact-AspN_hES_3_sub.pep.xml"
time="01:49:15" level=warning msg="No PSM was found in data set. /scratch/negishi/afarzam/deepseq_fragger_2pass/MSV000086944_results_v3/second_pass_completeseq/AspN_CAD/AspN_CAD_2pass_results/hESC_AspN_HCD/interact-AspN_hES_15_sub.pep.xml"
time="01:49:15" level=info msg="Parsing /scratch/negishi/afarzam/deepseq_fragger_2pass/MSV000086944_results_v3/second_pass_completeseq/AspN_CAD/AspN_CAD_2pass_results/hESC_AspN_HCD/interact-AspN_hES_4_sub.pep.xml"
time="01:49:15" level=info msg="Parsing /scratch/negishi/afarzam/deepseq_fragger_2pass/MSV000086944_results_v3/second_pass_completeseq/AspN_CAD/AspN_CAD_2pass_results/hESC_AspN_HCD/interact-AspN_hES_6_sub.pep.xml"
time="01:49:15" level=info msg="Parsing /scratch/negishi/afarzam/deepseq_fragger_2pass/MSV000086944_results_v3/second_pass_completeseq/AspN_CAD/AspN_CAD_2pass_results/hESC_AspN_HCD/interact-AspN_hES_24_sub.pep.xml"
time="01:49:15" level=info msg="Parsing /scratch/negishi/afarzam/deepseq_fragger_2pass/MSV000086944_results_v3/second_pass_completeseq/AspN_CAD/AspN_CAD_2pass_results/hESC_AspN_HCD/interact-AspN_hES_11_sub.pep.xml"
time="01:49:15" level=info msg="Parsing /scratch/negishi/afarzam/deepseq_fragger_2pass/MSV000086944_results_v3/second_pass_completeseq/AspN_CAD/AspN_CAD_2pass_results/hESC_AspN_HCD/interact-AspN_hES_21_sub.pep.xml"
time="01:49:15" level=info msg="Parsing /scratch/negishi/afarzam/deepseq_fragger_2pass/MSV000086944_results_v3/second_pass_completeseq/AspN_CAD/AspN_CAD_2pass_results/hESC_AspN_HCD/interact-AspN_hES_22_sub.pep.xml"
time="01:49:15" level=info msg="Parsing /scratch/negishi/afarzam/deepseq_fragger_2pass/MSV000086944_results_v3/second_pass_completeseq/AspN_CAD/AspN_CAD_2pass_results/hESC_AspN_HCD/interact-AspN_hES_5_sub.pep.xml"
time="01:49:15" level=info msg="Parsing /scratch/negishi/afarzam/deepseq_fragger_2pass/MSV000086944_results_v3/second_pass_completeseq/AspN_CAD/AspN_CAD_2pass_results/hESC_AspN_HCD/interact-AspN_hES_7_sub.pep.xml"
time="01:49:15" level=info msg="Parsing /scratch/negishi/afarzam/deepseq_fragger_2pass/MSV000086944_results_v3/second_pass_completeseq/AspN_CAD/AspN_CAD_2pass_results/hESC_AspN_HCD/interact-AspN_hES_8_sub.pep.xml"
time="01:49:15" level=warning msg="No PSM was found in data set. /scratch/negishi/afarzam/deepseq_fragger_2pass/MSV000086944_results_v3/second_pass_completeseq/AspN_CAD/AspN_CAD_2pass_results/hESC_AspN_HCD/interact-AspN_hES_1_sub.pep.xml"
time="01:49:15" level=warning msg="No PSM was found in data set. /scratch/negishi/afarzam/deepseq_fragger_2pass/MSV000086944_results_v3/second_pass_completeseq/AspN_CAD/AspN_CAD_2pass_results/hESC_AspN_HCD/interact-AspN_hES_24_sub.pep.xml"
time="01:49:15" level=warning msg="No PSM was found in data set. /scratch/negishi/afarzam/deepseq_fragger_2pass/MSV000086944_results_v3/second_pass_completeseq/AspN_CAD/AspN_CAD_2pass_results/hESC_AspN_HCD/interact-AspN_hES_8_sub.pep.xml"
time="01:49:15" level=info msg="1+ Charge profile" decoy=0 target=0
time="01:49:15" level=info msg="2+ Charge profile" decoy=10 target=47
time="01:49:15" level=info msg="3+ Charge profile" decoy=10 target=23
time="01:49:15" level=info msg="4+ Charge profile" decoy=6 target=10
time="01:49:15" level=info msg="5+ Charge profile" decoy=4 target=12
time="01:49:15" level=info msg="6+ Charge profile" decoy=1 target=11
time="01:49:15" level=info msg="Database search results" ions=117 peptides=112 psms=134
time="01:49:15" level=info msg="Converged to 0.00 % FDR with 15 PSMs" decoy=0 threshold=0.856798 total=15
time="01:49:15" level=info msg="Converged to 0.00 % FDR with 12 Peptides" decoy=0 threshold=0.857564 total=12
time="01:49:15" level=info msg="Converged to 0.00 % FDR with 13 Ions" decoy=0 threshold=0.857564 total=13
time="01:49:15" level=info msg="Protein inference results" decoy=167 target=355
time="01:49:15" level=info msg="Converged to 0.00 % FDR with 19 Proteins" decoy=0 threshold=0.9584 total=19
time="01:49:15" level=info msg="Applying sequential FDR estimation" ions=8 peptides=7 psms=10
time="01:49:15" level=info msg="Converged to 0.00 % FDR with 9 PSMs" decoy=0 threshold=0.857564 total=9
time="01:49:15" level=info msg="Converged to 0.00 % FDR with 6 Peptides" decoy=0 threshold=0.868086 total=6
time="01:49:15" level=info msg="Converged to 0.00 % FDR with 7 Ions" decoy=0 threshold=0.868086 total=7
time="01:49:15" level=info msg="Post processing identifications"
time="01:49:15" level=info msg="Assigning protein identifications to layers"
time="01:49:16" level=info msg="Processing protein inference"
time="01:49:16" level=info msg="Synchronizing PSMs and proteins"
time="01:49:16" level=info msg="Final report numbers after FDR filtering, and post-processing" ions=7 peptides=6 proteins=7 psms=9
time="01:49:16" level=info msg=Saving
time="01:49:16" level=info msg=Done
