time="16:06:46" level=info msg="Executing Filter  v5.1.2"
time="16:06:46" level=info msg="Fetching protein inference from /scratch/negishi/afarzam/deepseq_fragger_2pass/MSV000086944_results_v3/second_pass_completeseq/LysC_CAD/LysC_CAD_2pass_results/GM12878_LysC_HCD"
time="16:06:46" level=info msg="Processing peptide identification files"
time="16:06:46" level=info msg="Parsing /scratch/negishi/afarzam/deepseq_fragger_2pass/MSV000086944_results_v3/second_pass_completeseq/LysC_CAD/LysC_CAD_2pass_results/K562_LysC_HCD/interact-20160126_alr_CompleteHumanProteome_K562_LysC_HCD_fr13_sub.pep.xml"
time="16:06:46" level=info msg="Parsing /scratch/negishi/afarzam/deepseq_fragger_2pass/MSV000086944_results_v3/second_pass_completeseq/LysC_CAD/LysC_CAD_2pass_results/K562_LysC_HCD/interact-20160126_alr_CompleteHumanProteome_K562_LysC_HCD_fr28_sub.pep.xml"
time="16:06:46" level=info msg="Parsing /scratch/negishi/afarzam/deepseq_fragger_2pass/MSV000086944_results_v3/second_pass_completeseq/LysC_CAD/LysC_CAD_2pass_results/K562_LysC_HCD/interact-20160126_alr_CompleteHumanProteome_K562_LysC_HCD_fr11_sub.pep.xml"
time="16:06:46" level=info msg="Parsing /scratch/negishi/afarzam/deepseq_fragger_2pass/MSV000086944_results_v3/second_pass_completeseq/LysC_CAD/LysC_CAD_2pass_results/K562_LysC_HCD/interact-20160126_alr_CompleteHumanProteome_K562_LysC_HCD_fr12_sub.pep.xml"
time="16:06:46" level=info msg="Parsing /scratch/negishi/afarzam/deepseq_fragger_2pass/MSV000086944_results_v3/second_pass_completeseq/LysC_CAD/LysC_CAD_2pass_results/K562_LysC_HCD/interact-20160126_alr_CompleteHumanProteome_K562_LysC_HCD_fr10_sub.pep.xml"
time="16:06:46" level=info msg="Parsing /scratch/negishi/afarzam/deepseq_fragger_2pass/MSV000086944_results_v3/second_pass_completeseq/LysC_CAD/LysC_CAD_2pass_results/K562_LysC_HCD/interact-20160126_alr_CompleteHumanProteome_K562_LysC_HCD_fr34_sub.pep.xml"
time="16:06:46" level=info msg="Parsing /scratch/negishi/afarzam/deepseq_fragger_2pass/MSV000086944_results_v3/second_pass_completeseq/LysC_CAD/LysC_CAD_2pass_results/K562_LysC_HCD/interact-20160126_alr_CompleteHumanProteome_K562_LysC_HCD_fr30_sub.pep.xml"
time="16:06:46" level=info msg="Parsing /scratch/negishi/afarzam/deepseq_fragger_2pass/MSV000086944_results_v3/second_pass_completeseq/LysC_CAD/LysC_CAD_2pass_results/K562_LysC_HCD/interact-20160126_alr_CompleteHumanProteome_K562_LysC_HCD_fr14_sub.pep.xml"
time="16:06:46" level=info msg="Parsing /scratch/negishi/afarzam/deepseq_fragger_2pass/MSV000086944_results_v3/second_pass_completeseq/LysC_CAD/LysC_CAD_2pass_results/K562_LysC_HCD/interact-20160126_alr_CompleteHumanProteome_K562_LysC_HCD_fr5_sub.pep.xml"
time="16:06:46" level=info msg="Parsing /scratch/negishi/afarzam/deepseq_fragger_2pass/MSV000086944_results_v3/second_pass_completeseq/LysC_CAD/LysC_CAD_2pass_results/K562_LysC_HCD/interact-20160126_alr_CompleteHumanProteome_K562_LysC_HCD_fr3_sub.pep.xml"
time="16:06:46" level=info msg="Parsing /scratch/negishi/afarzam/deepseq_fragger_2pass/MSV000086944_results_v3/second_pass_completeseq/LysC_CAD/LysC_CAD_2pass_results/K562_LysC_HCD/interact-20160126_alr_CompleteHumanProteome_K562_LysC_HCD_fr4_sub.pep.xml"
time="16:06:46" level=info msg="Parsing /scratch/negishi/afarzam/deepseq_fragger_2pass/MSV000086944_results_v3/second_pass_completeseq/LysC_CAD/LysC_CAD_2pass_results/K562_LysC_HCD/interact-20160126_alr_CompleteHumanProteome_K562_LysC_HCD_fr35_sub.pep.xml"
time="16:06:46" level=info msg="Parsing /scratch/negishi/afarzam/deepseq_fragger_2pass/MSV000086944_results_v3/second_pass_completeseq/LysC_CAD/LysC_CAD_2pass_results/K562_LysC_HCD/interact-20160126_alr_CompleteHumanProteome_K562_LysC_HCD_fr29_sub.pep.xml"
time="16:06:46" level=info msg="Parsing /scratch/negishi/afarzam/deepseq_fragger_2pass/MSV000086944_results_v3/second_pass_completeseq/LysC_CAD/LysC_CAD_2pass_results/K562_LysC_HCD/interact-20160126_alr_CompleteHumanProteome_K562_LysC_HCD_fr2_sub.pep.xml"
time="16:06:46" level=info msg="Parsing /scratch/negishi/afarzam/deepseq_fragger_2pass/MSV000086944_results_v3/second_pass_completeseq/LysC_CAD/LysC_CAD_2pass_results/K562_LysC_HCD/interact-20160126_alr_CompleteHumanProteome_K562_LysC_HCD_fr1_sub.pep.xml"
time="16:06:46" level=info msg="Parsing /scratch/negishi/afarzam/deepseq_fragger_2pass/MSV000086944_results_v3/second_pass_completeseq/LysC_CAD/LysC_CAD_2pass_results/K562_LysC_HCD/interact-20160126_alr_CompleteHumanProteome_K562_LysC_HCD_fr27_sub.pep.xml"
time="16:06:46" level=info msg="Parsing /scratch/negishi/afarzam/deepseq_fragger_2pass/MSV000086944_results_v3/second_pass_completeseq/LysC_CAD/LysC_CAD_2pass_results/K562_LysC_HCD/interact-20160126_alr_CompleteHumanProteome_K562_LysC_HCD_fr19_sub.pep.xml"
time="16:06:46" level=info msg="Parsing /scratch/negishi/afarzam/deepseq_fragger_2pass/MSV000086944_results_v3/second_pass_completeseq/LysC_CAD/LysC_CAD_2pass_results/K562_LysC_HCD/interact-20160126_alr_CompleteHumanProteome_K562_LysC_HCD_fr24_sub.pep.xml"
time="16:06:46" level=info msg="Parsing /scratch/negishi/afarzam/deepseq_fragger_2pass/MSV000086944_results_v3/second_pass_completeseq/LysC_CAD/LysC_CAD_2pass_results/K562_LysC_HCD/interact-20160126_alr_CompleteHumanProteome_K562_LysC_HCD_fr33_sub.pep.xml"
time="16:06:46" level=info msg="Parsing /scratch/negishi/afarzam/deepseq_fragger_2pass/MSV000086944_results_v3/second_pass_completeseq/LysC_CAD/LysC_CAD_2pass_results/K562_LysC_HCD/interact-20160126_alr_CompleteHumanProteome_K562_LysC_HCD_fr31_sub.pep.xml"
time="16:06:46" level=info msg="Parsing /scratch/negishi/afarzam/deepseq_fragger_2pass/MSV000086944_results_v3/second_pass_completeseq/LysC_CAD/LysC_CAD_2pass_results/K562_LysC_HCD/interact-20160126_alr_CompleteHumanProteome_K562_LysC_HCD_fr15_sub.pep.xml"
time="16:06:46" level=info msg="Parsing /scratch/negishi/afarzam/deepseq_fragger_2pass/MSV000086944_results_v3/second_pass_completeseq/LysC_CAD/LysC_CAD_2pass_results/K562_LysC_HCD/interact-20160126_alr_CompleteHumanProteome_K562_LysC_HCD_fr16_sub.pep.xml"
time="16:06:46" level=info msg="Parsing /scratch/negishi/afarzam/deepseq_fragger_2pass/MSV000086944_results_v3/second_pass_completeseq/LysC_CAD/LysC_CAD_2pass_results/K562_LysC_HCD/interact-20160126_alr_CompleteHumanProteome_K562_LysC_HCD_fr17_sub.pep.xml"
time="16:06:46" level=info msg="Parsing /scratch/negishi/afarzam/deepseq_fragger_2pass/MSV000086944_results_v3/second_pass_completeseq/LysC_CAD/LysC_CAD_2pass_results/K562_LysC_HCD/interact-20160126_alr_CompleteHumanProteome_K562_LysC_HCD_fr9_160128121636_sub.pep.xml"
time="16:06:46" level=info msg="Parsing /scratch/negishi/afarzam/deepseq_fragger_2pass/MSV000086944_results_v3/second_pass_completeseq/LysC_CAD/LysC_CAD_2pass_results/K562_LysC_HCD/interact-20160126_alr_CompleteHumanProteome_K562_LysC_HCD_fr7_sub.pep.xml"
time="16:06:46" level=info msg="Parsing /scratch/negishi/afarzam/deepseq_fragger_2pass/MSV000086944_results_v3/second_pass_completeseq/LysC_CAD/LysC_CAD_2pass_results/K562_LysC_HCD/interact-20160126_alr_CompleteHumanProteome_K562_LysC_HCD_fr18_sub.pep.xml"
time="16:06:46" level=info msg="Parsing /scratch/negishi/afarzam/deepseq_fragger_2pass/MSV000086944_results_v3/second_pass_completeseq/LysC_CAD/LysC_CAD_2pass_results/K562_LysC_HCD/interact-20160126_alr_CompleteHumanProteome_K562_LysC_HCD_fr25_sub.pep.xml"
time="16:06:46" level=info msg="Parsing /scratch/negishi/afarzam/deepseq_fragger_2pass/MSV000086944_results_v3/second_pass_completeseq/LysC_CAD/LysC_CAD_2pass_results/K562_LysC_HCD/interact-20160126_alr_CompleteHumanProteome_K562_LysC_HCD_fr23_sub.pep.xml"
time="16:06:46" level=info msg="Parsing /scratch/negishi/afarzam/deepseq_fragger_2pass/MSV000086944_results_v3/second_pass_completeseq/LysC_CAD/LysC_CAD_2pass_results/K562_LysC_HCD/interact-20160126_alr_CompleteHumanProteome_K562_LysC_HCD_fr32_sub.pep.xml"
time="16:06:46" level=info msg="Parsing /scratch/negishi/afarzam/deepseq_fragger_2pass/MSV000086944_results_v3/second_pass_completeseq/LysC_CAD/LysC_CAD_2pass_results/K562_LysC_HCD/interact-20160126_alr_CompleteHumanProteome_K562_LysC_HCD_fr21_sub.pep.xml"
time="16:06:46" level=info msg="Parsing /scratch/negishi/afarzam/deepseq_fragger_2pass/MSV000086944_results_v3/second_pass_completeseq/LysC_CAD/LysC_CAD_2pass_results/K562_LysC_HCD/interact-20160126_alr_CompleteHumanProteome_K562_LysC_HCD_fr26_sub.pep.xml"
time="16:06:46" level=info msg="Parsing /scratch/negishi/afarzam/deepseq_fragger_2pass/MSV000086944_results_v3/second_pass_completeseq/LysC_CAD/LysC_CAD_2pass_results/K562_LysC_HCD/interact-20160126_alr_CompleteHumanProteome_K562_LysC_HCD_fr22_sub.pep.xml"
time="16:06:46" level=info msg="Parsing /scratch/negishi/afarzam/deepseq_fragger_2pass/MSV000086944_results_v3/second_pass_completeseq/LysC_CAD/LysC_CAD_2pass_results/K562_LysC_HCD/interact-20160126_alr_CompleteHumanProteome_K562_LysC_HCD_fr20_sub.pep.xml"
time="16:06:46" level=info msg="Parsing /scratch/negishi/afarzam/deepseq_fragger_2pass/MSV000086944_results_v3/second_pass_completeseq/LysC_CAD/LysC_CAD_2pass_results/K562_LysC_HCD/interact-20160126_alr_CompleteHumanProteome_K562_LysC_HCD_fr8_sub.pep.xml"
time="16:06:46" level=info msg="Parsing /scratch/negishi/afarzam/deepseq_fragger_2pass/MSV000086944_results_v3/second_pass_completeseq/LysC_CAD/LysC_CAD_2pass_results/K562_LysC_HCD/interact-20160126_alr_CompleteHumanProteome_K562_LysC_HCD_fr6_sub.pep.xml"
time="16:06:47" level=info msg="1+ Charge profile" decoy=0 target=0
time="16:06:47" level=info msg="2+ Charge profile" decoy=44 target=191
time="16:06:47" level=info msg="3+ Charge profile" decoy=45 target=176
time="16:06:47" level=info msg="4+ Charge profile" decoy=21 target=96
time="16:06:47" level=info msg="5+ Charge profile" decoy=10 target=39
time="16:06:47" level=info msg="6+ Charge profile" decoy=2 target=9
time="16:06:47" level=info msg="Database search results" ions=489 peptides=456 psms=639
time="16:06:47" level=info msg="Converged to 0.00 % FDR with 24 PSMs" decoy=0 threshold=0.987408 total=24
time="16:06:47" level=info msg="Converged to 0.00 % FDR with 6 Peptides" decoy=0 threshold=0.987408 total=6
time="16:06:47" level=info msg="Converged to 0.00 % FDR with 13 Ions" decoy=0 threshold=0.987408 total=13
time="16:06:47" level=info msg="Protein inference results" decoy=613 target=1047
time="16:06:47" level=info msg="Converged to 0.00 % FDR with 37 Proteins" decoy=0 threshold=0.9864 total=37
time="16:06:47" level=info msg="Applying sequential FDR estimation" ions=13 peptides=6 psms=24
time="16:06:47" level=info msg="Converged to 0.00 % FDR with 23 PSMs" decoy=0 threshold=0.990512 total=23
time="16:06:47" level=info msg="Converged to 0.00 % FDR with 5 Peptides" decoy=0 threshold=0.990512 total=5
time="16:06:47" level=info msg="Converged to 0.00 % FDR with 12 Ions" decoy=0 threshold=0.990512 total=12
time="16:06:47" level=info msg="Post processing identifications"
time="16:06:47" level=info msg="Assigning protein identifications to layers"
time="16:06:47" level=info msg="Processing protein inference"
time="16:06:47" level=info msg="Synchronizing PSMs and proteins"
time="16:06:47" level=info msg="Final report numbers after FDR filtering, and post-processing" ions=12 peptides=5 proteins=5 psms=23
time="16:06:47" level=info msg=Saving
time="16:06:47" level=info msg=Done
