time="15:11:54" level=info msg="Executing Filter  v5.1.2"
time="15:11:54" level=info msg="Processing peptide identification files"
time="15:11:54" level=info msg="Parsing /scratch/negishi/afarzam/deepseq_fragger_2pass/MSV000086944_results_v3/second_pass_completeseq/LysN_CAD/LysN_CAD_2pass_results/GM12878_LysN_HCD/interact-20141125_alr_CompleteHumanProteome_GM12878_LysN_HCD_fr13_sub.pep.xml"
time="15:11:54" level=info msg="Parsing /scratch/negishi/afarzam/deepseq_fragger_2pass/MSV000086944_results_v3/second_pass_completeseq/LysN_CAD/LysN_CAD_2pass_results/GM12878_LysN_HCD/interact-20141202_alr_CompleteHumanProteome_GM12878_LysN_HCD_fr35_sub.pep.xml"
time="15:11:54" level=info msg="Parsing /scratch/negishi/afarzam/deepseq_fragger_2pass/MSV000086944_results_v3/second_pass_completeseq/LysN_CAD/LysN_CAD_2pass_results/GM12878_LysN_HCD/interact-20141125_alr_CompleteHumanProteome_GM12878_LysN_HCD_fr1_sub.pep.xml"
time="15:11:54" level=info msg="Parsing /scratch/negishi/afarzam/deepseq_fragger_2pass/MSV000086944_results_v3/second_pass_completeseq/LysN_CAD/LysN_CAD_2pass_results/GM12878_LysN_HCD/interact-20141202_alr_CompleteHumanProteome_GM12878_LysN_HCD_fr29_sub.pep.xml"
time="15:11:54" level=info msg="Parsing /scratch/negishi/afarzam/deepseq_fragger_2pass/MSV000086944_results_v3/second_pass_completeseq/LysN_CAD/LysN_CAD_2pass_results/GM12878_LysN_HCD/interact-20141202_alr_CompleteHumanProteome_GM12878_LysN_HCD_fr32_sub.pep.xml"
time="15:11:54" level=info msg="Parsing /scratch/negishi/afarzam/deepseq_fragger_2pass/MSV000086944_results_v3/second_pass_completeseq/LysN_CAD/LysN_CAD_2pass_results/GM12878_LysN_HCD/interact-20141202_alr_CompleteHumanProteome_GM12878_LysN_HCD_fr23_sub.pep.xml"
time="15:11:54" level=info msg="Parsing /scratch/negishi/afarzam/deepseq_fragger_2pass/MSV000086944_results_v3/second_pass_completeseq/LysN_CAD/LysN_CAD_2pass_results/GM12878_LysN_HCD/interact-20141125_alr_CompleteHumanProteome_GM12878_LysN_HCD_fr9_sub.pep.xml"
time="15:11:54" level=info msg="Parsing /scratch/negishi/afarzam/deepseq_fragger_2pass/MSV000086944_results_v3/second_pass_completeseq/LysN_CAD/LysN_CAD_2pass_results/GM12878_LysN_HCD/interact-20141125_alr_CompleteHumanProteome_GM12878_LysN_HCD_fr6_sub.pep.xml"
time="15:11:54" level=info msg="Parsing /scratch/negishi/afarzam/deepseq_fragger_2pass/MSV000086944_results_v3/second_pass_completeseq/LysN_CAD/LysN_CAD_2pass_results/GM12878_LysN_HCD/interact-20141125_alr_CompleteHumanProteome_GM12878_LysN_HCD_fr2_sub.pep.xml"
time="15:11:54" level=info msg="Parsing /scratch/negishi/afarzam/deepseq_fragger_2pass/MSV000086944_results_v3/second_pass_completeseq/LysN_CAD/LysN_CAD_2pass_results/GM12878_LysN_HCD/interact-20141125_alr_CompleteHumanProteome_GM12878_LysN_HCD_fr5_sub.pep.xml"
time="15:11:54" level=info msg="Parsing /scratch/negishi/afarzam/deepseq_fragger_2pass/MSV000086944_results_v3/second_pass_completeseq/LysN_CAD/LysN_CAD_2pass_results/GM12878_LysN_HCD/interact-20141125_alr_CompleteHumanProteome_GM12878_LysN_HCD_fr3_sub.pep.xml"
time="15:11:54" level=info msg="Parsing /scratch/negishi/afarzam/deepseq_fragger_2pass/MSV000086944_results_v3/second_pass_completeseq/LysN_CAD/LysN_CAD_2pass_results/GM12878_LysN_HCD/interact-20141125_alr_CompleteHumanProteome_GM12878_LysN_HCD_fr20_sub.pep.xml"
time="15:11:54" level=info msg="Parsing /scratch/negishi/afarzam/deepseq_fragger_2pass/MSV000086944_results_v3/second_pass_completeseq/LysN_CAD/LysN_CAD_2pass_results/GM12878_LysN_HCD/interact-20141125_alr_CompleteHumanProteome_GM12878_LysN_HCD_fr8_sub.pep.xml"
time="15:11:54" level=info msg="Parsing /scratch/negishi/afarzam/deepseq_fragger_2pass/MSV000086944_results_v3/second_pass_completeseq/LysN_CAD/LysN_CAD_2pass_results/GM12878_LysN_HCD/interact-20141125_alr_CompleteHumanProteome_GM12878_LysN_HCD_fr17_sub.pep.xml"
time="15:11:54" level=info msg="Parsing /scratch/negishi/afarzam/deepseq_fragger_2pass/MSV000086944_results_v3/second_pass_completeseq/LysN_CAD/LysN_CAD_2pass_results/GM12878_LysN_HCD/interact-20141202_alr_CompleteHumanProteome_GM12878_LysN_HCD_fr27_sub.pep.xml"
time="15:11:54" level=info msg="Parsing /scratch/negishi/afarzam/deepseq_fragger_2pass/MSV000086944_results_v3/second_pass_completeseq/LysN_CAD/LysN_CAD_2pass_results/GM12878_LysN_HCD/interact-20141125_alr_CompleteHumanProteome_GM12878_LysN_HCD_fr18_sub.pep.xml"
time="15:11:54" level=info msg="Parsing /scratch/negishi/afarzam/deepseq_fragger_2pass/MSV000086944_results_v3/second_pass_completeseq/LysN_CAD/LysN_CAD_2pass_results/GM12878_LysN_HCD/interact-20141125_alr_CompleteHumanProteome_GM12878_LysN_HCD_fr4_sub.pep.xml"
time="15:11:54" level=info msg="Parsing /scratch/negishi/afarzam/deepseq_fragger_2pass/MSV000086944_results_v3/second_pass_completeseq/LysN_CAD/LysN_CAD_2pass_results/GM12878_LysN_HCD/interact-20141202_alr_CompleteHumanProteome_GM12878_LysN_HCD_fr26_sub.pep.xml"
time="15:11:54" level=info msg="Parsing /scratch/negishi/afarzam/deepseq_fragger_2pass/MSV000086944_results_v3/second_pass_completeseq/LysN_CAD/LysN_CAD_2pass_results/GM12878_LysN_HCD/interact-20141202_alr_CompleteHumanProteome_GM12878_LysN_HCD_fr30_sub.pep.xml"
time="15:11:54" level=info msg="Parsing /scratch/negishi/afarzam/deepseq_fragger_2pass/MSV000086944_results_v3/second_pass_completeseq/LysN_CAD/LysN_CAD_2pass_results/GM12878_LysN_HCD/interact-20141125_alr_CompleteHumanProteome_GM12878_LysN_HCD_fr12_sub.pep.xml"
time="15:11:54" level=info msg="Parsing /scratch/negishi/afarzam/deepseq_fragger_2pass/MSV000086944_results_v3/second_pass_completeseq/LysN_CAD/LysN_CAD_2pass_results/GM12878_LysN_HCD/interact-20141125_alr_CompleteHumanProteome_GM12878_LysN_HCD_fr7_sub.pep.xml"
time="15:11:54" level=info msg="Parsing /scratch/negishi/afarzam/deepseq_fragger_2pass/MSV000086944_results_v3/second_pass_completeseq/LysN_CAD/LysN_CAD_2pass_results/GM12878_LysN_HCD/interact-20141202_alr_CompleteHumanProteome_GM12878_LysN_HCD_fr22_sub.pep.xml"
time="15:11:54" level=info msg="Parsing /scratch/negishi/afarzam/deepseq_fragger_2pass/MSV000086944_results_v3/second_pass_completeseq/LysN_CAD/LysN_CAD_2pass_results/GM12878_LysN_HCD/interact-20141202_alr_CompleteHumanProteome_GM12878_LysN_HCD_fr33_sub.pep.xml"
time="15:11:54" level=info msg="Parsing /scratch/negishi/afarzam/deepseq_fragger_2pass/MSV000086944_results_v3/second_pass_completeseq/LysN_CAD/LysN_CAD_2pass_results/GM12878_LysN_HCD/interact-20141202_alr_CompleteHumanProteome_GM12878_LysN_HCD_fr21_sub.pep.xml"
time="15:11:54" level=info msg="Parsing /scratch/negishi/afarzam/deepseq_fragger_2pass/MSV000086944_results_v3/second_pass_completeseq/LysN_CAD/LysN_CAD_2pass_results/GM12878_LysN_HCD/interact-20141125_alr_CompleteHumanProteome_GM12878_LysN_HCD_fr16_sub.pep.xml"
time="15:11:54" level=info msg="Parsing /scratch/negishi/afarzam/deepseq_fragger_2pass/MSV000086944_results_v3/second_pass_completeseq/LysN_CAD/LysN_CAD_2pass_results/GM12878_LysN_HCD/interact-20141202_alr_CompleteHumanProteome_GM12878_LysN_HCD_fr24_sub.pep.xml"
time="15:11:54" level=warning msg="No PSM was found in data set. /scratch/negishi/afarzam/deepseq_fragger_2pass/MSV000086944_results_v3/second_pass_completeseq/LysN_CAD/LysN_CAD_2pass_results/GM12878_LysN_HCD/interact-20141125_alr_CompleteHumanProteome_GM12878_LysN_HCD_fr12_sub.pep.xml"
time="15:11:54" level=info msg="Parsing /scratch/negishi/afarzam/deepseq_fragger_2pass/MSV000086944_results_v3/second_pass_completeseq/LysN_CAD/LysN_CAD_2pass_results/GM12878_LysN_HCD/interact-20141125_alr_CompleteHumanProteome_GM12878_LysN_HCD_fr10_sub.pep.xml"
time="15:11:54" level=info msg="Parsing /scratch/negishi/afarzam/deepseq_fragger_2pass/MSV000086944_results_v3/second_pass_completeseq/LysN_CAD/LysN_CAD_2pass_results/GM12878_LysN_HCD/interact-20141125_alr_CompleteHumanProteome_GM12878_LysN_HCD_fr15_sub.pep.xml"
time="15:11:54" level=info msg="Parsing /scratch/negishi/afarzam/deepseq_fragger_2pass/MSV000086944_results_v3/second_pass_completeseq/LysN_CAD/LysN_CAD_2pass_results/GM12878_LysN_HCD/interact-20141125_alr_CompleteHumanProteome_GM12878_LysN_HCD_fr11_sub.pep.xml"
time="15:11:54" level=info msg="Parsing /scratch/negishi/afarzam/deepseq_fragger_2pass/MSV000086944_results_v3/second_pass_completeseq/LysN_CAD/LysN_CAD_2pass_results/GM12878_LysN_HCD/interact-20141202_alr_CompleteHumanProteome_GM12878_LysN_HCD_fr25_sub.pep.xml"
time="15:11:54" level=info msg="Parsing /scratch/negishi/afarzam/deepseq_fragger_2pass/MSV000086944_results_v3/second_pass_completeseq/LysN_CAD/LysN_CAD_2pass_results/GM12878_LysN_HCD/interact-20141125_alr_CompleteHumanProteome_GM12878_LysN_HCD_fr14_sub.pep.xml"
time="15:11:54" level=info msg="Parsing /scratch/negishi/afarzam/deepseq_fragger_2pass/MSV000086944_results_v3/second_pass_completeseq/LysN_CAD/LysN_CAD_2pass_results/GM12878_LysN_HCD/interact-20141202_alr_CompleteHumanProteome_GM12878_LysN_HCD_fr28_sub.pep.xml"
time="15:11:54" level=info msg="Parsing /scratch/negishi/afarzam/deepseq_fragger_2pass/MSV000086944_results_v3/second_pass_completeseq/LysN_CAD/LysN_CAD_2pass_results/GM12878_LysN_HCD/interact-20141202_alr_CompleteHumanProteome_GM12878_LysN_HCD_fr34_sub.pep.xml"
time="15:11:54" level=info msg="Parsing /scratch/negishi/afarzam/deepseq_fragger_2pass/MSV000086944_results_v3/second_pass_completeseq/LysN_CAD/LysN_CAD_2pass_results/GM12878_LysN_HCD/interact-20141202_alr_CompleteHumanProteome_GM12878_LysN_HCD_fr31_sub.pep.xml"
time="15:11:54" level=info msg="Parsing /scratch/negishi/afarzam/deepseq_fragger_2pass/MSV000086944_results_v3/second_pass_completeseq/LysN_CAD/LysN_CAD_2pass_results/GM12878_LysN_HCD/interact-20141125_alr_CompleteHumanProteome_GM12878_LysN_HCD_fr19_sub.pep.xml"
time="15:11:54" level=warning msg="No PSM was found in data set. /scratch/negishi/afarzam/deepseq_fragger_2pass/MSV000086944_results_v3/second_pass_completeseq/LysN_CAD/LysN_CAD_2pass_results/GM12878_LysN_HCD/interact-20141125_alr_CompleteHumanProteome_GM12878_LysN_HCD_fr10_sub.pep.xml"
time="15:11:54" level=info msg="1+ Charge profile" decoy=0 target=0
time="15:11:54" level=info msg="2+ Charge profile" decoy=35 target=154
time="15:11:54" level=info msg="3+ Charge profile" decoy=31 target=148
time="15:11:54" level=info msg="4+ Charge profile" decoy=24 target=60
time="15:11:54" level=info msg="5+ Charge profile" decoy=17 target=37
time="15:11:54" level=info msg="6+ Charge profile" decoy=3 target=9
time="15:11:54" level=info msg="Database search results" ions=431 peptides=415 psms=518
time="15:11:54" level=info msg="Converged to 0.00 % FDR with 23 PSMs" decoy=0 threshold=0.970726 total=23
time="15:11:54" level=info msg="Converged to 0.00 % FDR with 14 Peptides" decoy=0 threshold=0.970726 total=14
time="15:11:54" level=info msg="Converged to 0.00 % FDR with 18 Ions" decoy=0 threshold=0.970726 total=18
time="15:11:54" level=info msg="Protein inference results" decoy=480 target=893
time="15:11:54" level=info msg="Converged to 0.00 % FDR with 28 Proteins" decoy=0 threshold=0.9698 total=28
time="15:11:54" level=info msg="Applying sequential FDR estimation" ions=18 peptides=14 psms=23
time="15:11:54" level=info msg="Converged to 0.00 % FDR with 22 PSMs" decoy=0 threshold=0.972232 total=22
time="15:11:54" level=info msg="Converged to 0.00 % FDR with 13 Peptides" decoy=0 threshold=0.972232 total=13
time="15:11:54" level=info msg="Converged to 0.00 % FDR with 17 Ions" decoy=0 threshold=0.972232 total=17
time="15:11:54" level=info msg="Post processing identifications"
time="15:11:54" level=info msg="Assigning protein identifications to layers"
time="15:11:55" level=info msg="Processing protein inference"
time="15:11:55" level=info msg="Synchronizing PSMs and proteins"
time="15:11:55" level=info msg="Final report numbers after FDR filtering, and post-processing" ions=17 peptides=13 proteins=11 psms=22
time="15:11:55" level=info msg=Saving
time="15:11:55" level=info msg=Done
