time="16:06:48" level=info msg="Executing Filter  v5.1.2"
time="16:06:48" level=info msg="Fetching protein inference from /scratch/negishi/afarzam/deepseq_fragger_2pass/MSV000086944_results_v3/second_pass_completeseq/LysC_CAD/LysC_CAD_2pass_results/GM12878_LysC_HCD"
time="16:06:48" level=info msg="Processing peptide identification files"
time="16:06:48" level=info msg="Parsing /scratch/negishi/afarzam/deepseq_fragger_2pass/MSV000086944_results_v3/second_pass_completeseq/LysC_CAD/LysC_CAD_2pass_results/hESC_LysC_HCD/interact-LysC_hES_20_sub.pep.xml"
time="16:06:48" level=info msg="Parsing /scratch/negishi/afarzam/deepseq_fragger_2pass/MSV000086944_results_v3/second_pass_completeseq/LysC_CAD/LysC_CAD_2pass_results/hESC_LysC_HCD/interact-LysC_hES_5_sub.pep.xml"
time="16:06:48" level=info msg="Parsing /scratch/negishi/afarzam/deepseq_fragger_2pass/MSV000086944_results_v3/second_pass_completeseq/LysC_CAD/LysC_CAD_2pass_results/hESC_LysC_HCD/interact-LysC_hES_9_sub.pep.xml"
time="16:06:48" level=info msg="Parsing /scratch/negishi/afarzam/deepseq_fragger_2pass/MSV000086944_results_v3/second_pass_completeseq/LysC_CAD/LysC_CAD_2pass_results/hESC_LysC_HCD/interact-LysC_hES_6_sub.pep.xml"
time="16:06:48" level=info msg="Parsing /scratch/negishi/afarzam/deepseq_fragger_2pass/MSV000086944_results_v3/second_pass_completeseq/LysC_CAD/LysC_CAD_2pass_results/hESC_LysC_HCD/interact-LysC_hES_2_sub.pep.xml"
time="16:06:48" level=info msg="Parsing /scratch/negishi/afarzam/deepseq_fragger_2pass/MSV000086944_results_v3/second_pass_completeseq/LysC_CAD/LysC_CAD_2pass_results/hESC_LysC_HCD/interact-LysC_hES_17_sub.pep.xml"
time="16:06:48" level=info msg="Parsing /scratch/negishi/afarzam/deepseq_fragger_2pass/MSV000086944_results_v3/second_pass_completeseq/LysC_CAD/LysC_CAD_2pass_results/hESC_LysC_HCD/interact-LysC_hES_4_sub.pep.xml"
time="16:06:48" level=info msg="Parsing /scratch/negishi/afarzam/deepseq_fragger_2pass/MSV000086944_results_v3/second_pass_completeseq/LysC_CAD/LysC_CAD_2pass_results/hESC_LysC_HCD/interact-LysC_hES_21_sub.pep.xml"
time="16:06:48" level=info msg="Parsing /scratch/negishi/afarzam/deepseq_fragger_2pass/MSV000086944_results_v3/second_pass_completeseq/LysC_CAD/LysC_CAD_2pass_results/hESC_LysC_HCD/interact-LysC_hES_19_sub.pep.xml"
time="16:06:48" level=info msg="Parsing /scratch/negishi/afarzam/deepseq_fragger_2pass/MSV000086944_results_v3/second_pass_completeseq/LysC_CAD/LysC_CAD_2pass_results/hESC_LysC_HCD/interact-LysC_hES_18_sub.pep.xml"
time="16:06:48" level=info msg="Parsing /scratch/negishi/afarzam/deepseq_fragger_2pass/MSV000086944_results_v3/second_pass_completeseq/LysC_CAD/LysC_CAD_2pass_results/hESC_LysC_HCD/interact-LysC_hES_15_sub.pep.xml"
time="16:06:48" level=info msg="Parsing /scratch/negishi/afarzam/deepseq_fragger_2pass/MSV000086944_results_v3/second_pass_completeseq/LysC_CAD/LysC_CAD_2pass_results/hESC_LysC_HCD/interact-LysC_hES_7_sub.pep.xml"
time="16:06:48" level=info msg="Parsing /scratch/negishi/afarzam/deepseq_fragger_2pass/MSV000086944_results_v3/second_pass_completeseq/LysC_CAD/LysC_CAD_2pass_results/hESC_LysC_HCD/interact-LysC_hES_1_leastIntense_sub.pep.xml"
time="16:06:48" level=warning msg="No PSM was found in data set. /scratch/negishi/afarzam/deepseq_fragger_2pass/MSV000086944_results_v3/second_pass_completeseq/LysC_CAD/LysC_CAD_2pass_results/hESC_LysC_HCD/interact-LysC_hES_9_sub.pep.xml"
time="16:06:48" level=info msg="Parsing /scratch/negishi/afarzam/deepseq_fragger_2pass/MSV000086944_results_v3/second_pass_completeseq/LysC_CAD/LysC_CAD_2pass_results/hESC_LysC_HCD/interact-LysC_hES_8_sub.pep.xml"
time="16:06:48" level=info msg="Parsing /scratch/negishi/afarzam/deepseq_fragger_2pass/MSV000086944_results_v3/second_pass_completeseq/LysC_CAD/LysC_CAD_2pass_results/hESC_LysC_HCD/interact-LysC_hES_22_sub.pep.xml"
time="16:06:48" level=info msg="Parsing /scratch/negishi/afarzam/deepseq_fragger_2pass/MSV000086944_results_v3/second_pass_completeseq/LysC_CAD/LysC_CAD_2pass_results/hESC_LysC_HCD/interact-LysC_hES_16_sub.pep.xml"
time="16:06:48" level=info msg="Parsing /scratch/negishi/afarzam/deepseq_fragger_2pass/MSV000086944_results_v3/second_pass_completeseq/LysC_CAD/LysC_CAD_2pass_results/hESC_LysC_HCD/interact-LysC_hES_24_sub.pep.xml"
time="16:06:48" level=info msg="Parsing /scratch/negishi/afarzam/deepseq_fragger_2pass/MSV000086944_results_v3/second_pass_completeseq/LysC_CAD/LysC_CAD_2pass_results/hESC_LysC_HCD/interact-LysC_hES_23_sub.pep.xml"
time="16:06:48" level=warning msg="No PSM was found in data set. /scratch/negishi/afarzam/deepseq_fragger_2pass/MSV000086944_results_v3/second_pass_completeseq/LysC_CAD/LysC_CAD_2pass_results/hESC_LysC_HCD/interact-LysC_hES_1_leastIntense_sub.pep.xml"
time="16:06:48" level=info msg="Parsing /scratch/negishi/afarzam/deepseq_fragger_2pass/MSV000086944_results_v3/second_pass_completeseq/LysC_CAD/LysC_CAD_2pass_results/hESC_LysC_HCD/interact-LysC_hES_3_sub.pep.xml"
time="16:06:48" level=warning msg="No PSM was found in data set. /scratch/negishi/afarzam/deepseq_fragger_2pass/MSV000086944_results_v3/second_pass_completeseq/LysC_CAD/LysC_CAD_2pass_results/hESC_LysC_HCD/interact-LysC_hES_21_sub.pep.xml"
time="16:06:48" level=info msg="Parsing /scratch/negishi/afarzam/deepseq_fragger_2pass/MSV000086944_results_v3/second_pass_completeseq/LysC_CAD/LysC_CAD_2pass_results/hESC_LysC_HCD/interact-LysC_hES_25_sub.pep.xml"
time="16:06:48" level=warning msg="No PSM was found in data set. /scratch/negishi/afarzam/deepseq_fragger_2pass/MSV000086944_results_v3/second_pass_completeseq/LysC_CAD/LysC_CAD_2pass_results/hESC_LysC_HCD/interact-LysC_hES_23_sub.pep.xml"
time="16:06:48" level=info msg="1+ Charge profile" decoy=0 target=0
time="16:06:48" level=info msg="2+ Charge profile" decoy=7 target=42
time="16:06:48" level=info msg="3+ Charge profile" decoy=14 target=61
time="16:06:48" level=info msg="4+ Charge profile" decoy=5 target=26
time="16:06:48" level=info msg="5+ Charge profile" decoy=10 target=23
time="16:06:48" level=info msg="6+ Charge profile" decoy=3 target=12
time="16:06:48" level=info msg="Database search results" ions=170 peptides=166 psms=203
time="16:06:48" level=info msg="Converged to 0.00 % FDR with 40 PSMs" decoy=0 threshold=0.85142 total=40
time="16:06:48" level=info msg="Converged to 0.00 % FDR with 32 Peptides" decoy=0 threshold=0.855125 total=32
time="16:06:48" level=info msg="Converged to 0.00 % FDR with 33 Ions" decoy=0 threshold=0.855125 total=33
time="16:06:48" level=info msg="Protein inference results" decoy=613 target=1047
time="16:06:48" level=info msg="Converged to 0.00 % FDR with 37 Proteins" decoy=0 threshold=0.9864 total=37
time="16:06:48" level=info msg="Applying sequential FDR estimation" ions=9 peptides=8 psms=12
time="16:06:48" level=info msg="Converged to 0.00 % FDR with 11 PSMs" decoy=0 threshold=0.910663 total=11
time="16:06:48" level=info msg="Converged to 0.00 % FDR with 7 Peptides" decoy=0 threshold=0.970522 total=7
time="16:06:48" level=info msg="Converged to 0.00 % FDR with 8 Ions" decoy=0 threshold=0.960028 total=8
time="16:06:48" level=info msg="Post processing identifications"
time="16:06:48" level=info msg="Assigning protein identifications to layers"
time="16:06:49" level=info msg="Processing protein inference"
time="16:06:49" level=info msg="Synchronizing PSMs and proteins"
time="16:06:49" level=info msg="Final report numbers after FDR filtering, and post-processing" ions=8 peptides=7 proteins=8 psms=11
time="16:06:49" level=info msg=Saving
time="16:06:49" level=info msg=Done
