time="03:23:12" level=info msg="Executing Filter  v5.1.2"
time="03:23:12" level=info msg="Fetching protein inference from /scratch/negishi/afarzam/deepseq_fragger_2pass/MSV000086944_results_v3/second_pass_completeseq/GluC_CAD/GluC_CAD_2pass_results/GM12878_GluC_CAD"
time="03:23:12" level=info msg="Processing peptide identification files"
time="03:23:12" level=info msg="Parsing /scratch/negishi/afarzam/deepseq_fragger_2pass/MSV000086944_results_v3/second_pass_completeseq/GluC_CAD/GluC_CAD_2pass_results/HepG2_GluC_HCD/interact-20151124_alr_CompleteHumanProteome_HepG2_HCD_GluC_fr9_sub.pep.xml"
time="03:23:12" level=info msg="Parsing /scratch/negishi/afarzam/deepseq_fragger_2pass/MSV000086944_results_v3/second_pass_completeseq/GluC_CAD/GluC_CAD_2pass_results/HepG2_GluC_HCD/interact-20151115_alr_CompleteHumanProteome_HepG2_GluC_HCD_fr5_sub.pep.xml"
time="03:23:12" level=info msg="Parsing /scratch/negishi/afarzam/deepseq_fragger_2pass/MSV000086944_results_v3/second_pass_completeseq/GluC_CAD/GluC_CAD_2pass_results/HepG2_GluC_HCD/interact-20151115_alr_CompleteHumanProteome_HepG2_GluC_HCD_fr7_sub.pep.xml"
time="03:23:12" level=info msg="Parsing /scratch/negishi/afarzam/deepseq_fragger_2pass/MSV000086944_results_v3/second_pass_completeseq/GluC_CAD/GluC_CAD_2pass_results/HepG2_GluC_HCD/interact-20151124_alr_CompleteHumanProteome_HepG2_HCD_GluC_fr22_sub.pep.xml"
time="03:23:12" level=info msg="Parsing /scratch/negishi/afarzam/deepseq_fragger_2pass/MSV000086944_results_v3/second_pass_completeseq/GluC_CAD/GluC_CAD_2pass_results/HepG2_GluC_HCD/interact-20151124_alr_CompleteHumanProteome_HepG2_HCD_GluC_fr18_sub.pep.xml"
time="03:23:12" level=info msg="Parsing /scratch/negishi/afarzam/deepseq_fragger_2pass/MSV000086944_results_v3/second_pass_completeseq/GluC_CAD/GluC_CAD_2pass_results/HepG2_GluC_HCD/interact-20151115_alr_CompleteHumanProteome_HepG2_GluC_HCD_fr8_sub.pep.xml"
time="03:23:12" level=info msg="Parsing /scratch/negishi/afarzam/deepseq_fragger_2pass/MSV000086944_results_v3/second_pass_completeseq/GluC_CAD/GluC_CAD_2pass_results/HepG2_GluC_HCD/interact-20151124_alr_CompleteHumanProteome_HepG2_HCD_GluC_fr11_sub.pep.xml"
time="03:23:12" level=info msg="Parsing /scratch/negishi/afarzam/deepseq_fragger_2pass/MSV000086944_results_v3/second_pass_completeseq/GluC_CAD/GluC_CAD_2pass_results/HepG2_GluC_HCD/interact-20151124_alr_CompleteHumanProteome_HepG2_HCD_GluC_fr12_sub.pep.xml"
time="03:23:12" level=info msg="Parsing /scratch/negishi/afarzam/deepseq_fragger_2pass/MSV000086944_results_v3/second_pass_completeseq/GluC_CAD/GluC_CAD_2pass_results/HepG2_GluC_HCD/interact-20151124_alr_CompleteHumanProteome_HepG2_HCD_GluC_fr1_sub.pep.xml"
time="03:23:12" level=info msg="Parsing /scratch/negishi/afarzam/deepseq_fragger_2pass/MSV000086944_results_v3/second_pass_completeseq/GluC_CAD/GluC_CAD_2pass_results/HepG2_GluC_HCD/interact-20151124_alr_CompleteHumanProteome_HepG2_HCD_GluC_fr3_sub.pep.xml"
time="03:23:12" level=info msg="Parsing /scratch/negishi/afarzam/deepseq_fragger_2pass/MSV000086944_results_v3/second_pass_completeseq/GluC_CAD/GluC_CAD_2pass_results/HepG2_GluC_HCD/interact-20151115_alr_CompleteHumanProteome_HepG2_GluC_HCD_fr14_sub.pep.xml"
time="03:23:12" level=info msg="Parsing /scratch/negishi/afarzam/deepseq_fragger_2pass/MSV000086944_results_v3/second_pass_completeseq/GluC_CAD/GluC_CAD_2pass_results/HepG2_GluC_HCD/interact-20151115_alr_CompleteHumanProteome_HepG2_GluC_HCD_fr3_sub.pep.xml"
time="03:23:12" level=info msg="Parsing /scratch/negishi/afarzam/deepseq_fragger_2pass/MSV000086944_results_v3/second_pass_completeseq/GluC_CAD/GluC_CAD_2pass_results/HepG2_GluC_HCD/interact-20151124_alr_CompleteHumanProteome_HepG2_HCD_GluC_fr29_sub.pep.xml"
time="03:23:12" level=info msg="Parsing /scratch/negishi/afarzam/deepseq_fragger_2pass/MSV000086944_results_v3/second_pass_completeseq/GluC_CAD/GluC_CAD_2pass_results/HepG2_GluC_HCD/interact-20151124_alr_CompleteHumanProteome_HepG2_HCD_GluC_fr31_sub.pep.xml"
time="03:23:12" level=info msg="Parsing /scratch/negishi/afarzam/deepseq_fragger_2pass/MSV000086944_results_v3/second_pass_completeseq/GluC_CAD/GluC_CAD_2pass_results/HepG2_GluC_HCD/interact-20151115_alr_CompleteHumanProteome_HepG2_GluC_HCD_fr10_sub.pep.xml"
time="03:23:12" level=info msg="Parsing /scratch/negishi/afarzam/deepseq_fragger_2pass/MSV000086944_results_v3/second_pass_completeseq/GluC_CAD/GluC_CAD_2pass_results/HepG2_GluC_HCD/interact-20151115_alr_CompleteHumanProteome_HepG2_GluC_HCD_fr13_sub.pep.xml"
time="03:23:12" level=info msg="Parsing /scratch/negishi/afarzam/deepseq_fragger_2pass/MSV000086944_results_v3/second_pass_completeseq/GluC_CAD/GluC_CAD_2pass_results/HepG2_GluC_HCD/interact-20151124_alr_CompleteHumanProteome_HepG2_HCD_GluC_fr10_sub.pep.xml"
time="03:23:12" level=info msg="Parsing /scratch/negishi/afarzam/deepseq_fragger_2pass/MSV000086944_results_v3/second_pass_completeseq/GluC_CAD/GluC_CAD_2pass_results/HepG2_GluC_HCD/interact-20151124_alr_CompleteHumanProteome_HepG2_HCD_GluC_fr25_sub.pep.xml"
time="03:23:12" level=info msg="Parsing /scratch/negishi/afarzam/deepseq_fragger_2pass/MSV000086944_results_v3/second_pass_completeseq/GluC_CAD/GluC_CAD_2pass_results/HepG2_GluC_HCD/interact-20151115_alr_CompleteHumanProteome_HepG2_GluC_HCD_fr12_sub.pep.xml"
time="03:23:12" level=info msg="Parsing /scratch/negishi/afarzam/deepseq_fragger_2pass/MSV000086944_results_v3/second_pass_completeseq/GluC_CAD/GluC_CAD_2pass_results/HepG2_GluC_HCD/interact-20151124_alr_CompleteHumanProteome_HepG2_HCD_GluC_fr26_sub.pep.xml"
time="03:23:12" level=info msg="Parsing /scratch/negishi/afarzam/deepseq_fragger_2pass/MSV000086944_results_v3/second_pass_completeseq/GluC_CAD/GluC_CAD_2pass_results/HepG2_GluC_HCD/interact-20151124_alr_CompleteHumanProteome_HepG2_HCD_GluC_fr13_sub.pep.xml"
time="03:23:12" level=info msg="Parsing /scratch/negishi/afarzam/deepseq_fragger_2pass/MSV000086944_results_v3/second_pass_completeseq/GluC_CAD/GluC_CAD_2pass_results/HepG2_GluC_HCD/interact-20151124_alr_CompleteHumanProteome_HepG2_HCD_GluC_fr19_sub.pep.xml"
time="03:23:12" level=info msg="Parsing /scratch/negishi/afarzam/deepseq_fragger_2pass/MSV000086944_results_v3/second_pass_completeseq/GluC_CAD/GluC_CAD_2pass_results/HepG2_GluC_HCD/interact-20151124_alr_CompleteHumanProteome_HepG2_HCD_GluC_fr6_sub.pep.xml"
time="03:23:12" level=info msg="Parsing /scratch/negishi/afarzam/deepseq_fragger_2pass/MSV000086944_results_v3/second_pass_completeseq/GluC_CAD/GluC_CAD_2pass_results/HepG2_GluC_HCD/interact-20151124_alr_CompleteHumanProteome_HepG2_HCD_GluC_fr27_sub.pep.xml"
time="03:23:12" level=info msg="Parsing /scratch/negishi/afarzam/deepseq_fragger_2pass/MSV000086944_results_v3/second_pass_completeseq/GluC_CAD/GluC_CAD_2pass_results/HepG2_GluC_HCD/interact-20151115_alr_CompleteHumanProteome_HepG2_GluC_HCD_fr4_sub.pep.xml"
time="03:23:12" level=info msg="Parsing /scratch/negishi/afarzam/deepseq_fragger_2pass/MSV000086944_results_v3/second_pass_completeseq/GluC_CAD/GluC_CAD_2pass_results/HepG2_GluC_HCD/interact-20151115_alr_CompleteHumanProteome_HepG2_GluC_HCD_fr1_sub.pep.xml"
time="03:23:12" level=info msg="Parsing /scratch/negishi/afarzam/deepseq_fragger_2pass/MSV000086944_results_v3/second_pass_completeseq/GluC_CAD/GluC_CAD_2pass_results/HepG2_GluC_HCD/interact-20151124_alr_CompleteHumanProteome_HepG2_HCD_GluC_fr2_sub.pep.xml"
time="03:23:12" level=info msg="Parsing /scratch/negishi/afarzam/deepseq_fragger_2pass/MSV000086944_results_v3/second_pass_completeseq/GluC_CAD/GluC_CAD_2pass_results/HepG2_GluC_HCD/interact-20151124_alr_CompleteHumanProteome_HepG2_HCD_GluC_fr30_sub.pep.xml"
time="03:23:12" level=info msg="Parsing /scratch/negishi/afarzam/deepseq_fragger_2pass/MSV000086944_results_v3/second_pass_completeseq/GluC_CAD/GluC_CAD_2pass_results/HepG2_GluC_HCD/interact-20151115_alr_CompleteHumanProteome_HepG2_GluC_HCD_fr9_sub.pep.xml"
time="03:23:12" level=info msg="Parsing /scratch/negishi/afarzam/deepseq_fragger_2pass/MSV000086944_results_v3/second_pass_completeseq/GluC_CAD/GluC_CAD_2pass_results/HepG2_GluC_HCD/interact-20151124_alr_CompleteHumanProteome_HepG2_HCD_GluC_fr4_sub.pep.xml"
time="03:23:12" level=info msg="Parsing /scratch/negishi/afarzam/deepseq_fragger_2pass/MSV000086944_results_v3/second_pass_completeseq/GluC_CAD/GluC_CAD_2pass_results/HepG2_GluC_HCD/interact-20151115_alr_CompleteHumanProteome_HepG2_GluC_HCD_fr6_sub.pep.xml"
time="03:23:12" level=info msg="Parsing /scratch/negishi/afarzam/deepseq_fragger_2pass/MSV000086944_results_v3/second_pass_completeseq/GluC_CAD/GluC_CAD_2pass_results/HepG2_GluC_HCD/interact-20151124_alr_CompleteHumanProteome_HepG2_HCD_GluC_fr23_sub.pep.xml"
time="03:23:12" level=info msg="Parsing /scratch/negishi/afarzam/deepseq_fragger_2pass/MSV000086944_results_v3/second_pass_completeseq/GluC_CAD/GluC_CAD_2pass_results/HepG2_GluC_HCD/interact-20151115_alr_CompleteHumanProteome_HepG2_GluC_HCD_fr11_sub.pep.xml"
time="03:23:12" level=info msg="Parsing /scratch/negishi/afarzam/deepseq_fragger_2pass/MSV000086944_results_v3/second_pass_completeseq/GluC_CAD/GluC_CAD_2pass_results/HepG2_GluC_HCD/interact-20151124_alr_CompleteHumanProteome_HepG2_HCD_GluC_fr28_sub.pep.xml"
time="03:23:12" level=info msg="Parsing /scratch/negishi/afarzam/deepseq_fragger_2pass/MSV000086944_results_v3/second_pass_completeseq/GluC_CAD/GluC_CAD_2pass_results/HepG2_GluC_HCD/interact-20151124_alr_CompleteHumanProteome_HepG2_HCD_GluC_fr24_sub.pep.xml"
time="03:23:12" level=info msg="Parsing /scratch/negishi/afarzam/deepseq_fragger_2pass/MSV000086944_results_v3/second_pass_completeseq/GluC_CAD/GluC_CAD_2pass_results/HepG2_GluC_HCD/interact-20151115_alr_CompleteHumanProteome_HepG2_GluC_HCD_fr2_sub.pep.xml"
time="03:23:12" level=info msg="Parsing /scratch/negishi/afarzam/deepseq_fragger_2pass/MSV000086944_results_v3/second_pass_completeseq/GluC_CAD/GluC_CAD_2pass_results/HepG2_GluC_HCD/interact-20151124_alr_CompleteHumanProteome_HepG2_HCD_GluC_fr5_sub.pep.xml"
time="03:23:12" level=warning msg="No PSM was found in data set. /scratch/negishi/afarzam/deepseq_fragger_2pass/MSV000086944_results_v3/second_pass_completeseq/GluC_CAD/GluC_CAD_2pass_results/HepG2_GluC_HCD/interact-20151115_alr_CompleteHumanProteome_HepG2_GluC_HCD_fr4_sub.pep.xml"
time="03:23:12" level=info msg="Parsing /scratch/negishi/afarzam/deepseq_fragger_2pass/MSV000086944_results_v3/second_pass_completeseq/GluC_CAD/GluC_CAD_2pass_results/HepG2_GluC_HCD/interact-20151124_alr_CompleteHumanProteome_HepG2_HCD_GluC_fr7_sub.pep.xml"
time="03:23:12" level=info msg="Parsing /scratch/negishi/afarzam/deepseq_fragger_2pass/MSV000086944_results_v3/second_pass_completeseq/GluC_CAD/GluC_CAD_2pass_results/HepG2_GluC_HCD/interact-20151124_alr_CompleteHumanProteome_HepG2_HCD_GluC_fr33_sub.pep.xml"
time="03:23:12" level=warning msg="No PSM was found in data set. /scratch/negishi/afarzam/deepseq_fragger_2pass/MSV000086944_results_v3/second_pass_completeseq/GluC_CAD/GluC_CAD_2pass_results/HepG2_GluC_HCD/interact-20151124_alr_CompleteHumanProteome_HepG2_HCD_GluC_fr33_sub.pep.xml"
time="03:23:12" level=info msg="Parsing /scratch/negishi/afarzam/deepseq_fragger_2pass/MSV000086944_results_v3/second_pass_completeseq/GluC_CAD/GluC_CAD_2pass_results/HepG2_GluC_HCD/interact-20151124_alr_CompleteHumanProteome_HepG2_HCD_GluC_fr32_sub.pep.xml"
time="03:23:12" level=info msg="Parsing /scratch/negishi/afarzam/deepseq_fragger_2pass/MSV000086944_results_v3/second_pass_completeseq/GluC_CAD/GluC_CAD_2pass_results/HepG2_GluC_HCD/interact-20151124_alr_CompleteHumanProteome_HepG2_HCD_GluC_fr8_sub.pep.xml"
time="03:23:12" level=info msg="Parsing /scratch/negishi/afarzam/deepseq_fragger_2pass/MSV000086944_results_v3/second_pass_completeseq/GluC_CAD/GluC_CAD_2pass_results/HepG2_GluC_HCD/interact-20151124_alr_CompleteHumanProteome_HepG2_HCD_GluC_fr15_sub.pep.xml"
time="03:23:12" level=info msg="Parsing /scratch/negishi/afarzam/deepseq_fragger_2pass/MSV000086944_results_v3/second_pass_completeseq/GluC_CAD/GluC_CAD_2pass_results/HepG2_GluC_HCD/interact-20151124_alr_CompleteHumanProteome_HepG2_HCD_GluC_fr14_sub.pep.xml"
time="03:23:12" level=info msg="Parsing /scratch/negishi/afarzam/deepseq_fragger_2pass/MSV000086944_results_v3/second_pass_completeseq/GluC_CAD/GluC_CAD_2pass_results/HepG2_GluC_HCD/interact-20151124_alr_CompleteHumanProteome_HepG2_HCD_GluC_fr20_sub.pep.xml"
time="03:23:12" level=info msg="Parsing /scratch/negishi/afarzam/deepseq_fragger_2pass/MSV000086944_results_v3/second_pass_completeseq/GluC_CAD/GluC_CAD_2pass_results/HepG2_GluC_HCD/interact-20151124_alr_CompleteHumanProteome_HepG2_HCD_GluC_fr16_sub.pep.xml"
time="03:23:12" level=info msg="Parsing /scratch/negishi/afarzam/deepseq_fragger_2pass/MSV000086944_results_v3/second_pass_completeseq/GluC_CAD/GluC_CAD_2pass_results/HepG2_GluC_HCD/interact-20151124_alr_CompleteHumanProteome_HepG2_HCD_GluC_fr34_sub.pep.xml"
time="03:23:12" level=info msg="Parsing /scratch/negishi/afarzam/deepseq_fragger_2pass/MSV000086944_results_v3/second_pass_completeseq/GluC_CAD/GluC_CAD_2pass_results/HepG2_GluC_HCD/interact-20151124_alr_CompleteHumanProteome_HepG2_HCD_GluC_fr35_sub.pep.xml"
time="03:23:12" level=info msg="Parsing /scratch/negishi/afarzam/deepseq_fragger_2pass/MSV000086944_results_v3/second_pass_completeseq/GluC_CAD/GluC_CAD_2pass_results/HepG2_GluC_HCD/interact-20151124_alr_CompleteHumanProteome_HepG2_HCD_GluC_fr21_sub.pep.xml"
time="03:23:12" level=warning msg="No PSM was found in data set. /scratch/negishi/afarzam/deepseq_fragger_2pass/MSV000086944_results_v3/second_pass_completeseq/GluC_CAD/GluC_CAD_2pass_results/HepG2_GluC_HCD/interact-20151124_alr_CompleteHumanProteome_HepG2_HCD_GluC_fr35_sub.pep.xml"
time="03:23:12" level=info msg="Parsing /scratch/negishi/afarzam/deepseq_fragger_2pass/MSV000086944_results_v3/second_pass_completeseq/GluC_CAD/GluC_CAD_2pass_results/HepG2_GluC_HCD/interact-20151124_alr_CompleteHumanProteome_HepG2_HCD_GluC_fr17_sub.pep.xml"
time="03:23:13" level=info msg="1+ Charge profile" decoy=0 target=0
time="03:23:13" level=info msg="2+ Charge profile" decoy=396 target=1438
time="03:23:13" level=info msg="3+ Charge profile" decoy=298 target=984
time="03:23:13" level=info msg="4+ Charge profile" decoy=142 target=424
time="03:23:13" level=info msg="5+ Charge profile" decoy=52 target=147
time="03:23:13" level=info msg="6+ Charge profile" decoy=25 target=56
time="03:23:13" level=info msg="Database search results" ions=2182 peptides=2030 psms=3980
time="03:23:13" level=info msg="Converged to 0.69 % FDR with 144 PSMs" decoy=1 threshold=0.928124 total=145
time="03:23:13" level=info msg="Converged to 0.00 % FDR with 38 Peptides" decoy=0 threshold=0.944651 total=38
time="03:23:13" level=info msg="Converged to 0.00 % FDR with 43 Ions" decoy=0 threshold=0.944609 total=43
time="03:23:13" level=info msg="Protein inference results" decoy=1100 target=1282
time="03:23:13" level=info msg="Converged to 0.00 % FDR with 28 Proteins" decoy=0 threshold=0.9684 total=28
time="03:23:13" level=info msg="Applying sequential FDR estimation" ions=37 peptides=31 psms=110
time="03:23:13" level=info msg="Converged to 0.00 % FDR with 109 PSMs" decoy=0 threshold=0.92825 total=109
time="03:23:13" level=info msg="Converged to 0.00 % FDR with 30 Peptides" decoy=0 threshold=0.931634 total=30
time="03:23:13" level=info msg="Converged to 0.00 % FDR with 36 Ions" decoy=0 threshold=0.931634 total=36
time="03:23:13" level=info msg="Post processing identifications"
time="03:23:13" level=info msg="Assigning protein identifications to layers"
time="03:23:13" level=info msg="Processing protein inference"
time="03:23:13" level=info msg="Synchronizing PSMs and proteins"
time="03:23:13" level=info msg="Final report numbers after FDR filtering, and post-processing" ions=36 peptides=30 proteins=20 psms=109
time="03:23:13" level=info msg=Saving
time="03:23:13" level=info msg=Done
