time="23:14:39" level=info msg="Executing Filter  v5.1.2"
time="23:14:39" level=info msg="Fetching protein inference from /scratch/negishi/afarzam/deepseq_fragger_2pass/MSV000086944_results_v3/second_pass_completeseq/AspN_ETD/AspN_ETD_2pass_results/GM12878_AspN_ETD"
time="23:14:44" level=info msg="Processing peptide identification files"
time="23:14:44" level=info msg="Parsing /scratch/negishi/afarzam/deepseq_fragger_2pass/MSV000086944_results_v3/second_pass_completeseq/AspN_ETD/AspN_ETD_2pass_results/HeLa_AspN_ETD/interact-20151028_alr_CompleteHumanProteome_HeLaS3_ETD_AspN_fr16_sub.pep.xml"
time="23:14:44" level=info msg="Parsing /scratch/negishi/afarzam/deepseq_fragger_2pass/MSV000086944_results_v3/second_pass_completeseq/AspN_ETD/AspN_ETD_2pass_results/HeLa_AspN_ETD/interact-20151028_alr_CompleteHumanProteome_HeLaS3_ETD_AspN_fr17_sub.pep.xml"
time="23:14:44" level=info msg="Parsing /scratch/negishi/afarzam/deepseq_fragger_2pass/MSV000086944_results_v3/second_pass_completeseq/AspN_ETD/AspN_ETD_2pass_results/HeLa_AspN_ETD/interact-20151028_alr_CompleteHumanProteome_HeLaS3_ETD_AspN_fr9_sub.pep.xml"
time="23:14:44" level=info msg="Parsing /scratch/negishi/afarzam/deepseq_fragger_2pass/MSV000086944_results_v3/second_pass_completeseq/AspN_ETD/AspN_ETD_2pass_results/HeLa_AspN_ETD/interact-20151028_alr_CompleteHumanProteome_HeLaS3_ETD_AspN_fr12_151030080157_sub.pep.xml"
time="23:14:44" level=info msg="Parsing /scratch/negishi/afarzam/deepseq_fragger_2pass/MSV000086944_results_v3/second_pass_completeseq/AspN_ETD/AspN_ETD_2pass_results/HeLa_AspN_ETD/interact-20151028_alr_CompleteHumanProteome_HeLaS3_ETD_AspN_fr14_sub.pep.xml"
time="23:14:44" level=info msg="Parsing /scratch/negishi/afarzam/deepseq_fragger_2pass/MSV000086944_results_v3/second_pass_completeseq/AspN_ETD/AspN_ETD_2pass_results/HeLa_AspN_ETD/interact-20151028_alr_CompleteHumanProteome_HeLaS3_ETD_AspN_fr10_sub.pep.xml"
time="23:14:44" level=info msg="Parsing /scratch/negishi/afarzam/deepseq_fragger_2pass/MSV000086944_results_v3/second_pass_completeseq/AspN_ETD/AspN_ETD_2pass_results/HeLa_AspN_ETD/interact-20151028_alr_CompleteHumanProteome_HeLaS3_ETD_AspN_fr13_sub.pep.xml"
time="23:14:44" level=info msg="Parsing /scratch/negishi/afarzam/deepseq_fragger_2pass/MSV000086944_results_v3/second_pass_completeseq/AspN_ETD/AspN_ETD_2pass_results/HeLa_AspN_ETD/interact-20151028_alr_CompleteHumanProteome_HeLaS3_ETD_AspN_fr15_sub.pep.xml"
time="23:14:44" level=info msg="Parsing /scratch/negishi/afarzam/deepseq_fragger_2pass/MSV000086944_results_v3/second_pass_completeseq/AspN_ETD/AspN_ETD_2pass_results/HeLa_AspN_ETD/interact-20151028_alr_CompleteHumanProteome_HeLaS3_ETD_AspN_fr2_sub.pep.xml"
time="23:14:44" level=info msg="Parsing /scratch/negishi/afarzam/deepseq_fragger_2pass/MSV000086944_results_v3/second_pass_completeseq/AspN_ETD/AspN_ETD_2pass_results/HeLa_AspN_ETD/interact-20151028_alr_CompleteHumanProteome_HeLaS3_ETD_AspN_fr3_sub.pep.xml"
time="23:14:44" level=info msg="Parsing /scratch/negishi/afarzam/deepseq_fragger_2pass/MSV000086944_results_v3/second_pass_completeseq/AspN_ETD/AspN_ETD_2pass_results/HeLa_AspN_ETD/interact-20151028_alr_CompleteHumanProteome_HeLaS3_ETD_AspN_fr26_sub.pep.xml"
time="23:14:44" level=info msg="Parsing /scratch/negishi/afarzam/deepseq_fragger_2pass/MSV000086944_results_v3/second_pass_completeseq/AspN_ETD/AspN_ETD_2pass_results/HeLa_AspN_ETD/interact-20151028_alr_CompleteHumanProteome_HeLaS3_ETD_AspN_fr23_sub.pep.xml"
time="23:14:44" level=info msg="Parsing /scratch/negishi/afarzam/deepseq_fragger_2pass/MSV000086944_results_v3/second_pass_completeseq/AspN_ETD/AspN_ETD_2pass_results/HeLa_AspN_ETD/interact-20151028_alr_CompleteHumanProteome_HeLaS3_ETD_AspN_fr27_sub.pep.xml"
time="23:14:44" level=info msg="Parsing /scratch/negishi/afarzam/deepseq_fragger_2pass/MSV000086944_results_v3/second_pass_completeseq/AspN_ETD/AspN_ETD_2pass_results/HeLa_AspN_ETD/interact-20151028_alr_CompleteHumanProteome_HeLaS3_ETD_AspN_fr24_sub.pep.xml"
time="23:14:44" level=info msg="Parsing /scratch/negishi/afarzam/deepseq_fragger_2pass/MSV000086944_results_v3/second_pass_completeseq/AspN_ETD/AspN_ETD_2pass_results/HeLa_AspN_ETD/interact-20151028_alr_CompleteHumanProteome_HeLaS3_ETD_AspN_fr18_sub.pep.xml"
time="23:14:44" level=info msg="Parsing /scratch/negishi/afarzam/deepseq_fragger_2pass/MSV000086944_results_v3/second_pass_completeseq/AspN_ETD/AspN_ETD_2pass_results/HeLa_AspN_ETD/interact-20151028_alr_CompleteHumanProteome_HeLaS3_ETD_AspN_fr32_sub.pep.xml"
time="23:14:44" level=info msg="Parsing /scratch/negishi/afarzam/deepseq_fragger_2pass/MSV000086944_results_v3/second_pass_completeseq/AspN_ETD/AspN_ETD_2pass_results/HeLa_AspN_ETD/interact-20151028_alr_CompleteHumanProteome_HeLaS3_ETD_AspN_fr31_sub.pep.xml"
time="23:14:44" level=info msg="Parsing /scratch/negishi/afarzam/deepseq_fragger_2pass/MSV000086944_results_v3/second_pass_completeseq/AspN_ETD/AspN_ETD_2pass_results/HeLa_AspN_ETD/interact-20151028_alr_CompleteHumanProteome_HeLaS3_ETD_AspN_fr5_151029175509_sub.pep.xml"
time="23:14:44" level=warning msg="No PSM was found in data set. /scratch/negishi/afarzam/deepseq_fragger_2pass/MSV000086944_results_v3/second_pass_completeseq/AspN_ETD/AspN_ETD_2pass_results/HeLa_AspN_ETD/interact-20151028_alr_CompleteHumanProteome_HeLaS3_ETD_AspN_fr15_sub.pep.xml"
time="23:14:44" level=info msg="Parsing /scratch/negishi/afarzam/deepseq_fragger_2pass/MSV000086944_results_v3/second_pass_completeseq/AspN_ETD/AspN_ETD_2pass_results/HeLa_AspN_ETD/interact-20151028_alr_CompleteHumanProteome_HeLaS3_ETD_AspN_fr28_sub.pep.xml"
time="23:14:44" level=info msg="Parsing /scratch/negishi/afarzam/deepseq_fragger_2pass/MSV000086944_results_v3/second_pass_completeseq/AspN_ETD/AspN_ETD_2pass_results/HeLa_AspN_ETD/interact-20151028_alr_CompleteHumanProteome_HeLaS3_ETD_AspN_fr29_sub.pep.xml"
time="23:14:44" level=info msg="Parsing /scratch/negishi/afarzam/deepseq_fragger_2pass/MSV000086944_results_v3/second_pass_completeseq/AspN_ETD/AspN_ETD_2pass_results/HeLa_AspN_ETD/interact-20151028_alr_CompleteHumanProteome_HeLaS3_ETD_AspN_fr4_151029162224_sub.pep.xml"
time="23:14:44" level=info msg="Parsing /scratch/negishi/afarzam/deepseq_fragger_2pass/MSV000086944_results_v3/second_pass_completeseq/AspN_ETD/AspN_ETD_2pass_results/HeLa_AspN_ETD/interact-20151028_alr_CompleteHumanProteome_HeLaS3_ETD_AspN_fr8_sub.pep.xml"
time="23:14:44" level=info msg="Parsing /scratch/negishi/afarzam/deepseq_fragger_2pass/MSV000086944_results_v3/second_pass_completeseq/AspN_ETD/AspN_ETD_2pass_results/HeLa_AspN_ETD/interact-20151028_alr_CompleteHumanProteome_HeLaS3_ETD_AspN_fr33_sub.pep.xml"
time="23:14:44" level=warning msg="No PSM was found in data set. /scratch/negishi/afarzam/deepseq_fragger_2pass/MSV000086944_results_v3/second_pass_completeseq/AspN_ETD/AspN_ETD_2pass_results/HeLa_AspN_ETD/interact-20151028_alr_CompleteHumanProteome_HeLaS3_ETD_AspN_fr2_sub.pep.xml"
time="23:14:44" level=info msg="Parsing /scratch/negishi/afarzam/deepseq_fragger_2pass/MSV000086944_results_v3/second_pass_completeseq/AspN_ETD/AspN_ETD_2pass_results/HeLa_AspN_ETD/interact-20151028_alr_CompleteHumanProteome_HeLaS3_ETD_AspN_fr35_sub.pep.xml"
time="23:14:44" level=info msg="Parsing /scratch/negishi/afarzam/deepseq_fragger_2pass/MSV000086944_results_v3/second_pass_completeseq/AspN_ETD/AspN_ETD_2pass_results/HeLa_AspN_ETD/interact-20151028_alr_CompleteHumanProteome_HeLaS3_ETD_AspN_fr20_sub.pep.xml"
time="23:14:44" level=info msg="Parsing /scratch/negishi/afarzam/deepseq_fragger_2pass/MSV000086944_results_v3/second_pass_completeseq/AspN_ETD/AspN_ETD_2pass_results/HeLa_AspN_ETD/interact-20151028_alr_CompleteHumanProteome_HeLaS3_ETD_AspN_fr25_sub.pep.xml"
time="23:14:44" level=info msg="Parsing /scratch/negishi/afarzam/deepseq_fragger_2pass/MSV000086944_results_v3/second_pass_completeseq/AspN_ETD/AspN_ETD_2pass_results/HeLa_AspN_ETD/interact-20151028_alr_CompleteHumanProteome_HeLaS3_ETD_AspN_fr30_sub.pep.xml"
time="23:14:44" level=info msg="Parsing /scratch/negishi/afarzam/deepseq_fragger_2pass/MSV000086944_results_v3/second_pass_completeseq/AspN_ETD/AspN_ETD_2pass_results/HeLa_AspN_ETD/interact-20151028_alr_CompleteHumanProteome_HeLaS3_ETD_AspN_fr19_sub.pep.xml"
time="23:14:44" level=info msg="Parsing /scratch/negishi/afarzam/deepseq_fragger_2pass/MSV000086944_results_v3/second_pass_completeseq/AspN_ETD/AspN_ETD_2pass_results/HeLa_AspN_ETD/interact-20151028_alr_CompleteHumanProteome_HeLaS3_ETD_AspN_fr11_sub.pep.xml"
time="23:14:44" level=info msg="Parsing /scratch/negishi/afarzam/deepseq_fragger_2pass/MSV000086944_results_v3/second_pass_completeseq/AspN_ETD/AspN_ETD_2pass_results/HeLa_AspN_ETD/interact-20151028_alr_CompleteHumanProteome_HeLaS3_ETD_AspN_fr21_sub.pep.xml"
time="23:14:44" level=info msg="Parsing /scratch/negishi/afarzam/deepseq_fragger_2pass/MSV000086944_results_v3/second_pass_completeseq/AspN_ETD/AspN_ETD_2pass_results/HeLa_AspN_ETD/interact-20151028_alr_CompleteHumanProteome_HeLaS3_ETD_AspN_fr7_sub.pep.xml"
time="23:14:44" level=warning msg="No PSM was found in data set. /scratch/negishi/afarzam/deepseq_fragger_2pass/MSV000086944_results_v3/second_pass_completeseq/AspN_ETD/AspN_ETD_2pass_results/HeLa_AspN_ETD/interact-20151028_alr_CompleteHumanProteome_HeLaS3_ETD_AspN_fr5_151029175509_sub.pep.xml"
time="23:14:44" level=info msg="Parsing /scratch/negishi/afarzam/deepseq_fragger_2pass/MSV000086944_results_v3/second_pass_completeseq/AspN_ETD/AspN_ETD_2pass_results/HeLa_AspN_ETD/interact-20151028_alr_CompleteHumanProteome_HeLaS3_ETD_AspN_fr6_sub.pep.xml"
time="23:14:44" level=info msg="Parsing /scratch/negishi/afarzam/deepseq_fragger_2pass/MSV000086944_results_v3/second_pass_completeseq/AspN_ETD/AspN_ETD_2pass_results/HeLa_AspN_ETD/interact-20151028_alr_CompleteHumanProteome_HeLaS3_ETD_AspN_fr22_sub.pep.xml"
time="23:14:44" level=warning msg="No PSM was found in data set. /scratch/negishi/afarzam/deepseq_fragger_2pass/MSV000086944_results_v3/second_pass_completeseq/AspN_ETD/AspN_ETD_2pass_results/HeLa_AspN_ETD/interact-20151028_alr_CompleteHumanProteome_HeLaS3_ETD_AspN_fr3_sub.pep.xml"
time="23:14:44" level=warning msg="No PSM was found in data set. /scratch/negishi/afarzam/deepseq_fragger_2pass/MSV000086944_results_v3/second_pass_completeseq/AspN_ETD/AspN_ETD_2pass_results/HeLa_AspN_ETD/interact-20151028_alr_CompleteHumanProteome_HeLaS3_ETD_AspN_fr4_151029162224_sub.pep.xml"
time="23:14:44" level=info msg="Parsing /scratch/negishi/afarzam/deepseq_fragger_2pass/MSV000086944_results_v3/second_pass_completeseq/AspN_ETD/AspN_ETD_2pass_results/HeLa_AspN_ETD/interact-20151028_alr_CompleteHumanProteome_HeLaS3_ETD_AspN_fr34_sub.pep.xml"
time="23:14:44" level=info msg="Parsing /scratch/negishi/afarzam/deepseq_fragger_2pass/MSV000086944_results_v3/second_pass_completeseq/AspN_ETD/AspN_ETD_2pass_results/HeLa_AspN_ETD/interact-20151028_alr_CompleteHumanProteome_HeLaS3_ETD_AspN_fr1_sub.pep.xml"
time="23:14:44" level=warning msg="No PSM was found in data set. /scratch/negishi/afarzam/deepseq_fragger_2pass/MSV000086944_results_v3/second_pass_completeseq/AspN_ETD/AspN_ETD_2pass_results/HeLa_AspN_ETD/interact-20151028_alr_CompleteHumanProteome_HeLaS3_ETD_AspN_fr29_sub.pep.xml"
time="23:14:44" level=info msg="Parsing /scratch/negishi/afarzam/deepseq_fragger_2pass/MSV000086944_results_v3/second_pass_completeseq/AspN_ETD/AspN_ETD_2pass_results/HeLa_AspN_ETD/interact-20151028_alr_CompleteHumanProteome_HeLaS3_ETD_AspN_fr4_sub.pep.xml"
time="23:14:44" level=warning msg="No PSM was found in data set. /scratch/negishi/afarzam/deepseq_fragger_2pass/MSV000086944_results_v3/second_pass_completeseq/AspN_ETD/AspN_ETD_2pass_results/HeLa_AspN_ETD/interact-20151028_alr_CompleteHumanProteome_HeLaS3_ETD_AspN_fr30_sub.pep.xml"
time="23:14:44" level=warning msg="No PSM was found in data set. /scratch/negishi/afarzam/deepseq_fragger_2pass/MSV000086944_results_v3/second_pass_completeseq/AspN_ETD/AspN_ETD_2pass_results/HeLa_AspN_ETD/interact-20151028_alr_CompleteHumanProteome_HeLaS3_ETD_AspN_fr1_sub.pep.xml"
time="23:14:44" level=warning msg="No PSM was found in data set. /scratch/negishi/afarzam/deepseq_fragger_2pass/MSV000086944_results_v3/second_pass_completeseq/AspN_ETD/AspN_ETD_2pass_results/HeLa_AspN_ETD/interact-20151028_alr_CompleteHumanProteome_HeLaS3_ETD_AspN_fr4_sub.pep.xml"
time="23:14:44" level=warning msg="No PSM was found in data set. /scratch/negishi/afarzam/deepseq_fragger_2pass/MSV000086944_results_v3/second_pass_completeseq/AspN_ETD/AspN_ETD_2pass_results/HeLa_AspN_ETD/interact-20151028_alr_CompleteHumanProteome_HeLaS3_ETD_AspN_fr34_sub.pep.xml"
time="23:14:44" level=warning msg="No PSM was found in data set. /scratch/negishi/afarzam/deepseq_fragger_2pass/MSV000086944_results_v3/second_pass_completeseq/AspN_ETD/AspN_ETD_2pass_results/HeLa_AspN_ETD/interact-20151028_alr_CompleteHumanProteome_HeLaS3_ETD_AspN_fr18_sub.pep.xml"
time="23:14:44" level=warning msg="No PSM was found in data set. /scratch/negishi/afarzam/deepseq_fragger_2pass/MSV000086944_results_v3/second_pass_completeseq/AspN_ETD/AspN_ETD_2pass_results/HeLa_AspN_ETD/interact-20151028_alr_CompleteHumanProteome_HeLaS3_ETD_AspN_fr25_sub.pep.xml"
time="23:14:44" level=warning msg="No PSM was found in data set. /scratch/negishi/afarzam/deepseq_fragger_2pass/MSV000086944_results_v3/second_pass_completeseq/AspN_ETD/AspN_ETD_2pass_results/HeLa_AspN_ETD/interact-20151028_alr_CompleteHumanProteome_HeLaS3_ETD_AspN_fr27_sub.pep.xml"
time="23:14:44" level=warning msg="No PSM was found in data set. /scratch/negishi/afarzam/deepseq_fragger_2pass/MSV000086944_results_v3/second_pass_completeseq/AspN_ETD/AspN_ETD_2pass_results/HeLa_AspN_ETD/interact-20151028_alr_CompleteHumanProteome_HeLaS3_ETD_AspN_fr6_sub.pep.xml"
time="23:14:45" level=info msg="1+ Charge profile" decoy=0 target=0
time="23:14:45" level=info msg="2+ Charge profile" decoy=24 target=66
time="23:14:45" level=info msg="3+ Charge profile" decoy=7 target=25
time="23:14:45" level=info msg="4+ Charge profile" decoy=13 target=21
time="23:14:45" level=info msg="5+ Charge profile" decoy=9 target=6
time="23:14:45" level=info msg="6+ Charge profile" decoy=2 target=10
time="23:14:45" level=info msg="Database search results" ions=167 peptides=161 psms=183
time="23:14:45" level=info msg="Converged to 0.00 % FDR with 8 PSMs" decoy=0 threshold=0.806867 total=8
time="23:14:45" level=info msg="Converged to 0.00 % FDR with 7 Peptides" decoy=0 threshold=0.806867 total=7
time="23:14:45" level=info msg="Converged to 0.00 % FDR with 8 Ions" decoy=0 threshold=0.806867 total=8
time="23:14:45" level=info msg="Protein inference results" decoy=353 target=637
time="23:14:45" level=info msg="Converged to 0.00 % FDR with 35 Proteins" decoy=0 threshold=0.8697 total=35
time="23:14:45" level=info msg="Applying sequential FDR estimation" ions=5 peptides=4 psms=5
time="23:14:45" level=info msg="Converged to 0.00 % FDR with 4 PSMs" decoy=0 threshold=0.927909 total=4
time="23:14:45" level=info msg="Converged to 0.00 % FDR with 3 Peptides" decoy=0 threshold=0.927909 total=3
time="23:14:45" level=info msg="Converged to 0.00 % FDR with 4 Ions" decoy=0 threshold=0.927909 total=4
time="23:14:45" level=info msg="Post processing identifications"
time="23:14:45" level=info msg="Assigning protein identifications to layers"
time="23:14:45" level=info msg="Processing protein inference"
time="23:14:46" level=info msg="Synchronizing PSMs and proteins"
time="23:14:46" level=info msg="Final report numbers after FDR filtering, and post-processing" ions=4 peptides=3 proteins=3 psms=4
time="23:14:46" level=info msg=Saving
time="23:14:47" level=info msg=Done
