time="06:12:55" level=info msg="Executing Filter  v5.1.2"
time="06:12:55" level=info msg="Processing peptide identification files"
time="06:12:55" level=info msg="Parsing /scratch/negishi/afarzam/deepseq_fragger_2pass/MSV000086944_results_v3/second_pass_completeseq/Chymo_CAD/Chymo_CAD_2pass_results/GM12878_Chymo_CAD/interact-20151015_alr_CompleteHumanProteome_GM12878_chymotrypsin_CAD_fr13_sub.pep.xml"
time="06:12:55" level=info msg="Parsing /scratch/negishi/afarzam/deepseq_fragger_2pass/MSV000086944_results_v3/second_pass_completeseq/Chymo_CAD/Chymo_CAD_2pass_results/GM12878_Chymo_CAD/interact-20151015_alr_CompleteHumanProteome_GM12878_chymotrypsin_CAD_fr15_sub.pep.xml"
time="06:12:55" level=info msg="Parsing /scratch/negishi/afarzam/deepseq_fragger_2pass/MSV000086944_results_v3/second_pass_completeseq/Chymo_CAD/Chymo_CAD_2pass_results/GM12878_Chymo_CAD/interact-20151015_alr_CompleteHumanProteome_GM12878_chymotrypsin_CAD_fr4_151016140009_sub.pep.xml"
time="06:12:55" level=info msg="Parsing /scratch/negishi/afarzam/deepseq_fragger_2pass/MSV000086944_results_v3/second_pass_completeseq/Chymo_CAD/Chymo_CAD_2pass_results/GM12878_Chymo_CAD/interact-20151015_alr_CompleteHumanProteome_GM12878_chymotrypsin_CAD_fr35_sub.pep.xml"
time="06:12:55" level=info msg="Parsing /scratch/negishi/afarzam/deepseq_fragger_2pass/MSV000086944_results_v3/second_pass_completeseq/Chymo_CAD/Chymo_CAD_2pass_results/GM12878_Chymo_CAD/interact-20151015_alr_CompleteHumanProteome_GM12878_chymotrypsin_CAD_fr27_sub.pep.xml"
time="06:12:55" level=info msg="Parsing /scratch/negishi/afarzam/deepseq_fragger_2pass/MSV000086944_results_v3/second_pass_completeseq/Chymo_CAD/Chymo_CAD_2pass_results/GM12878_Chymo_CAD/interact-20151015_alr_CompleteHumanProteome_GM12878_chymotrypsin_CAD_fr14_sub.pep.xml"
time="06:12:55" level=info msg="Parsing /scratch/negishi/afarzam/deepseq_fragger_2pass/MSV000086944_results_v3/second_pass_completeseq/Chymo_CAD/Chymo_CAD_2pass_results/GM12878_Chymo_CAD/interact-20151015_alr_CompleteHumanProteome_GM12878_chymotrypsin_CAD_fr11_sub.pep.xml"
time="06:12:55" level=info msg="Parsing /scratch/negishi/afarzam/deepseq_fragger_2pass/MSV000086944_results_v3/second_pass_completeseq/Chymo_CAD/Chymo_CAD_2pass_results/GM12878_Chymo_CAD/interact-20151015_alr_CompleteHumanProteome_GM12878_chymotrypsin_CAD_fr9_sub.pep.xml"
time="06:12:55" level=info msg="Parsing /scratch/negishi/afarzam/deepseq_fragger_2pass/MSV000086944_results_v3/second_pass_completeseq/Chymo_CAD/Chymo_CAD_2pass_results/GM12878_Chymo_CAD/interact-20151015_alr_CompleteHumanProteome_GM12878_chymotrypsin_CAD_fr34_sub.pep.xml"
time="06:12:55" level=info msg="Parsing /scratch/negishi/afarzam/deepseq_fragger_2pass/MSV000086944_results_v3/second_pass_completeseq/Chymo_CAD/Chymo_CAD_2pass_results/GM12878_Chymo_CAD/interact-20151015_alr_CompleteHumanProteome_GM12878_chymotrypsin_CAD_fr26_sub.pep.xml"
time="06:12:55" level=info msg="Parsing /scratch/negishi/afarzam/deepseq_fragger_2pass/MSV000086944_results_v3/second_pass_completeseq/Chymo_CAD/Chymo_CAD_2pass_results/GM12878_Chymo_CAD/interact-20151015_alr_CompleteHumanProteome_GM12878_chymotrypsin_CAD_fr5_151016153254_sub.pep.xml"
time="06:12:55" level=info msg="Parsing /scratch/negishi/afarzam/deepseq_fragger_2pass/MSV000086944_results_v3/second_pass_completeseq/Chymo_CAD/Chymo_CAD_2pass_results/GM12878_Chymo_CAD/interact-20151015_alr_CompleteHumanProteome_GM12878_chymotrypsin_CAD_fr3_151016122547_sub.pep.xml"
time="06:12:55" level=info msg="Parsing /scratch/negishi/afarzam/deepseq_fragger_2pass/MSV000086944_results_v3/second_pass_completeseq/Chymo_CAD/Chymo_CAD_2pass_results/GM12878_Chymo_CAD/interact-20151015_alr_CompleteHumanProteome_GM12878_chymotrypsin_CAD_fr10_sub.pep.xml"
time="06:12:55" level=info msg="Parsing /scratch/negishi/afarzam/deepseq_fragger_2pass/MSV000086944_results_v3/second_pass_completeseq/Chymo_CAD/Chymo_CAD_2pass_results/GM12878_Chymo_CAD/interact-20151015_alr_CompleteHumanProteome_GM12878_chymotrypsin_CAD_fr32_sub.pep.xml"
time="06:12:55" level=info msg="Parsing /scratch/negishi/afarzam/deepseq_fragger_2pass/MSV000086944_results_v3/second_pass_completeseq/Chymo_CAD/Chymo_CAD_2pass_results/GM12878_Chymo_CAD/interact-20151015_alr_CompleteHumanProteome_GM12878_chymotrypsin_CAD_fr18_sub.pep.xml"
time="06:12:55" level=info msg="Parsing /scratch/negishi/afarzam/deepseq_fragger_2pass/MSV000086944_results_v3/second_pass_completeseq/Chymo_CAD/Chymo_CAD_2pass_results/GM12878_Chymo_CAD/interact-20151015_alr_CompleteHumanProteome_GM12878_chymotrypsin_CAD_fr17_sub.pep.xml"
time="06:12:55" level=info msg="Parsing /scratch/negishi/afarzam/deepseq_fragger_2pass/MSV000086944_results_v3/second_pass_completeseq/Chymo_CAD/Chymo_CAD_2pass_results/GM12878_Chymo_CAD/interact-20151015_alr_CompleteHumanProteome_GM12878_chymotrypsin_CAD_fr7_sub.pep.xml"
time="06:12:55" level=info msg="Parsing /scratch/negishi/afarzam/deepseq_fragger_2pass/MSV000086944_results_v3/second_pass_completeseq/Chymo_CAD/Chymo_CAD_2pass_results/GM12878_Chymo_CAD/interact-20151015_alr_CompleteHumanProteome_GM12878_chymotrypsin_CAD_fr28_sub.pep.xml"
time="06:12:55" level=info msg="Parsing /scratch/negishi/afarzam/deepseq_fragger_2pass/MSV000086944_results_v3/second_pass_completeseq/Chymo_CAD/Chymo_CAD_2pass_results/GM12878_Chymo_CAD/interact-20151015_alr_CompleteHumanProteome_GM12878_chymotrypsin_CAD_fr12_sub.pep.xml"
time="06:12:55" level=info msg="Parsing /scratch/negishi/afarzam/deepseq_fragger_2pass/MSV000086944_results_v3/second_pass_completeseq/Chymo_CAD/Chymo_CAD_2pass_results/GM12878_Chymo_CAD/interact-20151015_alr_CompleteHumanProteome_GM12878_chymotrypsin_CAD_fr21_sub.pep.xml"
time="06:12:55" level=info msg="Parsing /scratch/negishi/afarzam/deepseq_fragger_2pass/MSV000086944_results_v3/second_pass_completeseq/Chymo_CAD/Chymo_CAD_2pass_results/GM12878_Chymo_CAD/interact-20151015_alr_CompleteHumanProteome_GM12878_chymotrypsin_CAD_fr19_sub.pep.xml"
time="06:12:55" level=warning msg="No PSM was found in data set. /scratch/negishi/afarzam/deepseq_fragger_2pass/MSV000086944_results_v3/second_pass_completeseq/Chymo_CAD/Chymo_CAD_2pass_results/GM12878_Chymo_CAD/interact-20151015_alr_CompleteHumanProteome_GM12878_chymotrypsin_CAD_fr4_151016140009_sub.pep.xml"
time="06:12:55" level=info msg="Parsing /scratch/negishi/afarzam/deepseq_fragger_2pass/MSV000086944_results_v3/second_pass_completeseq/Chymo_CAD/Chymo_CAD_2pass_results/GM12878_Chymo_CAD/interact-20151015_alr_CompleteHumanProteome_GM12878_chymotrypsin_CAD_fr29_sub.pep.xml"
time="06:12:55" level=warning msg="No PSM was found in data set. /scratch/negishi/afarzam/deepseq_fragger_2pass/MSV000086944_results_v3/second_pass_completeseq/Chymo_CAD/Chymo_CAD_2pass_results/GM12878_Chymo_CAD/interact-20151015_alr_CompleteHumanProteome_GM12878_chymotrypsin_CAD_fr17_sub.pep.xml"
time="06:12:55" level=info msg="Parsing /scratch/negishi/afarzam/deepseq_fragger_2pass/MSV000086944_results_v3/second_pass_completeseq/Chymo_CAD/Chymo_CAD_2pass_results/GM12878_Chymo_CAD/interact-20151015_alr_CompleteHumanProteome_GM12878_chymotrypsin_CAD_fr22_sub.pep.xml"
time="06:12:55" level=info msg="Parsing /scratch/negishi/afarzam/deepseq_fragger_2pass/MSV000086944_results_v3/second_pass_completeseq/Chymo_CAD/Chymo_CAD_2pass_results/GM12878_Chymo_CAD/interact-20151015_alr_CompleteHumanProteome_GM12878_chymotrypsin_CAD_fr6_sub.pep.xml"
time="06:12:55" level=info msg="Parsing /scratch/negishi/afarzam/deepseq_fragger_2pass/MSV000086944_results_v3/second_pass_completeseq/Chymo_CAD/Chymo_CAD_2pass_results/GM12878_Chymo_CAD/interact-20151015_alr_CompleteHumanProteome_GM12878_chymotrypsin_CAD_fr25_sub.pep.xml"
time="06:12:55" level=info msg="Parsing /scratch/negishi/afarzam/deepseq_fragger_2pass/MSV000086944_results_v3/second_pass_completeseq/Chymo_CAD/Chymo_CAD_2pass_results/GM12878_Chymo_CAD/interact-20151015_alr_CompleteHumanProteome_GM12878_chymotrypsin_CAD_fr24_sub.pep.xml"
time="06:12:55" level=info msg="Parsing /scratch/negishi/afarzam/deepseq_fragger_2pass/MSV000086944_results_v3/second_pass_completeseq/Chymo_CAD/Chymo_CAD_2pass_results/GM12878_Chymo_CAD/interact-20151015_alr_CompleteHumanProteome_GM12878_chymotrypsin_CAD_fr33_sub.pep.xml"
time="06:12:55" level=warning msg="No PSM was found in data set. /scratch/negishi/afarzam/deepseq_fragger_2pass/MSV000086944_results_v3/second_pass_completeseq/Chymo_CAD/Chymo_CAD_2pass_results/GM12878_Chymo_CAD/interact-20151015_alr_CompleteHumanProteome_GM12878_chymotrypsin_CAD_fr3_151016122547_sub.pep.xml"
time="06:12:55" level=info msg="Parsing /scratch/negishi/afarzam/deepseq_fragger_2pass/MSV000086944_results_v3/second_pass_completeseq/Chymo_CAD/Chymo_CAD_2pass_results/GM12878_Chymo_CAD/interact-20151015_alr_CompleteHumanProteome_GM12878_chymotrypsin_CAD_fr31_sub.pep.xml"
time="06:12:55" level=info msg="Parsing /scratch/negishi/afarzam/deepseq_fragger_2pass/MSV000086944_results_v3/second_pass_completeseq/Chymo_CAD/Chymo_CAD_2pass_results/GM12878_Chymo_CAD/interact-20151015_alr_CompleteHumanProteome_GM12878_chymotrypsin_CAD_fr16_sub.pep.xml"
time="06:12:55" level=info msg="Parsing /scratch/negishi/afarzam/deepseq_fragger_2pass/MSV000086944_results_v3/second_pass_completeseq/Chymo_CAD/Chymo_CAD_2pass_results/GM12878_Chymo_CAD/interact-20151015_alr_CompleteHumanProteome_GM12878_chymotrypsin_CAD_fr1_sub.pep.xml"
time="06:12:55" level=info msg="Parsing /scratch/negishi/afarzam/deepseq_fragger_2pass/MSV000086944_results_v3/second_pass_completeseq/Chymo_CAD/Chymo_CAD_2pass_results/GM12878_Chymo_CAD/interact-20151015_alr_CompleteHumanProteome_GM12878_chymotrypsin_CAD_fr30_sub.pep.xml"
time="06:12:55" level=warning msg="No PSM was found in data set. /scratch/negishi/afarzam/deepseq_fragger_2pass/MSV000086944_results_v3/second_pass_completeseq/Chymo_CAD/Chymo_CAD_2pass_results/GM12878_Chymo_CAD/interact-20151015_alr_CompleteHumanProteome_GM12878_chymotrypsin_CAD_fr33_sub.pep.xml"
time="06:12:55" level=info msg="Parsing /scratch/negishi/afarzam/deepseq_fragger_2pass/MSV000086944_results_v3/second_pass_completeseq/Chymo_CAD/Chymo_CAD_2pass_results/GM12878_Chymo_CAD/interact-20151015_alr_CompleteHumanProteome_GM12878_chymotrypsin_CAD_fr8_sub.pep.xml"
time="06:12:55" level=info msg="Parsing /scratch/negishi/afarzam/deepseq_fragger_2pass/MSV000086944_results_v3/second_pass_completeseq/Chymo_CAD/Chymo_CAD_2pass_results/GM12878_Chymo_CAD/interact-20151015_alr_CompleteHumanProteome_GM12878_chymotrypsin_CAD_fr20_sub.pep.xml"
time="06:12:55" level=info msg="Parsing /scratch/negishi/afarzam/deepseq_fragger_2pass/MSV000086944_results_v3/second_pass_completeseq/Chymo_CAD/Chymo_CAD_2pass_results/GM12878_Chymo_CAD/interact-20151015_alr_CompleteHumanProteome_GM12878_chymotrypsin_CAD_fr23_sub.pep.xml"
time="06:12:55" level=info msg="Parsing /scratch/negishi/afarzam/deepseq_fragger_2pass/MSV000086944_results_v3/second_pass_completeseq/Chymo_CAD/Chymo_CAD_2pass_results/GM12878_Chymo_CAD/interact-20151015_alr_CompleteHumanProteome_GM12878_chymotrypsin_CAD_fr2_sub.pep.xml"
time="06:12:55" level=warning msg="No PSM was found in data set. /scratch/negishi/afarzam/deepseq_fragger_2pass/MSV000086944_results_v3/second_pass_completeseq/Chymo_CAD/Chymo_CAD_2pass_results/GM12878_Chymo_CAD/interact-20151015_alr_CompleteHumanProteome_GM12878_chymotrypsin_CAD_fr2_sub.pep.xml"
time="06:12:55" level=warning msg="No PSM was found in data set. /scratch/negishi/afarzam/deepseq_fragger_2pass/MSV000086944_results_v3/second_pass_completeseq/Chymo_CAD/Chymo_CAD_2pass_results/GM12878_Chymo_CAD/interact-20151015_alr_CompleteHumanProteome_GM12878_chymotrypsin_CAD_fr8_sub.pep.xml"
time="06:12:55" level=warning msg="No PSM was found in data set. /scratch/negishi/afarzam/deepseq_fragger_2pass/MSV000086944_results_v3/second_pass_completeseq/Chymo_CAD/Chymo_CAD_2pass_results/GM12878_Chymo_CAD/interact-20151015_alr_CompleteHumanProteome_GM12878_chymotrypsin_CAD_fr1_sub.pep.xml"
time="06:12:57" level=info msg="1+ Charge profile" decoy=0 target=0
time="06:12:57" level=info msg="2+ Charge profile" decoy=34 target=161
time="06:12:57" level=info msg="3+ Charge profile" decoy=18 target=98
time="06:12:57" level=info msg="4+ Charge profile" decoy=12 target=23
time="06:12:57" level=info msg="5+ Charge profile" decoy=1 target=4
time="06:12:57" level=info msg="6+ Charge profile" decoy=4 target=2
time="06:12:57" level=info msg="Database search results" ions=247 peptides=229 psms=366
time="06:12:57" level=info msg="Converged to 0.00 % FDR with 16 PSMs" decoy=0 threshold=0.973644 total=16
time="06:12:57" level=info msg="Converged to 0.00 % FDR with 6 Peptides" decoy=0 threshold=0.976446 total=6
time="06:12:57" level=info msg="Converged to 0.00 % FDR with 9 Ions" decoy=0 threshold=0.976446 total=9
time="06:12:57" level=info msg="Protein inference results" decoy=2149 target=3254
time="06:12:57" level=info msg="Converged to 0.00 % FDR with 50 Proteins" decoy=1 threshold=0.9943 total=51
time="06:12:57" level=info msg="Applying sequential FDR estimation" ions=9 peptides=6 psms=16
time="06:12:57" level=info msg="Converged to 0.00 % FDR with 15 PSMs" decoy=0 threshold=0.976446 total=15
time="06:12:57" level=info msg="Converged to 0.00 % FDR with 5 Peptides" decoy=0 threshold=0.986566 total=5
time="06:12:57" level=info msg="Converged to 0.00 % FDR with 8 Ions" decoy=0 threshold=0.986566 total=8
time="06:12:57" level=info msg="Post processing identifications"
time="06:12:57" level=info msg="Assigning protein identifications to layers"
time="06:12:57" level=info msg="Processing protein inference"
time="06:12:58" level=info msg="Synchronizing PSMs and proteins"
time="06:12:58" level=info msg="Final report numbers after FDR filtering, and post-processing" ions=8 peptides=5 proteins=5 psms=15
time="06:12:58" level=info msg=Saving
time="06:12:58" level=info msg=Done
