time="16:06:40" level=info msg="Executing Filter  v5.1.2"
time="16:06:40" level=info msg="Processing peptide identification files"
time="16:06:40" level=info msg="Parsing /scratch/negishi/afarzam/deepseq_fragger_2pass/MSV000086944_results_v3/second_pass_completeseq/LysC_CAD/LysC_CAD_2pass_results/GM12878_LysC_HCD/interact-20141029_alr_CompleteHumanProteome_GM12878_LysC_HCD_fr17_141031155246_sub.pep.xml"
time="16:06:40" level=info msg="Parsing /scratch/negishi/afarzam/deepseq_fragger_2pass/MSV000086944_results_v3/second_pass_completeseq/LysC_CAD/LysC_CAD_2pass_results/GM12878_LysC_HCD/interact-GM12878_LysC_33_sub.pep.xml"
time="16:06:40" level=info msg="Parsing /scratch/negishi/afarzam/deepseq_fragger_2pass/MSV000086944_results_v3/second_pass_completeseq/LysC_CAD/LysC_CAD_2pass_results/GM12878_LysC_HCD/interact-20141019_alr_CompleteHumanProteome_GM12878_HCD_LysC_fr12_sub.pep.xml"
time="16:06:40" level=info msg="Parsing /scratch/negishi/afarzam/deepseq_fragger_2pass/MSV000086944_results_v3/second_pass_completeseq/LysC_CAD/LysC_CAD_2pass_results/GM12878_LysC_HCD/interact-20141019_alr_CompleteHumanProteome_GM12878_HCD_LysC_fr8_sub.pep.xml"
time="16:06:40" level=info msg="Parsing /scratch/negishi/afarzam/deepseq_fragger_2pass/MSV000086944_results_v3/second_pass_completeseq/LysC_CAD/LysC_CAD_2pass_results/GM12878_LysC_HCD/interact-20150104_alr_CompleteHumanProteome_GM12878_HCD_LysC_fr6_sub.pep.xml"
time="16:06:40" level=info msg="Parsing /scratch/negishi/afarzam/deepseq_fragger_2pass/MSV000086944_results_v3/second_pass_completeseq/LysC_CAD/LysC_CAD_2pass_results/GM12878_LysC_HCD/interact-20150104_alr_CompleteHumanProteome_GM12878_HCD_LysC_fr5_sub.pep.xml"
time="16:06:40" level=info msg="Parsing /scratch/negishi/afarzam/deepseq_fragger_2pass/MSV000086944_results_v3/second_pass_completeseq/LysC_CAD/LysC_CAD_2pass_results/GM12878_LysC_HCD/interact-20141029_alr_CompleteHumanProteome_GM12878_LysC_HCD_fr11_sub.pep.xml"
time="16:06:40" level=info msg="Parsing /scratch/negishi/afarzam/deepseq_fragger_2pass/MSV000086944_results_v3/second_pass_completeseq/LysC_CAD/LysC_CAD_2pass_results/GM12878_LysC_HCD/interact-20141029_alr_CompleteHumanProteome_GM12878_LysC_HCD_fr10_sub.pep.xml"
time="16:06:40" level=info msg="Parsing /scratch/negishi/afarzam/deepseq_fragger_2pass/MSV000086944_results_v3/second_pass_completeseq/LysC_CAD/LysC_CAD_2pass_results/GM12878_LysC_HCD/interact-20141029_alr_CompleteHumanProteome_GM12878_LysC_HCD_fr14_sub.pep.xml"
time="16:06:40" level=info msg="Parsing /scratch/negishi/afarzam/deepseq_fragger_2pass/MSV000086944_results_v3/second_pass_completeseq/LysC_CAD/LysC_CAD_2pass_results/GM12878_LysC_HCD/interact-GM12878_LysC_28_sub.pep.xml"
time="16:06:40" level=info msg="Parsing /scratch/negishi/afarzam/deepseq_fragger_2pass/MSV000086944_results_v3/second_pass_completeseq/LysC_CAD/LysC_CAD_2pass_results/GM12878_LysC_HCD/interact-20141029_alr_CompleteHumanProteome_GM12878_LysC_HCD_fr9_sub.pep.xml"
time="16:06:40" level=info msg="Parsing /scratch/negishi/afarzam/deepseq_fragger_2pass/MSV000086944_results_v3/second_pass_completeseq/LysC_CAD/LysC_CAD_2pass_results/GM12878_LysC_HCD/interact-20141019_alr_CompleteHumanProteome_GM12878_HCD_LysC_fr6_sub.pep.xml"
time="16:06:40" level=info msg="Parsing /scratch/negishi/afarzam/deepseq_fragger_2pass/MSV000086944_results_v3/second_pass_completeseq/LysC_CAD/LysC_CAD_2pass_results/GM12878_LysC_HCD/interact-GM12878_LysC_25_sub.pep.xml"
time="16:06:40" level=info msg="Parsing /scratch/negishi/afarzam/deepseq_fragger_2pass/MSV000086944_results_v3/second_pass_completeseq/LysC_CAD/LysC_CAD_2pass_results/GM12878_LysC_HCD/interact-20141029_alr_CompleteHumanProteome_GM12878_LysC_HCD_fr15_sub.pep.xml"
time="16:06:40" level=info msg="Parsing /scratch/negishi/afarzam/deepseq_fragger_2pass/MSV000086944_results_v3/second_pass_completeseq/LysC_CAD/LysC_CAD_2pass_results/GM12878_LysC_HCD/interact-20150104_alr_CompleteHumanProteome_GM12878_HCD_LysC_fr16_sub.pep.xml"
time="16:06:40" level=info msg="Parsing /scratch/negishi/afarzam/deepseq_fragger_2pass/MSV000086944_results_v3/second_pass_completeseq/LysC_CAD/LysC_CAD_2pass_results/GM12878_LysC_HCD/interact-GM12878_LysC_20_sub.pep.xml"
time="16:06:40" level=info msg="Parsing /scratch/negishi/afarzam/deepseq_fragger_2pass/MSV000086944_results_v3/second_pass_completeseq/LysC_CAD/LysC_CAD_2pass_results/GM12878_LysC_HCD/interact-20141029_alr_CompleteHumanProteome_GM12878_LysC_HCD_fr2_sub.pep.xml"
time="16:06:40" level=info msg="Parsing /scratch/negishi/afarzam/deepseq_fragger_2pass/MSV000086944_results_v3/second_pass_completeseq/LysC_CAD/LysC_CAD_2pass_results/GM12878_LysC_HCD/interact-20141019_alr_CompleteHumanProteome_GM12878_HCD_LysC_fr7_sub.pep.xml"
time="16:06:40" level=info msg="Parsing /scratch/negishi/afarzam/deepseq_fragger_2pass/MSV000086944_results_v3/second_pass_completeseq/LysC_CAD/LysC_CAD_2pass_results/GM12878_LysC_HCD/interact-20150104_alr_CompleteHumanProteome_GM12878_HCD_LysC_fr1_sub.pep.xml"
time="16:06:40" level=info msg="Parsing /scratch/negishi/afarzam/deepseq_fragger_2pass/MSV000086944_results_v3/second_pass_completeseq/LysC_CAD/LysC_CAD_2pass_results/GM12878_LysC_HCD/interact-20141029_alr_CompleteHumanProteome_GM12878_LysC_HCD_fr24_sub.pep.xml"
time="16:06:40" level=info msg="Parsing /scratch/negishi/afarzam/deepseq_fragger_2pass/MSV000086944_results_v3/second_pass_completeseq/LysC_CAD/LysC_CAD_2pass_results/GM12878_LysC_HCD/interact-20141029_alr_CompleteHumanProteome_GM12878_LysC_HCD_fr3_sub.pep.xml"
time="16:06:40" level=info msg="Parsing /scratch/negishi/afarzam/deepseq_fragger_2pass/MSV000086944_results_v3/second_pass_completeseq/LysC_CAD/LysC_CAD_2pass_results/GM12878_LysC_HCD/interact-GM12878_LysC_23_sub.pep.xml"
time="16:06:40" level=info msg="Parsing /scratch/negishi/afarzam/deepseq_fragger_2pass/MSV000086944_results_v3/second_pass_completeseq/LysC_CAD/LysC_CAD_2pass_results/GM12878_LysC_HCD/interact-GM12878_LysC_31_sub.pep.xml"
time="16:06:40" level=info msg="Parsing /scratch/negishi/afarzam/deepseq_fragger_2pass/MSV000086944_results_v3/second_pass_completeseq/LysC_CAD/LysC_CAD_2pass_results/GM12878_LysC_HCD/interact-GM12878_LysC_22_sub.pep.xml"
time="16:06:40" level=info msg="Parsing /scratch/negishi/afarzam/deepseq_fragger_2pass/MSV000086944_results_v3/second_pass_completeseq/LysC_CAD/LysC_CAD_2pass_results/GM12878_LysC_HCD/interact-20150104_alr_CompleteHumanProteome_GM12878_HCD_LysC_fr26_sub.pep.xml"
time="16:06:40" level=info msg="Parsing /scratch/negishi/afarzam/deepseq_fragger_2pass/MSV000086944_results_v3/second_pass_completeseq/LysC_CAD/LysC_CAD_2pass_results/GM12878_LysC_HCD/interact-GM12878_LysC_26_sub.pep.xml"
time="16:06:40" level=info msg="Parsing /scratch/negishi/afarzam/deepseq_fragger_2pass/MSV000086944_results_v3/second_pass_completeseq/LysC_CAD/LysC_CAD_2pass_results/GM12878_LysC_HCD/interact-20150104_alr_CompleteHumanProteome_GM12878_HCD_LysC_fr2_sub.pep.xml"
time="16:06:40" level=info msg="Parsing /scratch/negishi/afarzam/deepseq_fragger_2pass/MSV000086944_results_v3/second_pass_completeseq/LysC_CAD/LysC_CAD_2pass_results/GM12878_LysC_HCD/interact-GM12878_LysC_31_140927170153_sub.pep.xml"
time="16:06:40" level=info msg="Parsing /scratch/negishi/afarzam/deepseq_fragger_2pass/MSV000086944_results_v3/second_pass_completeseq/LysC_CAD/LysC_CAD_2pass_results/GM12878_LysC_HCD/interact-20150104_alr_CompleteHumanProteome_GM12878_HCD_LysC_fr35_sub.pep.xml"
time="16:06:40" level=info msg="Parsing /scratch/negishi/afarzam/deepseq_fragger_2pass/MSV000086944_results_v3/second_pass_completeseq/LysC_CAD/LysC_CAD_2pass_results/GM12878_LysC_HCD/interact-GM12878_LysC_30_sub.pep.xml"
time="16:06:40" level=info msg="Parsing /scratch/negishi/afarzam/deepseq_fragger_2pass/MSV000086944_results_v3/second_pass_completeseq/LysC_CAD/LysC_CAD_2pass_results/GM12878_LysC_HCD/interact-20141019_alr_CompleteHumanProteome_GM12878_HCD_LysC_fr13_sub.pep.xml"
time="16:06:40" level=info msg="Parsing /scratch/negishi/afarzam/deepseq_fragger_2pass/MSV000086944_results_v3/second_pass_completeseq/LysC_CAD/LysC_CAD_2pass_results/GM12878_LysC_HCD/interact-20141029_alr_CompleteHumanProteome_GM12878_LysC_HCD_fr1_sub.pep.xml"
time="16:06:40" level=info msg="Parsing /scratch/negishi/afarzam/deepseq_fragger_2pass/MSV000086944_results_v3/second_pass_completeseq/LysC_CAD/LysC_CAD_2pass_results/GM12878_LysC_HCD/interact-GM12878_LysC_27_sub.pep.xml"
time="16:06:40" level=info msg="Parsing /scratch/negishi/afarzam/deepseq_fragger_2pass/MSV000086944_results_v3/second_pass_completeseq/LysC_CAD/LysC_CAD_2pass_results/GM12878_LysC_HCD/interact-20150104_alr_CompleteHumanProteome_GM12878_HCD_LysC_fr34_sub.pep.xml"
time="16:06:40" level=info msg="Parsing /scratch/negishi/afarzam/deepseq_fragger_2pass/MSV000086944_results_v3/second_pass_completeseq/LysC_CAD/LysC_CAD_2pass_results/GM12878_LysC_HCD/interact-GM12878_LysC_28_2_sub.pep.xml"
time="16:06:40" level=info msg="Parsing /scratch/negishi/afarzam/deepseq_fragger_2pass/MSV000086944_results_v3/second_pass_completeseq/LysC_CAD/LysC_CAD_2pass_results/GM12878_LysC_HCD/interact-GM12878_LysC_29_sub.pep.xml"
time="16:06:40" level=warning msg="No PSM was found in data set. /scratch/negishi/afarzam/deepseq_fragger_2pass/MSV000086944_results_v3/second_pass_completeseq/LysC_CAD/LysC_CAD_2pass_results/GM12878_LysC_HCD/interact-20150104_alr_CompleteHumanProteome_GM12878_HCD_LysC_fr26_sub.pep.xml"
time="16:06:40" level=info msg="Parsing /scratch/negishi/afarzam/deepseq_fragger_2pass/MSV000086944_results_v3/second_pass_completeseq/LysC_CAD/LysC_CAD_2pass_results/GM12878_LysC_HCD/interact-GM12878_LysC_30_140927151016_sub.pep.xml"
time="16:06:40" level=warning msg="No PSM was found in data set. /scratch/negishi/afarzam/deepseq_fragger_2pass/MSV000086944_results_v3/second_pass_completeseq/LysC_CAD/LysC_CAD_2pass_results/GM12878_LysC_HCD/interact-GM12878_LysC_30_sub.pep.xml"
time="16:06:40" level=info msg="Parsing /scratch/negishi/afarzam/deepseq_fragger_2pass/MSV000086944_results_v3/second_pass_completeseq/LysC_CAD/LysC_CAD_2pass_results/GM12878_LysC_HCD/interact-GM12878_LysC_29_140927131842_sub.pep.xml"
time="16:06:40" level=info msg="Parsing /scratch/negishi/afarzam/deepseq_fragger_2pass/MSV000086944_results_v3/second_pass_completeseq/LysC_CAD/LysC_CAD_2pass_results/GM12878_LysC_HCD/interact-20150104_alr_CompleteHumanProteome_GM12878_HCD_LysC_fr3_sub.pep.xml"
time="16:06:40" level=info msg="Parsing /scratch/negishi/afarzam/deepseq_fragger_2pass/MSV000086944_results_v3/second_pass_completeseq/LysC_CAD/LysC_CAD_2pass_results/GM12878_LysC_HCD/interact-20150104_alr_CompleteHumanProteome_GM12878_HCD_LysC_fr4_sub.pep.xml"
time="16:06:40" level=info msg="Parsing /scratch/negishi/afarzam/deepseq_fragger_2pass/MSV000086944_results_v3/second_pass_completeseq/LysC_CAD/LysC_CAD_2pass_results/GM12878_LysC_HCD/interact-GM12878_LysC_32_sub.pep.xml"
time="16:06:40" level=info msg="Parsing /scratch/negishi/afarzam/deepseq_fragger_2pass/MSV000086944_results_v3/second_pass_completeseq/LysC_CAD/LysC_CAD_2pass_results/GM12878_LysC_HCD/interact-20141029_alr_CompleteHumanProteome_GM12878_LysC_HCD_fr19_sub.pep.xml"
time="16:06:40" level=info msg="Parsing /scratch/negishi/afarzam/deepseq_fragger_2pass/MSV000086944_results_v3/second_pass_completeseq/LysC_CAD/LysC_CAD_2pass_results/GM12878_LysC_HCD/interact-20141029_alr_CompleteHumanProteome_GM12878_LysC_HCD_fr18_sub.pep.xml"
time="16:06:40" level=info msg="Parsing /scratch/negishi/afarzam/deepseq_fragger_2pass/MSV000086944_results_v3/second_pass_completeseq/LysC_CAD/LysC_CAD_2pass_results/GM12878_LysC_HCD/interact-20141029_alr_CompleteHumanProteome_GM12878_LysC_HCD_fr21_sub.pep.xml"
time="16:06:40" level=warning msg="No PSM was found in data set. /scratch/negishi/afarzam/deepseq_fragger_2pass/MSV000086944_results_v3/second_pass_completeseq/LysC_CAD/LysC_CAD_2pass_results/GM12878_LysC_HCD/interact-GM12878_LysC_30_140927151016_sub.pep.xml"
time="16:06:40" level=warning msg="No PSM was found in data set. /scratch/negishi/afarzam/deepseq_fragger_2pass/MSV000086944_results_v3/second_pass_completeseq/LysC_CAD/LysC_CAD_2pass_results/GM12878_LysC_HCD/interact-GM12878_LysC_29_sub.pep.xml"
time="16:06:40" level=info msg="1+ Charge profile" decoy=0 target=0
time="16:06:40" level=info msg="2+ Charge profile" decoy=55 target=240
time="16:06:40" level=info msg="3+ Charge profile" decoy=45 target=235
time="16:06:40" level=info msg="4+ Charge profile" decoy=19 target=98
time="16:06:40" level=info msg="5+ Charge profile" decoy=16 target=53
time="16:06:40" level=info msg="6+ Charge profile" decoy=5 target=27
time="16:06:40" level=info msg="Database search results" ions=600 peptides=563 psms=795
time="16:06:40" level=info msg="Converged to 0.00 % FDR with 52 PSMs" decoy=0 threshold=0.968507 total=52
time="16:06:40" level=info msg="Converged to 0.00 % FDR with 21 Peptides" decoy=0 threshold=0.968507 total=21
time="16:06:40" level=info msg="Converged to 0.00 % FDR with 26 Ions" decoy=0 threshold=0.968507 total=26
time="16:06:40" level=info msg="Protein inference results" decoy=613 target=1047
time="16:06:41" level=info msg="Converged to 0.00 % FDR with 37 Proteins" decoy=0 threshold=0.9864 total=37
time="16:06:41" level=info msg="Applying sequential FDR estimation" ions=23 peptides=18 psms=49
time="16:06:41" level=info msg="Converged to 0.00 % FDR with 48 PSMs" decoy=0 threshold=0.968531 total=48
time="16:06:41" level=info msg="Converged to 0.00 % FDR with 17 Peptides" decoy=0 threshold=0.971605 total=17
time="16:06:41" level=info msg="Converged to 0.00 % FDR with 22 Ions" decoy=0 threshold=0.971605 total=22
time="16:06:41" level=info msg="Post processing identifications"
time="16:06:41" level=info msg="Assigning protein identifications to layers"
time="16:06:41" level=info msg="Processing protein inference"
time="16:06:41" level=info msg="Synchronizing PSMs and proteins"
time="16:06:41" level=info msg="Final report numbers after FDR filtering, and post-processing" ions=22 peptides=17 proteins=17 psms=48
time="16:06:41" level=info msg=Saving
time="16:06:41" level=info msg=Done
