time="06:13:14" level=info msg="Executing Filter  v5.1.2"
time="06:13:14" level=info msg="Fetching protein inference from /scratch/negishi/afarzam/deepseq_fragger_2pass/MSV000086944_results_v3/second_pass_completeseq/Chymo_CAD/Chymo_CAD_2pass_results/GM12878_Chymo_CAD"
time="06:13:14" level=info msg="Processing peptide identification files"
time="06:13:14" level=info msg="Parsing /scratch/negishi/afarzam/deepseq_fragger_2pass/MSV000086944_results_v3/second_pass_completeseq/Chymo_CAD/Chymo_CAD_2pass_results/HepG2_Chymo_CAD/interact-20151118_alr_CompleteHumanProteome_HepG2_CAD_chymo_fr13_sub.pep.xml"
time="06:13:14" level=info msg="Parsing /scratch/negishi/afarzam/deepseq_fragger_2pass/MSV000086944_results_v3/second_pass_completeseq/Chymo_CAD/Chymo_CAD_2pass_results/HepG2_Chymo_CAD/interact-20151118_alr_CompleteHumanProteome_HepG2_CAD_chymo_fr18_sub.pep.xml"
time="06:13:14" level=info msg="Parsing /scratch/negishi/afarzam/deepseq_fragger_2pass/MSV000086944_results_v3/second_pass_completeseq/Chymo_CAD/Chymo_CAD_2pass_results/HepG2_Chymo_CAD/interact-20151118_alr_CompleteHumanProteome_HepG2_CAD_chymo_fr16_sub.pep.xml"
time="06:13:14" level=info msg="Parsing /scratch/negishi/afarzam/deepseq_fragger_2pass/MSV000086944_results_v3/second_pass_completeseq/Chymo_CAD/Chymo_CAD_2pass_results/HepG2_Chymo_CAD/interact-20151118_alr_CompleteHumanProteome_HepG2_CAD_chymo_fr22_sub.pep.xml"
time="06:13:14" level=info msg="Parsing /scratch/negishi/afarzam/deepseq_fragger_2pass/MSV000086944_results_v3/second_pass_completeseq/Chymo_CAD/Chymo_CAD_2pass_results/HepG2_Chymo_CAD/interact-20151118_alr_CompleteHumanProteome_HepG2_CAD_chymo_fr11_sub.pep.xml"
time="06:13:14" level=info msg="Parsing /scratch/negishi/afarzam/deepseq_fragger_2pass/MSV000086944_results_v3/second_pass_completeseq/Chymo_CAD/Chymo_CAD_2pass_results/HepG2_Chymo_CAD/interact-20151118_alr_CompleteHumanProteome_HepG2_CAD_chymo_fr29_sub.pep.xml"
time="06:13:14" level=info msg="Parsing /scratch/negishi/afarzam/deepseq_fragger_2pass/MSV000086944_results_v3/second_pass_completeseq/Chymo_CAD/Chymo_CAD_2pass_results/HepG2_Chymo_CAD/interact-20151118_alr_CompleteHumanProteome_HepG2_CAD_chymo_fr26_sub.pep.xml"
time="06:13:14" level=info msg="Parsing /scratch/negishi/afarzam/deepseq_fragger_2pass/MSV000086944_results_v3/second_pass_completeseq/Chymo_CAD/Chymo_CAD_2pass_results/HepG2_Chymo_CAD/interact-20151118_alr_CompleteHumanProteome_HepG2_CAD_chymo_fr9_sub.pep.xml"
time="06:13:14" level=info msg="Parsing /scratch/negishi/afarzam/deepseq_fragger_2pass/MSV000086944_results_v3/second_pass_completeseq/Chymo_CAD/Chymo_CAD_2pass_results/HepG2_Chymo_CAD/interact-20151118_alr_CompleteHumanProteome_HepG2_CAD_chymo_fr19_sub.pep.xml"
time="06:13:14" level=info msg="Parsing /scratch/negishi/afarzam/deepseq_fragger_2pass/MSV000086944_results_v3/second_pass_completeseq/Chymo_CAD/Chymo_CAD_2pass_results/HepG2_Chymo_CAD/interact-20151118_alr_CompleteHumanProteome_HepG2_CAD_chymo_fr15_sub.pep.xml"
time="06:13:14" level=info msg="Parsing /scratch/negishi/afarzam/deepseq_fragger_2pass/MSV000086944_results_v3/second_pass_completeseq/Chymo_CAD/Chymo_CAD_2pass_results/HepG2_Chymo_CAD/interact-20151118_alr_CompleteHumanProteome_HepG2_CAD_chymo_fr25_sub.pep.xml"
time="06:13:14" level=info msg="Parsing /scratch/negishi/afarzam/deepseq_fragger_2pass/MSV000086944_results_v3/second_pass_completeseq/Chymo_CAD/Chymo_CAD_2pass_results/HepG2_Chymo_CAD/interact-20151118_alr_CompleteHumanProteome_HepG2_CAD_chymo_fr1_sub.pep.xml"
time="06:13:14" level=info msg="Parsing /scratch/negishi/afarzam/deepseq_fragger_2pass/MSV000086944_results_v3/second_pass_completeseq/Chymo_CAD/Chymo_CAD_2pass_results/HepG2_Chymo_CAD/interact-20151118_alr_CompleteHumanProteome_HepG2_CAD_chymo_fr10_sub.pep.xml"
time="06:13:14" level=info msg="Parsing /scratch/negishi/afarzam/deepseq_fragger_2pass/MSV000086944_results_v3/second_pass_completeseq/Chymo_CAD/Chymo_CAD_2pass_results/HepG2_Chymo_CAD/interact-20151118_alr_CompleteHumanProteome_HepG2_CAD_chymo_fr34_sub.pep.xml"
time="06:13:14" level=info msg="Parsing /scratch/negishi/afarzam/deepseq_fragger_2pass/MSV000086944_results_v3/second_pass_completeseq/Chymo_CAD/Chymo_CAD_2pass_results/HepG2_Chymo_CAD/interact-20151118_alr_CompleteHumanProteome_HepG2_CAD_chymo_fr5_sub.pep.xml"
time="06:13:14" level=info msg="Parsing /scratch/negishi/afarzam/deepseq_fragger_2pass/MSV000086944_results_v3/second_pass_completeseq/Chymo_CAD/Chymo_CAD_2pass_results/HepG2_Chymo_CAD/interact-20151118_alr_CompleteHumanProteome_HepG2_CAD_chymo_fr20_sub.pep.xml"
time="06:13:14" level=warning msg="No PSM was found in data set. /scratch/negishi/afarzam/deepseq_fragger_2pass/MSV000086944_results_v3/second_pass_completeseq/Chymo_CAD/Chymo_CAD_2pass_results/HepG2_Chymo_CAD/interact-20151118_alr_CompleteHumanProteome_HepG2_CAD_chymo_fr22_sub.pep.xml"
time="06:13:14" level=info msg="Parsing /scratch/negishi/afarzam/deepseq_fragger_2pass/MSV000086944_results_v3/second_pass_completeseq/Chymo_CAD/Chymo_CAD_2pass_results/HepG2_Chymo_CAD/interact-20151118_alr_CompleteHumanProteome_HepG2_CAD_chymo_fr30_sub.pep.xml"
time="06:13:14" level=info msg="Parsing /scratch/negishi/afarzam/deepseq_fragger_2pass/MSV000086944_results_v3/second_pass_completeseq/Chymo_CAD/Chymo_CAD_2pass_results/HepG2_Chymo_CAD/interact-20151118_alr_CompleteHumanProteome_HepG2_CAD_chymo_fr32_sub.pep.xml"
time="06:13:14" level=info msg="Parsing /scratch/negishi/afarzam/deepseq_fragger_2pass/MSV000086944_results_v3/second_pass_completeseq/Chymo_CAD/Chymo_CAD_2pass_results/HepG2_Chymo_CAD/interact-20151118_alr_CompleteHumanProteome_HepG2_CAD_chymo_fr6_sub.pep.xml"
time="06:13:14" level=info msg="Parsing /scratch/negishi/afarzam/deepseq_fragger_2pass/MSV000086944_results_v3/second_pass_completeseq/Chymo_CAD/Chymo_CAD_2pass_results/HepG2_Chymo_CAD/interact-20151118_alr_CompleteHumanProteome_HepG2_CAD_chymo_fr7_sub.pep.xml"
time="06:13:14" level=info msg="Parsing /scratch/negishi/afarzam/deepseq_fragger_2pass/MSV000086944_results_v3/second_pass_completeseq/Chymo_CAD/Chymo_CAD_2pass_results/HepG2_Chymo_CAD/interact-20151118_alr_CompleteHumanProteome_HepG2_CAD_chymo_fr23_sub.pep.xml"
time="06:13:14" level=info msg="Parsing /scratch/negishi/afarzam/deepseq_fragger_2pass/MSV000086944_results_v3/second_pass_completeseq/Chymo_CAD/Chymo_CAD_2pass_results/HepG2_Chymo_CAD/interact-20151118_alr_CompleteHumanProteome_HepG2_CAD_chymo_fr14_sub.pep.xml"
time="06:13:14" level=warning msg="No PSM was found in data set. /scratch/negishi/afarzam/deepseq_fragger_2pass/MSV000086944_results_v3/second_pass_completeseq/Chymo_CAD/Chymo_CAD_2pass_results/HepG2_Chymo_CAD/interact-20151118_alr_CompleteHumanProteome_HepG2_CAD_chymo_fr1_sub.pep.xml"
time="06:13:14" level=info msg="Parsing /scratch/negishi/afarzam/deepseq_fragger_2pass/MSV000086944_results_v3/second_pass_completeseq/Chymo_CAD/Chymo_CAD_2pass_results/HepG2_Chymo_CAD/interact-20151118_alr_CompleteHumanProteome_HepG2_CAD_chymo_fr35_sub.pep.xml"
time="06:13:14" level=info msg="Parsing /scratch/negishi/afarzam/deepseq_fragger_2pass/MSV000086944_results_v3/second_pass_completeseq/Chymo_CAD/Chymo_CAD_2pass_results/HepG2_Chymo_CAD/interact-20151118_alr_CompleteHumanProteome_HepG2_CAD_chymo_fr2_sub.pep.xml"
time="06:13:14" level=info msg="Parsing /scratch/negishi/afarzam/deepseq_fragger_2pass/MSV000086944_results_v3/second_pass_completeseq/Chymo_CAD/Chymo_CAD_2pass_results/HepG2_Chymo_CAD/interact-20151118_alr_CompleteHumanProteome_HepG2_CAD_chymo_fr12_sub.pep.xml"
time="06:13:14" level=info msg="Parsing /scratch/negishi/afarzam/deepseq_fragger_2pass/MSV000086944_results_v3/second_pass_completeseq/Chymo_CAD/Chymo_CAD_2pass_results/HepG2_Chymo_CAD/interact-20151118_alr_CompleteHumanProteome_HepG2_CAD_chymo_fr8_sub.pep.xml"
time="06:13:14" level=info msg="Parsing /scratch/negishi/afarzam/deepseq_fragger_2pass/MSV000086944_results_v3/second_pass_completeseq/Chymo_CAD/Chymo_CAD_2pass_results/HepG2_Chymo_CAD/interact-20151118_alr_CompleteHumanProteome_HepG2_CAD_chymo_fr27_sub.pep.xml"
time="06:13:14" level=info msg="Parsing /scratch/negishi/afarzam/deepseq_fragger_2pass/MSV000086944_results_v3/second_pass_completeseq/Chymo_CAD/Chymo_CAD_2pass_results/HepG2_Chymo_CAD/interact-20151118_alr_CompleteHumanProteome_HepG2_CAD_chymo_fr3_sub.pep.xml"
time="06:13:14" level=info msg="Parsing /scratch/negishi/afarzam/deepseq_fragger_2pass/MSV000086944_results_v3/second_pass_completeseq/Chymo_CAD/Chymo_CAD_2pass_results/HepG2_Chymo_CAD/interact-20151118_alr_CompleteHumanProteome_HepG2_CAD_chymo_fr21_sub.pep.xml"
time="06:13:14" level=info msg="Parsing /scratch/negishi/afarzam/deepseq_fragger_2pass/MSV000086944_results_v3/second_pass_completeseq/Chymo_CAD/Chymo_CAD_2pass_results/HepG2_Chymo_CAD/interact-20151118_alr_CompleteHumanProteome_HepG2_CAD_chymo_fr17_sub.pep.xml"
time="06:13:14" level=info msg="Parsing /scratch/negishi/afarzam/deepseq_fragger_2pass/MSV000086944_results_v3/second_pass_completeseq/Chymo_CAD/Chymo_CAD_2pass_results/HepG2_Chymo_CAD/interact-20151118_alr_CompleteHumanProteome_HepG2_CAD_chymo_fr4_sub.pep.xml"
time="06:13:14" level=info msg="Parsing /scratch/negishi/afarzam/deepseq_fragger_2pass/MSV000086944_results_v3/second_pass_completeseq/Chymo_CAD/Chymo_CAD_2pass_results/HepG2_Chymo_CAD/interact-20151118_alr_CompleteHumanProteome_HepG2_CAD_chymo_fr31_sub.pep.xml"
time="06:13:14" level=info msg="Parsing /scratch/negishi/afarzam/deepseq_fragger_2pass/MSV000086944_results_v3/second_pass_completeseq/Chymo_CAD/Chymo_CAD_2pass_results/HepG2_Chymo_CAD/interact-20151118_alr_CompleteHumanProteome_HepG2_CAD_chymo_fr33_sub.pep.xml"
time="06:13:14" level=info msg="Parsing /scratch/negishi/afarzam/deepseq_fragger_2pass/MSV000086944_results_v3/second_pass_completeseq/Chymo_CAD/Chymo_CAD_2pass_results/HepG2_Chymo_CAD/interact-20151118_alr_CompleteHumanProteome_HepG2_CAD_chymo_fr24_sub.pep.xml"
time="06:13:14" level=warning msg="No PSM was found in data set. /scratch/negishi/afarzam/deepseq_fragger_2pass/MSV000086944_results_v3/second_pass_completeseq/Chymo_CAD/Chymo_CAD_2pass_results/HepG2_Chymo_CAD/interact-20151118_alr_CompleteHumanProteome_HepG2_CAD_chymo_fr33_sub.pep.xml"
time="06:13:16" level=info msg="1+ Charge profile" decoy=0 target=0
time="06:13:16" level=info msg="2+ Charge profile" decoy=164 target=570
time="06:13:16" level=info msg="3+ Charge profile" decoy=46 target=135
time="06:13:16" level=info msg="4+ Charge profile" decoy=9 target=38
time="06:13:16" level=info msg="5+ Charge profile" decoy=3 target=11
time="06:13:16" level=info msg="6+ Charge profile" decoy=5 target=4
time="06:13:16" level=info msg="Database search results" ions=783 peptides=762 psms=998
time="06:13:16" level=info msg="Converged to 0.00 % FDR with 30 PSMs" decoy=0 threshold=0.942725 total=30
time="06:13:16" level=info msg="Converged to 0.00 % FDR with 18 Peptides" decoy=0 threshold=0.946287 total=18
time="06:13:16" level=info msg="Converged to 0.00 % FDR with 19 Ions" decoy=0 threshold=0.946287 total=19
time="06:13:16" level=info msg="Protein inference results" decoy=2149 target=3254
time="06:13:16" level=info msg="Converged to 0.00 % FDR with 50 Proteins" decoy=1 threshold=0.9943 total=51
time="06:13:16" level=info msg="Applying sequential FDR estimation" ions=15 peptides=14 psms=25
time="06:13:16" level=info msg="Converged to 0.00 % FDR with 24 PSMs" decoy=0 threshold=0.943449 total=24
time="06:13:16" level=info msg="Converged to 0.00 % FDR with 13 Peptides" decoy=0 threshold=0.966602 total=13
time="06:13:16" level=info msg="Converged to 0.00 % FDR with 14 Ions" decoy=0 threshold=0.966602 total=14
time="06:13:16" level=info msg="Post processing identifications"
time="06:13:16" level=info msg="Assigning protein identifications to layers"
time="06:13:16" level=info msg="Processing protein inference"
time="06:13:17" level=info msg="Synchronizing PSMs and proteins"
time="06:13:17" level=info msg="Final report numbers after FDR filtering, and post-processing" ions=14 peptides=13 proteins=12 psms=24
time="06:13:17" level=info msg=Saving
time="06:13:17" level=info msg=Done
